travis_fold:start:system_info[0K[33;1mBuild system information[0m
Build language: java
Build id: ''
Job id: ''
[34m[1mBuild image provisioning date and time[0m
Thu Feb  5 15:09:33 UTC 2015
[34m[1mOperating System Details[0m
Distributor ID:	Ubuntu
Description:	Ubuntu 12.04.5 LTS
Release:	12.04
Codename:	precise
[34m[1mLinux Version[0m
3.13.0-29-generic
[34m[1mCookbooks Version[0m
a68419e https://github.com/travis-ci/travis-cookbooks/tree/a68419e
[34m[1mGCC version[0m
gcc (Ubuntu/Linaro 4.6.3-1ubuntu5) 4.6.3
Copyright (C) 2011 Free Software Foundation, Inc.
This is free software; see the source for copying conditions.  There is NO
warranty; not even for MERCHANTABILITY or FITNESS FOR A PARTICULAR PURPOSE.

[34m[1mLLVM version[0m
clang version 3.4 (tags/RELEASE_34/final)
Target: x86_64-unknown-linux-gnu
Thread model: posix
[34m[1mPre-installed Ruby versions[0m
ruby-1.9.3-p551
[34m[1mPre-installed Node.js versions[0m
v0.10.36
[34m[1mPre-installed Go versions[0m
1.4.1
[34m[1mRedis version[0m
redis-server 2.8.19
[34m[1mriak version[0m
2.0.2
[34m[1mMongoDB version[0m
MongoDB 2.4.12
[34m[1mCouchDB version[0m
couchdb 1.6.1
[34m[1mNeo4j version[0m
1.9.4
[34m[1mRabbitMQ Version[0m
3.4.3
[34m[1mElasticSearch version[0m
1.4.0
[34m[1mInstalled Sphinx versions[0m
2.0.10
2.1.9
2.2.6
[34m[1mDefault Sphinx version[0m
2.2.6
[34m[1mInstalled Firefox version[0m
firefox 31.0esr
[34m[1mPhantomJS version[0m
1.9.8
[34m[1mant -version[0m
Apache Ant(TM) version 1.8.2 compiled on December 3 2011
[34m[1mmvn -version[0m
Apache Maven 3.2.5 (12a6b3acb947671f09b81f49094c53f426d8cea1; 2014-12-14T17:29:23+00:00)
Maven home: /usr/local/maven
Java version: 1.7.0_76, vendor: Oracle Corporation
Java home: /usr/lib/jvm/java-7-oracle/jre
Default locale: en_US, platform encoding: ANSI_X3.4-1968
OS name: "linux", version: "3.13.0-29-generic", arch: "amd64", family: "unix"
travis_fold:end:system_info[0K
sed: cannot rename /etc/hosts: Device or resource busy
sed: cannot rename /etc/hosts: Device or resource busy
$ cd myui/hivemall
$ jdk_switcher use oraclejdk7
Switching to Oracle JDK7 (java-7-oracle), JAVA_HOME will be set to /usr/lib/jvm/java-7-oracle
$ java -Xmx32m -version
java version "1.7.0_76"
Java(TM) SE Runtime Environment (build 1.7.0_76-b13)
Java HotSpot(TM) 64-Bit Server VM (build 24.76-b04, mixed mode)
$ javac -J-Xmx32m -version
javac 1.7.0_76
travis_fold:start:install[0Ktravis_time:start:02aa7c70[0K$ mvn install -DskipTests=true -Dmaven.javadoc.skip=true -B -V
Apache Maven 3.2.5 (12a6b3acb947671f09b81f49094c53f426d8cea1; 2014-12-14T17:29:23+00:00)
Maven home: /usr/local/maven
Java version: 1.7.0_76, vendor: Oracle Corporation
Java home: /usr/lib/jvm/java-7-oracle/jre
Default locale: en_US, platform encoding: UTF-8
OS name: "linux", version: "4.4.0-31-generic", arch: "amd64", family: "unix"
[INFO] Scanning for projects...
[INFO]                                                                         
[INFO] ------------------------------------------------------------------------
[INFO] Building Hivemall 0.3
[INFO] ------------------------------------------------------------------------
[INFO] Downloading: https://repo.maven.apache.org/maven2/org/codehaus/mojo/properties-maven-plugin/1.0-alpha-2/properties-maven-plugin-1.0-alpha-2.pom
[INFO] Downloaded: https://repo.maven.apache.org/maven2/org/codehaus/mojo/properties-maven-plugin/1.0-alpha-2/properties-maven-plugin-1.0-alpha-2.pom (4 KB at 5.5 KB/sec)
[INFO] Downloading: https://repo.maven.apache.org/maven2/org/codehaus/mojo/mojo-parent/21/mojo-parent-21.pom
[INFO] Downloaded: https://repo.maven.apache.org/maven2/org/codehaus/mojo/mojo-parent/21/mojo-parent-21.pom (19 KB at 102.7 KB/sec)
[INFO] Downloading: https://repo.maven.apache.org/maven2/org/codehaus/mojo/properties-maven-plugin/1.0-alpha-2/properties-maven-plugin-1.0-alpha-2.jar
[INFO] Downloaded: https://repo.maven.apache.org/maven2/org/codehaus/mojo/properties-maven-plugin/1.0-alpha-2/properties-maven-plugin-1.0-alpha-2.jar (15 KB at 127.8 KB/sec)
[INFO] Downloading: https://repo.maven.apache.org/maven2/org/apache/maven/plugins/maven-resources-plugin/2.6/maven-resources-plugin-2.6.pom
[INFO] Downloaded: https://repo.maven.apache.org/maven2/org/apache/maven/plugins/maven-resources-plugin/2.6/maven-resources-plugin-2.6.pom (8 KB at 73.4 KB/sec)
[INFO] Downloading: https://repo.maven.apache.org/maven2/org/apache/maven/plugins/maven-plugins/23/maven-plugins-23.pom
[INFO] Downloaded: https://repo.maven.apache.org/maven2/org/apache/maven/plugins/maven-plugins/23/maven-plugins-23.pom (9 KB at 80.2 KB/sec)
[INFO] Downloading: https://repo.maven.apache.org/maven2/org/apache/maven/maven-parent/22/maven-parent-22.pom
[INFO] Downloaded: https://repo.maven.apache.org/maven2/org/apache/maven/maven-parent/22/maven-parent-22.pom (30 KB at 244.1 KB/sec)
[INFO] Downloading: https://repo.maven.apache.org/maven2/org/apache/apache/11/apache-11.pom
[INFO] Downloaded: https://repo.maven.apache.org/maven2/org/apache/apache/11/apache-11.pom (15 KB at 133.9 KB/sec)
[INFO] Downloading: https://repo.maven.apache.org/maven2/org/apache/maven/plugins/maven-resources-plugin/2.6/maven-resources-plugin-2.6.jar
[INFO] Downloaded: https://repo.maven.apache.org/maven2/org/apache/maven/plugins/maven-resources-plugin/2.6/maven-resources-plugin-2.6.jar (29 KB at 53.5 KB/sec)
[INFO] Downloading: https://repo.maven.apache.org/maven2/org/apache/maven/plugins/maven-compiler-plugin/3.1/maven-compiler-plugin-3.1.pom
[INFO] Downloaded: https://repo.maven.apache.org/maven2/org/apache/maven/plugins/maven-compiler-plugin/3.1/maven-compiler-plugin-3.1.pom (10 KB at 88.2 KB/sec)
[INFO] Downloading: https://repo.maven.apache.org/maven2/org/apache/maven/plugins/maven-plugins/24/maven-plugins-24.pom
[INFO] Downloaded: https://repo.maven.apache.org/maven2/org/apache/maven/plugins/maven-plugins/24/maven-plugins-24.pom (11 KB at 87.2 KB/sec)
[INFO] Downloading: https://repo.maven.apache.org/maven2/org/apache/maven/maven-parent/23/maven-parent-23.pom
[INFO] Downloaded: https://repo.maven.apache.org/maven2/org/apache/maven/maven-parent/23/maven-parent-23.pom (32 KB at 258.7 KB/sec)
[INFO] Downloading: https://repo.maven.apache.org/maven2/org/apache/apache/13/apache-13.pom
[INFO] Downloaded: https://repo.maven.apache.org/maven2/org/apache/apache/13/apache-13.pom (14 KB at 125.2 KB/sec)
[INFO] Downloading: https://repo.maven.apache.org/maven2/org/apache/maven/plugins/maven-compiler-plugin/3.1/maven-compiler-plugin-3.1.jar
[INFO] Downloaded: https://repo.maven.apache.org/maven2/org/apache/maven/plugins/maven-compiler-plugin/3.1/maven-compiler-plugin-3.1.jar (42 KB at 338.2 KB/sec)
[INFO] Downloading: https://repo.maven.apache.org/maven2/org/apache/maven/plugins/maven-surefire-plugin/2.14.1/maven-surefire-plugin-2.14.1.pom
[INFO] Downloaded: https://repo.maven.apache.org/maven2/org/apache/maven/plugins/maven-surefire-plugin/2.14.1/maven-surefire-plugin-2.14.1.pom (6 KB at 47.6 KB/sec)
[INFO] Downloading: https://repo.maven.apache.org/maven2/org/apache/maven/surefire/surefire/2.14.1/surefire-2.14.1.pom
[INFO] Downloaded: https://repo.maven.apache.org/maven2/org/apache/maven/surefire/surefire/2.14.1/surefire-2.14.1.pom (18 KB at 154.4 KB/sec)
[INFO] Downloading: https://repo.maven.apache.org/maven2/org/apache/maven/plugins/maven-surefire-plugin/2.14.1/maven-surefire-plugin-2.14.1.jar
[INFO] Downloaded: https://repo.maven.apache.org/maven2/org/apache/maven/plugins/maven-surefire-plugin/2.14.1/maven-surefire-plugin-2.14.1.jar (32 KB at 149.6 KB/sec)
[INFO] Downloading: https://repo.maven.apache.org/maven2/org/apache/maven/plugins/maven-jar-plugin/2.5/maven-jar-plugin-2.5.pom
[INFO] Downloaded: https://repo.maven.apache.org/maven2/org/apache/maven/plugins/maven-jar-plugin/2.5/maven-jar-plugin-2.5.pom (8 KB at 60.0 KB/sec)
[INFO] Downloading: https://repo.maven.apache.org/maven2/org/apache/maven/plugins/maven-plugins/25/maven-plugins-25.pom
[INFO] Downloaded: https://repo.maven.apache.org/maven2/org/apache/maven/plugins/maven-plugins/25/maven-plugins-25.pom (10 KB at 82.5 KB/sec)
[INFO] Downloading: https://repo.maven.apache.org/maven2/org/apache/maven/maven-parent/24/maven-parent-24.pom
[INFO] Downloaded: https://repo.maven.apache.org/maven2/org/apache/maven/maven-parent/24/maven-parent-24.pom (37 KB at 135.5 KB/sec)
[INFO] Downloading: https://repo.maven.apache.org/maven2/org/apache/apache/14/apache-14.pom
[INFO] Downloaded: https://repo.maven.apache.org/maven2/org/apache/apache/14/apache-14.pom (15 KB at 114.7 KB/sec)
[INFO] Downloading: https://repo.maven.apache.org/maven2/org/apache/maven/plugins/maven-jar-plugin/2.5/maven-jar-plugin-2.5.jar
[INFO] Downloaded: https://repo.maven.apache.org/maven2/org/apache/maven/plugins/maven-jar-plugin/2.5/maven-jar-plugin-2.5.jar (25 KB at 195.9 KB/sec)
[INFO] Downloading: https://repo.maven.apache.org/maven2/org/apache/maven/plugins/maven-shade-plugin/2.3/maven-shade-plugin-2.3.pom
[INFO] Downloaded: https://repo.maven.apache.org/maven2/org/apache/maven/plugins/maven-shade-plugin/2.3/maven-shade-plugin-2.3.pom (8 KB at 63.4 KB/sec)
[INFO] Downloading: https://repo.maven.apache.org/maven2/org/apache/maven/plugins/maven-shade-plugin/2.3/maven-shade-plugin-2.3.jar
[INFO] Downloaded: https://repo.maven.apache.org/maven2/org/apache/maven/plugins/maven-shade-plugin/2.3/maven-shade-plugin-2.3.jar (99 KB at 743.3 KB/sec)
[INFO] Downloading: https://repo.maven.apache.org/maven2/org/sonatype/plugins/jarjar-maven-plugin/1.9/jarjar-maven-plugin-1.9.pom
[INFO] Downloaded: https://repo.maven.apache.org/maven2/org/sonatype/plugins/jarjar-maven-plugin/1.9/jarjar-maven-plugin-1.9.pom (5 KB at 37.1 KB/sec)
[INFO] Downloading: https://repo.maven.apache.org/maven2/org/sonatype/plugins/plugins-parent/9/plugins-parent-9.pom
[INFO] Downloaded: https://repo.maven.apache.org/maven2/org/sonatype/plugins/plugins-parent/9/plugins-parent-9.pom (6 KB at 46.0 KB/sec)
[INFO] Downloading: https://repo.maven.apache.org/maven2/org/sonatype/forge/forge-parent/12/forge-parent-12.pom
[INFO] Downloaded: https://repo.maven.apache.org/maven2/org/sonatype/forge/forge-parent/12/forge-parent-12.pom (14 KB at 113.6 KB/sec)
[INFO] Downloading: https://repo.maven.apache.org/maven2/org/sonatype/plugins/jarjar-maven-plugin/1.9/jarjar-maven-plugin-1.9.jar
[INFO] Downloaded: https://repo.maven.apache.org/maven2/org/sonatype/plugins/jarjar-maven-plugin/1.9/jarjar-maven-plugin-1.9.jar (68 KB at 533.9 KB/sec)
[INFO] Downloading: https://repo.maven.apache.org/maven2/org/apache/maven/plugins/maven-install-plugin/2.4/maven-install-plugin-2.4.pom
[INFO] Downloaded: https://repo.maven.apache.org/maven2/org/apache/maven/plugins/maven-install-plugin/2.4/maven-install-plugin-2.4.pom (7 KB at 59.3 KB/sec)
[INFO] Downloading: https://repo.maven.apache.org/maven2/org/apache/maven/plugins/maven-install-plugin/2.4/maven-install-plugin-2.4.jar
[INFO] Downloaded: https://repo.maven.apache.org/maven2/org/apache/maven/plugins/maven-install-plugin/2.4/maven-install-plugin-2.4.jar (27 KB at 208.9 KB/sec)
[INFO] Downloading: http://repo.maven.apache.org/maven2/org/apache/hadoop/hadoop-core/0.20.2-cdh3u6/hadoop-core-0.20.2-cdh3u6.pom
[INFO] Downloading: https://oss.sonatype.org/content/repositories/releases/org/apache/hadoop/hadoop-core/0.20.2-cdh3u6/hadoop-core-0.20.2-cdh3u6.pom
[INFO] Downloading: https://repository.apache.org/releases/org/apache/hadoop/hadoop-core/0.20.2-cdh3u6/hadoop-core-0.20.2-cdh3u6.pom
[INFO] Downloading: https://repository.cloudera.com/artifactory/cloudera-repos/org/apache/hadoop/hadoop-core/0.20.2-cdh3u6/hadoop-core-0.20.2-cdh3u6.pom
[INFO] Downloaded: https://repository.cloudera.com/artifactory/cloudera-repos/org/apache/hadoop/hadoop-core/0.20.2-cdh3u6/hadoop-core-0.20.2-cdh3u6.pom (9 KB at 5.8 KB/sec)
[INFO] Downloading: http://repo.maven.apache.org/maven2/com/cloudera/cdh/hadoop-root/0.20.2-cdh3u6/hadoop-root-0.20.2-cdh3u6.pom
[INFO] Downloading: https://oss.sonatype.org/content/repositories/releases/com/cloudera/cdh/hadoop-root/0.20.2-cdh3u6/hadoop-root-0.20.2-cdh3u6.pom
[INFO] Downloading: https://repository.apache.org/releases/com/cloudera/cdh/hadoop-root/0.20.2-cdh3u6/hadoop-root-0.20.2-cdh3u6.pom
[INFO] Downloading: https://repository.cloudera.com/artifactory/cloudera-repos/com/cloudera/cdh/hadoop-root/0.20.2-cdh3u6/hadoop-root-0.20.2-cdh3u6.pom
[INFO] Downloaded: https://repository.cloudera.com/artifactory/cloudera-repos/com/cloudera/cdh/hadoop-root/0.20.2-cdh3u6/hadoop-root-0.20.2-cdh3u6.pom (5 KB at 9.5 KB/sec)
[INFO] Downloading: http://repo.maven.apache.org/maven2/com/cloudera/cdh/cdh-root/3.0-u6/cdh-root-3.0-u6.pom
[INFO] Downloading: https://oss.sonatype.org/content/repositories/releases/com/cloudera/cdh/cdh-root/3.0-u6/cdh-root-3.0-u6.pom
[INFO] Downloading: https://repository.apache.org/releases/com/cloudera/cdh/cdh-root/3.0-u6/cdh-root-3.0-u6.pom
[INFO] Downloading: https://repository.cloudera.com/artifactory/cloudera-repos/com/cloudera/cdh/cdh-root/3.0-u6/cdh-root-3.0-u6.pom
[INFO] Downloaded: https://repository.cloudera.com/artifactory/cloudera-repos/com/cloudera/cdh/cdh-root/3.0-u6/cdh-root-3.0-u6.pom (40 KB at 68.0 KB/sec)
[INFO] Downloading: http://repo.maven.apache.org/maven2/com/cloudera/cdh/hadoop-ant/0.20.2-cdh3u6/hadoop-ant-0.20.2-cdh3u6.pom
[INFO] Downloading: https://oss.sonatype.org/content/repositories/releases/com/cloudera/cdh/hadoop-ant/0.20.2-cdh3u6/hadoop-ant-0.20.2-cdh3u6.pom
[INFO] Downloading: https://repository.apache.org/releases/com/cloudera/cdh/hadoop-ant/0.20.2-cdh3u6/hadoop-ant-0.20.2-cdh3u6.pom
[INFO] Downloading: https://repository.cloudera.com/artifactory/cloudera-repos/com/cloudera/cdh/hadoop-ant/0.20.2-cdh3u6/hadoop-ant-0.20.2-cdh3u6.pom
[INFO] Downloaded: https://repository.cloudera.com/artifactory/cloudera-repos/com/cloudera/cdh/hadoop-ant/0.20.2-cdh3u6/hadoop-ant-0.20.2-cdh3u6.pom (8 KB at 17.1 KB/sec)
[INFO] Downloading: http://repo.maven.apache.org/maven2/commons-cli/commons-cli/1.2/commons-cli-1.2.pom
[INFO] Downloaded: http://repo.maven.apache.org/maven2/commons-cli/commons-cli/1.2/commons-cli-1.2.pom (8 KB at 278.3 KB/sec)
[INFO] Downloading: http://repo.maven.apache.org/maven2/org/apache/commons/commons-parent/11/commons-parent-11.pom
[INFO] Downloaded: http://repo.maven.apache.org/maven2/org/apache/commons/commons-parent/11/commons-parent-11.pom (25 KB at 802.4 KB/sec)
[INFO] Downloading: http://repo.maven.apache.org/maven2/org/apache/apache/4/apache-4.pom
[INFO] Downloaded: http://repo.maven.apache.org/maven2/org/apache/apache/4/apache-4.pom (5 KB at 209.0 KB/sec)
[INFO] Downloading: http://repo.maven.apache.org/maven2/xmlenc/xmlenc/0.52/xmlenc-0.52.pom
[INFO] Downloaded: http://repo.maven.apache.org/maven2/xmlenc/xmlenc/0.52/xmlenc-0.52.pom (623 B at 29.0 KB/sec)
[INFO] Downloading: http://repo.maven.apache.org/maven2/org/apache/hadoop/thirdparty/guava/guava/r09-jarjar/guava-r09-jarjar.pom
[INFO] Downloading: https://oss.sonatype.org/content/repositories/releases/org/apache/hadoop/thirdparty/guava/guava/r09-jarjar/guava-r09-jarjar.pom
[INFO] Downloading: https://repository.apache.org/releases/org/apache/hadoop/thirdparty/guava/guava/r09-jarjar/guava-r09-jarjar.pom
[INFO] Downloading: https://repository.cloudera.com/artifactory/cloudera-repos/org/apache/hadoop/thirdparty/guava/guava/r09-jarjar/guava-r09-jarjar.pom
[INFO] Downloaded: https://repository.cloudera.com/artifactory/cloudera-repos/org/apache/hadoop/thirdparty/guava/guava/r09-jarjar/guava-r09-jarjar.pom (3 KB at 6.8 KB/sec)
[INFO] Downloading: http://repo.maven.apache.org/maven2/commons-httpclient/commons-httpclient/3.1/commons-httpclient-3.1.pom
[INFO] Downloaded: http://repo.maven.apache.org/maven2/commons-httpclient/commons-httpclient/3.1/commons-httpclient-3.1.pom (8 KB at 252.7 KB/sec)
[INFO] Downloading: http://repo.maven.apache.org/maven2/commons-logging/commons-logging/1.0.4/commons-logging-1.0.4.pom
[INFO] Downloaded: http://repo.maven.apache.org/maven2/commons-logging/commons-logging/1.0.4/commons-logging-1.0.4.pom (6 KB at 214.2 KB/sec)
[INFO] Downloading: http://repo.maven.apache.org/maven2/commons-codec/commons-codec/1.2/commons-codec-1.2.pom
[INFO] Downloaded: http://repo.maven.apache.org/maven2/commons-codec/commons-codec/1.2/commons-codec-1.2.pom (4 KB at 162.4 KB/sec)
[INFO] Downloading: http://repo.maven.apache.org/maven2/commons-codec/commons-codec/1.4/commons-codec-1.4.pom
[INFO] Downloaded: http://repo.maven.apache.org/maven2/commons-codec/commons-codec/1.4/commons-codec-1.4.pom (11 KB at 320.3 KB/sec)
[INFO] Downloading: http://repo.maven.apache.org/maven2/commons-net/commons-net/1.4.1/commons-net-1.4.1.pom
[INFO] Downloaded: http://repo.maven.apache.org/maven2/commons-net/commons-net/1.4.1/commons-net-1.4.1.pom (5 KB at 148.0 KB/sec)
[INFO] Downloading: http://repo.maven.apache.org/maven2/oro/oro/2.0.8/oro-2.0.8.pom
[INFO] Downloaded: http://repo.maven.apache.org/maven2/oro/oro/2.0.8/oro-2.0.8.pom (140 B at 5.7 KB/sec)
[INFO] Downloading: http://repo.maven.apache.org/maven2/commons-io/commons-io/2.1/commons-io-2.1.pom
[INFO] Downloaded: http://repo.maven.apache.org/maven2/commons-io/commons-io/2.1/commons-io-2.1.pom (11 KB at 384.7 KB/sec)
[INFO] Downloading: http://repo.maven.apache.org/maven2/org/apache/commons/commons-parent/22/commons-parent-22.pom
[INFO] Downloaded: http://repo.maven.apache.org/maven2/org/apache/commons/commons-parent/22/commons-parent-22.pom (41 KB at 1320.5 KB/sec)
[INFO] Downloading: http://repo.maven.apache.org/maven2/org/apache/apache/9/apache-9.pom
[INFO] Downloaded: http://repo.maven.apache.org/maven2/org/apache/apache/9/apache-9.pom (15 KB at 569.4 KB/sec)
[INFO] Downloading: http://repo.maven.apache.org/maven2/org/mortbay/jetty/jetty/6.1.26/jetty-6.1.26.pom
[INFO] Downloaded: http://repo.maven.apache.org/maven2/org/mortbay/jetty/jetty/6.1.26/jetty-6.1.26.pom (7 KB at 254.7 KB/sec)
[INFO] Downloading: http://repo.maven.apache.org/maven2/org/mortbay/jetty/project/6.1.26/project-6.1.26.pom
[INFO] Downloaded: http://repo.maven.apache.org/maven2/org/mortbay/jetty/project/6.1.26/project-6.1.26.pom (9 KB at 332.9 KB/sec)
[INFO] Downloading: http://repo.maven.apache.org/maven2/org/mortbay/jetty/jetty-parent/10/jetty-parent-10.pom
[INFO] Downloaded: http://repo.maven.apache.org/maven2/org/mortbay/jetty/jetty-parent/10/jetty-parent-10.pom (4 KB at 146.0 KB/sec)
[INFO] Downloading: http://repo.maven.apache.org/maven2/org/eclipse/jetty/jetty-parent/14/jetty-parent-14.pom
[INFO] Downloaded: http://repo.maven.apache.org/maven2/org/eclipse/jetty/jetty-parent/14/jetty-parent-14.pom (17 KB at 670.7 KB/sec)
[INFO] Downloading: http://repo.maven.apache.org/maven2/org/mortbay/jetty/jetty-util/6.1.26/jetty-util-6.1.26.pom
[INFO] Downloaded: http://repo.maven.apache.org/maven2/org/mortbay/jetty/jetty-util/6.1.26/jetty-util-6.1.26.pom (4 KB at 172.1 KB/sec)
[INFO] Downloading: http://repo.maven.apache.org/maven2/org/mortbay/jetty/servlet-api/2.5-20081211/servlet-api-2.5-20081211.pom
[INFO] Downloaded: http://repo.maven.apache.org/maven2/org/mortbay/jetty/servlet-api/2.5-20081211/servlet-api-2.5-20081211.pom (3 KB at 100.5 KB/sec)
[INFO] Downloading: http://repo.maven.apache.org/maven2/org/mortbay/jetty/jetty-parent/7/jetty-parent-7.pom
[INFO] Downloaded: http://repo.maven.apache.org/maven2/org/mortbay/jetty/jetty-parent/7/jetty-parent-7.pom (13 KB at 448.2 KB/sec)
[INFO] Downloading: http://repo.maven.apache.org/maven2/tomcat/jasper-runtime/5.5.23/jasper-runtime-5.5.23.pom
[INFO] Downloaded: http://repo.maven.apache.org/maven2/tomcat/jasper-runtime/5.5.23/jasper-runtime-5.5.23.pom (934 B at 43.4 KB/sec)
[INFO] Downloading: http://repo.maven.apache.org/maven2/tomcat/tomcat-parent/5.5.23/tomcat-parent-5.5.23.pom
[INFO] Downloaded: http://repo.maven.apache.org/maven2/tomcat/tomcat-parent/5.5.23/tomcat-parent-5.5.23.pom (898 B at 41.8 KB/sec)
[INFO] Downloading: http://repo.maven.apache.org/maven2/javax/servlet/servlet-api/2.4/servlet-api-2.4.pom
[INFO] Downloaded: http://repo.maven.apache.org/maven2/javax/servlet/servlet-api/2.4/servlet-api-2.4.pom (156 B at 7.6 KB/sec)
[INFO] Downloading: http://repo.maven.apache.org/maven2/commons-el/commons-el/1.0/commons-el-1.0.pom
[INFO] Downloaded: http://repo.maven.apache.org/maven2/commons-el/commons-el/1.0/commons-el-1.0.pom (4 KB at 165.9 KB/sec)
[INFO] Downloading: http://repo.maven.apache.org/maven2/commons-logging/commons-logging/1.0.3/commons-logging-1.0.3.pom
[INFO] Downloaded: http://repo.maven.apache.org/maven2/commons-logging/commons-logging/1.0.3/commons-logging-1.0.3.pom (866 B at 40.3 KB/sec)
[INFO] Downloading: http://repo.maven.apache.org/maven2/tomcat/jasper-compiler/5.5.23/jasper-compiler-5.5.23.pom
[INFO] Downloaded: http://repo.maven.apache.org/maven2/tomcat/jasper-compiler/5.5.23/jasper-compiler-5.5.23.pom (919 B at 42.7 KB/sec)
[INFO] Downloading: http://repo.maven.apache.org/maven2/javax/servlet/jsp-api/2.0/jsp-api-2.0.pom
[INFO] Downloaded: http://repo.maven.apache.org/maven2/javax/servlet/jsp-api/2.0/jsp-api-2.0.pom (362 B at 13.6 KB/sec)
[INFO] Downloading: http://repo.maven.apache.org/maven2/ant/ant/1.6.5/ant-1.6.5.pom
[INFO] Downloaded: http://repo.maven.apache.org/maven2/ant/ant/1.6.5/ant-1.6.5.pom (861 B at 35.0 KB/sec)
[INFO] Downloading: http://repo.maven.apache.org/maven2/org/codehaus/jackson/jackson-core-asl/1.5.2/jackson-core-asl-1.5.2.pom
[INFO] Downloaded: http://repo.maven.apache.org/maven2/org/codehaus/jackson/jackson-core-asl/1.5.2/jackson-core-asl-1.5.2.pom (1016 B at 45.1 KB/sec)
[INFO] Downloading: http://repo.maven.apache.org/maven2/org/codehaus/jackson/jackson-mapper-asl/1.5.2/jackson-mapper-asl-1.5.2.pom
[INFO] Downloaded: http://repo.maven.apache.org/maven2/org/codehaus/jackson/jackson-mapper-asl/1.5.2/jackson-mapper-asl-1.5.2.pom (2 KB at 57.8 KB/sec)
[INFO] Downloading: http://repo.maven.apache.org/maven2/asm/asm/3.2/asm-3.2.pom
[INFO] Downloaded: http://repo.maven.apache.org/maven2/asm/asm/3.2/asm-3.2.pom (264 B at 9.2 KB/sec)
[INFO] Downloading: http://repo.maven.apache.org/maven2/asm/asm-parent/3.2/asm-parent-3.2.pom
[INFO] Downloaded: http://repo.maven.apache.org/maven2/asm/asm-parent/3.2/asm-parent-3.2.pom (5 KB at 184.7 KB/sec)
[INFO] Downloading: http://repo.maven.apache.org/maven2/com/sun/jersey/jersey-core/1.8/jersey-core-1.8.pom
[INFO] Downloaded: http://repo.maven.apache.org/maven2/com/sun/jersey/jersey-core/1.8/jersey-core-1.8.pom (10 KB at 117.0 KB/sec)
[INFO] Downloading: http://repo.maven.apache.org/maven2/com/sun/jersey/jersey-project/1.8/jersey-project-1.8.pom
[INFO] Downloaded: http://repo.maven.apache.org/maven2/com/sun/jersey/jersey-project/1.8/jersey-project-1.8.pom (17 KB at 535.7 KB/sec)
[INFO] Downloading: http://repo.maven.apache.org/maven2/com/sun/jersey/jersey-json/1.8/jersey-json-1.8.pom
[INFO] Downloaded: http://repo.maven.apache.org/maven2/com/sun/jersey/jersey-json/1.8/jersey-json-1.8.pom (11 KB at 446.1 KB/sec)
[INFO] Downloading: http://repo.maven.apache.org/maven2/org/codehaus/jettison/jettison/1.1/jettison-1.1.pom
[INFO] Downloaded: http://repo.maven.apache.org/maven2/org/codehaus/jettison/jettison/1.1/jettison-1.1.pom (4 KB at 164.7 KB/sec)
[INFO] Downloading: http://repo.maven.apache.org/maven2/stax/stax-api/1.0.1/stax-api-1.0.1.pom
[INFO] Downloaded: http://repo.maven.apache.org/maven2/stax/stax-api/1.0.1/stax-api-1.0.1.pom (2 KB at 64.8 KB/sec)
[INFO] Downloading: http://repo.maven.apache.org/maven2/com/sun/xml/bind/jaxb-impl/2.2.3-1/jaxb-impl-2.2.3-1.pom
[INFO] Downloaded: http://repo.maven.apache.org/maven2/com/sun/xml/bind/jaxb-impl/2.2.3-1/jaxb-impl-2.2.3-1.pom (6 KB at 223.5 KB/sec)
[INFO] Downloading: http://repo.maven.apache.org/maven2/javax/xml/bind/jaxb-api/2.2.2/jaxb-api-2.2.2.pom
[INFO] Downloaded: http://repo.maven.apache.org/maven2/javax/xml/bind/jaxb-api/2.2.2/jaxb-api-2.2.2.pom (6 KB at 187.6 KB/sec)
[INFO] Downloading: http://repo.maven.apache.org/maven2/javax/xml/stream/stax-api/1.0-2/stax-api-1.0-2.pom
[INFO] Downloaded: http://repo.maven.apache.org/maven2/javax/xml/stream/stax-api/1.0-2/stax-api-1.0-2.pom (962 B at 37.6 KB/sec)
[INFO] Downloading: http://repo.maven.apache.org/maven2/javax/activation/activation/1.1/activation-1.1.pom
[INFO] Downloaded: http://repo.maven.apache.org/maven2/javax/activation/activation/1.1/activation-1.1.pom (2 KB at 43.1 KB/sec)
[INFO] Downloading: http://repo.maven.apache.org/maven2/org/codehaus/jackson/jackson-core-asl/1.7.1/jackson-core-asl-1.7.1.pom
[INFO] Downloaded: http://repo.maven.apache.org/maven2/org/codehaus/jackson/jackson-core-asl/1.7.1/jackson-core-asl-1.7.1.pom (1016 B at 43.1 KB/sec)
[INFO] Downloading: http://repo.maven.apache.org/maven2/org/codehaus/jackson/jackson-mapper-asl/1.7.1/jackson-mapper-asl-1.7.1.pom
[INFO] Downloaded: http://repo.maven.apache.org/maven2/org/codehaus/jackson/jackson-mapper-asl/1.7.1/jackson-mapper-asl-1.7.1.pom (2 KB at 52.7 KB/sec)
[INFO] Downloading: http://repo.maven.apache.org/maven2/org/codehaus/jackson/jackson-jaxrs/1.7.1/jackson-jaxrs-1.7.1.pom
[INFO] Downloaded: http://repo.maven.apache.org/maven2/org/codehaus/jackson/jackson-jaxrs/1.7.1/jackson-jaxrs-1.7.1.pom (2 KB at 66.6 KB/sec)
[INFO] Downloading: http://repo.maven.apache.org/maven2/org/codehaus/jackson/jackson-xc/1.7.1/jackson-xc-1.7.1.pom
[INFO] Downloaded: http://repo.maven.apache.org/maven2/org/codehaus/jackson/jackson-xc/1.7.1/jackson-xc-1.7.1.pom (2 KB at 61.6 KB/sec)
[INFO] Downloading: http://repo.maven.apache.org/maven2/com/sun/jersey/jersey-server/1.8/jersey-server-1.8.pom
[INFO] Downloaded: http://repo.maven.apache.org/maven2/com/sun/jersey/jersey-server/1.8/jersey-server-1.8.pom (12 KB at 431.0 KB/sec)
[INFO] Downloading: http://repo.maven.apache.org/maven2/asm/asm/3.1/asm-3.1.pom
[INFO] Downloaded: http://repo.maven.apache.org/maven2/asm/asm/3.1/asm-3.1.pom (278 B at 12.9 KB/sec)
[INFO] Downloading: http://repo.maven.apache.org/maven2/asm/asm-parent/3.1/asm-parent-3.1.pom
[INFO] Downloaded: http://repo.maven.apache.org/maven2/asm/asm-parent/3.1/asm-parent-3.1.pom (5 KB at 162.2 KB/sec)
[INFO] Downloading: http://repo.maven.apache.org/maven2/javax/servlet/jsp/jsp-api/2.1/jsp-api-2.1.pom
[INFO] Downloaded: http://repo.maven.apache.org/maven2/javax/servlet/jsp/jsp-api/2.1/jsp-api-2.1.pom (157 B at 5.5 KB/sec)
[INFO] Downloading: http://repo.maven.apache.org/maven2/net/java/dev/jets3t/jets3t/0.6.1/jets3t-0.6.1.pom
[INFO] Downloaded: http://repo.maven.apache.org/maven2/net/java/dev/jets3t/jets3t/0.6.1/jets3t-0.6.1.pom (2 KB at 36.3 KB/sec)
[INFO] Downloading: http://repo.maven.apache.org/maven2/commons-codec/commons-codec/1.3/commons-codec-1.3.pom
[INFO] Downloaded: http://repo.maven.apache.org/maven2/commons-codec/commons-codec/1.3/commons-codec-1.3.pom (6 KB at 175.3 KB/sec)
[INFO] Downloading: http://repo.maven.apache.org/maven2/commons-logging/commons-logging/1.1.1/commons-logging-1.1.1.pom
[INFO] Downloaded: http://repo.maven.apache.org/maven2/commons-logging/commons-logging/1.1.1/commons-logging-1.1.1.pom (18 KB at 717.4 KB/sec)
[INFO] Downloading: http://repo.maven.apache.org/maven2/org/apache/commons/commons-parent/5/commons-parent-5.pom
[INFO] Downloaded: http://repo.maven.apache.org/maven2/org/apache/commons/commons-parent/5/commons-parent-5.pom (16 KB at 626.6 KB/sec)
[INFO] Downloading: http://repo.maven.apache.org/maven2/javax/servlet/servlet-api/2.5/servlet-api-2.5.pom
[INFO] Downloaded: http://repo.maven.apache.org/maven2/javax/servlet/servlet-api/2.5/servlet-api-2.5.pom (157 B at 6.1 KB/sec)
[INFO] Downloading: http://repo.maven.apache.org/maven2/hsqldb/hsqldb/1.8.0.7/hsqldb-1.8.0.7.pom
[INFO] Downloaded: http://repo.maven.apache.org/maven2/hsqldb/hsqldb/1.8.0.7/hsqldb-1.8.0.7.pom (621 B at 25.3 KB/sec)
[INFO] Downloading: http://repo.maven.apache.org/maven2/org/eclipse/jdt/core/3.1.1/core-3.1.1.pom
[INFO] Downloaded: http://repo.maven.apache.org/maven2/org/eclipse/jdt/core/3.1.1/core-3.1.1.pom (677 B at 27.5 KB/sec)
[INFO] Downloading: http://repo.maven.apache.org/maven2/log4j/log4j/1.2.15/log4j-1.2.15.pom
[INFO] Downloaded: http://repo.maven.apache.org/maven2/log4j/log4j/1.2.15/log4j-1.2.15.pom (18 KB at 121.4 KB/sec)
[INFO] Downloading: http://repo.maven.apache.org/maven2/org/apache/hive/hive-exec/0.11.0/hive-exec-0.11.0.pom
[INFO] Downloaded: http://repo.maven.apache.org/maven2/org/apache/hive/hive-exec/0.11.0/hive-exec-0.11.0.pom (4 KB at 152.9 KB/sec)
[INFO] Downloading: http://repo.maven.apache.org/maven2/org/apache/hive/hive-metastore/0.11.0/hive-metastore-0.11.0.pom
[INFO] Downloaded: http://repo.maven.apache.org/maven2/org/apache/hive/hive-metastore/0.11.0/hive-metastore-0.11.0.pom (4 KB at 138.9 KB/sec)
[INFO] Downloading: http://repo.maven.apache.org/maven2/org/antlr/antlr/3.4/antlr-3.4.pom
[INFO] Downloaded: http://repo.maven.apache.org/maven2/org/antlr/antlr/3.4/antlr-3.4.pom (3 KB at 115.9 KB/sec)
[INFO] Downloading: http://repo.maven.apache.org/maven2/org/antlr/antlr-master/3.4/antlr-master-3.4.pom
[INFO] Downloaded: http://repo.maven.apache.org/maven2/org/antlr/antlr-master/3.4/antlr-master-3.4.pom (10 KB at 352.8 KB/sec)
[INFO] Downloading: http://repo.maven.apache.org/maven2/org/sonatype/oss/oss-parent/7/oss-parent-7.pom
[INFO] Downloaded: http://repo.maven.apache.org/maven2/org/sonatype/oss/oss-parent/7/oss-parent-7.pom (5 KB at 196.3 KB/sec)
[INFO] Downloading: http://repo.maven.apache.org/maven2/org/antlr/antlr-runtime/3.4/antlr-runtime-3.4.pom
[INFO] Downloaded: http://repo.maven.apache.org/maven2/org/antlr/antlr-runtime/3.4/antlr-runtime-3.4.pom (4 KB at 127.1 KB/sec)
[INFO] Downloading: http://repo.maven.apache.org/maven2/org/antlr/stringtemplate/3.2.1/stringtemplate-3.2.1.pom
[INFO] Downloaded: http://repo.maven.apache.org/maven2/org/antlr/stringtemplate/3.2.1/stringtemplate-3.2.1.pom (8 KB at 280.2 KB/sec)
[INFO] Downloading: http://repo.maven.apache.org/maven2/antlr/antlr/2.7.7/antlr-2.7.7.pom
[INFO] Downloaded: http://repo.maven.apache.org/maven2/antlr/antlr/2.7.7/antlr-2.7.7.pom (632 B at 26.8 KB/sec)
[INFO] Downloading: http://repo.maven.apache.org/maven2/org/antlr/ST4/4.0.4/ST4-4.0.4.pom
[INFO] Downloaded: http://repo.maven.apache.org/maven2/org/antlr/ST4/4.0.4/ST4-4.0.4.pom (10 KB at 373.0 KB/sec)
[INFO] Downloading: http://repo.maven.apache.org/maven2/org/antlr/antlr-runtime/3.3/antlr-runtime-3.3.pom
[INFO] Downloaded: http://repo.maven.apache.org/maven2/org/antlr/antlr-runtime/3.3/antlr-runtime-3.3.pom (4 KB at 164.8 KB/sec)
[INFO] Downloading: http://repo.maven.apache.org/maven2/org/antlr/antlr-master/3.3/antlr-master-3.3.pom
[INFO] Downloaded: http://repo.maven.apache.org/maven2/org/antlr/antlr-master/3.3/antlr-master-3.3.pom (10 KB at 365.8 KB/sec)
[INFO] Downloading: http://repo.maven.apache.org/maven2/org/apache/hive/hive-serde/0.11.0/hive-serde-0.11.0.pom
[INFO] Downloaded: http://repo.maven.apache.org/maven2/org/apache/hive/hive-serde/0.11.0/hive-serde-0.11.0.pom (3 KB at 119.5 KB/sec)
[INFO] Downloading: http://repo.maven.apache.org/maven2/org/apache/hive/hive-common/0.11.0/hive-common-0.11.0.pom
[INFO] Downloaded: http://repo.maven.apache.org/maven2/org/apache/hive/hive-common/0.11.0/hive-common-0.11.0.pom (3 KB at 104.9 KB/sec)
[INFO] Downloading: http://repo.maven.apache.org/maven2/org/apache/hive/hive-shims/0.11.0/hive-shims-0.11.0.pom
[INFO] Downloaded: http://repo.maven.apache.org/maven2/org/apache/hive/hive-shims/0.11.0/hive-shims-0.11.0.pom (6 KB at 239.0 KB/sec)
[INFO] Downloading: http://repo.maven.apache.org/maven2/org/apache/zookeeper/zookeeper/3.4.3/zookeeper-3.4.3.pom
[INFO] Downloaded: http://repo.maven.apache.org/maven2/org/apache/zookeeper/zookeeper/3.4.3/zookeeper-3.4.3.pom (3 KB at 127.4 KB/sec)
[INFO] Downloading: http://repo.maven.apache.org/maven2/org/slf4j/slf4j-api/1.6.1/slf4j-api-1.6.1.pom
[INFO] Downloaded: http://repo.maven.apache.org/maven2/org/slf4j/slf4j-api/1.6.1/slf4j-api-1.6.1.pom (3 KB at 127.1 KB/sec)
[INFO] Downloading: http://repo.maven.apache.org/maven2/org/slf4j/slf4j-parent/1.6.1/slf4j-parent-1.6.1.pom
[INFO] Downloaded: http://repo.maven.apache.org/maven2/org/slf4j/slf4j-parent/1.6.1/slf4j-parent-1.6.1.pom (10 KB at 379.4 KB/sec)
[INFO] Downloading: http://repo.maven.apache.org/maven2/org/slf4j/slf4j-log4j12/1.6.1/slf4j-log4j12-1.6.1.pom
[INFO] Downloaded: http://repo.maven.apache.org/maven2/org/slf4j/slf4j-log4j12/1.6.1/slf4j-log4j12-1.6.1.pom (2 KB at 73.4 KB/sec)
[INFO] Downloading: http://repo.maven.apache.org/maven2/log4j/log4j/1.2.16/log4j-1.2.16.pom
[INFO] Downloaded: http://repo.maven.apache.org/maven2/log4j/log4j/1.2.16/log4j-1.2.16.pom (20 KB at 620.7 KB/sec)
[INFO] Downloading: http://repo.maven.apache.org/maven2/javax/mail/mail/1.4/mail-1.4.pom
[INFO] Downloaded: http://repo.maven.apache.org/maven2/javax/mail/mail/1.4/mail-1.4.pom (993 B at 44.1 KB/sec)
[INFO] Downloading: http://repo.maven.apache.org/maven2/javax/jms/jms/1.1/jms-1.1.pom
[INFO] Downloaded: http://repo.maven.apache.org/maven2/javax/jms/jms/1.1/jms-1.1.pom (677 B at 30.1 KB/sec)
[INFO] Downloading: http://repo.maven.apache.org/maven2/com/sun/jdmk/jmxtools/1.2.1/jmxtools-1.2.1.pom
[INFO] Downloaded: http://repo.maven.apache.org/maven2/com/sun/jdmk/jmxtools/1.2.1/jmxtools-1.2.1.pom (409 B at 18.2 KB/sec)
[INFO] Downloading: http://repo.maven.apache.org/maven2/com/sun/jmx/jmxri/1.2.1/jmxri-1.2.1.pom
[INFO] Downloaded: http://repo.maven.apache.org/maven2/com/sun/jmx/jmxri/1.2.1/jmxri-1.2.1.pom (155 B at 5.8 KB/sec)
[INFO] Downloading: http://repo.maven.apache.org/maven2/jline/jline/0.9.94/jline-0.9.94.pom
[INFO] Downloaded: http://repo.maven.apache.org/maven2/jline/jline/0.9.94/jline-0.9.94.pom (7 KB at 270.0 KB/sec)
[INFO] Downloading: http://repo.maven.apache.org/maven2/junit/junit/3.8.1/junit-3.8.1.pom
[INFO] Downloaded: http://repo.maven.apache.org/maven2/junit/junit/3.8.1/junit-3.8.1.pom (998 B at 48.7 KB/sec)
[INFO] Downloading: http://repo.maven.apache.org/maven2/org/jboss/netty/netty/3.2.2.Final/netty-3.2.2.Final.pom
[INFO] Downloaded: http://repo.maven.apache.org/maven2/org/jboss/netty/netty/3.2.2.Final/netty-3.2.2.Final.pom (24 KB at 415.8 KB/sec)
[INFO] Downloading: http://repo.maven.apache.org/maven2/org/jboss/jboss-parent/5/jboss-parent-5.pom
[INFO] Downloaded: http://repo.maven.apache.org/maven2/org/jboss/jboss-parent/5/jboss-parent-5.pom (19 KB at 655.4 KB/sec)
[INFO] Downloading: http://repo.maven.apache.org/maven2/org/apache/thrift/libthrift/0.9.0/libthrift-0.9.0.pom
[INFO] Downloaded: http://repo.maven.apache.org/maven2/org/apache/thrift/libthrift/0.9.0/libthrift-0.9.0.pom (4 KB at 139.8 KB/sec)
[INFO] Downloading: http://repo.maven.apache.org/maven2/org/slf4j/slf4j-api/1.5.8/slf4j-api-1.5.8.pom
[INFO] Downloaded: http://repo.maven.apache.org/maven2/org/slf4j/slf4j-api/1.5.8/slf4j-api-1.5.8.pom (3 KB at 126.7 KB/sec)
[INFO] Downloading: http://repo.maven.apache.org/maven2/org/slf4j/slf4j-parent/1.5.8/slf4j-parent-1.5.8.pom
[INFO] Downloaded: http://repo.maven.apache.org/maven2/org/slf4j/slf4j-parent/1.5.8/slf4j-parent-1.5.8.pom (8 KB at 303.8 KB/sec)
[INFO] Downloading: http://repo.maven.apache.org/maven2/commons-lang/commons-lang/2.5/commons-lang-2.5.pom
[INFO] Downloaded: http://repo.maven.apache.org/maven2/commons-lang/commons-lang/2.5/commons-lang-2.5.pom (17 KB at 69.1 KB/sec)
[INFO] Downloading: http://repo.maven.apache.org/maven2/org/apache/commons/commons-parent/12/commons-parent-12.pom
[INFO] Downloaded: http://repo.maven.apache.org/maven2/org/apache/commons/commons-parent/12/commons-parent-12.pom (27 KB at 848.0 KB/sec)
[INFO] Downloading: http://repo.maven.apache.org/maven2/org/apache/httpcomponents/httpclient/4.1.3/httpclient-4.1.3.pom
[INFO] Downloaded: http://repo.maven.apache.org/maven2/org/apache/httpcomponents/httpclient/4.1.3/httpclient-4.1.3.pom (6 KB at 201.7 KB/sec)
[INFO] Downloading: http://repo.maven.apache.org/maven2/org/apache/httpcomponents/httpcomponents-client/4.1.3/httpcomponents-client-4.1.3.pom
[INFO] Downloaded: http://repo.maven.apache.org/maven2/org/apache/httpcomponents/httpcomponents-client/4.1.3/httpcomponents-client-4.1.3.pom (12 KB at 438.2 KB/sec)
[INFO] Downloading: http://repo.maven.apache.org/maven2/org/apache/httpcomponents/project/5/project-5.pom
[INFO] Downloaded: http://repo.maven.apache.org/maven2/org/apache/httpcomponents/project/5/project-5.pom (23 KB at 686.5 KB/sec)
[INFO] Downloading: http://repo.maven.apache.org/maven2/org/apache/httpcomponents/httpcore/4.1.4/httpcore-4.1.4.pom
[INFO] Downloaded: http://repo.maven.apache.org/maven2/org/apache/httpcomponents/httpcore/4.1.4/httpcore-4.1.4.pom (8 KB at 248.9 KB/sec)
[INFO] Downloading: http://repo.maven.apache.org/maven2/org/apache/httpcomponents/httpcomponents-core/4.1.4/httpcomponents-core-4.1.4.pom
[INFO] Downloaded: http://repo.maven.apache.org/maven2/org/apache/httpcomponents/httpcomponents-core/4.1.4/httpcomponents-core-4.1.4.pom (10 KB at 367.3 KB/sec)
[INFO] Downloading: http://repo.maven.apache.org/maven2/org/apache/httpcomponents/httpcore/4.1.3/httpcore-4.1.3.pom
[INFO] Downloaded: http://repo.maven.apache.org/maven2/org/apache/httpcomponents/httpcore/4.1.3/httpcore-4.1.3.pom (8 KB at 313.8 KB/sec)
[INFO] Downloading: http://repo.maven.apache.org/maven2/org/apache/httpcomponents/httpcomponents-core/4.1.3/httpcomponents-core-4.1.3.pom
[INFO] Downloaded: http://repo.maven.apache.org/maven2/org/apache/httpcomponents/httpcomponents-core/4.1.3/httpcomponents-core-4.1.3.pom (10 KB at 382.7 KB/sec)
[INFO] Downloading: http://repo.maven.apache.org/maven2/org/apache/httpcomponents/project/4.1.1/project-4.1.1.pom
[INFO] Downloaded: http://repo.maven.apache.org/maven2/org/apache/httpcomponents/project/4.1.1/project-4.1.1.pom (17 KB at 606.5 KB/sec)
[INFO] Downloading: http://repo.maven.apache.org/maven2/commons-logging/commons-logging-api/1.0.4/commons-logging-api-1.0.4.pom
[INFO] Downloaded: http://repo.maven.apache.org/maven2/commons-logging/commons-logging-api/1.0.4/commons-logging-api-1.0.4.pom (168 B at 7.1 KB/sec)
[INFO] Downloading: http://repo.maven.apache.org/maven2/org/codehaus/jackson/jackson-core-asl/1.8.8/jackson-core-asl-1.8.8.pom
[INFO] Downloaded: http://repo.maven.apache.org/maven2/org/codehaus/jackson/jackson-core-asl/1.8.8/jackson-core-asl-1.8.8.pom (1016 B at 38.2 KB/sec)
[INFO] Downloading: http://repo.maven.apache.org/maven2/org/codehaus/jackson/jackson-mapper-asl/1.8.8/jackson-mapper-asl-1.8.8.pom
[INFO] Downloaded: http://repo.maven.apache.org/maven2/org/codehaus/jackson/jackson-mapper-asl/1.8.8/jackson-mapper-asl-1.8.8.pom (2 KB at 44.9 KB/sec)
[INFO] Downloading: http://repo.maven.apache.org/maven2/com/google/guava/guava/11.0.2/guava-11.0.2.pom
[INFO] Downloaded: http://repo.maven.apache.org/maven2/com/google/guava/guava/11.0.2/guava-11.0.2.pom (6 KB at 197.8 KB/sec)
[INFO] Downloading: http://repo.maven.apache.org/maven2/com/google/guava/guava-parent/11.0.2/guava-parent-11.0.2.pom
[INFO] Downloaded: http://repo.maven.apache.org/maven2/com/google/guava/guava-parent/11.0.2/guava-parent-11.0.2.pom (2 KB at 87.0 KB/sec)
[INFO] Downloading: http://repo.maven.apache.org/maven2/com/google/code/findbugs/jsr305/1.3.9/jsr305-1.3.9.pom
[INFO] Downloaded: http://repo.maven.apache.org/maven2/com/google/code/findbugs/jsr305/1.3.9/jsr305-1.3.9.pom (965 B at 41.0 KB/sec)
[INFO] Downloading: http://repo.maven.apache.org/maven2/org/apache/commons/commons-compress/1.4.1/commons-compress-1.4.1.pom
[INFO] Downloaded: http://repo.maven.apache.org/maven2/org/apache/commons/commons-compress/1.4.1/commons-compress-1.4.1.pom (11 KB at 389.0 KB/sec)
[INFO] Downloading: http://repo.maven.apache.org/maven2/org/apache/commons/commons-parent/24/commons-parent-24.pom
[INFO] Downloaded: http://repo.maven.apache.org/maven2/org/apache/commons/commons-parent/24/commons-parent-24.pom (47 KB at 1488.9 KB/sec)
[INFO] Downloading: http://repo.maven.apache.org/maven2/org/tukaani/xz/1.0/xz-1.0.pom
[INFO] Downloaded: http://repo.maven.apache.org/maven2/org/tukaani/xz/1.0/xz-1.0.pom (2 KB at 71.5 KB/sec)
[INFO] Downloading: http://repo.maven.apache.org/maven2/commons-lang/commons-lang/2.4/commons-lang-2.4.pom
[INFO] Downloaded: http://repo.maven.apache.org/maven2/commons-lang/commons-lang/2.4/commons-lang-2.4.pom (14 KB at 545.9 KB/sec)
[INFO] Downloading: http://repo.maven.apache.org/maven2/org/apache/commons/commons-parent/9/commons-parent-9.pom
[INFO] Downloaded: http://repo.maven.apache.org/maven2/org/apache/commons/commons-parent/9/commons-parent-9.pom (22 KB at 764.9 KB/sec)
[INFO] Downloading: http://repo.maven.apache.org/maven2/org/mockito/mockito-all/1.8.2/mockito-all-1.8.2.pom
[INFO] Downloaded: http://repo.maven.apache.org/maven2/org/mockito/mockito-all/1.8.2/mockito-all-1.8.2.pom (858 B at 34.9 KB/sec)
[INFO] Downloading: http://repo.maven.apache.org/maven2/org/apache/thrift/libfb303/0.9.0/libfb303-0.9.0.pom
[INFO] Downloaded: http://repo.maven.apache.org/maven2/org/apache/thrift/libfb303/0.9.0/libfb303-0.9.0.pom (3 KB at 118.2 KB/sec)
[INFO] Downloading: http://repo.maven.apache.org/maven2/org/apache/avro/avro/1.7.1/avro-1.7.1.pom
[INFO] Downloaded: http://repo.maven.apache.org/maven2/org/apache/avro/avro/1.7.1/avro-1.7.1.pom (4 KB at 142.6 KB/sec)
[INFO] Downloading: http://repo.maven.apache.org/maven2/org/apache/avro/avro-parent/1.7.1/avro-parent-1.7.1.pom
[INFO] Downloaded: http://repo.maven.apache.org/maven2/org/apache/avro/avro-parent/1.7.1/avro-parent-1.7.1.pom (15 KB at 537.1 KB/sec)
[INFO] Downloading: http://repo.maven.apache.org/maven2/org/apache/avro/avro-toplevel/1.7.1/avro-toplevel-1.7.1.pom
[INFO] Downloaded: http://repo.maven.apache.org/maven2/org/apache/avro/avro-toplevel/1.7.1/avro-toplevel-1.7.1.pom (10 KB at 369.2 KB/sec)
[INFO] Downloading: http://repo.maven.apache.org/maven2/org/apache/apache/10/apache-10.pom
[INFO] Downloaded: http://repo.maven.apache.org/maven2/org/apache/apache/10/apache-10.pom (15 KB at 555.9 KB/sec)
[INFO] Downloading: http://repo.maven.apache.org/maven2/com/thoughtworks/paranamer/paranamer/2.3/paranamer-2.3.pom
[INFO] Downloaded: http://repo.maven.apache.org/maven2/com/thoughtworks/paranamer/paranamer/2.3/paranamer-2.3.pom (2 KB at 45.7 KB/sec)
[INFO] Downloading: http://repo.maven.apache.org/maven2/com/thoughtworks/paranamer/paranamer-parent/2.3/paranamer-parent-2.3.pom
[INFO] Downloaded: http://repo.maven.apache.org/maven2/com/thoughtworks/paranamer/paranamer-parent/2.3/paranamer-parent-2.3.pom (11 KB at 422.8 KB/sec)
[INFO] Downloading: http://repo.maven.apache.org/maven2/org/codehaus/codehaus-parent/1/codehaus-parent-1.pom
[INFO] Downloaded: http://repo.maven.apache.org/maven2/org/codehaus/codehaus-parent/1/codehaus-parent-1.pom (4 KB at 140.0 KB/sec)
[INFO] Downloading: http://repo.maven.apache.org/maven2/org/xerial/snappy/snappy-java/1.0.4.1/snappy-java-1.0.4.1.pom
[INFO] Downloaded: http://repo.maven.apache.org/maven2/org/xerial/snappy/snappy-java/1.0.4.1/snappy-java-1.0.4.1.pom (10 KB at 312.3 KB/sec)
[INFO] Downloading: http://repo.maven.apache.org/maven2/org/slf4j/slf4j-api/1.6.4/slf4j-api-1.6.4.pom
[INFO] Downloaded: http://repo.maven.apache.org/maven2/org/slf4j/slf4j-api/1.6.4/slf4j-api-1.6.4.pom (3 KB at 119.4 KB/sec)
[INFO] Downloading: http://repo.maven.apache.org/maven2/org/slf4j/slf4j-parent/1.6.4/slf4j-parent-1.6.4.pom
[INFO] Downloaded: http://repo.maven.apache.org/maven2/org/slf4j/slf4j-parent/1.6.4/slf4j-parent-1.6.4.pom (12 KB at 458.3 KB/sec)
[INFO] Downloading: http://repo.maven.apache.org/maven2/org/apache/avro/avro-mapred/1.7.1/avro-mapred-1.7.1.pom
[INFO] Downloaded: http://repo.maven.apache.org/maven2/org/apache/avro/avro-mapred/1.7.1/avro-mapred-1.7.1.pom (5 KB at 164.1 KB/sec)
[INFO] Downloading: http://repo.maven.apache.org/maven2/org/apache/avro/avro-ipc/1.7.1/avro-ipc-1.7.1.pom
[INFO] Downloaded: http://repo.maven.apache.org/maven2/org/apache/avro/avro-ipc/1.7.1/avro-ipc-1.7.1.pom (5 KB at 164.8 KB/sec)
[INFO] Downloading: http://repo.maven.apache.org/maven2/io/netty/netty/3.4.0.Final/netty-3.4.0.Final.pom
[INFO] Downloaded: http://repo.maven.apache.org/maven2/io/netty/netty/3.4.0.Final/netty-3.4.0.Final.pom (25 KB at 805.8 KB/sec)
[INFO] Downloading: http://repo.maven.apache.org/maven2/org/apache/velocity/velocity/1.7/velocity-1.7.pom
[INFO] Downloaded: http://repo.maven.apache.org/maven2/org/apache/velocity/velocity/1.7/velocity-1.7.pom (11 KB at 407.8 KB/sec)
[INFO] Downloading: http://repo.maven.apache.org/maven2/commons-collections/commons-collections/3.2.1/commons-collections-3.2.1.pom
[INFO] Downloaded: http://repo.maven.apache.org/maven2/commons-collections/commons-collections/3.2.1/commons-collections-3.2.1.pom (13 KB at 452.3 KB/sec)
[INFO] Downloading: http://repo.maven.apache.org/maven2/commons-dbcp/commons-dbcp/1.4/commons-dbcp-1.4.pom
[INFO] Downloaded: http://repo.maven.apache.org/maven2/commons-dbcp/commons-dbcp/1.4/commons-dbcp-1.4.pom (11 KB at 418.2 KB/sec)
[INFO] Downloading: http://repo.maven.apache.org/maven2/commons-pool/commons-pool/1.5.4/commons-pool-1.5.4.pom
[INFO] Downloaded: http://repo.maven.apache.org/maven2/commons-pool/commons-pool/1.5.4/commons-pool-1.5.4.pom (12 KB at 431.6 KB/sec)
[INFO] Downloading: http://repo.maven.apache.org/maven2/org/datanucleus/datanucleus-connectionpool/2.0.3/datanucleus-connectionpool-2.0.3.pom
[INFO] Downloaded: http://repo.maven.apache.org/maven2/org/datanucleus/datanucleus-connectionpool/2.0.3/datanucleus-connectionpool-2.0.3.pom (6 KB at 230.0 KB/sec)
[INFO] Downloading: http://repo.maven.apache.org/maven2/org/datanucleus/datanucleus-core/2.0.3/datanucleus-core-2.0.3.pom
[INFO] Downloaded: http://repo.maven.apache.org/maven2/org/datanucleus/datanucleus-core/2.0.3/datanucleus-core-2.0.3.pom (7 KB at 279.9 KB/sec)
[INFO] Downloading: http://repo.maven.apache.org/maven2/org/datanucleus/datanucleus-enhancer/2.0.3/datanucleus-enhancer-2.0.3.pom
[INFO] Downloaded: http://repo.maven.apache.org/maven2/org/datanucleus/datanucleus-enhancer/2.0.3/datanucleus-enhancer-2.0.3.pom (7 KB at 227.0 KB/sec)
[INFO] Downloading: http://repo.maven.apache.org/maven2/asm/asm/maven-metadata.xml
[INFO] Downloading: https://repository.apache.org/releases/asm/asm/maven-metadata.xml
[INFO] Downloading: https://oss.sonatype.org/content/repositories/releases/asm/asm/maven-metadata.xml
[INFO] Downloading: https://oss.sonatype.org/content/repositories/snapshots/asm/asm/maven-metadata.xml
[INFO] Downloaded: http://repo.maven.apache.org/maven2/asm/asm/maven-metadata.xml (898 B at 27.4 KB/sec)
[INFO] Downloading: https://repository.apache.org/snapshots/asm/asm/maven-metadata.xml
[INFO] Downloading: https://nexus.codehaus.org/snapshots/asm/asm/maven-metadata.xml
[INFO] Downloading: https://repository.cloudera.com/artifactory/cloudera-repos/asm/asm/maven-metadata.xml
[INFO] Downloading: http://www.datanucleus.org/downloads/maven2/asm/asm/maven-metadata.xml
[INFO] Downloaded: https://repository.cloudera.com/artifactory/cloudera-repos/asm/asm/maven-metadata.xml (898 B at 2.0 KB/sec)
[WARNING] Could not transfer metadata asm:asm/maven-metadata.xml from/to codehaus-snapshots (https://nexus.codehaus.org/snapshots/): nexus.codehaus.org: Name or service not known
[WARNING] Could not transfer metadata asm:asm/maven-metadata.xml from/to local.repository (file:../../local.repository/trunk): Cannot access file:../../local.repository/trunk with type legacy using the available connector factories: BasicRepositoryConnectorFactory
[INFO] Downloading: http://repo.maven.apache.org/maven2/asm/asm/3.0/asm-3.0.pom
[INFO] Downloaded: http://repo.maven.apache.org/maven2/asm/asm/3.0/asm-3.0.pom (360 B at 14.6 KB/sec)
[INFO] Downloading: http://repo.maven.apache.org/maven2/asm/asm-parent/3.0/asm-parent-3.0.pom
[INFO] Downloaded: http://repo.maven.apache.org/maven2/asm/asm-parent/3.0/asm-parent-3.0.pom (3 KB at 109.1 KB/sec)
[INFO] Downloading: http://repo.maven.apache.org/maven2/asm/asm/3.3/asm-3.3.pom
[INFO] Downloaded: http://repo.maven.apache.org/maven2/asm/asm/3.3/asm-3.3.pom (264 B at 10.7 KB/sec)
[INFO] Downloading: http://repo.maven.apache.org/maven2/asm/asm-parent/3.3/asm-parent-3.3.pom
[INFO] Downloaded: http://repo.maven.apache.org/maven2/asm/asm-parent/3.3/asm-parent-3.3.pom (5 KB at 156.6 KB/sec)
[INFO] Downloading: http://repo.maven.apache.org/maven2/asm/asm/3.3.1/asm-3.3.1.pom
[INFO] Downloaded: http://repo.maven.apache.org/maven2/asm/asm/3.3.1/asm-3.3.1.pom (266 B at 11.8 KB/sec)
[INFO] Downloading: http://repo.maven.apache.org/maven2/asm/asm-parent/3.3.1/asm-parent-3.3.1.pom
[INFO] Downloaded: http://repo.maven.apache.org/maven2/asm/asm-parent/3.3.1/asm-parent-3.3.1.pom (5 KB at 183.9 KB/sec)
[INFO] Downloading: http://repo.maven.apache.org/maven2/org/datanucleus/datanucleus-rdbms/2.0.3/datanucleus-rdbms-2.0.3.pom
[INFO] Downloaded: http://repo.maven.apache.org/maven2/org/datanucleus/datanucleus-rdbms/2.0.3/datanucleus-rdbms-2.0.3.pom (7 KB at 286.6 KB/sec)
[INFO] Downloading: http://repo.maven.apache.org/maven2/org/apache/derby/derby/10.4.2.0/derby-10.4.2.0.pom
[INFO] Downloaded: http://repo.maven.apache.org/maven2/org/apache/derby/derby/10.4.2.0/derby-10.4.2.0.pom (2 KB at 69.5 KB/sec)
[INFO] Downloading: http://repo.maven.apache.org/maven2/com/google/protobuf/protobuf-java/2.4.1/protobuf-java-2.4.1.pom
[INFO] Downloaded: http://repo.maven.apache.org/maven2/com/google/protobuf/protobuf-java/2.4.1/protobuf-java-2.4.1.pom (8 KB at 264.4 KB/sec)
[INFO] Downloading: http://repo.maven.apache.org/maven2/com/google/google/1/google-1.pom
[INFO] Downloaded: http://repo.maven.apache.org/maven2/com/google/google/1/google-1.pom (2 KB at 72.3 KB/sec)
[INFO] Downloading: http://repo.maven.apache.org/maven2/org/iq80/snappy/snappy/0.2/snappy-0.2.pom
[INFO] Downloaded: http://repo.maven.apache.org/maven2/org/iq80/snappy/snappy/0.2/snappy-0.2.pom (14 KB at 512.6 KB/sec)
[INFO] Downloading: http://repo.maven.apache.org/maven2/org/json/json/20090211/json-20090211.pom
[INFO] Downloaded: http://repo.maven.apache.org/maven2/org/json/json/20090211/json-20090211.pom (2 KB at 63.4 KB/sec)
[INFO] Downloading: http://repo.maven.apache.org/maven2/commons-configuration/commons-configuration/1.6/commons-configuration-1.6.pom
[INFO] Downloaded: http://repo.maven.apache.org/maven2/commons-configuration/commons-configuration/1.6/commons-configuration-1.6.pom (14 KB at 500.3 KB/sec)
[INFO] Downloading: http://repo.maven.apache.org/maven2/commons-digester/commons-digester/1.8/commons-digester-1.8.pom
[INFO] Downloaded: http://repo.maven.apache.org/maven2/commons-digester/commons-digester/1.8/commons-digester-1.8.pom (7 KB at 253.3 KB/sec)
[INFO] Downloading: http://repo.maven.apache.org/maven2/commons-beanutils/commons-beanutils/1.7.0/commons-beanutils-1.7.0.pom
[INFO] Downloaded: http://repo.maven.apache.org/maven2/commons-beanutils/commons-beanutils/1.7.0/commons-beanutils-1.7.0.pom (357 B at 15.2 KB/sec)
[INFO] Downloading: http://repo.maven.apache.org/maven2/commons-logging/commons-logging/1.1/commons-logging-1.1.pom
[INFO] Downloaded: http://repo.maven.apache.org/maven2/commons-logging/commons-logging/1.1/commons-logging-1.1.pom (7 KB at 223.6 KB/sec)
[INFO] Downloading: http://repo.maven.apache.org/maven2/log4j/log4j/1.2.12/log4j-1.2.12.pom
[INFO] Downloaded: http://repo.maven.apache.org/maven2/log4j/log4j/1.2.12/log4j-1.2.12.pom (145 B at 6.4 KB/sec)
[INFO] Downloading: http://repo.maven.apache.org/maven2/logkit/logkit/1.0.1/logkit-1.0.1.pom
[INFO] Downloaded: http://repo.maven.apache.org/maven2/logkit/logkit/1.0.1/logkit-1.0.1.pom (147 B at 6.5 KB/sec)
[INFO] Downloading: http://repo.maven.apache.org/maven2/avalon-framework/avalon-framework/4.1.3/avalon-framework-4.1.3.pom
[INFO] Downloaded: http://repo.maven.apache.org/maven2/avalon-framework/avalon-framework/4.1.3/avalon-framework-4.1.3.pom (167 B at 7.8 KB/sec)
[INFO] Downloading: http://repo.maven.apache.org/maven2/javax/servlet/servlet-api/2.3/servlet-api-2.3.pom
[INFO] Downloaded: http://repo.maven.apache.org/maven2/javax/servlet/servlet-api/2.3/servlet-api-2.3.pom (156 B at 5.9 KB/sec)
[INFO] Downloading: http://repo.maven.apache.org/maven2/commons-beanutils/commons-beanutils-core/1.8.0/commons-beanutils-core-1.8.0.pom
[INFO] Downloaded: http://repo.maven.apache.org/maven2/commons-beanutils/commons-beanutils-core/1.8.0/commons-beanutils-core-1.8.0.pom (2 KB at 64.0 KB/sec)
[INFO] Downloading: http://repo.maven.apache.org/maven2/com/googlecode/javaewah/JavaEWAH/0.3.2/JavaEWAH-0.3.2.pom
[INFO] Downloaded: http://repo.maven.apache.org/maven2/com/googlecode/javaewah/JavaEWAH/0.3.2/JavaEWAH-0.3.2.pom (4 KB at 155.2 KB/sec)
[INFO] Downloading: http://repo.maven.apache.org/maven2/org/sonatype/oss/oss-parent/5/oss-parent-5.pom
[INFO] Downloaded: http://repo.maven.apache.org/maven2/org/sonatype/oss/oss-parent/5/oss-parent-5.pom (4 KB at 173.3 KB/sec)
[INFO] Downloading: http://repo.maven.apache.org/maven2/javolution/javolution/5.5.1/javolution-5.5.1.pom
[INFO] Downloaded: http://repo.maven.apache.org/maven2/javolution/javolution/5.5.1/javolution-5.5.1.pom (14 KB at 528.5 KB/sec)
[INFO] Downloading: http://repo.maven.apache.org/maven2/javax/jdo/jdo2-api/2.3-eb/jdo2-api-2.3-eb.pom
[INFO] Downloaded: http://repo.maven.apache.org/maven2/javax/jdo/jdo2-api/2.3-eb/jdo2-api-2.3-eb.pom (5 KB at 182.5 KB/sec)
[INFO] Downloading: http://repo.maven.apache.org/maven2/javax/transaction/transaction-api/1.1/transaction-api-1.1.pom
[INFO] Downloaded: http://repo.maven.apache.org/maven2/javax/transaction/transaction-api/1.1/transaction-api-1.1.pom (165 B at 5.4 KB/sec)
[INFO] Downloading: http://repo.maven.apache.org/maven2/io/netty/netty-all/4.0.23.Final/netty-all-4.0.23.Final.pom
[INFO] Downloaded: http://repo.maven.apache.org/maven2/io/netty/netty-all/4.0.23.Final/netty-all-4.0.23.Final.pom (17 KB at 623.7 KB/sec)
[INFO] Downloading: http://repo.maven.apache.org/maven2/io/netty/netty-parent/4.0.23.Final/netty-parent-4.0.23.Final.pom
[INFO] Downloaded: http://repo.maven.apache.org/maven2/io/netty/netty-parent/4.0.23.Final/netty-parent-4.0.23.Final.pom (40 KB at 981.0 KB/sec)
[INFO] Downloading: http://repo.maven.apache.org/maven2/org/sonatype/oss/oss-parent/9/oss-parent-9.pom
[INFO] Downloaded: http://repo.maven.apache.org/maven2/org/sonatype/oss/oss-parent/9/oss-parent-9.pom (7 KB at 278.9 KB/sec)
[INFO] Downloading: http://repo.maven.apache.org/maven2/junit/junit/4.10/junit-4.10.pom
[INFO] Downloaded: http://repo.maven.apache.org/maven2/junit/junit/4.10/junit-4.10.pom (3 KB at 58.7 KB/sec)
[INFO] Downloading: http://repo.maven.apache.org/maven2/org/hamcrest/hamcrest-core/1.1/hamcrest-core-1.1.pom
[INFO] Downloaded: http://repo.maven.apache.org/maven2/org/hamcrest/hamcrest-core/1.1/hamcrest-core-1.1.pom (481 B at 22.4 KB/sec)
[INFO] Downloading: http://repo.maven.apache.org/maven2/org/hamcrest/hamcrest-parent/1.1/hamcrest-parent-1.1.pom
[INFO] Downloaded: http://repo.maven.apache.org/maven2/org/hamcrest/hamcrest-parent/1.1/hamcrest-parent-1.1.pom (6 KB at 249.5 KB/sec)
[INFO] Downloading: http://repo.maven.apache.org/maven2/org/apache/hadoop/hadoop-core/0.20.2-cdh3u6/hadoop-core-0.20.2-cdh3u6.jar
[INFO] Downloading: http://repo.maven.apache.org/maven2/xmlenc/xmlenc/0.52/xmlenc-0.52.jar
[INFO] Downloading: http://repo.maven.apache.org/maven2/commons-httpclient/commons-httpclient/3.1/commons-httpclient-3.1.jar
[INFO] Downloading: http://repo.maven.apache.org/maven2/commons-codec/commons-codec/1.4/commons-codec-1.4.jar
[INFO] Downloading: http://repo.maven.apache.org/maven2/commons-io/commons-io/2.1/commons-io-2.1.jar
[INFO] Downloading: http://repo.maven.apache.org/maven2/commons-net/commons-net/1.4.1/commons-net-1.4.1.jar
[INFO] Downloaded: http://repo.maven.apache.org/maven2/xmlenc/xmlenc/0.52/xmlenc-0.52.jar (15 KB at 252.7 KB/sec)
[INFO] Downloading: http://repo.maven.apache.org/maven2/org/mortbay/jetty/jetty/6.1.26/jetty-6.1.26.jar
[INFO] Downloaded: http://repo.maven.apache.org/maven2/commons-codec/commons-codec/1.4/commons-codec-1.4.jar (57 KB at 530.8 KB/sec)
[INFO] Downloading: http://repo.maven.apache.org/maven2/org/mortbay/jetty/servlet-api/2.5-20081211/servlet-api-2.5-20081211.jar
[INFO] Downloaded: http://repo.maven.apache.org/maven2/commons-io/commons-io/2.1/commons-io-2.1.jar (160 KB at 666.6 KB/sec)
[INFO] Downloading: http://repo.maven.apache.org/maven2/org/mortbay/jetty/jetty-util/6.1.26/jetty-util-6.1.26.jar
[INFO] Downloaded: http://repo.maven.apache.org/maven2/commons-net/commons-net/1.4.1/commons-net-1.4.1.jar (177 KB at 637.4 KB/sec)
[INFO] Downloading: http://repo.maven.apache.org/maven2/tomcat/jasper-runtime/5.5.23/jasper-runtime-5.5.23.jar
[INFO] Downloaded: http://repo.maven.apache.org/maven2/org/mortbay/jetty/servlet-api/2.5-20081211/servlet-api-2.5-20081211.jar (131 KB at 439.6 KB/sec)
[INFO] Downloading: http://repo.maven.apache.org/maven2/tomcat/jasper-compiler/5.5.23/jasper-compiler-5.5.23.jar
[INFO] Downloaded: http://repo.maven.apache.org/maven2/tomcat/jasper-runtime/5.5.23/jasper-runtime-5.5.23.jar (76 KB at 191.4 KB/sec)
[INFO] Downloading: http://repo.maven.apache.org/maven2/javax/servlet/jsp-api/2.0/jsp-api-2.0.jar
[INFO] Downloaded: http://repo.maven.apache.org/maven2/commons-httpclient/commons-httpclient/3.1/commons-httpclient-3.1.jar (298 KB at 710.9 KB/sec)
[INFO] Downloading: http://repo.maven.apache.org/maven2/ant/ant/1.6.5/ant-1.6.5.jar
[INFO] Downloaded: http://repo.maven.apache.org/maven2/org/mortbay/jetty/jetty-util/6.1.26/jetty-util-6.1.26.jar (173 KB at 366.5 KB/sec)
[INFO] Downloading: http://repo.maven.apache.org/maven2/org/codehaus/jackson/jackson-core-asl/1.5.2/jackson-core-asl-1.5.2.jar
[INFO] Downloaded: http://repo.maven.apache.org/maven2/javax/servlet/jsp-api/2.0/jsp-api-2.0.jar (50 KB at 100.4 KB/sec)
[INFO] Downloading: http://repo.maven.apache.org/maven2/org/codehaus/jackson/jackson-mapper-asl/1.5.2/jackson-mapper-asl-1.5.2.jar
[INFO] Downloaded: http://repo.maven.apache.org/maven2/org/mortbay/jetty/jetty/6.1.26/jetty-6.1.26.jar (528 KB at 760.8 KB/sec)
[INFO] Downloading: http://repo.maven.apache.org/maven2/asm/asm/3.2/asm-3.2.jar
[INFO] Downloaded: http://repo.maven.apache.org/maven2/org/codehaus/jackson/jackson-core-asl/1.5.2/jackson-core-asl-1.5.2.jar (168 KB at 240.6 KB/sec)
[INFO] Downloading: http://repo.maven.apache.org/maven2/com/sun/jersey/jersey-core/1.8/jersey-core-1.8.jar
[INFO] Downloaded: http://repo.maven.apache.org/maven2/asm/asm/3.2/asm-3.2.jar (43 KB at 55.2 KB/sec)
[INFO] Downloading: http://repo.maven.apache.org/maven2/com/sun/jersey/jersey-json/1.8/jersey-json-1.8.jar
[INFO] Downloaded: http://repo.maven.apache.org/maven2/tomcat/jasper-compiler/5.5.23/jasper-compiler-5.5.23.jar (399 KB at 495.7 KB/sec)
[INFO] Downloading: http://repo.maven.apache.org/maven2/org/codehaus/jettison/jettison/1.1/jettison-1.1.jar
[INFO] Downloaded: http://repo.maven.apache.org/maven2/com/sun/jersey/jersey-json/1.8/jersey-json-1.8.jar (145 KB at 173.4 KB/sec)
[INFO] Downloading: http://repo.maven.apache.org/maven2/stax/stax-api/1.0.1/stax-api-1.0.1.jar
[INFO] Downloaded: http://repo.maven.apache.org/maven2/com/sun/jersey/jersey-core/1.8/jersey-core-1.8.jar (448 KB at 526.5 KB/sec)
[INFO] Downloading: http://repo.maven.apache.org/maven2/com/sun/xml/bind/jaxb-impl/2.2.3-1/jaxb-impl-2.2.3-1.jar
[INFO] Downloaded: http://repo.maven.apache.org/maven2/org/codehaus/jackson/jackson-mapper-asl/1.5.2/jackson-mapper-asl-1.5.2.jar (474 KB at 551.4 KB/sec)
[INFO] Downloading: http://repo.maven.apache.org/maven2/javax/xml/bind/jaxb-api/2.2.2/jaxb-api-2.2.2.jar
[INFO] Downloaded: http://repo.maven.apache.org/maven2/stax/stax-api/1.0.1/stax-api-1.0.1.jar (26 KB at 30.1 KB/sec)
[INFO] Downloading: http://repo.maven.apache.org/maven2/javax/xml/stream/stax-api/1.0-2/stax-api-1.0-2.jar
[INFO] Downloaded: http://repo.maven.apache.org/maven2/javax/xml/stream/stax-api/1.0-2/stax-api-1.0-2.jar (23 KB at 25.9 KB/sec)
[INFO] Downloading: http://repo.maven.apache.org/maven2/javax/activation/activation/1.1/activation-1.1.jar
[INFO] Downloaded: http://repo.maven.apache.org/maven2/javax/activation/activation/1.1/activation-1.1.jar (62 KB at 67.7 KB/sec)
[INFO] Downloading: http://repo.maven.apache.org/maven2/org/codehaus/jackson/jackson-jaxrs/1.7.1/jackson-jaxrs-1.7.1.jar
[INFO] Downloaded: http://repo.maven.apache.org/maven2/org/codehaus/jettison/jettison/1.1/jettison-1.1.jar (67 KB at 72.6 KB/sec)
[INFO] Downloading: http://repo.maven.apache.org/maven2/org/codehaus/jackson/jackson-xc/1.7.1/jackson-xc-1.7.1.jar
[INFO] Downloaded: http://repo.maven.apache.org/maven2/org/codehaus/jackson/jackson-jaxrs/1.7.1/jackson-jaxrs-1.7.1.jar (18 KB at 18.8 KB/sec)
[INFO] Downloading: http://repo.maven.apache.org/maven2/com/sun/jersey/jersey-server/1.8/jersey-server-1.8.jar
[INFO] Downloaded: http://repo.maven.apache.org/maven2/org/codehaus/jackson/jackson-xc/1.7.1/jackson-xc-1.7.1.jar (31 KB at 32.2 KB/sec)
[INFO] Downloading: http://repo.maven.apache.org/maven2/javax/servlet/jsp/jsp-api/2.1/jsp-api-2.1.jar
[INFO] Downloaded: http://repo.maven.apache.org/maven2/com/sun/jersey/jersey-server/1.8/jersey-server-1.8.jar (679 KB at 687.7 KB/sec)
[INFO] Downloading: http://repo.maven.apache.org/maven2/commons-el/commons-el/1.0/commons-el-1.0.jar
[INFO] Downloaded: http://repo.maven.apache.org/maven2/commons-el/commons-el/1.0/commons-el-1.0.jar (110 KB at 108.1 KB/sec)
[INFO] Downloading: http://repo.maven.apache.org/maven2/net/java/dev/jets3t/jets3t/0.6.1/jets3t-0.6.1.jar
[INFO] Downloaded: http://repo.maven.apache.org/maven2/javax/xml/bind/jaxb-api/2.2.2/jaxb-api-2.2.2.jar (103 KB at 100.7 KB/sec)
[INFO] Downloading: http://repo.maven.apache.org/maven2/javax/servlet/servlet-api/2.5/servlet-api-2.5.jar
[INFO] Downloaded: http://repo.maven.apache.org/maven2/net/java/dev/jets3t/jets3t/0.6.1/jets3t-0.6.1.jar (315 KB at 294.3 KB/sec)
[INFO] Downloading: http://repo.maven.apache.org/maven2/hsqldb/hsqldb/1.8.0.7/hsqldb-1.8.0.7.jar
[INFO] Downloaded: http://repo.maven.apache.org/maven2/javax/servlet/jsp/jsp-api/2.1/jsp-api-2.1.jar (99 KB at 87.5 KB/sec)
[INFO] Downloading: http://repo.maven.apache.org/maven2/oro/oro/2.0.8/oro-2.0.8.jar
[INFO] Downloaded: http://repo.maven.apache.org/maven2/hsqldb/hsqldb/1.8.0.7/hsqldb-1.8.0.7.jar (629 KB at 558.3 KB/sec)
[INFO] Downloading: http://repo.maven.apache.org/maven2/org/eclipse/jdt/core/3.1.1/core-3.1.1.jar
[INFO] Downloaded: http://repo.maven.apache.org/maven2/javax/servlet/servlet-api/2.5/servlet-api-2.5.jar (103 KB at 86.3 KB/sec)
[INFO] Downloading: http://repo.maven.apache.org/maven2/log4j/log4j/1.2.15/log4j-1.2.15.jar
[INFO] Downloaded: http://repo.maven.apache.org/maven2/oro/oro/2.0.8/oro-2.0.8.jar (64 KB at 51.8 KB/sec)
[INFO] Downloading: http://repo.maven.apache.org/maven2/org/apache/hive/hive-exec/0.11.0/hive-exec-0.11.0.jar
[INFO] Downloaded: http://repo.maven.apache.org/maven2/org/eclipse/jdt/core/3.1.1/core-3.1.1.jar (3484 KB at 2679.4 KB/sec)
[INFO] Downloading: http://repo.maven.apache.org/maven2/org/apache/hive/hive-metastore/0.11.0/hive-metastore-0.11.0.jar
[INFO] Downloaded: http://repo.maven.apache.org/maven2/org/apache/hive/hive-metastore/0.11.0/hive-metastore-0.11.0.jar (3188 KB at 2265.3 KB/sec)
[INFO] Downloading: http://repo.maven.apache.org/maven2/org/antlr/antlr/3.4/antlr-3.4.jar
[INFO] Downloaded: http://repo.maven.apache.org/maven2/org/antlr/antlr/3.4/antlr-3.4.jar (1087 KB at 748.5 KB/sec)
[INFO] Downloading: http://repo.maven.apache.org/maven2/org/antlr/antlr-runtime/3.4/antlr-runtime-3.4.jar
[INFO] Downloaded: http://repo.maven.apache.org/maven2/org/antlr/antlr-runtime/3.4/antlr-runtime-3.4.jar (161 KB at 108.6 KB/sec)
[INFO] Downloading: http://repo.maven.apache.org/maven2/org/antlr/stringtemplate/3.2.1/stringtemplate-3.2.1.jar
[INFO] Downloaded: http://repo.maven.apache.org/maven2/org/antlr/stringtemplate/3.2.1/stringtemplate-3.2.1.jar (146 KB at 96.9 KB/sec)
[INFO] Downloading: http://repo.maven.apache.org/maven2/antlr/antlr/2.7.7/antlr-2.7.7.jar
[INFO] Downloaded: http://repo.maven.apache.org/maven2/antlr/antlr/2.7.7/antlr-2.7.7.jar (435 KB at 284.8 KB/sec)
[INFO] Downloading: http://repo.maven.apache.org/maven2/org/antlr/ST4/4.0.4/ST4-4.0.4.jar
[INFO] Downloaded: http://repo.maven.apache.org/maven2/org/antlr/ST4/4.0.4/ST4-4.0.4.jar (232 KB at 149.0 KB/sec)
[INFO] Downloading: http://repo.maven.apache.org/maven2/commons-dbcp/commons-dbcp/1.4/commons-dbcp-1.4.jar
[INFO] Downloaded: http://repo.maven.apache.org/maven2/commons-dbcp/commons-dbcp/1.4/commons-dbcp-1.4.jar (157 KB at 99.3 KB/sec)
[INFO] Downloading: http://repo.maven.apache.org/maven2/commons-pool/commons-pool/1.5.4/commons-pool-1.5.4.jar
[INFO] Downloaded: http://repo.maven.apache.org/maven2/commons-pool/commons-pool/1.5.4/commons-pool-1.5.4.jar (94 KB at 58.7 KB/sec)
[INFO] Downloading: http://repo.maven.apache.org/maven2/org/datanucleus/datanucleus-connectionpool/2.0.3/datanucleus-connectionpool-2.0.3.jar
[INFO] Downloaded: http://repo.maven.apache.org/maven2/org/datanucleus/datanucleus-connectionpool/2.0.3/datanucleus-connectionpool-2.0.3.jar (17 KB at 10.2 KB/sec)
[INFO] Downloading: http://repo.maven.apache.org/maven2/org/datanucleus/datanucleus-core/2.0.3/datanucleus-core-2.0.3.jar
[INFO] Downloaded: http://repo.maven.apache.org/maven2/ant/ant/1.6.5/ant-1.6.5.jar (1010 KB at 610.2 KB/sec)
[INFO] Downloading: http://repo.maven.apache.org/maven2/org/datanucleus/datanucleus-enhancer/2.0.3/datanucleus-enhancer-2.0.3.jar
[INFO] Downloaded: http://repo.maven.apache.org/maven2/org/datanucleus/datanucleus-core/2.0.3/datanucleus-core-2.0.3.jar (1956 KB at 1155.0 KB/sec)
[INFO] Downloading: http://repo.maven.apache.org/maven2/org/datanucleus/datanucleus-rdbms/2.0.3/datanucleus-rdbms-2.0.3.jar
[INFO] Downloaded: http://repo.maven.apache.org/maven2/log4j/log4j/1.2.15/log4j-1.2.15.jar (383 KB at 225.2 KB/sec)
[INFO] Downloading: http://repo.maven.apache.org/maven2/org/apache/derby/derby/10.4.2.0/derby-10.4.2.0.jar
[INFO] Downloaded: http://repo.maven.apache.org/maven2/org/datanucleus/datanucleus-enhancer/2.0.3/datanucleus-enhancer-2.0.3.jar (184 KB at 108.0 KB/sec)
[INFO] Downloading: http://repo.maven.apache.org/maven2/com/google/protobuf/protobuf-java/2.4.1/protobuf-java-2.4.1.jar
[INFO] Downloaded: http://repo.maven.apache.org/maven2/com/google/protobuf/protobuf-java/2.4.1/protobuf-java-2.4.1.jar (440 KB at 251.8 KB/sec)
[INFO] Downloading: http://repo.maven.apache.org/maven2/org/iq80/snappy/snappy/0.2/snappy-0.2.jar
[INFO] Downloaded: http://repo.maven.apache.org/maven2/org/iq80/snappy/snappy/0.2/snappy-0.2.jar (48 KB at 26.9 KB/sec)
[INFO] Downloading: http://repo.maven.apache.org/maven2/org/json/json/20090211/json-20090211.jar
[INFO] Downloaded: http://repo.maven.apache.org/maven2/org/json/json/20090211/json-20090211.jar (45 KB at 25.0 KB/sec)
[INFO] Downloading: http://repo.maven.apache.org/maven2/commons-collections/commons-collections/3.2.1/commons-collections-3.2.1.jar
[INFO] Downloaded: http://repo.maven.apache.org/maven2/org/datanucleus/datanucleus-rdbms/2.0.3/datanucleus-rdbms-2.0.3.jar (1197 KB at 665.8 KB/sec)
[INFO] Downloading: http://repo.maven.apache.org/maven2/commons-configuration/commons-configuration/1.6/commons-configuration-1.6.jar
[INFO] Downloaded: http://repo.maven.apache.org/maven2/commons-configuration/commons-configuration/1.6/commons-configuration-1.6.jar (292 KB at 158.6 KB/sec)
[INFO] Downloading: http://repo.maven.apache.org/maven2/commons-lang/commons-lang/2.4/commons-lang-2.4.jar
[INFO] Downloaded: http://repo.maven.apache.org/maven2/commons-collections/commons-collections/3.2.1/commons-collections-3.2.1.jar (562 KB at 305.4 KB/sec)
[INFO] Downloading: http://repo.maven.apache.org/maven2/commons-digester/commons-digester/1.8/commons-digester-1.8.jar
[INFO] Downloaded: http://repo.maven.apache.org/maven2/commons-lang/commons-lang/2.4/commons-lang-2.4.jar (256 KB at 137.1 KB/sec)
[INFO] Downloading: http://repo.maven.apache.org/maven2/commons-beanutils/commons-beanutils/1.7.0/commons-beanutils-1.7.0.jar
[INFO] Downloaded: http://repo.maven.apache.org/maven2/commons-digester/commons-digester/1.8/commons-digester-1.8.jar (141 KB at 75.0 KB/sec)
[INFO] Downloading: http://repo.maven.apache.org/maven2/commons-beanutils/commons-beanutils-core/1.8.0/commons-beanutils-core-1.8.0.jar
[INFO] Downloaded: http://repo.maven.apache.org/maven2/commons-beanutils/commons-beanutils/1.7.0/commons-beanutils-1.7.0.jar (185 KB at 97.4 KB/sec)
[INFO] Downloading: http://repo.maven.apache.org/maven2/com/googlecode/javaewah/JavaEWAH/0.3.2/JavaEWAH-0.3.2.jar
[INFO] Downloaded: http://repo.maven.apache.org/maven2/commons-beanutils/commons-beanutils-core/1.8.0/commons-beanutils-core-1.8.0.jar (202 KB at 105.6 KB/sec)
[INFO] Downloading: http://repo.maven.apache.org/maven2/javolution/javolution/5.5.1/javolution-5.5.1.jar
[INFO] Downloaded: http://repo.maven.apache.org/maven2/com/googlecode/javaewah/JavaEWAH/0.3.2/JavaEWAH-0.3.2.jar (17 KB at 8.7 KB/sec)
[INFO] Downloading: http://repo.maven.apache.org/maven2/jline/jline/0.9.94/jline-0.9.94.jar
[INFO] Downloaded: http://repo.maven.apache.org/maven2/javolution/javolution/5.5.1/javolution-5.5.1.jar (386 KB at 198.7 KB/sec)
[INFO] Downloading: http://repo.maven.apache.org/maven2/org/apache/hive/hive-serde/0.11.0/hive-serde-0.11.0.jar
[INFO] Downloaded: http://repo.maven.apache.org/maven2/jline/jline/0.9.94/jline-0.9.94.jar (86 KB at 43.8 KB/sec)
[INFO] Downloading: http://repo.maven.apache.org/maven2/org/apache/hive/hive-common/0.11.0/hive-common-0.11.0.jar
[INFO] Downloaded: http://repo.maven.apache.org/maven2/org/apache/hive/hive-common/0.11.0/hive-common-0.11.0.jar (95 KB at 47.9 KB/sec)
[INFO] Downloading: http://repo.maven.apache.org/maven2/org/apache/hive/hive-shims/0.11.0/hive-shims-0.11.0.jar
[INFO] Downloaded: http://repo.maven.apache.org/maven2/org/apache/hive/hive-shims/0.11.0/hive-shims-0.11.0.jar (126 KB at 62.5 KB/sec)
[INFO] Downloading: http://repo.maven.apache.org/maven2/org/apache/zookeeper/zookeeper/3.4.3/zookeeper-3.4.3.jar
[INFO] Downloaded: http://repo.maven.apache.org/maven2/org/apache/hive/hive-serde/0.11.0/hive-serde-0.11.0.jar (642 KB at 320.5 KB/sec)
[INFO] Downloading: http://repo.maven.apache.org/maven2/org/jboss/netty/netty/3.2.2.Final/netty-3.2.2.Final.jar
[INFO] Downloaded: http://repo.maven.apache.org/maven2/com/sun/xml/bind/jaxb-impl/2.2.3-1/jaxb-impl-2.2.3-1.jar (870 KB at 430.1 KB/sec)
[INFO] Downloading: http://repo.maven.apache.org/maven2/commons-logging/commons-logging-api/1.0.4/commons-logging-api-1.0.4.jar
[INFO] Downloaded: http://repo.maven.apache.org/maven2/org/apache/zookeeper/zookeeper/3.4.3/zookeeper-3.4.3.jar (750 KB at 365.5 KB/sec)
[INFO] Downloading: http://repo.maven.apache.org/maven2/com/google/guava/guava/11.0.2/guava-11.0.2.jar
[INFO] Downloaded: http://repo.maven.apache.org/maven2/org/jboss/netty/netty/3.2.2.Final/netty-3.2.2.Final.jar (768 KB at 370.8 KB/sec)
[INFO] Downloading: http://repo.maven.apache.org/maven2/org/apache/commons/commons-compress/1.4.1/commons-compress-1.4.1.jar
[INFO] Downloaded: http://repo.maven.apache.org/maven2/commons-logging/commons-logging-api/1.0.4/commons-logging-api-1.0.4.jar (26 KB at 12.3 KB/sec)
[INFO] Downloading: http://repo.maven.apache.org/maven2/org/tukaani/xz/1.0/xz-1.0.jar
[INFO] Downloaded: http://repo.maven.apache.org/maven2/org/apache/commons/commons-compress/1.4.1/commons-compress-1.4.1.jar (236 KB at 112.2 KB/sec)
[INFO] Downloading: http://repo.maven.apache.org/maven2/org/slf4j/slf4j-api/1.6.1/slf4j-api-1.6.1.jar
[INFO] Downloaded: http://repo.maven.apache.org/maven2/com/google/guava/guava/11.0.2/guava-11.0.2.jar (1610 KB at 763.9 KB/sec)
[INFO] Downloading: http://repo.maven.apache.org/maven2/org/slf4j/slf4j-log4j12/1.6.1/slf4j-log4j12-1.6.1.jar
[INFO] Downloaded: http://repo.maven.apache.org/maven2/org/slf4j/slf4j-api/1.6.1/slf4j-api-1.6.1.jar (25 KB at 11.8 KB/sec)
[INFO] Downloading: http://repo.maven.apache.org/maven2/org/mockito/mockito-all/1.8.2/mockito-all-1.8.2.jar
[INFO] Downloaded: http://repo.maven.apache.org/maven2/org/slf4j/slf4j-log4j12/1.6.1/slf4j-log4j12-1.6.1.jar (10 KB at 4.5 KB/sec)
[INFO] Downloading: http://repo.maven.apache.org/maven2/org/apache/thrift/libfb303/0.9.0/libfb303-0.9.0.jar
[INFO] Downloaded: http://repo.maven.apache.org/maven2/org/apache/thrift/libfb303/0.9.0/libfb303-0.9.0.jar (269 KB at 124.2 KB/sec)
[INFO] Downloading: http://repo.maven.apache.org/maven2/org/apache/thrift/libthrift/0.9.0/libthrift-0.9.0.jar
[INFO] Downloaded: http://repo.maven.apache.org/maven2/org/mockito/mockito-all/1.8.2/mockito-all-1.8.2.jar (1316 KB at 606.9 KB/sec)
[INFO] Downloading: http://repo.maven.apache.org/maven2/org/apache/httpcomponents/httpclient/4.1.3/httpclient-4.1.3.jar
[INFO] Downloaded: http://repo.maven.apache.org/maven2/org/apache/thrift/libthrift/0.9.0/libthrift-0.9.0.jar (340 KB at 154.5 KB/sec)
[INFO] Downloading: http://repo.maven.apache.org/maven2/org/apache/httpcomponents/httpcore/4.1.3/httpcore-4.1.3.jar
[INFO] Downloaded: http://repo.maven.apache.org/maven2/org/apache/httpcomponents/httpclient/4.1.3/httpclient-4.1.3.jar (345 KB at 156.5 KB/sec)
[INFO] Downloading: http://repo.maven.apache.org/maven2/org/apache/avro/avro/1.7.1/avro-1.7.1.jar
[INFO] Downloaded: http://repo.maven.apache.org/maven2/org/tukaani/xz/1.0/xz-1.0.jar (93 KB at 41.6 KB/sec)
[INFO] Downloading: http://repo.maven.apache.org/maven2/com/thoughtworks/paranamer/paranamer/2.3/paranamer-2.3.jar
[INFO] Downloaded: http://repo.maven.apache.org/maven2/org/apache/avro/avro/1.7.1/avro-1.7.1.jar (291 KB at 130.5 KB/sec)
[INFO] Downloading: http://repo.maven.apache.org/maven2/org/xerial/snappy/snappy-java/1.0.4.1/snappy-java-1.0.4.1.jar
[INFO] Downloaded: http://repo.maven.apache.org/maven2/org/apache/httpcomponents/httpcore/4.1.3/httpcore-4.1.3.jar (177 KB at 79.2 KB/sec)
[INFO] Downloading: http://repo.maven.apache.org/maven2/org/apache/avro/avro-mapred/1.7.1/avro-mapred-1.7.1.jar
[INFO] Downloaded: http://repo.maven.apache.org/maven2/org/apache/avro/avro-mapred/1.7.1/avro-mapred-1.7.1.jar (165 KB at 73.0 KB/sec)
[INFO] Downloading: http://repo.maven.apache.org/maven2/org/apache/avro/avro-ipc/1.7.1/avro-ipc-1.7.1.jar
[INFO] Downloaded: http://repo.maven.apache.org/maven2/org/xerial/snappy/snappy-java/1.0.4.1/snappy-java-1.0.4.1.jar (973 KB at 427.3 KB/sec)
[INFO] Downloading: http://repo.maven.apache.org/maven2/io/netty/netty/3.4.0.Final/netty-3.4.0.Final.jar
[INFO] Downloaded: http://repo.maven.apache.org/maven2/com/thoughtworks/paranamer/paranamer/2.3/paranamer-2.3.jar (29 KB at 12.7 KB/sec)
[INFO] Downloading: http://repo.maven.apache.org/maven2/org/apache/velocity/velocity/1.7/velocity-1.7.jar
[INFO] Downloaded: http://repo.maven.apache.org/maven2/org/apache/avro/avro-ipc/1.7.1/avro-ipc-1.7.1.jar (181 KB at 79.1 KB/sec)
[INFO] Downloading: http://repo.maven.apache.org/maven2/commons-cli/commons-cli/1.2/commons-cli-1.2.jar
[INFO] Downloaded: http://repo.maven.apache.org/maven2/commons-cli/commons-cli/1.2/commons-cli-1.2.jar (41 KB at 17.4 KB/sec)
[INFO] Downloading: http://repo.maven.apache.org/maven2/commons-logging/commons-logging/1.0.4/commons-logging-1.0.4.jar
[INFO] Downloaded: http://repo.maven.apache.org/maven2/commons-logging/commons-logging/1.0.4/commons-logging-1.0.4.jar (38 KB at 15.9 KB/sec)
[INFO] Downloading: http://repo.maven.apache.org/maven2/javax/jdo/jdo2-api/2.3-eb/jdo2-api-2.3-eb.jar
[INFO] Downloaded: http://repo.maven.apache.org/maven2/io/netty/netty/3.4.0.Final/netty-3.4.0.Final.jar (935 KB at 399.6 KB/sec)
[INFO] Downloading: http://repo.maven.apache.org/maven2/javax/transaction/transaction-api/1.1/transaction-api-1.1.jar
[INFO] Downloaded: http://repo.maven.apache.org/maven2/javax/jdo/jdo2-api/2.3-eb/jdo2-api-2.3-eb.jar (189 KB at 79.7 KB/sec)
[INFO] Downloading: http://repo.maven.apache.org/maven2/org/apache/hadoop/thirdparty/guava/guava/r09-jarjar/guava-r09-jarjar.jar
[INFO] Downloaded: http://repo.maven.apache.org/maven2/org/apache/velocity/velocity/1.7/velocity-1.7.jar (439 KB at 185.5 KB/sec)
[INFO] Downloading: http://repo.maven.apache.org/maven2/io/netty/netty-all/4.0.23.Final/netty-all-4.0.23.Final.jar
[INFO] Downloaded: http://repo.maven.apache.org/maven2/javax/transaction/transaction-api/1.1/transaction-api-1.1.jar (15 KB at 6.2 KB/sec)
[INFO] Downloading: http://repo.maven.apache.org/maven2/com/google/code/findbugs/jsr305/1.3.9/jsr305-1.3.9.jar
[INFO] Downloading: http://repo.maven.apache.org/maven2/junit/junit/4.10/junit-4.10.jar
[INFO] Downloaded: http://repo.maven.apache.org/maven2/com/google/code/findbugs/jsr305/1.3.9/jsr305-1.3.9.jar (33 KB at 13.5 KB/sec)
[INFO] Downloading: http://repo.maven.apache.org/maven2/org/hamcrest/hamcrest-core/1.1/hamcrest-core-1.1.jar
[INFO] Downloaded: http://repo.maven.apache.org/maven2/org/hamcrest/hamcrest-core/1.1/hamcrest-core-1.1.jar (75 KB at 31.1 KB/sec)
[INFO] Downloaded: http://repo.maven.apache.org/maven2/junit/junit/4.10/junit-4.10.jar (248 KB at 102.6 KB/sec)
[INFO] Downloaded: http://repo.maven.apache.org/maven2/org/apache/hive/hive-exec/0.11.0/hive-exec-0.11.0.jar (6110 KB at 1434.2 KB/sec)
[INFO] Downloaded: http://repo.maven.apache.org/maven2/io/netty/netty-all/4.0.23.Final/netty-all-4.0.23.Final.jar (1739 KB at 384.1 KB/sec)
[INFO] Downloaded: http://repo.maven.apache.org/maven2/org/apache/derby/derby/10.4.2.0/derby-10.4.2.0.jar (2390 KB at 527.2 KB/sec)
[INFO] Downloading: https://oss.sonatype.org/content/repositories/releases/org/apache/hadoop/hadoop-core/0.20.2-cdh3u6/hadoop-core-0.20.2-cdh3u6.jar
[INFO] Downloading: https://oss.sonatype.org/content/repositories/releases/org/apache/hadoop/thirdparty/guava/guava/r09-jarjar/guava-r09-jarjar.jar
[INFO] Downloading: https://repository.apache.org/releases/org/apache/hadoop/hadoop-core/0.20.2-cdh3u6/hadoop-core-0.20.2-cdh3u6.jar
[INFO] Downloading: https://repository.apache.org/releases/org/apache/hadoop/thirdparty/guava/guava/r09-jarjar/guava-r09-jarjar.jar
[INFO] Downloading: https://repository.cloudera.com/artifactory/cloudera-repos/org/apache/hadoop/hadoop-core/0.20.2-cdh3u6/hadoop-core-0.20.2-cdh3u6.jar
[INFO] Downloading: https://repository.cloudera.com/artifactory/cloudera-repos/org/apache/hadoop/thirdparty/guava/guava/r09-jarjar/guava-r09-jarjar.jar
[INFO] Downloaded: https://repository.cloudera.com/artifactory/cloudera-repos/org/apache/hadoop/thirdparty/guava/guava/r09-jarjar/guava-r09-jarjar.jar (1191 KB at 898.2 KB/sec)
[INFO] Downloaded: https://repository.cloudera.com/artifactory/cloudera-repos/org/apache/hadoop/hadoop-core/0.20.2-cdh3u6/hadoop-core-0.20.2-cdh3u6.jar (3781 KB at 2790.3 KB/sec)
[INFO] 
[INFO] --- properties-maven-plugin:1.0-alpha-2:read-project-properties (default) @ hivemall ---
[INFO] Downloading: https://repo.maven.apache.org/maven2/org/apache/maven/maven-model/2.0.6/maven-model-2.0.6.pom
[INFO] Downloaded: https://repo.maven.apache.org/maven2/org/apache/maven/maven-model/2.0.6/maven-model-2.0.6.pom (3 KB at 25.4 KB/sec)
[INFO] Downloading: https://repo.maven.apache.org/maven2/org/apache/maven/maven/2.0.6/maven-2.0.6.pom
[INFO] Downloaded: https://repo.maven.apache.org/maven2/org/apache/maven/maven/2.0.6/maven-2.0.6.pom (9 KB at 82.6 KB/sec)
[INFO] Downloading: https://repo.maven.apache.org/maven2/org/apache/maven/maven-parent/5/maven-parent-5.pom
[INFO] Downloaded: https://repo.maven.apache.org/maven2/org/apache/maven/maven-parent/5/maven-parent-5.pom (15 KB at 139.1 KB/sec)
[INFO] Downloading: https://repo.maven.apache.org/maven2/org/apache/apache/3/apache-3.pom
[INFO] Downloaded: https://repo.maven.apache.org/maven2/org/apache/apache/3/apache-3.pom (4 KB at 30.2 KB/sec)
[INFO] Downloading: https://repo.maven.apache.org/maven2/org/codehaus/plexus/plexus-utils/1.4.1/plexus-utils-1.4.1.pom
[INFO] Downloaded: https://repo.maven.apache.org/maven2/org/codehaus/plexus/plexus-utils/1.4.1/plexus-utils-1.4.1.pom (2 KB at 17.3 KB/sec)
[INFO] Downloading: https://repo.maven.apache.org/maven2/org/codehaus/plexus/plexus/1.0.11/plexus-1.0.11.pom
[INFO] Downloaded: https://repo.maven.apache.org/maven2/org/codehaus/plexus/plexus/1.0.11/plexus-1.0.11.pom (9 KB at 81.1 KB/sec)
[INFO] Downloading: https://repo.maven.apache.org/maven2/org/apache/maven/maven-plugin-api/2.0.6/maven-plugin-api-2.0.6.pom
[INFO] Downloaded: https://repo.maven.apache.org/maven2/org/apache/maven/maven-plugin-api/2.0.6/maven-plugin-api-2.0.6.pom (2 KB at 13.3 KB/sec)
[INFO] Downloading: https://repo.maven.apache.org/maven2/org/apache/maven/maven-project/2.0.6/maven-project-2.0.6.pom
[INFO] Downloaded: https://repo.maven.apache.org/maven2/org/apache/maven/maven-project/2.0.6/maven-project-2.0.6.pom (3 KB at 23.8 KB/sec)
[INFO] Downloading: https://repo.maven.apache.org/maven2/org/apache/maven/maven-settings/2.0.6/maven-settings-2.0.6.pom
[INFO] Downloaded: https://repo.maven.apache.org/maven2/org/apache/maven/maven-settings/2.0.6/maven-settings-2.0.6.pom (2 KB at 18.4 KB/sec)
[INFO] Downloading: https://repo.maven.apache.org/maven2/org/codehaus/plexus/plexus-container-default/1.0-alpha-9-stable-1/plexus-container-default-1.0-alpha-9-stable-1.pom
[INFO] Downloaded: https://repo.maven.apache.org/maven2/org/codehaus/plexus/plexus-container-default/1.0-alpha-9-stable-1/plexus-container-default-1.0-alpha-9-stable-1.pom (4 KB at 34.7 KB/sec)
[INFO] Downloading: https://repo.maven.apache.org/maven2/org/codehaus/plexus/plexus-containers/1.0.3/plexus-containers-1.0.3.pom
[INFO] Downloaded: https://repo.maven.apache.org/maven2/org/codehaus/plexus/plexus-containers/1.0.3/plexus-containers-1.0.3.pom (492 B at 4.5 KB/sec)
[INFO] Downloading: https://repo.maven.apache.org/maven2/org/codehaus/plexus/plexus/1.0.4/plexus-1.0.4.pom
[INFO] Downloaded: https://repo.maven.apache.org/maven2/org/codehaus/plexus/plexus/1.0.4/plexus-1.0.4.pom (6 KB at 50.9 KB/sec)
[INFO] Downloading: https://repo.maven.apache.org/maven2/junit/junit/3.8.2/junit-3.8.2.pom
[INFO] Downloaded: https://repo.maven.apache.org/maven2/junit/junit/3.8.2/junit-3.8.2.pom (747 B at 6.9 KB/sec)
[INFO] Downloading: https://repo.maven.apache.org/maven2/org/codehaus/plexus/plexus-utils/1.0.4/plexus-utils-1.0.4.pom
[INFO] Downloaded: https://repo.maven.apache.org/maven2/org/codehaus/plexus/plexus-utils/1.0.4/plexus-utils-1.0.4.pom (7 KB at 63.2 KB/sec)
[INFO] Downloading: https://repo.maven.apache.org/maven2/classworlds/classworlds/1.1-alpha-2/classworlds-1.1-alpha-2.pom
[INFO] Downloaded: https://repo.maven.apache.org/maven2/classworlds/classworlds/1.1-alpha-2/classworlds-1.1-alpha-2.pom (4 KB at 28.5 KB/sec)
[INFO] Downloading: https://repo.maven.apache.org/maven2/org/apache/maven/maven-profile/2.0.6/maven-profile-2.0.6.pom
[INFO] Downloaded: https://repo.maven.apache.org/maven2/org/apache/maven/maven-profile/2.0.6/maven-profile-2.0.6.pom (2 KB at 17.7 KB/sec)
[INFO] Downloading: https://repo.maven.apache.org/maven2/org/apache/maven/maven-artifact-manager/2.0.6/maven-artifact-manager-2.0.6.pom
[INFO] Downloaded: https://repo.maven.apache.org/maven2/org/apache/maven/maven-artifact-manager/2.0.6/maven-artifact-manager-2.0.6.pom (3 KB at 22.9 KB/sec)
[INFO] Downloading: https://repo.maven.apache.org/maven2/org/apache/maven/maven-repository-metadata/2.0.6/maven-repository-metadata-2.0.6.pom
[INFO] Downloaded: https://repo.maven.apache.org/maven2/org/apache/maven/maven-repository-metadata/2.0.6/maven-repository-metadata-2.0.6.pom (2 KB at 16.1 KB/sec)
[INFO] Downloading: https://repo.maven.apache.org/maven2/org/apache/maven/maven-artifact/2.0.6/maven-artifact-2.0.6.pom
[INFO] Downloaded: https://repo.maven.apache.org/maven2/org/apache/maven/maven-artifact/2.0.6/maven-artifact-2.0.6.pom (2 KB at 15.1 KB/sec)
[INFO] Downloading: https://repo.maven.apache.org/maven2/org/apache/maven/maven-plugin-registry/2.0.6/maven-plugin-registry-2.0.6.pom
[INFO] Downloaded: https://repo.maven.apache.org/maven2/org/apache/maven/maven-plugin-registry/2.0.6/maven-plugin-registry-2.0.6.pom (2 KB at 16.8 KB/sec)
[INFO] Downloading: https://repo.maven.apache.org/maven2/org/codehaus/plexus/plexus-utils/1.5.6/plexus-utils-1.5.6.pom
[INFO] Downloaded: https://repo.maven.apache.org/maven2/org/codehaus/plexus/plexus-utils/1.5.6/plexus-utils-1.5.6.pom (6 KB at 46.6 KB/sec)
[INFO] Downloading: https://repo.maven.apache.org/maven2/org/codehaus/plexus/plexus/1.0.12/plexus-1.0.12.pom
[INFO] Downloaded: https://repo.maven.apache.org/maven2/org/codehaus/plexus/plexus/1.0.12/plexus-1.0.12.pom (10 KB at 87.0 KB/sec)
[INFO] Downloading: https://repo.maven.apache.org/maven2/org/codehaus/plexus/plexus-utils/1.5.6/plexus-utils-1.5.6.jar
[INFO] Downloaded: https://repo.maven.apache.org/maven2/org/codehaus/plexus/plexus-utils/1.5.6/plexus-utils-1.5.6.jar (245 KB at 1642.1 KB/sec)
[INFO] 
[INFO] --- maven-resources-plugin:2.6:resources (default-resources) @ hivemall ---
[INFO] Downloading: https://repo.maven.apache.org/maven2/org/apache/maven/maven-core/2.0.6/maven-core-2.0.6.pom
[INFO] Downloaded: https://repo.maven.apache.org/maven2/org/apache/maven/maven-core/2.0.6/maven-core-2.0.6.pom (7 KB at 58.5 KB/sec)
[INFO] Downloading: https://repo.maven.apache.org/maven2/org/apache/maven/maven-plugin-parameter-documenter/2.0.6/maven-plugin-parameter-documenter-2.0.6.pom
[INFO] Downloaded: https://repo.maven.apache.org/maven2/org/apache/maven/maven-plugin-parameter-documenter/2.0.6/maven-plugin-parameter-documenter-2.0.6.pom (2 KB at 16.5 KB/sec)
[INFO] Downloading: https://repo.maven.apache.org/maven2/org/apache/maven/reporting/maven-reporting-api/2.0.6/maven-reporting-api-2.0.6.pom
[INFO] Downloaded: https://repo.maven.apache.org/maven2/org/apache/maven/reporting/maven-reporting-api/2.0.6/maven-reporting-api-2.0.6.pom (2 KB at 14.9 KB/sec)
[INFO] Downloading: https://repo.maven.apache.org/maven2/org/apache/maven/reporting/maven-reporting/2.0.6/maven-reporting-2.0.6.pom
[INFO] Downloaded: https://repo.maven.apache.org/maven2/org/apache/maven/reporting/maven-reporting/2.0.6/maven-reporting-2.0.6.pom (2 KB at 12.7 KB/sec)
[INFO] Downloading: https://repo.maven.apache.org/maven2/org/apache/maven/doxia/doxia-sink-api/1.0-alpha-7/doxia-sink-api-1.0-alpha-7.pom
[INFO] Downloaded: https://repo.maven.apache.org/maven2/org/apache/maven/doxia/doxia-sink-api/1.0-alpha-7/doxia-sink-api-1.0-alpha-7.pom (424 B at 3.7 KB/sec)
[INFO] Downloading: https://repo.maven.apache.org/maven2/org/apache/maven/doxia/doxia/1.0-alpha-7/doxia-1.0-alpha-7.pom
[INFO] Downloaded: https://repo.maven.apache.org/maven2/org/apache/maven/doxia/doxia/1.0-alpha-7/doxia-1.0-alpha-7.pom (4 KB at 36.0 KB/sec)
[INFO] Downloading: https://repo.maven.apache.org/maven2/org/apache/maven/maven-error-diagnostics/2.0.6/maven-error-diagnostics-2.0.6.pom
[INFO] Downloaded: https://repo.maven.apache.org/maven2/org/apache/maven/maven-error-diagnostics/2.0.6/maven-error-diagnostics-2.0.6.pom (2 KB at 14.6 KB/sec)
[INFO] Downloading: https://repo.maven.apache.org/maven2/commons-cli/commons-cli/1.0/commons-cli-1.0.pom
[INFO] Downloaded: https://repo.maven.apache.org/maven2/commons-cli/commons-cli/1.0/commons-cli-1.0.pom (3 KB at 18.4 KB/sec)
[INFO] Downloading: https://repo.maven.apache.org/maven2/org/apache/maven/maven-plugin-descriptor/2.0.6/maven-plugin-descriptor-2.0.6.pom
[INFO] Downloaded: https://repo.maven.apache.org/maven2/org/apache/maven/maven-plugin-descriptor/2.0.6/maven-plugin-descriptor-2.0.6.pom (2 KB at 19.1 KB/sec)
[INFO] Downloading: https://repo.maven.apache.org/maven2/org/codehaus/plexus/plexus-interactivity-api/1.0-alpha-4/plexus-interactivity-api-1.0-alpha-4.pom
[INFO] Downloaded: https://repo.maven.apache.org/maven2/org/codehaus/plexus/plexus-interactivity-api/1.0-alpha-4/plexus-interactivity-api-1.0-alpha-4.pom (7 KB at 63.0 KB/sec)
[INFO] Downloading: https://repo.maven.apache.org/maven2/org/apache/maven/maven-monitor/2.0.6/maven-monitor-2.0.6.pom
[INFO] Downloaded: https://repo.maven.apache.org/maven2/org/apache/maven/maven-monitor/2.0.6/maven-monitor-2.0.6.pom (2 KB at 10.9 KB/sec)
[INFO] Downloading: https://repo.maven.apache.org/maven2/classworlds/classworlds/1.1/classworlds-1.1.pom
[INFO] Downloaded: https://repo.maven.apache.org/maven2/classworlds/classworlds/1.1/classworlds-1.1.pom (4 KB at 29.8 KB/sec)
[INFO] Downloading: https://repo.maven.apache.org/maven2/org/codehaus/plexus/plexus-utils/2.0.5/plexus-utils-2.0.5.pom
[INFO] Downloaded: https://repo.maven.apache.org/maven2/org/codehaus/plexus/plexus-utils/2.0.5/plexus-utils-2.0.5.pom (4 KB at 30.7 KB/sec)
[INFO] Downloading: https://repo.maven.apache.org/maven2/org/codehaus/plexus/plexus/2.0.6/plexus-2.0.6.pom
[INFO] Downloaded: https://repo.maven.apache.org/maven2/org/codehaus/plexus/plexus/2.0.6/plexus-2.0.6.pom (17 KB at 146.2 KB/sec)
[INFO] Downloading: https://repo.maven.apache.org/maven2/org/apache/maven/shared/maven-filtering/1.1/maven-filtering-1.1.pom
[INFO] Downloaded: https://repo.maven.apache.org/maven2/org/apache/maven/shared/maven-filtering/1.1/maven-filtering-1.1.pom (6 KB at 49.6 KB/sec)
[INFO] Downloading: https://repo.maven.apache.org/maven2/org/apache/maven/shared/maven-shared-components/17/maven-shared-components-17.pom
[INFO] Downloaded: https://repo.maven.apache.org/maven2/org/apache/maven/shared/maven-shared-components/17/maven-shared-components-17.pom (9 KB at 78.7 KB/sec)
[INFO] Downloading: https://repo.maven.apache.org/maven2/org/apache/maven/maven-parent/21/maven-parent-21.pom
[INFO] Downloaded: https://repo.maven.apache.org/maven2/org/apache/maven/maven-parent/21/maven-parent-21.pom (26 KB at 223.8 KB/sec)
[INFO] Downloading: https://repo.maven.apache.org/maven2/org/codehaus/plexus/plexus-utils/1.5.15/plexus-utils-1.5.15.pom
[INFO] Downloaded: https://repo.maven.apache.org/maven2/org/codehaus/plexus/plexus-utils/1.5.15/plexus-utils-1.5.15.pom (7 KB at 59.7 KB/sec)
[INFO] Downloading: https://repo.maven.apache.org/maven2/org/codehaus/plexus/plexus/2.0.2/plexus-2.0.2.pom
[INFO] Downloaded: https://repo.maven.apache.org/maven2/org/codehaus/plexus/plexus/2.0.2/plexus-2.0.2.pom (12 KB at 102.1 KB/sec)
[INFO] Downloading: https://repo.maven.apache.org/maven2/org/codehaus/plexus/plexus-interpolation/1.12/plexus-interpolation-1.12.pom
[INFO] Downloaded: https://repo.maven.apache.org/maven2/org/codehaus/plexus/plexus-interpolation/1.12/plexus-interpolation-1.12.pom (889 B at 8.0 KB/sec)
[INFO] Downloading: https://repo.maven.apache.org/maven2/org/codehaus/plexus/plexus-components/1.1.14/plexus-components-1.1.14.pom
[INFO] Downloaded: https://repo.maven.apache.org/maven2/org/codehaus/plexus/plexus-components/1.1.14/plexus-components-1.1.14.pom (6 KB at 50.9 KB/sec)
[INFO] Downloading: https://repo.maven.apache.org/maven2/org/sonatype/plexus/plexus-build-api/0.0.4/plexus-build-api-0.0.4.pom
[INFO] Downloaded: https://repo.maven.apache.org/maven2/org/sonatype/plexus/plexus-build-api/0.0.4/plexus-build-api-0.0.4.pom (3 KB at 25.0 KB/sec)
[INFO] Downloading: https://repo.maven.apache.org/maven2/org/sonatype/spice/spice-parent/10/spice-parent-10.pom
[INFO] Downloaded: https://repo.maven.apache.org/maven2/org/sonatype/spice/spice-parent/10/spice-parent-10.pom (3 KB at 25.6 KB/sec)
[INFO] Downloading: https://repo.maven.apache.org/maven2/org/sonatype/forge/forge-parent/3/forge-parent-3.pom
[INFO] Downloaded: https://repo.maven.apache.org/maven2/org/sonatype/forge/forge-parent/3/forge-parent-3.pom (5 KB at 43.1 KB/sec)
[INFO] Downloading: https://repo.maven.apache.org/maven2/org/codehaus/plexus/plexus-utils/1.5.8/plexus-utils-1.5.8.pom
[INFO] Downloaded: https://repo.maven.apache.org/maven2/org/codehaus/plexus/plexus-utils/1.5.8/plexus-utils-1.5.8.pom (8 KB at 72.2 KB/sec)
[INFO] Downloading: https://repo.maven.apache.org/maven2/org/codehaus/plexus/plexus-interpolation/1.13/plexus-interpolation-1.13.pom
[INFO] Downloaded: https://repo.maven.apache.org/maven2/org/codehaus/plexus/plexus-interpolation/1.13/plexus-interpolation-1.13.pom (890 B at 8.0 KB/sec)
[INFO] Downloading: https://repo.maven.apache.org/maven2/org/codehaus/plexus/plexus-components/1.1.15/plexus-components-1.1.15.pom
[INFO] Downloaded: https://repo.maven.apache.org/maven2/org/codehaus/plexus/plexus-components/1.1.15/plexus-components-1.1.15.pom (3 KB at 25.5 KB/sec)
[INFO] Downloading: https://repo.maven.apache.org/maven2/org/codehaus/plexus/plexus/2.0.3/plexus-2.0.3.pom
[INFO] Downloaded: https://repo.maven.apache.org/maven2/org/codehaus/plexus/plexus/2.0.3/plexus-2.0.3.pom (16 KB at 141.1 KB/sec)
[INFO] Downloading: https://repo.maven.apache.org/maven2/org/apache/maven/reporting/maven-reporting-api/2.0.6/maven-reporting-api-2.0.6.jar
[INFO] Downloading: https://repo.maven.apache.org/maven2/org/apache/maven/doxia/doxia-sink-api/1.0-alpha-7/doxia-sink-api-1.0-alpha-7.jar
[INFO] Downloading: https://repo.maven.apache.org/maven2/org/codehaus/plexus/plexus-interactivity-api/1.0-alpha-4/plexus-interactivity-api-1.0-alpha-4.jar
[INFO] Downloading: https://repo.maven.apache.org/maven2/commons-cli/commons-cli/1.0/commons-cli-1.0.jar
[INFO] Downloading: https://repo.maven.apache.org/maven2/junit/junit/3.8.1/junit-3.8.1.jar
[INFO] Downloaded: https://repo.maven.apache.org/maven2/org/apache/maven/reporting/maven-reporting-api/2.0.6/maven-reporting-api-2.0.6.jar (10 KB at 71.4 KB/sec)
[INFO] Downloading: https://repo.maven.apache.org/maven2/org/codehaus/plexus/plexus-utils/2.0.5/plexus-utils-2.0.5.jar
[INFO] Downloaded: https://repo.maven.apache.org/maven2/org/codehaus/plexus/plexus-interactivity-api/1.0-alpha-4/plexus-interactivity-api-1.0-alpha-4.jar (14 KB at 70.0 KB/sec)
[INFO] Downloading: https://repo.maven.apache.org/maven2/org/apache/maven/shared/maven-filtering/1.1/maven-filtering-1.1.jar
[INFO] Downloaded: https://repo.maven.apache.org/maven2/org/apache/maven/doxia/doxia-sink-api/1.0-alpha-7/doxia-sink-api-1.0-alpha-7.jar (6 KB at 27.6 KB/sec)
[INFO] Downloading: https://repo.maven.apache.org/maven2/org/sonatype/plexus/plexus-build-api/0.0.4/plexus-build-api-0.0.4.jar
[INFO] Downloaded: https://repo.maven.apache.org/maven2/commons-cli/commons-cli/1.0/commons-cli-1.0.jar (30 KB at 136.8 KB/sec)
[INFO] Downloading: https://repo.maven.apache.org/maven2/org/codehaus/plexus/plexus-interpolation/1.13/plexus-interpolation-1.13.jar
[INFO] Downloaded: https://repo.maven.apache.org/maven2/junit/junit/3.8.1/junit-3.8.1.jar (119 KB at 560.3 KB/sec)
[INFO] Downloaded: https://repo.maven.apache.org/maven2/org/codehaus/plexus/plexus-utils/2.0.5/plexus-utils-2.0.5.jar (218 KB at 904.3 KB/sec)
[INFO] Downloaded: https://repo.maven.apache.org/maven2/org/sonatype/plexus/plexus-build-api/0.0.4/plexus-build-api-0.0.4.jar (7 KB at 21.8 KB/sec)
[INFO] Downloaded: https://repo.maven.apache.org/maven2/org/apache/maven/shared/maven-filtering/1.1/maven-filtering-1.1.jar (43 KB at 134.5 KB/sec)
[INFO] Downloaded: https://repo.maven.apache.org/maven2/org/codehaus/plexus/plexus-interpolation/1.13/plexus-interpolation-1.13.jar (60 KB at 191.7 KB/sec)
[INFO] Using 'UTF-8' encoding to copy filtered resources.
[INFO] skip non existing resourceDirectory /home/travis/build/myui/hivemall/src/main/resources
[INFO] 
[INFO] --- maven-compiler-plugin:3.1:compile (default-compile) @ hivemall ---
[INFO] Downloading: https://repo.maven.apache.org/maven2/org/apache/maven/maven-plugin-api/2.0.9/maven-plugin-api-2.0.9.pom
[INFO] Downloaded: https://repo.maven.apache.org/maven2/org/apache/maven/maven-plugin-api/2.0.9/maven-plugin-api-2.0.9.pom (2 KB at 13.1 KB/sec)
[INFO] Downloading: https://repo.maven.apache.org/maven2/org/apache/maven/maven/2.0.9/maven-2.0.9.pom
[INFO] Downloaded: https://repo.maven.apache.org/maven2/org/apache/maven/maven/2.0.9/maven-2.0.9.pom (19 KB at 167.9 KB/sec)
[INFO] Downloading: https://repo.maven.apache.org/maven2/org/apache/maven/maven-parent/8/maven-parent-8.pom
[INFO] Downloaded: https://repo.maven.apache.org/maven2/org/apache/maven/maven-parent/8/maven-parent-8.pom (24 KB at 214.2 KB/sec)
[INFO] Downloading: https://repo.maven.apache.org/maven2/org/apache/maven/maven-artifact/2.0.9/maven-artifact-2.0.9.pom
[INFO] Downloaded: https://repo.maven.apache.org/maven2/org/apache/maven/maven-artifact/2.0.9/maven-artifact-2.0.9.pom (2 KB at 14.6 KB/sec)
[INFO] Downloading: https://repo.maven.apache.org/maven2/org/codehaus/plexus/plexus-utils/1.5.1/plexus-utils-1.5.1.pom
[INFO] Downloaded: https://repo.maven.apache.org/maven2/org/codehaus/plexus/plexus-utils/1.5.1/plexus-utils-1.5.1.pom (3 KB at 20.4 KB/sec)
[INFO] Downloading: https://repo.maven.apache.org/maven2/org/apache/maven/maven-core/2.0.9/maven-core-2.0.9.pom
[INFO] Downloaded: https://repo.maven.apache.org/maven2/org/apache/maven/maven-core/2.0.9/maven-core-2.0.9.pom (8 KB at 71.1 KB/sec)
[INFO] Downloading: https://repo.maven.apache.org/maven2/org/apache/maven/maven-settings/2.0.9/maven-settings-2.0.9.pom
[INFO] Downloaded: https://repo.maven.apache.org/maven2/org/apache/maven/maven-settings/2.0.9/maven-settings-2.0.9.pom (3 KB at 18.4 KB/sec)
[INFO] Downloading: https://repo.maven.apache.org/maven2/org/apache/maven/maven-model/2.0.9/maven-model-2.0.9.pom
[INFO] Downloaded: https://repo.maven.apache.org/maven2/org/apache/maven/maven-model/2.0.9/maven-model-2.0.9.pom (4 KB at 28.1 KB/sec)
[INFO] Downloading: https://repo.maven.apache.org/maven2/org/apache/maven/maven-plugin-parameter-documenter/2.0.9/maven-plugin-parameter-documenter-2.0.9.pom
[INFO] Downloaded: https://repo.maven.apache.org/maven2/org/apache/maven/maven-plugin-parameter-documenter/2.0.9/maven-plugin-parameter-documenter-2.0.9.pom (2 KB at 18.1 KB/sec)
[INFO] Downloading: https://repo.maven.apache.org/maven2/org/apache/maven/maven-profile/2.0.9/maven-profile-2.0.9.pom
[INFO] Downloaded: https://repo.maven.apache.org/maven2/org/apache/maven/maven-profile/2.0.9/maven-profile-2.0.9.pom (3 KB at 19.2 KB/sec)
[INFO] Downloading: https://repo.maven.apache.org/maven2/org/apache/maven/maven-repository-metadata/2.0.9/maven-repository-metadata-2.0.9.pom
[INFO] Downloaded: https://repo.maven.apache.org/maven2/org/apache/maven/maven-repository-metadata/2.0.9/maven-repository-metadata-2.0.9.pom (2 KB at 17.7 KB/sec)
[INFO] Downloading: https://repo.maven.apache.org/maven2/org/apache/maven/maven-error-diagnostics/2.0.9/maven-error-diagnostics-2.0.9.pom
[INFO] Downloaded: https://repo.maven.apache.org/maven2/org/apache/maven/maven-error-diagnostics/2.0.9/maven-error-diagnostics-2.0.9.pom (2 KB at 15.5 KB/sec)
[INFO] Downloading: https://repo.maven.apache.org/maven2/org/apache/maven/maven-project/2.0.9/maven-project-2.0.9.pom
[INFO] Downloaded: https://repo.maven.apache.org/maven2/org/apache/maven/maven-project/2.0.9/maven-project-2.0.9.pom (3 KB at 25.0 KB/sec)
[INFO] Downloading: https://repo.maven.apache.org/maven2/org/apache/maven/maven-artifact-manager/2.0.9/maven-artifact-manager-2.0.9.pom
[INFO] Downloaded: https://repo.maven.apache.org/maven2/org/apache/maven/maven-artifact-manager/2.0.9/maven-artifact-manager-2.0.9.pom (3 KB at 24.9 KB/sec)
[INFO] Downloading: https://repo.maven.apache.org/maven2/org/apache/maven/maven-plugin-registry/2.0.9/maven-plugin-registry-2.0.9.pom
[INFO] Downloaded: https://repo.maven.apache.org/maven2/org/apache/maven/maven-plugin-registry/2.0.9/maven-plugin-registry-2.0.9.pom (2 KB at 17.0 KB/sec)
[INFO] Downloading: https://repo.maven.apache.org/maven2/org/apache/maven/maven-plugin-descriptor/2.0.9/maven-plugin-descriptor-2.0.9.pom
[INFO] Downloaded: https://repo.maven.apache.org/maven2/org/apache/maven/maven-plugin-descriptor/2.0.9/maven-plugin-descriptor-2.0.9.pom (3 KB at 18.3 KB/sec)
[INFO] Downloading: https://repo.maven.apache.org/maven2/org/apache/maven/maven-monitor/2.0.9/maven-monitor-2.0.9.pom
[INFO] Downloaded: https://repo.maven.apache.org/maven2/org/apache/maven/maven-monitor/2.0.9/maven-monitor-2.0.9.pom (2 KB at 11.5 KB/sec)
[INFO] Downloading: https://repo.maven.apache.org/maven2/org/apache/maven/maven-toolchain/1.0/maven-toolchain-1.0.pom
[INFO] Downloaded: https://repo.maven.apache.org/maven2/org/apache/maven/maven-toolchain/1.0/maven-toolchain-1.0.pom (4 KB at 30.3 KB/sec)
[INFO] Downloading: https://repo.maven.apache.org/maven2/org/apache/maven/shared/maven-shared-utils/0.1/maven-shared-utils-0.1.pom
[INFO] Downloaded: https://repo.maven.apache.org/maven2/org/apache/maven/shared/maven-shared-utils/0.1/maven-shared-utils-0.1.pom (4 KB at 32.1 KB/sec)
[INFO] Downloading: https://repo.maven.apache.org/maven2/org/apache/maven/shared/maven-shared-components/18/maven-shared-components-18.pom
[INFO] Downloaded: https://repo.maven.apache.org/maven2/org/apache/maven/shared/maven-shared-components/18/maven-shared-components-18.pom (5 KB at 46.8 KB/sec)
[INFO] Downloading: https://repo.maven.apache.org/maven2/com/google/code/findbugs/jsr305/2.0.1/jsr305-2.0.1.pom
[INFO] Downloaded: https://repo.maven.apache.org/maven2/com/google/code/findbugs/jsr305/2.0.1/jsr305-2.0.1.pom (965 B at 8.7 KB/sec)
[INFO] Downloading: https://repo.maven.apache.org/maven2/org/apache/maven/shared/maven-shared-incremental/1.1/maven-shared-incremental-1.1.pom
[INFO] Downloaded: https://repo.maven.apache.org/maven2/org/apache/maven/shared/maven-shared-incremental/1.1/maven-shared-incremental-1.1.pom (5 KB at 26.9 KB/sec)
[INFO] Downloading: https://repo.maven.apache.org/maven2/org/apache/maven/shared/maven-shared-components/19/maven-shared-components-19.pom
[INFO] Downloaded: https://repo.maven.apache.org/maven2/org/apache/maven/shared/maven-shared-components/19/maven-shared-components-19.pom (7 KB at 58.0 KB/sec)
[INFO] Downloading: https://repo.maven.apache.org/maven2/org/apache/maven/maven-plugin-api/2.2.1/maven-plugin-api-2.2.1.pom
[INFO] Downloaded: https://repo.maven.apache.org/maven2/org/apache/maven/maven-plugin-api/2.2.1/maven-plugin-api-2.2.1.pom (2 KB at 9.1 KB/sec)
[INFO] Downloading: https://repo.maven.apache.org/maven2/org/apache/maven/maven/2.2.1/maven-2.2.1.pom
[INFO] Downloaded: https://repo.maven.apache.org/maven2/org/apache/maven/maven/2.2.1/maven-2.2.1.pom (22 KB at 202.6 KB/sec)
[INFO] Downloading: https://repo.maven.apache.org/maven2/org/apache/maven/maven-parent/11/maven-parent-11.pom
[INFO] Downloaded: https://repo.maven.apache.org/maven2/org/apache/maven/maven-parent/11/maven-parent-11.pom (32 KB at 231.0 KB/sec)
[INFO] Downloading: https://repo.maven.apache.org/maven2/org/apache/apache/5/apache-5.pom
[INFO] Downloaded: https://repo.maven.apache.org/maven2/org/apache/apache/5/apache-5.pom (5 KB at 25.8 KB/sec)
[INFO] Downloading: https://repo.maven.apache.org/maven2/org/apache/maven/maven-core/2.2.1/maven-core-2.2.1.pom
[INFO] Downloaded: https://repo.maven.apache.org/maven2/org/apache/maven/maven-core/2.2.1/maven-core-2.2.1.pom (12 KB at 102.3 KB/sec)
[INFO] Downloading: https://repo.maven.apache.org/maven2/org/apache/maven/maven-settings/2.2.1/maven-settings-2.2.1.pom
[INFO] Downloaded: https://repo.maven.apache.org/maven2/org/apache/maven/maven-settings/2.2.1/maven-settings-2.2.1.pom (3 KB at 16.5 KB/sec)
[INFO] Downloading: https://repo.maven.apache.org/maven2/org/apache/maven/maven-model/2.2.1/maven-model-2.2.1.pom
[INFO] Downloaded: https://repo.maven.apache.org/maven2/org/apache/maven/maven-model/2.2.1/maven-model-2.2.1.pom (4 KB at 28.5 KB/sec)
[INFO] Downloading: https://repo.maven.apache.org/maven2/org/codehaus/plexus/plexus-interpolation/1.11/plexus-interpolation-1.11.pom
[INFO] Downloaded: https://repo.maven.apache.org/maven2/org/codehaus/plexus/plexus-interpolation/1.11/plexus-interpolation-1.11.pom (889 B at 7.5 KB/sec)
[INFO] Downloading: https://repo.maven.apache.org/maven2/org/apache/maven/maven-plugin-parameter-documenter/2.2.1/maven-plugin-parameter-documenter-2.2.1.pom
[INFO] Downloaded: https://repo.maven.apache.org/maven2/org/apache/maven/maven-plugin-parameter-documenter/2.2.1/maven-plugin-parameter-documenter-2.2.1.pom (2 KB at 17.4 KB/sec)
[INFO] Downloading: https://repo.maven.apache.org/maven2/org/slf4j/slf4j-jdk14/1.5.6/slf4j-jdk14-1.5.6.pom
[INFO] Downloaded: https://repo.maven.apache.org/maven2/org/slf4j/slf4j-jdk14/1.5.6/slf4j-jdk14-1.5.6.pom (2 KB at 17.8 KB/sec)
[INFO] Downloading: https://repo.maven.apache.org/maven2/org/slf4j/slf4j-parent/1.5.6/slf4j-parent-1.5.6.pom
[INFO] Downloaded: https://repo.maven.apache.org/maven2/org/slf4j/slf4j-parent/1.5.6/slf4j-parent-1.5.6.pom (8 KB at 74.4 KB/sec)
[INFO] Downloading: https://repo.maven.apache.org/maven2/org/slf4j/slf4j-api/1.5.6/slf4j-api-1.5.6.pom
[INFO] Downloaded: https://repo.maven.apache.org/maven2/org/slf4j/slf4j-api/1.5.6/slf4j-api-1.5.6.pom (3 KB at 21.4 KB/sec)
[INFO] Downloading: https://repo.maven.apache.org/maven2/org/slf4j/jcl-over-slf4j/1.5.6/jcl-over-slf4j-1.5.6.pom
[INFO] Downloaded: https://repo.maven.apache.org/maven2/org/slf4j/jcl-over-slf4j/1.5.6/jcl-over-slf4j-1.5.6.pom (3 KB at 18.3 KB/sec)
[INFO] Downloading: https://repo.maven.apache.org/maven2/org/apache/maven/maven-profile/2.2.1/maven-profile-2.2.1.pom
[INFO] Downloaded: https://repo.maven.apache.org/maven2/org/apache/maven/maven-profile/2.2.1/maven-profile-2.2.1.pom (3 KB at 18.8 KB/sec)
[INFO] Downloading: https://repo.maven.apache.org/maven2/org/apache/maven/maven-artifact/2.2.1/maven-artifact-2.2.1.pom
[INFO] Downloaded: https://repo.maven.apache.org/maven2/org/apache/maven/maven-artifact/2.2.1/maven-artifact-2.2.1.pom (2 KB at 13.9 KB/sec)
[INFO] Downloading: https://repo.maven.apache.org/maven2/org/apache/maven/maven-repository-metadata/2.2.1/maven-repository-metadata-2.2.1.pom
[INFO] Downloaded: https://repo.maven.apache.org/maven2/org/apache/maven/maven-repository-metadata/2.2.1/maven-repository-metadata-2.2.1.pom (2 KB at 13.3 KB/sec)
[INFO] Downloading: https://repo.maven.apache.org/maven2/org/apache/maven/maven-error-diagnostics/2.2.1/maven-error-diagnostics-2.2.1.pom
[INFO] Downloaded: https://repo.maven.apache.org/maven2/org/apache/maven/maven-error-diagnostics/2.2.1/maven-error-diagnostics-2.2.1.pom (2 KB at 15.2 KB/sec)
[INFO] Downloading: https://repo.maven.apache.org/maven2/org/apache/maven/maven-project/2.2.1/maven-project-2.2.1.pom
[INFO] Downloaded: https://repo.maven.apache.org/maven2/org/apache/maven/maven-project/2.2.1/maven-project-2.2.1.pom (3 KB at 26.3 KB/sec)
[INFO] Downloading: https://repo.maven.apache.org/maven2/org/apache/maven/maven-artifact-manager/2.2.1/maven-artifact-manager-2.2.1.pom
[INFO] Downloaded: https://repo.maven.apache.org/maven2/org/apache/maven/maven-artifact-manager/2.2.1/maven-artifact-manager-2.2.1.pom (4 KB at 27.5 KB/sec)
[INFO] Downloading: https://repo.maven.apache.org/maven2/backport-util-concurrent/backport-util-concurrent/3.1/backport-util-concurrent-3.1.pom
[INFO] Downloaded: https://repo.maven.apache.org/maven2/backport-util-concurrent/backport-util-concurrent/3.1/backport-util-concurrent-3.1.pom (880 B at 8.0 KB/sec)
[INFO] Downloading: https://repo.maven.apache.org/maven2/org/apache/maven/maven-plugin-registry/2.2.1/maven-plugin-registry-2.2.1.pom
[INFO] Downloaded: https://repo.maven.apache.org/maven2/org/apache/maven/maven-plugin-registry/2.2.1/maven-plugin-registry-2.2.1.pom (2 KB at 17.1 KB/sec)
[INFO] Downloading: https://repo.maven.apache.org/maven2/org/apache/maven/maven-plugin-descriptor/2.2.1/maven-plugin-descriptor-2.2.1.pom
[INFO] Downloaded: https://repo.maven.apache.org/maven2/org/apache/maven/maven-plugin-descriptor/2.2.1/maven-plugin-descriptor-2.2.1.pom (3 KB at 19.4 KB/sec)
[INFO] Downloading: https://repo.maven.apache.org/maven2/org/apache/maven/maven-monitor/2.2.1/maven-monitor-2.2.1.pom
[INFO] Downloaded: https://repo.maven.apache.org/maven2/org/apache/maven/maven-monitor/2.2.1/maven-monitor-2.2.1.pom (2 KB at 11.3 KB/sec)
[INFO] Downloading: https://repo.maven.apache.org/maven2/org/sonatype/plexus/plexus-sec-dispatcher/1.3/plexus-sec-dispatcher-1.3.pom
[INFO] Downloaded: https://repo.maven.apache.org/maven2/org/sonatype/plexus/plexus-sec-dispatcher/1.3/plexus-sec-dispatcher-1.3.pom (3 KB at 27.0 KB/sec)
[INFO] Downloading: https://repo.maven.apache.org/maven2/org/sonatype/spice/spice-parent/12/spice-parent-12.pom
[INFO] Downloaded: https://repo.maven.apache.org/maven2/org/sonatype/spice/spice-parent/12/spice-parent-12.pom (7 KB at 51.5 KB/sec)
[INFO] Downloading: https://repo.maven.apache.org/maven2/org/sonatype/forge/forge-parent/4/forge-parent-4.pom
[INFO] Downloaded: https://repo.maven.apache.org/maven2/org/sonatype/forge/forge-parent/4/forge-parent-4.pom (9 KB at 78.8 KB/sec)
[INFO] Downloading: https://repo.maven.apache.org/maven2/org/codehaus/plexus/plexus-utils/1.5.5/plexus-utils-1.5.5.pom
[INFO] Downloaded: https://repo.maven.apache.org/maven2/org/codehaus/plexus/plexus-utils/1.5.5/plexus-utils-1.5.5.pom (6 KB at 44.9 KB/sec)
[INFO] Downloading: https://repo.maven.apache.org/maven2/org/sonatype/plexus/plexus-cipher/1.4/plexus-cipher-1.4.pom
[INFO] Downloaded: https://repo.maven.apache.org/maven2/org/sonatype/plexus/plexus-cipher/1.4/plexus-cipher-1.4.pom (3 KB at 17.7 KB/sec)
[INFO] Downloading: https://repo.maven.apache.org/maven2/org/codehaus/plexus/plexus-component-annotations/1.5.5/plexus-component-annotations-1.5.5.pom
[INFO] Downloaded: https://repo.maven.apache.org/maven2/org/codehaus/plexus/plexus-component-annotations/1.5.5/plexus-component-annotations-1.5.5.pom (815 B at 6.7 KB/sec)
[INFO] Downloading: https://repo.maven.apache.org/maven2/org/codehaus/plexus/plexus-containers/1.5.5/plexus-containers-1.5.5.pom
[INFO] Downloaded: https://repo.maven.apache.org/maven2/org/codehaus/plexus/plexus-containers/1.5.5/plexus-containers-1.5.5.pom (5 KB at 32.1 KB/sec)
[INFO] Downloading: https://repo.maven.apache.org/maven2/org/codehaus/plexus/plexus/2.0.7/plexus-2.0.7.pom
[INFO] Downloaded: https://repo.maven.apache.org/maven2/org/codehaus/plexus/plexus/2.0.7/plexus-2.0.7.pom (17 KB at 153.5 KB/sec)
[INFO] Downloading: https://repo.maven.apache.org/maven2/org/codehaus/plexus/plexus-compiler-api/2.2/plexus-compiler-api-2.2.pom
[INFO] Downloaded: https://repo.maven.apache.org/maven2/org/codehaus/plexus/plexus-compiler-api/2.2/plexus-compiler-api-2.2.pom (865 B at 6.2 KB/sec)
[INFO] Downloading: https://repo.maven.apache.org/maven2/org/codehaus/plexus/plexus-compiler/2.2/plexus-compiler-2.2.pom
[INFO] Downloaded: https://repo.maven.apache.org/maven2/org/codehaus/plexus/plexus-compiler/2.2/plexus-compiler-2.2.pom (4 KB at 33.0 KB/sec)
[INFO] Downloading: https://repo.maven.apache.org/maven2/org/codehaus/plexus/plexus-components/1.3.1/plexus-components-1.3.1.pom
[INFO] Downloaded: https://repo.maven.apache.org/maven2/org/codehaus/plexus/plexus-components/1.3.1/plexus-components-1.3.1.pom (3 KB at 23.7 KB/sec)
[INFO] Downloading: https://repo.maven.apache.org/maven2/org/codehaus/plexus/plexus/3.3.1/plexus-3.3.1.pom
[INFO] Downloaded: https://repo.maven.apache.org/maven2/org/codehaus/plexus/plexus/3.3.1/plexus-3.3.1.pom (20 KB at 167.8 KB/sec)
[INFO] Downloading: https://repo.maven.apache.org/maven2/org/sonatype/spice/spice-parent/17/spice-parent-17.pom
[INFO] Downloaded: https://repo.maven.apache.org/maven2/org/sonatype/spice/spice-parent/17/spice-parent-17.pom (7 KB at 61.7 KB/sec)
[INFO] Downloading: https://repo.maven.apache.org/maven2/org/sonatype/forge/forge-parent/10/forge-parent-10.pom
[INFO] Downloaded: https://repo.maven.apache.org/maven2/org/sonatype/forge/forge-parent/10/forge-parent-10.pom (14 KB at 98.8 KB/sec)
[INFO] Downloading: https://repo.maven.apache.org/maven2/org/codehaus/plexus/plexus-utils/3.0.8/plexus-utils-3.0.8.pom
[INFO] Downloaded: https://repo.maven.apache.org/maven2/org/codehaus/plexus/plexus-utils/3.0.8/plexus-utils-3.0.8.pom (4 KB at 24.2 KB/sec)
[INFO] Downloading: https://repo.maven.apache.org/maven2/org/codehaus/plexus/plexus/3.2/plexus-3.2.pom
[INFO] Downloaded: https://repo.maven.apache.org/maven2/org/codehaus/plexus/plexus/3.2/plexus-3.2.pom (19 KB at 157.8 KB/sec)
[INFO] Downloading: https://repo.maven.apache.org/maven2/org/codehaus/plexus/plexus-compiler-manager/2.2/plexus-compiler-manager-2.2.pom
[INFO] Downloaded: https://repo.maven.apache.org/maven2/org/codehaus/plexus/plexus-compiler-manager/2.2/plexus-compiler-manager-2.2.pom (690 B at 6.6 KB/sec)
[INFO] Downloading: https://repo.maven.apache.org/maven2/org/codehaus/plexus/plexus-compiler-javac/2.2/plexus-compiler-javac-2.2.pom
[INFO] Downloaded: https://repo.maven.apache.org/maven2/org/codehaus/plexus/plexus-compiler-javac/2.2/plexus-compiler-javac-2.2.pom (769 B at 7.0 KB/sec)
[INFO] Downloading: https://repo.maven.apache.org/maven2/org/codehaus/plexus/plexus-compilers/2.2/plexus-compilers-2.2.pom
[INFO] Downloaded: https://repo.maven.apache.org/maven2/org/codehaus/plexus/plexus-compilers/2.2/plexus-compilers-2.2.pom (2 KB at 10.8 KB/sec)
[INFO] Downloading: https://repo.maven.apache.org/maven2/org/codehaus/plexus/plexus-container-default/1.5.5/plexus-container-default-1.5.5.pom
[INFO] Downloaded: https://repo.maven.apache.org/maven2/org/codehaus/plexus/plexus-container-default/1.5.5/plexus-container-default-1.5.5.pom (3 KB at 25.1 KB/sec)
[INFO] Downloading: https://repo.maven.apache.org/maven2/org/codehaus/plexus/plexus-utils/1.4.5/plexus-utils-1.4.5.pom
[INFO] Downloaded: https://repo.maven.apache.org/maven2/org/codehaus/plexus/plexus-utils/1.4.5/plexus-utils-1.4.5.pom (3 KB at 21.5 KB/sec)
[INFO] Downloading: https://repo.maven.apache.org/maven2/org/codehaus/plexus/plexus-classworlds/2.2.2/plexus-classworlds-2.2.2.pom
[INFO] Downloaded: https://repo.maven.apache.org/maven2/org/codehaus/plexus/plexus-classworlds/2.2.2/plexus-classworlds-2.2.2.pom (4 KB at 29.4 KB/sec)
[INFO] Downloading: https://repo.maven.apache.org/maven2/org/apache/xbean/xbean-reflect/3.4/xbean-reflect-3.4.pom
[INFO] Downloaded: https://repo.maven.apache.org/maven2/org/apache/xbean/xbean-reflect/3.4/xbean-reflect-3.4.pom (3 KB at 23.4 KB/sec)
[INFO] Downloading: https://repo.maven.apache.org/maven2/org/apache/xbean/xbean/3.4/xbean-3.4.pom
[INFO] Downloaded: https://repo.maven.apache.org/maven2/org/apache/xbean/xbean/3.4/xbean-3.4.pom (19 KB at 111.7 KB/sec)
[INFO] Downloading: https://repo.maven.apache.org/maven2/commons-logging/commons-logging-api/1.1/commons-logging-api-1.1.pom
[INFO] Downloaded: https://repo.maven.apache.org/maven2/commons-logging/commons-logging-api/1.1/commons-logging-api-1.1.pom (6 KB at 47.9 KB/sec)
[INFO] Downloading: https://repo.maven.apache.org/maven2/com/google/collections/google-collections/1.0/google-collections-1.0.pom
[INFO] Downloaded: https://repo.maven.apache.org/maven2/com/google/collections/google-collections/1.0/google-collections-1.0.pom (3 KB at 20.3 KB/sec)
[INFO] Downloading: https://repo.maven.apache.org/maven2/org/codehaus/plexus/plexus-utils/1.5.1/plexus-utils-1.5.1.jar
[INFO] Downloading: https://repo.maven.apache.org/maven2/org/apache/maven/shared/maven-shared-utils/0.1/maven-shared-utils-0.1.jar
[INFO] Downloading: https://repo.maven.apache.org/maven2/com/google/code/findbugs/jsr305/2.0.1/jsr305-2.0.1.jar
[INFO] Downloading: https://repo.maven.apache.org/maven2/org/apache/maven/shared/maven-shared-incremental/1.1/maven-shared-incremental-1.1.jar
[INFO] Downloading: https://repo.maven.apache.org/maven2/org/codehaus/plexus/plexus-component-annotations/1.5.5/plexus-component-annotations-1.5.5.jar
[INFO] Downloaded: https://repo.maven.apache.org/maven2/org/apache/maven/shared/maven-shared-incremental/1.1/maven-shared-incremental-1.1.jar (14 KB at 91.8 KB/sec)
[INFO] Downloading: https://repo.maven.apache.org/maven2/org/codehaus/plexus/plexus-compiler-api/2.2/plexus-compiler-api-2.2.jar
[INFO] Downloaded: https://repo.maven.apache.org/maven2/com/google/code/findbugs/jsr305/2.0.1/jsr305-2.0.1.jar (32 KB at 203.4 KB/sec)
[INFO] Downloading: https://repo.maven.apache.org/maven2/org/codehaus/plexus/plexus-compiler-manager/2.2/plexus-compiler-manager-2.2.jar
[INFO] Downloaded: https://repo.maven.apache.org/maven2/org/codehaus/plexus/plexus-component-annotations/1.5.5/plexus-component-annotations-1.5.5.jar (5 KB at 27.1 KB/sec)
[INFO] Downloading: https://repo.maven.apache.org/maven2/org/codehaus/plexus/plexus-compiler-javac/2.2/plexus-compiler-javac-2.2.jar
[INFO] Downloaded: https://repo.maven.apache.org/maven2/org/codehaus/plexus/plexus-utils/1.5.1/plexus-utils-1.5.1.jar (206 KB at 1217.4 KB/sec)
[INFO] Downloading: https://repo.maven.apache.org/maven2/org/apache/xbean/xbean-reflect/3.4/xbean-reflect-3.4.jar
[INFO] Downloaded: https://repo.maven.apache.org/maven2/org/apache/maven/shared/maven-shared-utils/0.1/maven-shared-utils-0.1.jar (151 KB at 824.6 KB/sec)
[INFO] Downloading: https://repo.maven.apache.org/maven2/log4j/log4j/1.2.12/log4j-1.2.12.jar
[INFO] Downloaded: https://repo.maven.apache.org/maven2/org/codehaus/plexus/plexus-compiler-api/2.2/plexus-compiler-api-2.2.jar (25 KB at 98.4 KB/sec)
[INFO] Downloading: https://repo.maven.apache.org/maven2/commons-logging/commons-logging-api/1.1/commons-logging-api-1.1.jar
[INFO] Downloaded: https://repo.maven.apache.org/maven2/org/codehaus/plexus/plexus-compiler-manager/2.2/plexus-compiler-manager-2.2.jar (5 KB at 18.5 KB/sec)
[INFO] Downloading: https://repo.maven.apache.org/maven2/com/google/collections/google-collections/1.0/google-collections-1.0.jar
[INFO] Downloaded: https://repo.maven.apache.org/maven2/org/codehaus/plexus/plexus-compiler-javac/2.2/plexus-compiler-javac-2.2.jar (19 KB at 54.0 KB/sec)
[INFO] Downloading: https://repo.maven.apache.org/maven2/junit/junit/3.8.2/junit-3.8.2.jar
[INFO] Downloaded: https://repo.maven.apache.org/maven2/org/apache/xbean/xbean-reflect/3.4/xbean-reflect-3.4.jar (131 KB at 351.3 KB/sec)
[INFO] Downloaded: https://repo.maven.apache.org/maven2/log4j/log4j/1.2.12/log4j-1.2.12.jar (350 KB at 940.0 KB/sec)
[INFO] Downloaded: https://repo.maven.apache.org/maven2/commons-logging/commons-logging-api/1.1/commons-logging-api-1.1.jar (44 KB at 97.0 KB/sec)
[INFO] Downloaded: https://repo.maven.apache.org/maven2/com/google/collections/google-collections/1.0/google-collections-1.0.jar (625 KB at 1352.0 KB/sec)
[INFO] Downloaded: https://repo.maven.apache.org/maven2/junit/junit/3.8.2/junit-3.8.2.jar (118 KB at 236.1 KB/sec)
[INFO] Changes detected - recompiling the module!
[INFO] Compiling 141 source files to /home/travis/build/myui/hivemall/target/classes
[INFO] 
[INFO] --- maven-resources-plugin:2.6:testResources (default-testResources) @ hivemall ---
[INFO] Using 'UTF-8' encoding to copy filtered resources.
[INFO] skip non existing resourceDirectory /home/travis/build/myui/hivemall/src/test/resources
[INFO] 
[INFO] --- maven-compiler-plugin:3.1:testCompile (default-testCompile) @ hivemall ---
[INFO] Changes detected - recompiling the module!
[INFO] Compiling 22 source files to /home/travis/build/myui/hivemall/target/test-classes
[INFO] 
[INFO] --- maven-surefire-plugin:2.14.1:test (default-test) @ hivemall ---
[INFO] Downloading: https://repo.maven.apache.org/maven2/org/apache/maven/surefire/maven-surefire-common/2.14.1/maven-surefire-common-2.14.1.pom
[INFO] Downloaded: https://repo.maven.apache.org/maven2/org/apache/maven/surefire/maven-surefire-common/2.14.1/maven-surefire-common-2.14.1.pom (6 KB at 51.8 KB/sec)
[INFO] Downloading: https://repo.maven.apache.org/maven2/org/apache/maven/plugin-tools/maven-plugin-annotations/3.2/maven-plugin-annotations-3.2.pom
[INFO] Downloaded: https://repo.maven.apache.org/maven2/org/apache/maven/plugin-tools/maven-plugin-annotations/3.2/maven-plugin-annotations-3.2.pom (2 KB at 11.7 KB/sec)
[INFO] Downloading: https://repo.maven.apache.org/maven2/org/apache/maven/plugin-tools/maven-plugin-tools/3.2/maven-plugin-tools-3.2.pom
[INFO] Downloaded: https://repo.maven.apache.org/maven2/org/apache/maven/plugin-tools/maven-plugin-tools/3.2/maven-plugin-tools-3.2.pom (17 KB at 134.5 KB/sec)
[INFO] Downloading: https://repo.maven.apache.org/maven2/org/apache/maven/surefire/surefire-api/2.14.1/surefire-api-2.14.1.pom
[INFO] Downloaded: https://repo.maven.apache.org/maven2/org/apache/maven/surefire/surefire-api/2.14.1/surefire-api-2.14.1.pom (3 KB at 22.8 KB/sec)
[INFO] Downloading: https://repo.maven.apache.org/maven2/org/apache/maven/surefire/surefire-booter/2.14.1/surefire-booter-2.14.1.pom
[INFO] Downloaded: https://repo.maven.apache.org/maven2/org/apache/maven/surefire/surefire-booter/2.14.1/surefire-booter-2.14.1.pom (3 KB at 27.1 KB/sec)
[INFO] Downloading: https://repo.maven.apache.org/maven2/org/apache/maven/reporting/maven-reporting-api/2.0.9/maven-reporting-api-2.0.9.pom
[INFO] Downloaded: https://repo.maven.apache.org/maven2/org/apache/maven/reporting/maven-reporting-api/2.0.9/maven-reporting-api-2.0.9.pom (2 KB at 16.4 KB/sec)
[INFO] Downloading: https://repo.maven.apache.org/maven2/org/apache/maven/reporting/maven-reporting/2.0.9/maven-reporting-2.0.9.pom
[INFO] Downloaded: https://repo.maven.apache.org/maven2/org/apache/maven/reporting/maven-reporting/2.0.9/maven-reporting-2.0.9.pom (2 KB at 13.5 KB/sec)
[INFO] Downloading: https://repo.maven.apache.org/maven2/org/apache/maven/maven-toolchain/2.0.9/maven-toolchain-2.0.9.pom
[INFO] Downloaded: https://repo.maven.apache.org/maven2/org/apache/maven/maven-toolchain/2.0.9/maven-toolchain-2.0.9.pom (4 KB at 32.6 KB/sec)
[INFO] Downloading: https://repo.maven.apache.org/maven2/org/apache/commons/commons-lang3/3.1/commons-lang3-3.1.pom
[INFO] Downloaded: https://repo.maven.apache.org/maven2/org/apache/commons/commons-lang3/3.1/commons-lang3-3.1.pom (17 KB at 158.4 KB/sec)
[INFO] Downloading: https://repo.maven.apache.org/maven2/org/apache/maven/surefire/maven-surefire-common/2.14.1/maven-surefire-common-2.14.1.jar
[INFO] Downloading: https://repo.maven.apache.org/maven2/org/apache/maven/reporting/maven-reporting-api/2.0.9/maven-reporting-api-2.0.9.jar
[INFO] Downloading: https://repo.maven.apache.org/maven2/org/apache/maven/surefire/surefire-booter/2.14.1/surefire-booter-2.14.1.jar
[INFO] Downloading: https://repo.maven.apache.org/maven2/org/apache/commons/commons-lang3/3.1/commons-lang3-3.1.jar
[INFO] Downloading: https://repo.maven.apache.org/maven2/org/apache/maven/surefire/surefire-api/2.14.1/surefire-api-2.14.1.jar
[INFO] Downloaded: https://repo.maven.apache.org/maven2/org/apache/maven/surefire/maven-surefire-common/2.14.1/maven-surefire-common-2.14.1.jar (228 KB at 1602.2 KB/sec)
[INFO] Downloading: https://repo.maven.apache.org/maven2/org/apache/maven/plugin-tools/maven-plugin-annotations/3.2/maven-plugin-annotations-3.2.jar
[INFO] Downloaded: https://repo.maven.apache.org/maven2/org/apache/maven/reporting/maven-reporting-api/2.0.9/maven-reporting-api-2.0.9.jar (10 KB at 69.2 KB/sec)
[INFO] Downloaded: https://repo.maven.apache.org/maven2/org/apache/maven/surefire/surefire-booter/2.14.1/surefire-booter-2.14.1.jar (36 KB at 231.1 KB/sec)
[INFO] Downloaded: https://repo.maven.apache.org/maven2/org/apache/commons/commons-lang3/3.1/commons-lang3-3.1.jar (309 KB at 1497.1 KB/sec)
[INFO] Downloaded: https://repo.maven.apache.org/maven2/org/apache/maven/surefire/surefire-api/2.14.1/surefire-api-2.14.1.jar (153 KB at 806.4 KB/sec)
[INFO] Downloaded: https://repo.maven.apache.org/maven2/org/apache/maven/plugin-tools/maven-plugin-annotations/3.2/maven-plugin-annotations-3.2.jar (15 KB at 62.4 KB/sec)
[INFO] Tests are skipped.
[INFO] 
[INFO] --- maven-jar-plugin:2.5:jar (default-jar) @ hivemall ---
[INFO] Downloading: https://repo.maven.apache.org/maven2/org/apache/maven/maven-archiver/2.5/maven-archiver-2.5.pom
[INFO] Downloaded: https://repo.maven.apache.org/maven2/org/apache/maven/maven-archiver/2.5/maven-archiver-2.5.pom (5 KB at 35.2 KB/sec)
[INFO] Downloading: https://repo.maven.apache.org/maven2/org/codehaus/plexus/plexus-archiver/2.1/plexus-archiver-2.1.pom
[INFO] Downloaded: https://repo.maven.apache.org/maven2/org/codehaus/plexus/plexus-archiver/2.1/plexus-archiver-2.1.pom (3 KB at 24.1 KB/sec)
[INFO] Downloading: https://repo.maven.apache.org/maven2/org/codehaus/plexus/plexus-utils/3.0/plexus-utils-3.0.pom
[INFO] Downloaded: https://repo.maven.apache.org/maven2/org/codehaus/plexus/plexus-utils/3.0/plexus-utils-3.0.pom (4 KB at 5.0 KB/sec)
[INFO] Downloading: https://repo.maven.apache.org/maven2/org/sonatype/spice/spice-parent/16/spice-parent-16.pom
[INFO] Downloaded: https://repo.maven.apache.org/maven2/org/sonatype/spice/spice-parent/16/spice-parent-16.pom (9 KB at 66.4 KB/sec)
[INFO] Downloading: https://repo.maven.apache.org/maven2/org/sonatype/forge/forge-parent/5/forge-parent-5.pom
[INFO] Downloaded: https://repo.maven.apache.org/maven2/org/sonatype/forge/forge-parent/5/forge-parent-5.pom (9 KB at 71.6 KB/sec)
[INFO] Downloading: https://repo.maven.apache.org/maven2/org/codehaus/plexus/plexus-io/2.0.2/plexus-io-2.0.2.pom
[INFO] Downloaded: https://repo.maven.apache.org/maven2/org/codehaus/plexus/plexus-io/2.0.2/plexus-io-2.0.2.pom (2 KB at 13.2 KB/sec)
[INFO] Downloading: https://repo.maven.apache.org/maven2/org/codehaus/plexus/plexus-components/1.1.19/plexus-components-1.1.19.pom
[INFO] Downloaded: https://repo.maven.apache.org/maven2/org/codehaus/plexus/plexus-components/1.1.19/plexus-components-1.1.19.pom (3 KB at 21.4 KB/sec)
[INFO] Downloading: https://repo.maven.apache.org/maven2/org/codehaus/plexus/plexus/3.0.1/plexus-3.0.1.pom
[INFO] Downloaded: https://repo.maven.apache.org/maven2/org/codehaus/plexus/plexus/3.0.1/plexus-3.0.1.pom (19 KB at 151.5 KB/sec)
[INFO] Downloading: https://repo.maven.apache.org/maven2/org/codehaus/plexus/plexus-interpolation/1.15/plexus-interpolation-1.15.pom
[INFO] Downloaded: https://repo.maven.apache.org/maven2/org/codehaus/plexus/plexus-interpolation/1.15/plexus-interpolation-1.15.pom (1018 B at 8.8 KB/sec)
[INFO] Downloading: https://repo.maven.apache.org/maven2/org/codehaus/plexus/plexus-utils/3.0.15/plexus-utils-3.0.15.pom
[INFO] Downloaded: https://repo.maven.apache.org/maven2/org/codehaus/plexus/plexus-utils/3.0.15/plexus-utils-3.0.15.pom (4 KB at 24.4 KB/sec)
[INFO] Downloading: https://repo.maven.apache.org/maven2/org/codehaus/plexus/plexus-archiver/2.4.4/plexus-archiver-2.4.4.pom
[INFO] Downloaded: https://repo.maven.apache.org/maven2/org/codehaus/plexus/plexus-archiver/2.4.4/plexus-archiver-2.4.4.pom (4 KB at 31.3 KB/sec)
[INFO] Downloading: https://repo.maven.apache.org/maven2/org/codehaus/plexus/plexus-components/1.3/plexus-components-1.3.pom
[INFO] Downloaded: https://repo.maven.apache.org/maven2/org/codehaus/plexus/plexus-components/1.3/plexus-components-1.3.pom (3 KB at 26.9 KB/sec)
[INFO] Downloading: https://repo.maven.apache.org/maven2/org/codehaus/plexus/plexus/3.3/plexus-3.3.pom
[INFO] Downloaded: https://repo.maven.apache.org/maven2/org/codehaus/plexus/plexus/3.3/plexus-3.3.pom (20 KB at 151.8 KB/sec)
[INFO] Downloading: https://repo.maven.apache.org/maven2/org/codehaus/plexus/plexus-io/2.0.10/plexus-io-2.0.10.pom
[INFO] Downloaded: https://repo.maven.apache.org/maven2/org/codehaus/plexus/plexus-io/2.0.10/plexus-io-2.0.10.pom (3 KB at 20.2 KB/sec)
[INFO] Downloading: https://repo.maven.apache.org/maven2/org/codehaus/plexus/plexus-components/1.2/plexus-components-1.2.pom
[INFO] Downloaded: https://repo.maven.apache.org/maven2/org/codehaus/plexus/plexus-components/1.2/plexus-components-1.2.pom (3 KB at 20.3 KB/sec)
[INFO] Downloading: https://repo.maven.apache.org/maven2/org/apache/commons/commons-compress/1.5/commons-compress-1.5.pom
[INFO] Downloaded: https://repo.maven.apache.org/maven2/org/apache/commons/commons-compress/1.5/commons-compress-1.5.pom (11 KB at 90.9 KB/sec)
[INFO] Downloading: https://repo.maven.apache.org/maven2/org/apache/commons/commons-parent/28/commons-parent-28.pom
[INFO] Downloaded: https://repo.maven.apache.org/maven2/org/apache/commons/commons-parent/28/commons-parent-28.pom (49 KB at 433.4 KB/sec)
[INFO] Downloading: https://repo.maven.apache.org/maven2/org/tukaani/xz/1.2/xz-1.2.pom
[INFO] Downloaded: https://repo.maven.apache.org/maven2/org/tukaani/xz/1.2/xz-1.2.pom (2 KB at 14.9 KB/sec)
[INFO] Downloading: https://repo.maven.apache.org/maven2/org/apache/maven/maven-archiver/2.5/maven-archiver-2.5.jar
[INFO] Downloading: https://repo.maven.apache.org/maven2/org/codehaus/plexus/plexus-interpolation/1.15/plexus-interpolation-1.15.jar
[INFO] Downloading: https://repo.maven.apache.org/maven2/org/codehaus/plexus/plexus-utils/3.0.15/plexus-utils-3.0.15.jar
[INFO] Downloading: https://repo.maven.apache.org/maven2/org/codehaus/plexus/plexus-archiver/2.4.4/plexus-archiver-2.4.4.jar
[INFO] Downloading: https://repo.maven.apache.org/maven2/org/codehaus/plexus/plexus-io/2.0.10/plexus-io-2.0.10.jar
[INFO] Downloaded: https://repo.maven.apache.org/maven2/org/apache/maven/maven-archiver/2.5/maven-archiver-2.5.jar (22 KB at 177.5 KB/sec)
[INFO] Downloading: https://repo.maven.apache.org/maven2/org/apache/commons/commons-compress/1.5/commons-compress-1.5.jar
[INFO] Downloaded: https://repo.maven.apache.org/maven2/org/codehaus/plexus/plexus-interpolation/1.15/plexus-interpolation-1.15.jar (60 KB at 476.3 KB/sec)
[INFO] Downloading: https://repo.maven.apache.org/maven2/org/tukaani/xz/1.2/xz-1.2.jar
[INFO] Downloaded: https://repo.maven.apache.org/maven2/org/codehaus/plexus/plexus-utils/3.0.15/plexus-utils-3.0.15.jar (234 KB at 1666.8 KB/sec)
[INFO] Downloaded: https://repo.maven.apache.org/maven2/org/codehaus/plexus/plexus-io/2.0.10/plexus-io-2.0.10.jar (58 KB at 422.1 KB/sec)
[INFO] Downloaded: https://repo.maven.apache.org/maven2/org/codehaus/plexus/plexus-archiver/2.4.4/plexus-archiver-2.4.4.jar (161 KB at 1119.7 KB/sec)
[INFO] Downloaded: https://repo.maven.apache.org/maven2/org/tukaani/xz/1.2/xz-1.2.jar (93 KB at 306.6 KB/sec)
[INFO] Downloaded: https://repo.maven.apache.org/maven2/org/apache/commons/commons-compress/1.5/commons-compress-1.5.jar (251 KB at 715.0 KB/sec)
[INFO] Building jar: /home/travis/build/myui/hivemall/target/hivemall-0.3.jar
[INFO] 
[INFO] --- maven-shade-plugin:2.3:shade (jar-with-dependencies) @ hivemall ---
[INFO] Downloading: https://repo.maven.apache.org/maven2/org/apache/maven/maven-plugin-api/3.0/maven-plugin-api-3.0.pom
[INFO] Downloaded: https://repo.maven.apache.org/maven2/org/apache/maven/maven-plugin-api/3.0/maven-plugin-api-3.0.pom (3 KB at 21.9 KB/sec)
[INFO] Downloading: https://repo.maven.apache.org/maven2/org/apache/maven/maven/3.0/maven-3.0.pom
[INFO] Downloaded: https://repo.maven.apache.org/maven2/org/apache/maven/maven/3.0/maven-3.0.pom (22 KB at 173.8 KB/sec)
[INFO] Downloading: https://repo.maven.apache.org/maven2/org/apache/maven/maven-parent/15/maven-parent-15.pom
[INFO] Downloaded: https://repo.maven.apache.org/maven2/org/apache/maven/maven-parent/15/maven-parent-15.pom (24 KB at 193.7 KB/sec)
[INFO] Downloading: https://repo.maven.apache.org/maven2/org/apache/apache/6/apache-6.pom
[INFO] Downloaded: https://repo.maven.apache.org/maven2/org/apache/apache/6/apache-6.pom (13 KB at 117.9 KB/sec)
[INFO] Downloading: https://repo.maven.apache.org/maven2/org/apache/maven/maven-model/3.0/maven-model-3.0.pom
[INFO] Downloaded: https://repo.maven.apache.org/maven2/org/apache/maven/maven-model/3.0/maven-model-3.0.pom (4 KB at 35.5 KB/sec)
[INFO] Downloading: https://repo.maven.apache.org/maven2/org/codehaus/plexus/plexus-utils/2.0.4/plexus-utils-2.0.4.pom
[INFO] Downloaded: https://repo.maven.apache.org/maven2/org/codehaus/plexus/plexus-utils/2.0.4/plexus-utils-2.0.4.pom (4 KB at 29.1 KB/sec)
[INFO] Downloading: https://repo.maven.apache.org/maven2/org/apache/maven/maven-artifact/3.0/maven-artifact-3.0.pom
[INFO] Downloaded: https://repo.maven.apache.org/maven2/org/apache/maven/maven-artifact/3.0/maven-artifact-3.0.pom (2 KB at 14.6 KB/sec)
[INFO] Downloading: https://repo.maven.apache.org/maven2/org/sonatype/sisu/sisu-inject-plexus/1.4.2/sisu-inject-plexus-1.4.2.pom
[INFO] Downloaded: https://repo.maven.apache.org/maven2/org/sonatype/sisu/sisu-inject-plexus/1.4.2/sisu-inject-plexus-1.4.2.pom (6 KB at 36.9 KB/sec)
[INFO] Downloading: https://repo.maven.apache.org/maven2/org/sonatype/sisu/inject/guice-plexus/1.4.2/guice-plexus-1.4.2.pom
[INFO] Downloaded: https://repo.maven.apache.org/maven2/org/sonatype/sisu/inject/guice-plexus/1.4.2/guice-plexus-1.4.2.pom (4 KB at 17.7 KB/sec)
[INFO] Downloading: https://repo.maven.apache.org/maven2/org/sonatype/sisu/inject/guice-bean/1.4.2/guice-bean-1.4.2.pom
[INFO] Downloaded: https://repo.maven.apache.org/maven2/org/sonatype/sisu/inject/guice-bean/1.4.2/guice-bean-1.4.2.pom (3 KB at 23.3 KB/sec)
[INFO] Downloading: https://repo.maven.apache.org/maven2/org/sonatype/sisu/sisu-inject/1.4.2/sisu-inject-1.4.2.pom
[INFO] Downloaded: https://repo.maven.apache.org/maven2/org/sonatype/sisu/sisu-inject/1.4.2/sisu-inject-1.4.2.pom (2 KB at 10.6 KB/sec)
[INFO] Downloading: https://repo.maven.apache.org/maven2/org/sonatype/sisu/sisu-parent/1.4.2/sisu-parent-1.4.2.pom
[INFO] Downloaded: https://repo.maven.apache.org/maven2/org/sonatype/sisu/sisu-parent/1.4.2/sisu-parent-1.4.2.pom (8 KB at 70.3 KB/sec)
[INFO] Downloading: https://repo.maven.apache.org/maven2/org/sonatype/forge/forge-parent/6/forge-parent-6.pom
[INFO] Downloaded: https://repo.maven.apache.org/maven2/org/sonatype/forge/forge-parent/6/forge-parent-6.pom (11 KB at 82.0 KB/sec)
[INFO] Downloading: https://repo.maven.apache.org/maven2/org/codehaus/plexus/plexus-classworlds/2.2.3/plexus-classworlds-2.2.3.pom
[INFO] Downloaded: https://repo.maven.apache.org/maven2/org/codehaus/plexus/plexus-classworlds/2.2.3/plexus-classworlds-2.2.3.pom (4 KB at 33.4 KB/sec)
[INFO] Downloading: https://repo.maven.apache.org/maven2/org/sonatype/sisu/sisu-inject-bean/1.4.2/sisu-inject-bean-1.4.2.pom
[INFO] Downloaded: https://repo.maven.apache.org/maven2/org/sonatype/sisu/sisu-inject-bean/1.4.2/sisu-inject-bean-1.4.2.pom (6 KB at 27.5 KB/sec)
[INFO] Downloading: https://repo.maven.apache.org/maven2/org/sonatype/sisu/sisu-guice/2.1.7/sisu-guice-2.1.7.pom
[INFO] Downloaded: https://repo.maven.apache.org/maven2/org/sonatype/sisu/sisu-guice/2.1.7/sisu-guice-2.1.7.pom (11 KB at 77.7 KB/sec)
[INFO] Downloading: https://repo.maven.apache.org/maven2/org/apache/maven/maven-core/3.0/maven-core-3.0.pom
[INFO] Downloaded: https://repo.maven.apache.org/maven2/org/apache/maven/maven-core/3.0/maven-core-3.0.pom (7 KB at 60.5 KB/sec)
[INFO] Downloading: https://repo.maven.apache.org/maven2/org/apache/maven/maven-settings/3.0/maven-settings-3.0.pom
[INFO] Downloaded: https://repo.maven.apache.org/maven2/org/apache/maven/maven-settings/3.0/maven-settings-3.0.pom (2 KB at 11.8 KB/sec)
[INFO] Downloading: https://repo.maven.apache.org/maven2/org/apache/maven/maven-settings-builder/3.0/maven-settings-builder-3.0.pom
[INFO] Downloaded: https://repo.maven.apache.org/maven2/org/apache/maven/maven-settings-builder/3.0/maven-settings-builder-3.0.pom (3 KB at 18.4 KB/sec)
[INFO] Downloading: https://repo.maven.apache.org/maven2/org/codehaus/plexus/plexus-interpolation/1.14/plexus-interpolation-1.14.pom
[INFO] Downloaded: https://repo.maven.apache.org/maven2/org/codehaus/plexus/plexus-interpolation/1.14/plexus-interpolation-1.14.pom (910 B at 7.9 KB/sec)
[INFO] Downloading: https://repo.maven.apache.org/maven2/org/codehaus/plexus/plexus-components/1.1.18/plexus-components-1.1.18.pom
[INFO] Downloaded: https://repo.maven.apache.org/maven2/org/codehaus/plexus/plexus-components/1.1.18/plexus-components-1.1.18.pom (6 KB at 48.0 KB/sec)
[INFO] Downloading: https://repo.maven.apache.org/maven2/org/apache/maven/maven-repository-metadata/3.0/maven-repository-metadata-3.0.pom
[INFO] Downloaded: https://repo.maven.apache.org/maven2/org/apache/maven/maven-repository-metadata/3.0/maven-repository-metadata-3.0.pom (2 KB at 16.8 KB/sec)
[INFO] Downloading: https://repo.maven.apache.org/maven2/org/apache/maven/maven-model-builder/3.0/maven-model-builder-3.0.pom
[INFO] Downloaded: https://repo.maven.apache.org/maven2/org/apache/maven/maven-model-builder/3.0/maven-model-builder-3.0.pom (3 KB at 18.0 KB/sec)
[INFO] Downloading: https://repo.maven.apache.org/maven2/org/apache/maven/maven-aether-provider/3.0/maven-aether-provider-3.0.pom
[INFO] Downloaded: https://repo.maven.apache.org/maven2/org/apache/maven/maven-aether-provider/3.0/maven-aether-provider-3.0.pom (3 KB at 21.5 KB/sec)
[INFO] Downloading: https://repo.maven.apache.org/maven2/org/sonatype/aether/aether-api/1.7/aether-api-1.7.pom
[INFO] Downloaded: https://repo.maven.apache.org/maven2/org/sonatype/aether/aether-api/1.7/aether-api-1.7.pom (2 KB at 15.0 KB/sec)
[INFO] Downloading: https://repo.maven.apache.org/maven2/org/sonatype/aether/aether-parent/1.7/aether-parent-1.7.pom
[INFO] Downloaded: https://repo.maven.apache.org/maven2/org/sonatype/aether/aether-parent/1.7/aether-parent-1.7.pom (8 KB at 71.8 KB/sec)
[INFO] Downloading: https://repo.maven.apache.org/maven2/org/sonatype/aether/aether-util/1.7/aether-util-1.7.pom
[INFO] Downloaded: https://repo.maven.apache.org/maven2/org/sonatype/aether/aether-util/1.7/aether-util-1.7.pom (3 KB at 18.0 KB/sec)
[INFO] Downloading: https://repo.maven.apache.org/maven2/org/sonatype/aether/aether-impl/1.7/aether-impl-1.7.pom
[INFO] Downloaded: https://repo.maven.apache.org/maven2/org/sonatype/aether/aether-impl/1.7/aether-impl-1.7.pom (4 KB at 22.0 KB/sec)
[INFO] Downloading: https://repo.maven.apache.org/maven2/org/sonatype/aether/aether-spi/1.7/aether-spi-1.7.pom
[INFO] Downloaded: https://repo.maven.apache.org/maven2/org/sonatype/aether/aether-spi/1.7/aether-spi-1.7.pom (2 KB at 13.7 KB/sec)
[INFO] Downloading: https://repo.maven.apache.org/maven2/org/apache/maven/maven-compat/3.0/maven-compat-3.0.pom
[INFO] Downloaded: https://repo.maven.apache.org/maven2/org/apache/maven/maven-compat/3.0/maven-compat-3.0.pom (4 KB at 34.4 KB/sec)
[INFO] Downloading: https://repo.maven.apache.org/maven2/org/apache/maven/wagon/wagon-provider-api/1.0-beta-6/wagon-provider-api-1.0-beta-6.pom
[INFO] Downloaded: https://repo.maven.apache.org/maven2/org/apache/maven/wagon/wagon-provider-api/1.0-beta-6/wagon-provider-api-1.0-beta-6.pom (2 KB at 16.1 KB/sec)
[INFO] Downloading: https://repo.maven.apache.org/maven2/org/apache/maven/wagon/wagon/1.0-beta-6/wagon-1.0-beta-6.pom
[INFO] Downloaded: https://repo.maven.apache.org/maven2/org/apache/maven/wagon/wagon/1.0-beta-6/wagon-1.0-beta-6.pom (13 KB at 76.1 KB/sec)
[INFO] Downloading: https://repo.maven.apache.org/maven2/org/codehaus/plexus/plexus-utils/1.4.2/plexus-utils-1.4.2.pom
[INFO] Downloaded: https://repo.maven.apache.org/maven2/org/codehaus/plexus/plexus-utils/1.4.2/plexus-utils-1.4.2.pom (2 KB at 17.2 KB/sec)
[INFO] Downloading: https://repo.maven.apache.org/maven2/org/ow2/asm/asm/5.0.2/asm-5.0.2.pom
[INFO] Downloaded: https://repo.maven.apache.org/maven2/org/ow2/asm/asm/5.0.2/asm-5.0.2.pom (2 KB at 17.7 KB/sec)
[INFO] Downloading: https://repo.maven.apache.org/maven2/org/ow2/asm/asm-parent/5.0.2/asm-parent-5.0.2.pom
[INFO] Downloaded: https://repo.maven.apache.org/maven2/org/ow2/asm/asm-parent/5.0.2/asm-parent-5.0.2.pom (6 KB at 24.7 KB/sec)
[INFO] Downloading: https://repo.maven.apache.org/maven2/org/ow2/ow2/1.3/ow2-1.3.pom
[INFO] Downloaded: https://repo.maven.apache.org/maven2/org/ow2/ow2/1.3/ow2-1.3.pom (10 KB at 64.5 KB/sec)
[INFO] Downloading: https://repo.maven.apache.org/maven2/org/ow2/asm/asm-commons/5.0.2/asm-commons-5.0.2.pom
[INFO] Downloaded: https://repo.maven.apache.org/maven2/org/ow2/asm/asm-commons/5.0.2/asm-commons-5.0.2.pom (3 KB at 17.3 KB/sec)
[INFO] Downloading: https://repo.maven.apache.org/maven2/org/ow2/asm/asm-tree/5.0.2/asm-tree-5.0.2.pom
[INFO] Downloaded: https://repo.maven.apache.org/maven2/org/ow2/asm/asm-tree/5.0.2/asm-tree-5.0.2.pom (3 KB at 18.8 KB/sec)
[INFO] Downloading: https://repo.maven.apache.org/maven2/org/jdom/jdom/1.1/jdom-1.1.pom
[INFO] Downloaded: https://repo.maven.apache.org/maven2/org/jdom/jdom/1.1/jdom-1.1.pom (3 KB at 19.1 KB/sec)
[INFO] Downloading: https://repo.maven.apache.org/maven2/org/apache/maven/shared/maven-dependency-tree/2.1/maven-dependency-tree-2.1.pom
[INFO] Downloaded: https://repo.maven.apache.org/maven2/org/apache/maven/shared/maven-dependency-tree/2.1/maven-dependency-tree-2.1.pom (7 KB at 60.8 KB/sec)
[INFO] Downloading: https://repo.maven.apache.org/maven2/org/apache/maven/maven-project/2.2.0/maven-project-2.2.0.pom
[INFO] Downloaded: https://repo.maven.apache.org/maven2/org/apache/maven/maven-project/2.2.0/maven-project-2.2.0.pom (3 KB at 21.5 KB/sec)
[INFO] Downloading: https://repo.maven.apache.org/maven2/org/apache/maven/maven/2.2.0/maven-2.2.0.pom
[INFO] Downloaded: https://repo.maven.apache.org/maven2/org/apache/maven/maven/2.2.0/maven-2.2.0.pom (22 KB at 172.7 KB/sec)
[INFO] Downloading: https://repo.maven.apache.org/maven2/org/apache/maven/maven-settings/2.2.0/maven-settings-2.2.0.pom
[INFO] Downloaded: https://repo.maven.apache.org/maven2/org/apache/maven/maven-settings/2.2.0/maven-settings-2.2.0.pom (3 KB at 20.9 KB/sec)
[INFO] Downloading: https://repo.maven.apache.org/maven2/org/apache/maven/maven-model/2.2.0/maven-model-2.2.0.pom
[INFO] Downloaded: https://repo.maven.apache.org/maven2/org/apache/maven/maven-model/2.2.0/maven-model-2.2.0.pom (4 KB at 30.4 KB/sec)
[INFO] Downloading: https://repo.maven.apache.org/maven2/org/apache/maven/maven-profile/2.2.0/maven-profile-2.2.0.pom
[INFO] Downloaded: https://repo.maven.apache.org/maven2/org/apache/maven/maven-profile/2.2.0/maven-profile-2.2.0.pom (3 KB at 18.1 KB/sec)
[INFO] Downloading: https://repo.maven.apache.org/maven2/org/apache/maven/maven-artifact-manager/2.2.0/maven-artifact-manager-2.2.0.pom
[INFO] Downloaded: https://repo.maven.apache.org/maven2/org/apache/maven/maven-artifact-manager/2.2.0/maven-artifact-manager-2.2.0.pom (4 KB at 26.6 KB/sec)
[INFO] Downloading: https://repo.maven.apache.org/maven2/org/apache/maven/maven-repository-metadata/2.2.0/maven-repository-metadata-2.2.0.pom
[INFO] Downloaded: https://repo.maven.apache.org/maven2/org/apache/maven/maven-repository-metadata/2.2.0/maven-repository-metadata-2.2.0.pom (2 KB at 15.4 KB/sec)
[INFO] Downloading: https://repo.maven.apache.org/maven2/org/apache/maven/maven-artifact/2.2.0/maven-artifact-2.2.0.pom
[INFO] Downloaded: https://repo.maven.apache.org/maven2/org/apache/maven/maven-artifact/2.2.0/maven-artifact-2.2.0.pom (2 KB at 15.3 KB/sec)
[INFO] Downloading: https://repo.maven.apache.org/maven2/org/apache/maven/maven-plugin-registry/2.2.0/maven-plugin-registry-2.2.0.pom
[INFO] Downloaded: https://repo.maven.apache.org/maven2/org/apache/maven/maven-plugin-registry/2.2.0/maven-plugin-registry-2.2.0.pom (2 KB at 17.6 KB/sec)
[INFO] Downloading: https://repo.maven.apache.org/maven2/org/eclipse/aether/aether-util/0.9.0.M2/aether-util-0.9.0.M2.pom
[INFO] Downloaded: https://repo.maven.apache.org/maven2/org/eclipse/aether/aether-util/0.9.0.M2/aether-util-0.9.0.M2.pom (2 KB at 19.1 KB/sec)
[INFO] Downloading: https://repo.maven.apache.org/maven2/org/eclipse/aether/aether/0.9.0.M2/aether-0.9.0.M2.pom
[INFO] Downloaded: https://repo.maven.apache.org/maven2/org/eclipse/aether/aether/0.9.0.M2/aether-0.9.0.M2.pom (28 KB at 200.1 KB/sec)
[INFO] Downloading: https://repo.maven.apache.org/maven2/org/vafer/jdependency/0.9/jdependency-0.9.pom
[INFO] Downloaded: https://repo.maven.apache.org/maven2/org/vafer/jdependency/0.9/jdependency-0.9.pom (11 KB at 92.4 KB/sec)
[INFO] Downloading: https://repo.maven.apache.org/maven2/commons-io/commons-io/2.2/commons-io-2.2.pom
[INFO] Downloaded: https://repo.maven.apache.org/maven2/commons-io/commons-io/2.2/commons-io-2.2.pom (11 KB at 93.7 KB/sec)
[INFO] Downloading: https://repo.maven.apache.org/maven2/org/ow2/asm/asm-analysis/5.0.2/asm-analysis-5.0.2.pom
[INFO] Downloaded: https://repo.maven.apache.org/maven2/org/ow2/asm/asm-analysis/5.0.2/asm-analysis-5.0.2.pom (3 KB at 19.0 KB/sec)
[INFO] Downloading: https://repo.maven.apache.org/maven2/org/ow2/asm/asm-util/5.0.2/asm-util-5.0.2.pom
[INFO] Downloaded: https://repo.maven.apache.org/maven2/org/ow2/asm/asm-util/5.0.2/asm-util-5.0.2.pom (3 KB at 16.9 KB/sec)
[INFO] Downloading: https://repo.maven.apache.org/maven2/org/sonatype/sisu/sisu-inject-bean/1.4.2/sisu-inject-bean-1.4.2.jar
[INFO] Downloading: https://repo.maven.apache.org/maven2/org/sonatype/sisu/sisu-guice/2.1.7/sisu-guice-2.1.7-noaop.jar
[INFO] Downloading: https://repo.maven.apache.org/maven2/org/sonatype/aether/aether-util/1.7/aether-util-1.7.jar
[INFO] Downloading: https://repo.maven.apache.org/maven2/org/codehaus/plexus/plexus-interpolation/1.14/plexus-interpolation-1.14.jar
[INFO] Downloading: https://repo.maven.apache.org/maven2/org/sonatype/plexus/plexus-sec-dispatcher/1.3/plexus-sec-dispatcher-1.3.jar
[INFO] Downloaded: https://repo.maven.apache.org/maven2/org/sonatype/sisu/sisu-inject-bean/1.4.2/sisu-inject-bean-1.4.2.jar (150 KB at 1067.2 KB/sec)
[INFO] Downloading: https://repo.maven.apache.org/maven2/org/sonatype/plexus/plexus-cipher/1.4/plexus-cipher-1.4.jar
[INFO] Downloaded: https://repo.maven.apache.org/maven2/org/sonatype/aether/aether-util/1.7/aether-util-1.7.jar (106 KB at 582.4 KB/sec)
[INFO] Downloading: https://repo.maven.apache.org/maven2/org/ow2/asm/asm/5.0.2/asm-5.0.2.jar
[INFO] Downloaded: https://repo.maven.apache.org/maven2/org/codehaus/plexus/plexus-interpolation/1.14/plexus-interpolation-1.14.jar (60 KB at 312.3 KB/sec)
[INFO] Downloading: https://repo.maven.apache.org/maven2/org/ow2/asm/asm-commons/5.0.2/asm-commons-5.0.2.jar
[INFO] Downloaded: https://repo.maven.apache.org/maven2/org/sonatype/sisu/sisu-guice/2.1.7/sisu-guice-2.1.7-noaop.jar (461 KB at 2193.7 KB/sec)
[INFO] Downloading: https://repo.maven.apache.org/maven2/org/ow2/asm/asm-tree/5.0.2/asm-tree-5.0.2.jar
[INFO] Downloaded: https://repo.maven.apache.org/maven2/org/sonatype/plexus/plexus-sec-dispatcher/1.3/plexus-sec-dispatcher-1.3.jar (28 KB at 129.7 KB/sec)
[INFO] Downloading: https://repo.maven.apache.org/maven2/org/jdom/jdom/1.1/jdom-1.1.jar
[INFO] Downloaded: https://repo.maven.apache.org/maven2/org/sonatype/plexus/plexus-cipher/1.4/plexus-cipher-1.4.jar (14 KB at 48.4 KB/sec)
[INFO] Downloading: https://repo.maven.apache.org/maven2/org/apache/maven/shared/maven-dependency-tree/2.1/maven-dependency-tree-2.1.jar
[INFO] Downloaded: https://repo.maven.apache.org/maven2/org/ow2/asm/asm/5.0.2/asm-5.0.2.jar (52 KB at 176.8 KB/sec)
[INFO] Downloading: https://repo.maven.apache.org/maven2/backport-util-concurrent/backport-util-concurrent/3.1/backport-util-concurrent-3.1.jar
[INFO] Downloaded: https://repo.maven.apache.org/maven2/org/ow2/asm/asm-commons/5.0.2/asm-commons-5.0.2.jar (41 KB at 124.6 KB/sec)
[INFO] Downloading: https://repo.maven.apache.org/maven2/org/eclipse/aether/aether-util/0.9.0.M2/aether-util-0.9.0.M2.jar
[INFO] Downloaded: https://repo.maven.apache.org/maven2/org/jdom/jdom/1.1/jdom-1.1.jar (150 KB at 433.4 KB/sec)
[INFO] Downloading: https://repo.maven.apache.org/maven2/org/vafer/jdependency/0.9/jdependency-0.9.jar
[INFO] Downloaded: https://repo.maven.apache.org/maven2/org/ow2/asm/asm-tree/5.0.2/asm-tree-5.0.2.jar (29 KB at 53.7 KB/sec)
[INFO] Downloading: https://repo.maven.apache.org/maven2/commons-io/commons-io/2.2/commons-io-2.2.jar
[INFO] Downloaded: https://repo.maven.apache.org/maven2/backport-util-concurrent/backport-util-concurrent/3.1/backport-util-concurrent-3.1.jar (324 KB at 555.6 KB/sec)
[INFO] Downloading: https://repo.maven.apache.org/maven2/org/ow2/asm/asm-analysis/5.0.2/asm-analysis-5.0.2.jar
[INFO] Downloaded: https://repo.maven.apache.org/maven2/org/apache/maven/shared/maven-dependency-tree/2.1/maven-dependency-tree-2.1.jar (59 KB at 98.9 KB/sec)
[INFO] Downloading: https://repo.maven.apache.org/maven2/org/ow2/asm/asm-util/5.0.2/asm-util-5.0.2.jar
[INFO] Downloaded: https://repo.maven.apache.org/maven2/org/eclipse/aether/aether-util/0.9.0.M2/aether-util-0.9.0.M2.jar (131 KB at 211.1 KB/sec)
[INFO] Downloaded: https://repo.maven.apache.org/maven2/org/vafer/jdependency/0.9/jdependency-0.9.jar (22 KB at 34.3 KB/sec)
[INFO] Downloaded: https://repo.maven.apache.org/maven2/commons-io/commons-io/2.2/commons-io-2.2.jar (170 KB at 246.0 KB/sec)
[INFO] Downloaded: https://repo.maven.apache.org/maven2/org/ow2/asm/asm-analysis/5.0.2/asm-analysis-5.0.2.jar (20 KB at 26.6 KB/sec)
[INFO] Downloaded: https://repo.maven.apache.org/maven2/org/ow2/asm/asm-util/5.0.2/asm-util-5.0.2.jar (43 KB at 56.2 KB/sec)
[WARNING] Map in class org.apache.maven.plugins.shade.resource.ManifestResourceTransformer declares value type as: class java.util.jar.Attributes but saw: class java.lang.String at runtime
[WARNING] Map in class org.apache.maven.plugins.shade.resource.ManifestResourceTransformer declares value type as: class java.util.jar.Attributes but saw: class java.lang.String at runtime
[WARNING] Map in class org.apache.maven.plugins.shade.resource.ManifestResourceTransformer declares value type as: class java.util.jar.Attributes but saw: class java.lang.String at runtime
[WARNING] Map in class org.apache.maven.plugins.shade.resource.ManifestResourceTransformer declares value type as: class java.util.jar.Attributes but saw: class java.lang.String at runtime
[INFO] Including io.netty:netty-all:jar:4.0.23.Final in the shaded jar.
[INFO] Including com.google.code.findbugs:jsr305:jar:1.3.9 in the shaded jar.
[INFO] Minimizing jar hivemall:hivemall:jar:0.3
[INFO] Minimized 1379 -> 756 (54%)
[INFO] Replacing /home/travis/build/myui/hivemall/target/hivemall-0.3-with-dependencies.jar with /home/travis/build/myui/hivemall/target/hivemall-0.3-shaded.jar
[INFO] 
[INFO] --- jarjar-maven-plugin:1.9:jarjar (default) @ hivemall ---
[INFO] Downloading: https://repo.maven.apache.org/maven2/org/ow2/asm/asm/5.0.1/asm-5.0.1.pom
[INFO] Downloaded: https://repo.maven.apache.org/maven2/org/ow2/asm/asm/5.0.1/asm-5.0.1.pom (2 KB at 17.7 KB/sec)
[INFO] Downloading: https://repo.maven.apache.org/maven2/org/ow2/asm/asm-parent/5.0.1/asm-parent-5.0.1.pom
[INFO] Downloaded: https://repo.maven.apache.org/maven2/org/ow2/asm/asm-parent/5.0.1/asm-parent-5.0.1.pom (6 KB at 51.1 KB/sec)
[INFO] Downloading: https://repo.maven.apache.org/maven2/org/ow2/asm/asm-commons/5.0.1/asm-commons-5.0.1.pom
[INFO] Downloaded: https://repo.maven.apache.org/maven2/org/ow2/asm/asm-commons/5.0.1/asm-commons-5.0.1.pom (3 KB at 18.8 KB/sec)
[INFO] Downloading: https://repo.maven.apache.org/maven2/org/ow2/asm/asm-tree/5.0.1/asm-tree-5.0.1.pom
[INFO] Downloaded: https://repo.maven.apache.org/maven2/org/ow2/asm/asm-tree/5.0.1/asm-tree-5.0.1.pom (3 KB at 14.4 KB/sec)
[INFO] Downloading: https://repo.maven.apache.org/maven2/org/apache/ant/ant/1.8.4/ant-1.8.4.pom
[INFO] Downloaded: https://repo.maven.apache.org/maven2/org/apache/ant/ant/1.8.4/ant-1.8.4.pom (10 KB at 84.9 KB/sec)
[INFO] Downloading: https://repo.maven.apache.org/maven2/org/apache/ant/ant-parent/1.8.4/ant-parent-1.8.4.pom
[INFO] Downloaded: https://repo.maven.apache.org/maven2/org/apache/ant/ant-parent/1.8.4/ant-parent-1.8.4.pom (5 KB at 40.1 KB/sec)
[INFO] Downloading: https://repo.maven.apache.org/maven2/org/apache/ant/ant-launcher/1.8.4/ant-launcher-1.8.4.pom
[INFO] Downloaded: https://repo.maven.apache.org/maven2/org/apache/ant/ant-launcher/1.8.4/ant-launcher-1.8.4.pom (3 KB at 21.5 KB/sec)
[INFO] Downloading: https://repo.maven.apache.org/maven2/org/apache/maven/maven-plugin-api/2.0/maven-plugin-api-2.0.pom
[INFO] Downloaded: https://repo.maven.apache.org/maven2/org/apache/maven/maven-plugin-api/2.0/maven-plugin-api-2.0.pom (601 B at 5.5 KB/sec)
[INFO] Downloading: https://repo.maven.apache.org/maven2/org/apache/maven/maven/2.0/maven-2.0.pom
[INFO] Downloaded: https://repo.maven.apache.org/maven2/org/apache/maven/maven/2.0/maven-2.0.pom (9 KB at 83.9 KB/sec)
[INFO] Downloading: https://repo.maven.apache.org/maven2/org/apache/maven/maven-core/2.0/maven-core-2.0.pom
[INFO] Downloaded: https://repo.maven.apache.org/maven2/org/apache/maven/maven-core/2.0/maven-core-2.0.pom (6 KB at 52.5 KB/sec)
[INFO] Downloading: https://repo.maven.apache.org/maven2/org/apache/maven/maven-settings/2.0/maven-settings-2.0.pom
[INFO] Downloaded: https://repo.maven.apache.org/maven2/org/apache/maven/maven-settings/2.0/maven-settings-2.0.pom (2 KB at 11.6 KB/sec)
[INFO] Downloading: https://repo.maven.apache.org/maven2/org/apache/maven/maven-model/2.0/maven-model-2.0.pom
[INFO] Downloaded: https://repo.maven.apache.org/maven2/org/apache/maven/maven-model/2.0/maven-model-2.0.pom (3 KB at 21.8 KB/sec)
[INFO] Downloading: https://repo.maven.apache.org/maven2/org/codehaus/plexus/plexus-container-default/1.0-alpha-44/plexus-container-default-1.0-alpha-44.pom
[INFO] Downloaded: https://repo.maven.apache.org/maven2/org/codehaus/plexus/plexus-container-default/1.0-alpha-44/plexus-container-default-1.0-alpha-44.pom (4 KB at 31.4 KB/sec)
[INFO] Downloading: https://repo.maven.apache.org/maven2/org/codehaus/plexus/plexus-containers/1.0-alpha-44/plexus-containers-1.0-alpha-44.pom
[INFO] Downloaded: https://repo.maven.apache.org/maven2/org/codehaus/plexus/plexus-containers/1.0-alpha-44/plexus-containers-1.0-alpha-44.pom (2 KB at 15.9 KB/sec)
[INFO] Downloading: https://repo.maven.apache.org/maven2/aspectj/aspectjrt/1.5.3/aspectjrt-1.5.3.pom
[INFO] Downloaded: https://repo.maven.apache.org/maven2/aspectj/aspectjrt/1.5.3/aspectjrt-1.5.3.pom (657 B at 5.1 KB/sec)
[INFO] Downloading: https://repo.maven.apache.org/maven2/org/codehaus/plexus/plexus-classworlds/1.2-alpha-10/plexus-classworlds-1.2-alpha-10.pom
[INFO] Downloaded: https://repo.maven.apache.org/maven2/org/codehaus/plexus/plexus-classworlds/1.2-alpha-10/plexus-classworlds-1.2-alpha-10.pom (4 KB at 28.6 KB/sec)
[INFO] Downloading: https://repo.maven.apache.org/maven2/org/codehaus/plexus/plexus/1.0.10/plexus-1.0.10.pom
[INFO] Downloaded: https://repo.maven.apache.org/maven2/org/codehaus/plexus/plexus/1.0.10/plexus-1.0.10.pom (9 KB at 73.2 KB/sec)
[INFO] Downloading: https://repo.maven.apache.org/maven2/org/apache/maven/maven-plugin-parameter-documenter/2.0/maven-plugin-parameter-documenter-2.0.pom
[INFO] Downloaded: https://repo.maven.apache.org/maven2/org/apache/maven/maven-plugin-parameter-documenter/2.0/maven-plugin-parameter-documenter-2.0.pom (2 KB at 14.5 KB/sec)
[INFO] Downloading: https://repo.maven.apache.org/maven2/org/apache/maven/reporting/maven-reporting-api/2.0/maven-reporting-api-2.0.pom
[INFO] Downloaded: https://repo.maven.apache.org/maven2/org/apache/maven/reporting/maven-reporting-api/2.0/maven-reporting-api-2.0.pom (2 KB at 7.7 KB/sec)
[INFO] Downloading: https://repo.maven.apache.org/maven2/org/apache/maven/reporting/maven-reporting/2.0/maven-reporting-2.0.pom
[INFO] Downloaded: https://repo.maven.apache.org/maven2/org/apache/maven/reporting/maven-reporting/2.0/maven-reporting-2.0.pom (504 B at 3.8 KB/sec)
[INFO] Downloading: https://repo.maven.apache.org/maven2/doxia/doxia-sink-api/1.0-alpha-4/doxia-sink-api-1.0-alpha-4.pom
[INFO] Downloaded: https://repo.maven.apache.org/maven2/doxia/doxia-sink-api/1.0-alpha-4/doxia-sink-api-1.0-alpha-4.pom (2 KB at 10.4 KB/sec)
[INFO] Downloading: https://repo.maven.apache.org/maven2/org/apache/maven/maven-profile/2.0/maven-profile-2.0.pom
[INFO] Downloaded: https://repo.maven.apache.org/maven2/org/apache/maven/maven-profile/2.0/maven-profile-2.0.pom (2 KB at 13.0 KB/sec)
[INFO] Downloading: https://repo.maven.apache.org/maven2/org/apache/maven/maven-artifact/2.0/maven-artifact-2.0.pom
[INFO] Downloaded: https://repo.maven.apache.org/maven2/org/apache/maven/maven-artifact/2.0/maven-artifact-2.0.pom (723 B at 5.9 KB/sec)
[INFO] Downloading: https://repo.maven.apache.org/maven2/org/apache/maven/maven-repository-metadata/2.0/maven-repository-metadata-2.0.pom
[INFO] Downloaded: https://repo.maven.apache.org/maven2/org/apache/maven/maven-repository-metadata/2.0/maven-repository-metadata-2.0.pom (2 KB at 11.0 KB/sec)
[INFO] Downloading: https://repo.maven.apache.org/maven2/org/apache/maven/maven-error-diagnostics/2.0/maven-error-diagnostics-2.0.pom
[INFO] Downloaded: https://repo.maven.apache.org/maven2/org/apache/maven/maven-error-diagnostics/2.0/maven-error-diagnostics-2.0.pom (812 B at 6.7 KB/sec)
[INFO] Downloading: https://repo.maven.apache.org/maven2/org/apache/maven/maven-project/2.0/maven-project-2.0.pom
[INFO] Downloaded: https://repo.maven.apache.org/maven2/org/apache/maven/maven-project/2.0/maven-project-2.0.pom (2 KB at 15.2 KB/sec)
[INFO] Downloading: https://repo.maven.apache.org/maven2/org/apache/maven/maven-artifact-manager/2.0/maven-artifact-manager-2.0.pom
[INFO] Downloaded: https://repo.maven.apache.org/maven2/org/apache/maven/maven-artifact-manager/2.0/maven-artifact-manager-2.0.pom (2 KB at 12.1 KB/sec)
[INFO] Downloading: https://repo.maven.apache.org/maven2/org/apache/maven/maven-plugin-registry/2.0/maven-plugin-registry-2.0.pom
[INFO] Downloaded: https://repo.maven.apache.org/maven2/org/apache/maven/maven-plugin-registry/2.0/maven-plugin-registry-2.0.pom (2 KB at 11.3 KB/sec)
[INFO] Downloading: https://repo.maven.apache.org/maven2/org/apache/maven/maven-plugin-descriptor/2.0/maven-plugin-descriptor-2.0.pom
[INFO] Downloaded: https://repo.maven.apache.org/maven2/org/apache/maven/maven-plugin-descriptor/2.0/maven-plugin-descriptor-2.0.pom (2 KB at 13.5 KB/sec)
[INFO] Downloading: https://repo.maven.apache.org/maven2/org/apache/maven/maven-monitor/2.0/maven-monitor-2.0.pom
[INFO] Downloaded: https://repo.maven.apache.org/maven2/org/apache/maven/maven-monitor/2.0/maven-monitor-2.0.pom (400 B at 2.5 KB/sec)
[INFO] Downloading: https://repo.maven.apache.org/maven2/org/apache/maven/shared/maven-common-artifact-filters/1.4/maven-common-artifact-filters-1.4.pom
[INFO] Downloaded: https://repo.maven.apache.org/maven2/org/apache/maven/shared/maven-common-artifact-filters/1.4/maven-common-artifact-filters-1.4.pom (4 KB at 35.3 KB/sec)
[INFO] Downloading: https://repo.maven.apache.org/maven2/org/apache/maven/maven-artifact/2.0.8/maven-artifact-2.0.8.pom
[INFO] Downloaded: https://repo.maven.apache.org/maven2/org/apache/maven/maven-artifact/2.0.8/maven-artifact-2.0.8.pom (2 KB at 14.2 KB/sec)
[INFO] Downloading: https://repo.maven.apache.org/maven2/org/apache/maven/maven/2.0.8/maven-2.0.8.pom
[INFO] Downloaded: https://repo.maven.apache.org/maven2/org/apache/maven/maven/2.0.8/maven-2.0.8.pom (12 KB at 86.2 KB/sec)
[INFO] Downloading: https://repo.maven.apache.org/maven2/org/apache/maven/maven-parent/6/maven-parent-6.pom
[INFO] Downloaded: https://repo.maven.apache.org/maven2/org/apache/maven/maven-parent/6/maven-parent-6.pom (20 KB at 179.6 KB/sec)
[INFO] Downloading: https://repo.maven.apache.org/maven2/org/apache/maven/maven-model/2.0.8/maven-model-2.0.8.pom
[INFO] Downloaded: https://repo.maven.apache.org/maven2/org/apache/maven/maven-model/2.0.8/maven-model-2.0.8.pom (4 KB at 28.7 KB/sec)
[INFO] Downloading: https://repo.maven.apache.org/maven2/org/apache/maven/maven-project/2.0.8/maven-project-2.0.8.pom
[INFO] Downloaded: https://repo.maven.apache.org/maven2/org/apache/maven/maven-project/2.0.8/maven-project-2.0.8.pom (3 KB at 25.4 KB/sec)
[INFO] Downloading: https://repo.maven.apache.org/maven2/org/apache/maven/maven-settings/2.0.8/maven-settings-2.0.8.pom
[INFO] Downloaded: https://repo.maven.apache.org/maven2/org/apache/maven/maven-settings/2.0.8/maven-settings-2.0.8.pom (3 KB at 19.5 KB/sec)
[INFO] Downloading: https://repo.maven.apache.org/maven2/org/apache/maven/maven-profile/2.0.8/maven-profile-2.0.8.pom
[INFO] Downloaded: https://repo.maven.apache.org/maven2/org/apache/maven/maven-profile/2.0.8/maven-profile-2.0.8.pom (2 KB at 16.7 KB/sec)
[INFO] Downloading: https://repo.maven.apache.org/maven2/org/apache/maven/maven-artifact-manager/2.0.8/maven-artifact-manager-2.0.8.pom
[INFO] Downloaded: https://repo.maven.apache.org/maven2/org/apache/maven/maven-artifact-manager/2.0.8/maven-artifact-manager-2.0.8.pom (3 KB at 23.8 KB/sec)
[INFO] Downloading: https://repo.maven.apache.org/maven2/org/apache/maven/maven-repository-metadata/2.0.8/maven-repository-metadata-2.0.8.pom
[INFO] Downloaded: https://repo.maven.apache.org/maven2/org/apache/maven/maven-repository-metadata/2.0.8/maven-repository-metadata-2.0.8.pom (2 KB at 16.4 KB/sec)
[INFO] Downloading: https://repo.maven.apache.org/maven2/org/apache/maven/maven-plugin-registry/2.0.8/maven-plugin-registry-2.0.8.pom
[INFO] Downloaded: https://repo.maven.apache.org/maven2/org/apache/maven/maven-plugin-registry/2.0.8/maven-plugin-registry-2.0.8.pom (2 KB at 18.4 KB/sec)
[INFO] Downloading: https://repo.maven.apache.org/maven2/org/apache/maven/maven-plugin-api/2.0.8/maven-plugin-api-2.0.8.pom
[INFO] Downloaded: https://repo.maven.apache.org/maven2/org/apache/maven/maven-plugin-api/2.0.8/maven-plugin-api-2.0.8.pom (2 KB at 13.0 KB/sec)
[INFO] Downloading: https://repo.maven.apache.org/maven2/org/ow2/asm/asm/5.0.1/asm-5.0.1.jar
[INFO] Downloading: https://repo.maven.apache.org/maven2/org/ow2/asm/asm-commons/5.0.1/asm-commons-5.0.1.jar
[INFO] Downloading: https://repo.maven.apache.org/maven2/org/ow2/asm/asm-tree/5.0.1/asm-tree-5.0.1.jar
[INFO] Downloading: https://repo.maven.apache.org/maven2/org/apache/ant/ant/1.8.4/ant-1.8.4.jar
[INFO] Downloading: https://repo.maven.apache.org/maven2/org/apache/ant/ant-launcher/1.8.4/ant-launcher-1.8.4.jar
[INFO] Downloaded: https://repo.maven.apache.org/maven2/org/ow2/asm/asm-tree/5.0.1/asm-tree-5.0.1.jar (29 KB at 204.0 KB/sec)
[INFO] Downloaded: https://repo.maven.apache.org/maven2/org/ow2/asm/asm/5.0.1/asm-5.0.1.jar (52 KB at 363.4 KB/sec)
[INFO] Downloaded: https://repo.maven.apache.org/maven2/org/apache/ant/ant-launcher/1.8.4/ant-launcher-1.8.4.jar (18 KB at 134.3 KB/sec)
[INFO] Downloaded: https://repo.maven.apache.org/maven2/org/ow2/asm/asm-commons/5.0.1/asm-commons-5.0.1.jar (41 KB at 291.0 KB/sec)
[INFO] Downloading: https://repo.maven.apache.org/maven2/org/apache/maven/reporting/maven-reporting-api/2.0/maven-reporting-api-2.0.jar
[INFO] Downloading: https://repo.maven.apache.org/maven2/doxia/doxia-sink-api/1.0-alpha-4/doxia-sink-api-1.0-alpha-4.jar
[INFO] Downloading: https://repo.maven.apache.org/maven2/aspectj/aspectjrt/1.5.3/aspectjrt-1.5.3.jar
[INFO] Downloading: https://repo.maven.apache.org/maven2/org/apache/maven/shared/maven-common-artifact-filters/1.4/maven-common-artifact-filters-1.4.jar
[INFO] Downloaded: https://repo.maven.apache.org/maven2/org/apache/maven/reporting/maven-reporting-api/2.0/maven-reporting-api-2.0.jar (7 KB at 24.3 KB/sec)
[INFO] Downloaded: https://repo.maven.apache.org/maven2/doxia/doxia-sink-api/1.0-alpha-4/doxia-sink-api-1.0-alpha-4.jar (5 KB at 14.4 KB/sec)
[INFO] Downloaded: https://repo.maven.apache.org/maven2/aspectj/aspectjrt/1.5.3/aspectjrt-1.5.3.jar (113 KB at 376.8 KB/sec)
[INFO] Downloaded: https://repo.maven.apache.org/maven2/org/apache/maven/shared/maven-common-artifact-filters/1.4/maven-common-artifact-filters-1.4.jar (31 KB at 101.5 KB/sec)
[INFO] Downloaded: https://repo.maven.apache.org/maven2/org/apache/ant/ant/1.8.4/ant-1.8.4.jar (1897 KB at 5417.8 KB/sec)
[INFO] Processing: /home/travis/build/myui/hivemall/target/hivemall-0.3.jar
[INFO] Building zip: /home/travis/build/myui/hivemall/target/jarjar/uber-hivemall-0.3.jar
[INFO] JarJar'ing to: /home/travis/build/myui/hivemall/target/hivemall-0.3-fat.jar
[INFO] 
[INFO] --- maven-install-plugin:2.4:install (default-install) @ hivemall ---
[INFO] Downloading: https://repo.maven.apache.org/maven2/org/codehaus/plexus/plexus-utils/3.0.5/plexus-utils-3.0.5.pom
[INFO] Downloaded: https://repo.maven.apache.org/maven2/org/codehaus/plexus/plexus-utils/3.0.5/plexus-utils-3.0.5.pom (3 KB at 24.1 KB/sec)
[INFO] Downloading: https://repo.maven.apache.org/maven2/org/codehaus/plexus/plexus/3.1/plexus-3.1.pom
[INFO] Downloaded: https://repo.maven.apache.org/maven2/org/codehaus/plexus/plexus/3.1/plexus-3.1.pom (19 KB at 166.8 KB/sec)
[INFO] Downloading: https://repo.maven.apache.org/maven2/org/codehaus/plexus/plexus-digest/1.0/plexus-digest-1.0.pom
[INFO] Downloaded: https://repo.maven.apache.org/maven2/org/codehaus/plexus/plexus-digest/1.0/plexus-digest-1.0.pom (2 KB at 9.8 KB/sec)
[INFO] Downloading: https://repo.maven.apache.org/maven2/org/codehaus/plexus/plexus-components/1.1.7/plexus-components-1.1.7.pom
[INFO] Downloaded: https://repo.maven.apache.org/maven2/org/codehaus/plexus/plexus-components/1.1.7/plexus-components-1.1.7.pom (5 KB at 45.0 KB/sec)
[INFO] Downloading: https://repo.maven.apache.org/maven2/org/codehaus/plexus/plexus/1.0.8/plexus-1.0.8.pom
[INFO] Downloaded: https://repo.maven.apache.org/maven2/org/codehaus/plexus/plexus/1.0.8/plexus-1.0.8.pom (8 KB at 68.5 KB/sec)
[INFO] Downloading: https://repo.maven.apache.org/maven2/org/codehaus/plexus/plexus-container-default/1.0-alpha-8/plexus-container-default-1.0-alpha-8.pom
[INFO] Downloaded: https://repo.maven.apache.org/maven2/org/codehaus/plexus/plexus-container-default/1.0-alpha-8/plexus-container-default-1.0-alpha-8.pom (8 KB at 65.1 KB/sec)
[INFO] Downloading: https://repo.maven.apache.org/maven2/org/codehaus/plexus/plexus-utils/3.0.5/plexus-utils-3.0.5.jar
[INFO] Downloading: https://repo.maven.apache.org/maven2/org/codehaus/plexus/plexus-digest/1.0/plexus-digest-1.0.jar
[INFO] Downloaded: https://repo.maven.apache.org/maven2/org/codehaus/plexus/plexus-digest/1.0/plexus-digest-1.0.jar (12 KB at 106.2 KB/sec)
[INFO] Downloaded: https://repo.maven.apache.org/maven2/org/codehaus/plexus/plexus-utils/3.0.5/plexus-utils-3.0.5.jar (226 KB at 1692.1 KB/sec)
[INFO] Installing /home/travis/build/myui/hivemall/target/hivemall-0.3.jar to /home/travis/.m2/repository/hivemall/hivemall/0.3/hivemall-0.3.jar
[INFO] Installing /home/travis/build/myui/hivemall/pom.xml to /home/travis/.m2/repository/hivemall/hivemall/0.3/hivemall-0.3.pom
[INFO] ------------------------------------------------------------------------
[INFO] BUILD SUCCESS
[INFO] ------------------------------------------------------------------------
[INFO] Total time: 01:27 min
[INFO] Finished at: 2016-11-16T23:02:43+00:00
[INFO] Final Memory: 30M/230M
[INFO] ------------------------------------------------------------------------

travis_time:end:02aa7c70:start=1479337274930975143,finish=1479337364136291850,duration=89205316707[0Ktravis_fold:end:install[0Ktravis_time:start:0244b450[0K$ mvn test -B
[INFO] Scanning for projects...
[INFO]                                                                         
[INFO] ------------------------------------------------------------------------
[INFO] Building Hivemall 0.3
[INFO] ------------------------------------------------------------------------
[INFO] Downloading: https://repository.apache.org/snapshots/asm/asm/maven-metadata.xml
[INFO] Downloading: https://oss.sonatype.org/content/repositories/releases/asm/asm/maven-metadata.xml
[INFO] Downloading: https://repository.apache.org/releases/asm/asm/maven-metadata.xml
[INFO] Downloading: https://nexus.codehaus.org/snapshots/asm/asm/maven-metadata.xml
[WARNING] Could not transfer metadata asm:asm/maven-metadata.xml from/to codehaus-snapshots (https://nexus.codehaus.org/snapshots/): nexus.codehaus.org: Name or service not known
[WARNING] Could not transfer metadata asm:asm/maven-metadata.xml from/to local.repository (file:../../local.repository/trunk): Cannot access file:../../local.repository/trunk with type legacy using the available connector factories: BasicRepositoryConnectorFactory
[INFO] 
[INFO] --- properties-maven-plugin:1.0-alpha-2:read-project-properties (default) @ hivemall ---
[INFO] 
[INFO] --- maven-resources-plugin:2.6:resources (default-resources) @ hivemall ---
[INFO] Using 'UTF-8' encoding to copy filtered resources.
[INFO] skip non existing resourceDirectory /home/travis/build/myui/hivemall/src/main/resources
[INFO] 
[INFO] --- maven-compiler-plugin:3.1:compile (default-compile) @ hivemall ---
[INFO] Nothing to compile - all classes are up to date
[INFO] 
[INFO] --- maven-resources-plugin:2.6:testResources (default-testResources) @ hivemall ---
[INFO] Using 'UTF-8' encoding to copy filtered resources.
[INFO] skip non existing resourceDirectory /home/travis/build/myui/hivemall/src/test/resources
[INFO] 
[INFO] --- maven-compiler-plugin:3.1:testCompile (default-testCompile) @ hivemall ---
[INFO] Nothing to compile - all classes are up to date
[INFO] 
[INFO] --- maven-surefire-plugin:2.14.1:test (default-test) @ hivemall ---
[INFO] Surefire report directory: /home/travis/build/myui/hivemall/target/surefire-reports
[INFO] Downloading: https://repo.maven.apache.org/maven2/org/apache/maven/surefire/surefire-junit4/2.14.1/surefire-junit4-2.14.1.pom
[INFO] Downloaded: https://repo.maven.apache.org/maven2/org/apache/maven/surefire/surefire-junit4/2.14.1/surefire-junit4-2.14.1.pom (3 KB at 10.6 KB/sec)
[INFO] Downloading: https://repo.maven.apache.org/maven2/org/apache/maven/surefire/surefire-providers/2.14.1/surefire-providers-2.14.1.pom
[INFO] Downloaded: https://repo.maven.apache.org/maven2/org/apache/maven/surefire/surefire-providers/2.14.1/surefire-providers-2.14.1.pom (3 KB at 22.3 KB/sec)
[INFO] Downloading: https://repo.maven.apache.org/maven2/org/apache/maven/surefire/surefire-junit4/2.14.1/surefire-junit4-2.14.1.jar
[INFO] Downloaded: https://repo.maven.apache.org/maven2/org/apache/maven/surefire/surefire-junit4/2.14.1/surefire-junit4-2.14.1.jar (78 KB at 579.4 KB/sec)

-------------------------------------------------------
 T E S T S
-------------------------------------------------------

-------------------------------------------------------
 T E S T S
-------------------------------------------------------
Running hivemall.common.OnlineVarianceTest
Tests run: 1, Failures: 0, Errors: 0, Skipped: 0, Time elapsed: 0.653 sec
Running hivemall.common.RandomizedAmplifierTest
Tests run: 1, Failures: 0, Errors: 0, Skipped: 0, Time elapsed: 0.179 sec
Running hivemall.regression.AdaGradUDTFTest
16/11/16 23:02:57 INFO hivemall.LearnerBaseUDTF: Build a sparse model with initial with 16384 initial dimensions
16/11/16 23:02:57 INFO hivemall.LearnerBaseUDTF: Build a sparse model with initial with 16384 initial dimensions
16/11/16 23:02:57 INFO hivemall.LearnerBaseUDTF: Build a sparse model with initial with 16384 initial dimensions
Tests run: 1, Failures: 0, Errors: 0, Skipped: 0, Time elapsed: 0.305 sec
Running hivemall.mix.client.MixRequestRouterTest
Tests run: 1, Failures: 0, Errors: 0, Skipped: 0, Time elapsed: 0.375 sec
Running hivemall.mix.server.MixServerTest
16/11/16 23:03:01 INFO logging.LoggingHandler: [id: 0xc8722d7d] REGISTERED
16/11/16 23:03:01 INFO logging.LoggingHandler: [id: 0xc8722d7d] BIND(0.0.0.0/0.0.0.0:11213)
16/11/16 23:03:01 INFO logging.LoggingHandler: [id: 0xc8722d7d, /0.0.0.0:11213] ACTIVE
16/11/16 23:03:01 INFO logging.LoggingHandler: [id: 0x1bd4f661] REGISTERED
16/11/16 23:03:01 INFO logging.LoggingHandler: [id: 0x1bd4f661] BIND(0.0.0.0/0.0.0.0:11214)
16/11/16 23:03:01 INFO logging.LoggingHandler: [id: 0x1bd4f661, /0.0.0.0:11214] ACTIVE
16/11/16 23:03:02 INFO logging.LoggingHandler: [id: 0x1bd4f661, /0.0.0.0:11214] RECEIVED: [id: 0xf7f1d083, /127.0.0.1:49372 => /127.0.0.1:11214]
16/11/16 23:03:02 INFO logging.LoggingHandler: [id: 0x1bd4f661, /0.0.0.0:11214] RECEIVED: [id: 0x7c1f3e32, /127.0.0.1:49374 => /127.0.0.1:11214]
16/11/16 23:03:02 INFO logging.LoggingHandler: [id: 0x1bd4f661, /0.0.0.0:11214] RECEIVED: [id: 0x7423bde3, /127.0.0.1:49376 => /127.0.0.1:11214]
16/11/16 23:03:02 INFO logging.LoggingHandler: [id: 0x1bd4f661, /0.0.0.0:11214] RECEIVED: [id: 0x017471d3, /127.0.0.1:49378 => /127.0.0.1:11214]
16/11/16 23:03:03 INFO logging.LoggingHandler: [id: 0x1bd4f661, /0.0.0.0:11214] RECEIVED: [id: 0x2140aa70, /127.0.0.1:49380 => /127.0.0.1:11214]
16/11/16 23:03:06 INFO metrics.ThroughputCounter: Read Throughput: 173 KB/sec, 121 msg/sec
Write Throughput: 70 KB/sec, 12886 msg/sec
16/11/16 23:03:11 INFO metrics.ThroughputCounter: Read Throughput: 2615 KB/sec, 225 msg/sec
Write Throughput: 1111 KB/sec, 204742 msg/sec
16/11/16 23:03:12 INFO logging.LoggingHandler: [id: 0x8b63011b] REGISTERED
16/11/16 23:03:12 INFO logging.LoggingHandler: [id: 0x8b63011b] BIND(0.0.0.0/0.0.0.0:11212)
16/11/16 23:03:12 INFO logging.LoggingHandler: [id: 0x8b63011b, /0.0.0.0:11212] ACTIVE
16/11/16 23:03:12 INFO logging.LoggingHandler: [id: 0x8b63011b, /0.0.0.0:11212] RECEIVED: [id: 0x990b967c, /127.0.0.1:56214 => /127.0.0.1:11212]
16/11/16 23:03:17 INFO metrics.ThroughputCounter: Read Throughput: 622 KB/sec, 77 msg/sec
Write Throughput: 270 KB/sec, 49543 msg/sec
16/11/16 23:03:18 INFO logging.LoggingHandler: [id: 0xddb31aae] REGISTERED
16/11/16 23:03:18 INFO logging.LoggingHandler: [id: 0xddb31aae] BIND(0.0.0.0/0.0.0.0:11215)
16/11/16 23:03:18 INFO logging.LoggingHandler: [id: 0xddb31aae, /0.0.0.0:11215] ACTIVE
16/11/16 23:03:18 INFO logging.LoggingHandler: [id: 0xddb31aae, /0.0.0.0:11215] RECEIVED: [id: 0x8bc6db89, /127.0.0.1:36518 => /127.0.0.1:11215]
16/11/16 23:03:18 INFO logging.LoggingHandler: [id: 0xddb31aae, /0.0.0.0:11215] RECEIVED: [id: 0x352ce235, /127.0.0.1:36520 => /127.0.0.1:11215]
16/11/16 23:03:23 INFO metrics.ThroughputCounter: Read Throughput: 2208 KB/sec, 3445 msg/sec
Write Throughput: 926 KB/sec, 185144 msg/sec
16/11/16 23:03:28 INFO metrics.ThroughputCounter: Read Throughput: 1023 KB/sec, 82 msg/sec
Write Throughput: 439 KB/sec, 80386 msg/sec
16/11/16 23:03:48 INFO logging.LoggingHandler: [id: 0x49f2455a] REGISTERED
16/11/16 23:03:48 INFO logging.LoggingHandler: [id: 0x49f2455a] BIND(0.0.0.0/0.0.0.0:11215)
16/11/16 23:03:48 INFO logging.LoggingHandler: [id: 0x49f2455a] CLOSE()
16/11/16 23:03:48 INFO logging.LoggingHandler: [id: 0x49f2455a] UNREGISTERED
16/11/16 23:03:49 INFO logging.LoggingHandler: [id: 0xddb31aae, /0.0.0.0:11215] RECEIVED: [id: 0xe39ae204, /127.0.0.1:36522 => /127.0.0.1:11215]
16/11/16 23:03:49 INFO logging.LoggingHandler: [id: 0xddb31aae, /0.0.0.0:11215] RECEIVED: [id: 0x0d07bab7, /127.0.0.1:36524 => /127.0.0.1:11215]
16/11/16 23:03:53 INFO metrics.ThroughputCounter: Read Throughput: 3659 KB/sec, 4622 msg/sec
Write Throughput: 1546 KB/sec, 288974 msg/sec
16/11/16 23:03:58 INFO metrics.ThroughputCounter: Read Throughput: 2792 KB/sec, 221 msg/sec
Write Throughput: 1186 KB/sec, 217315 msg/sec
Tests run: 5, Failures: 0, Errors: 1, Skipped: 0, Time elapsed: 80.353 sec <<< FAILURE!
testSSL(hivemall.mix.server.MixServerTest)  Time elapsed: 2.712 sec  <<< ERROR!
java.lang.RuntimeException: java.net.ConnectException: Connection refused: localhost/127.0.0.1:11213
	at sun.nio.ch.SocketChannelImpl.checkConnect(Native Method)
	at sun.nio.ch.SocketChannelImpl.finishConnect(SocketChannelImpl.java:739)
	at io.netty.channel.socket.nio.NioSocketChannel.doFinishConnect(NioSocketChannel.java:208)
	at io.netty.channel.nio.AbstractNioChannel$AbstractNioUnsafe.finishConnect(AbstractNioChannel.java:287)
	at io.netty.channel.nio.NioEventLoop.processSelectedKey(NioEventLoop.java:528)
	at io.netty.channel.nio.NioEventLoop.processSelectedKeysOptimized(NioEventLoop.java:468)
	at io.netty.channel.nio.NioEventLoop.processSelectedKeys(NioEventLoop.java:382)
	at io.netty.channel.nio.NioEventLoop.run(NioEventLoop.java:354)
	at io.netty.util.concurrent.SingleThreadEventExecutor$2.run(SingleThreadEventExecutor.java:116)
	at io.netty.util.concurrent.DefaultThreadFactory$DefaultRunnableDecorator.run(DefaultThreadFactory.java:137)
	at java.lang.Thread.run(Thread.java:745)

Running hivemall.ftvec.scaling.L2NormalizationUDFTest
Tests run: 1, Failures: 0, Errors: 0, Skipped: 0, Time elapsed: 0.2 sec
Running hivemall.ftvec.hashing.MurmurHash3UDFTest
Tests run: 4, Failures: 0, Errors: 0, Skipped: 0, Time elapsed: 0.092 sec
Running hivemall.ftvec.hashing.Sha1UDFTest
Tests run: 4, Failures: 0, Errors: 0, Skipped: 0, Time elapsed: 0.086 sec
Running hivemall.io.FeatureValueTest
Tests run: 4, Failures: 0, Errors: 0, Skipped: 0, Time elapsed: 0.168 sec
Running hivemall.io.SpaceEfficientDenseModelTest
Tests run: 1, Failures: 0, Errors: 0, Skipped: 0, Time elapsed: 0.197 sec
Running hivemall.utils.ArrayUtilsTest
Tests run: 1, Failures: 0, Errors: 0, Skipped: 0, Time elapsed: 0.073 sec
Running hivemall.utils.BitUtilsTest
Tests run: 1, Failures: 0, Errors: 0, Skipped: 0, Time elapsed: 0.114 sec
Running hivemall.utils.lang.HalfFloatTest
Tests run: 7, Failures: 0, Errors: 0, Skipped: 0, Time elapsed: 0.106 sec
Running hivemall.utils.lang.NumberUtilsTest
Tests run: 1, Failures: 0, Errors: 0, Skipped: 0, Time elapsed: 0.069 sec
Running hivemall.utils.collections.OpenHashMapTest
Tests run: 3, Failures: 0, Errors: 0, Skipped: 0, Time elapsed: 2.841 sec
Running hivemall.utils.hashing.MurmurHash3Test
Tests run: 1, Failures: 0, Errors: 0, Skipped: 0, Time elapsed: 0.088 sec
Running hivemall.utils.hadoop.HadoopUtilsTest
Tests run: 1, Failures: 0, Errors: 0, Skipped: 0, Time elapsed: 0.228 sec
Running hivemall.knn.distance.CosineSimilarityUDFTest
Tests run: 1, Failures: 0, Errors: 0, Skipped: 0, Time elapsed: 0.09 sec
Running hivemall.knn.lsh.MinHashUDFTest
Tests run: 1, Failures: 0, Errors: 0, Skipped: 0, Time elapsed: 0.207 sec
Running hivemall.knn.lsh.bBitMinHashUDFTest
Tests run: 1, Failures: 0, Errors: 0, Skipped: 0, Time elapsed: 0.216 sec
Running hivemall.classifier.PerceptronUDTFTest
16/11/16 23:04:28 INFO hivemall.LearnerBaseUDTF: Build a sparse model with initial with 16384 initial dimensions
16/11/16 23:04:28 INFO hivemall.LearnerBaseUDTF: Build a sparse model with initial with 16384 initial dimensions
16/11/16 23:04:28 INFO hivemall.LearnerBaseUDTF: Build a sparse model with initial with 16384 initial dimensions
16/11/16 23:04:28 INFO hivemall.LearnerBaseUDTF: Build a sparse model with initial with 16384 initial dimensions
16/11/16 23:04:28 INFO hivemall.LearnerBaseUDTF: Build a sparse model with initial with 16384 initial dimensions
Tests run: 3, Failures: 0, Errors: 0, Skipped: 0, Time elapsed: 0.321 sec
Running hivemall.classifier.PassiveAggressiveUDTFTest
16/11/16 23:04:29 INFO hivemall.LearnerBaseUDTF: Build a sparse model with initial with 16384 initial dimensions
16/11/16 23:04:29 INFO hivemall.LearnerBaseUDTF: Build a sparse model with initial with 16384 initial dimensions
16/11/16 23:04:29 INFO hivemall.LearnerBaseUDTF: Build a sparse model with initial with 16384 initial dimensions
16/11/16 23:04:29 INFO hivemall.LearnerBaseUDTF: Build a sparse model with initial with 16384 initial dimensions
16/11/16 23:04:29 INFO hivemall.LearnerBaseUDTF: Build a sparse model with initial with 16384 initial dimensions
16/11/16 23:04:29 INFO hivemall.LearnerBaseUDTF: Build a sparse model with initial with 16384 initial dimensions
16/11/16 23:04:29 INFO hivemall.LearnerBaseUDTF: Build a sparse model with initial with 16384 initial dimensions
16/11/16 23:04:29 INFO hivemall.LearnerBaseUDTF: Build a sparse model with initial with 16384 initial dimensions
16/11/16 23:04:29 INFO hivemall.LearnerBaseUDTF: Build a sparse model with initial with 16384 initial dimensions
16/11/16 23:04:29 INFO hivemall.LearnerBaseUDTF: Build a sparse model with initial with 16384 initial dimensions
Tests run: 9, Failures: 0, Errors: 0, Skipped: 0, Time elapsed: 0.325 sec

Results :

Tests in error: 
  MixServerTest.testSSL:96 » Runtime java.net.ConnectException: Connection refus...

Tests run: 53, Failures: 0, Errors: 1, Skipped: 0

[INFO] ------------------------------------------------------------------------
[INFO] BUILD FAILURE
[INFO] ------------------------------------------------------------------------
[INFO] Total time: 01:43 min
[INFO] Finished at: 2016-11-16T23:04:29+00:00
[INFO] Final Memory: 13M/168M
[INFO] ------------------------------------------------------------------------
[ERROR] Failed to execute goal org.apache.maven.plugins:maven-surefire-plugin:2.14.1:test (default-test) on project hivemall: There are test failures.
[ERROR] 
[ERROR] Please refer to /home/travis/build/myui/hivemall/target/surefire-reports for the individual test results.
[ERROR] -> [Help 1]
[ERROR] 
[ERROR] To see the full stack trace of the errors, re-run Maven with the -e switch.
[ERROR] Re-run Maven using the -X switch to enable full debug logging.
[ERROR] 
[ERROR] For more information about the errors and possible solutions, please read the following articles:
[ERROR] [Help 1] http://cwiki.apache.org/confluence/display/MAVEN/MojoFailureException

travis_time:end:0244b450:start=1479337364142064181,finish=1479337470840227953,duration=106698163772[0K
[31;1mThe command "mvn test -B" exited with 1.[0m

Done. Your build exited with 1.
