Using worker: worker-linux-docker-b32a724a.prod.travis-ci.org:travis-linux-11

travis_fold:start:system_info
[0K[33;1mBuild system information[0m
Build language: java
Build group: stable
Build dist: precise
[34m[1mBuild image provisioning date and time[0m
Thu Feb  5 15:09:33 UTC 2015
[34m[1mOperating System Details[0m
Distributor ID: Ubuntu
Description:    Ubuntu 12.04.5 LTS
Release:    12.04
Codename:   precise
[34m[1mLinux Version[0m
3.13.0-29-generic
[34m[1mCookbooks Version[0m
a68419e https://github.com/travis-ci/travis-cookbooks/tree/a68419e
[34m[1mGCC version[0m
gcc (Ubuntu/Linaro 4.6.3-1ubuntu5) 4.6.3
Copyright (C) 2011 Free Software Foundation, Inc.
This is free software; see the source for copying conditions.  There is NO
warranty; not even for MERCHANTABILITY or FITNESS FOR A PARTICULAR PURPOSE.

[34m[1mLLVM version[0m
clang version 3.4 (tags/RELEASE_34/final)
Target: x86_64-unknown-linux-gnu
Thread model: posix
[34m[1mPre-installed Ruby versions[0m
ruby-1.9.3-p551
[34m[1mPre-installed Node.js versions[0m
v0.10.36
[34m[1mPre-installed Go versions[0m
1.4.1
[34m[1mRedis version[0m
redis-server 2.8.19
[34m[1mriak version[0m
2.0.2
[34m[1mMongoDB version[0m
MongoDB 2.4.12
[34m[1mCouchDB version[0m
couchdb 1.6.1
[34m[1mNeo4j version[0m
1.9.4
[34m[1mRabbitMQ Version[0m
3.4.3
[34m[1mElasticSearch version[0m
1.4.0
[34m[1mInstalled Sphinx versions[0m
2.0.10
2.1.9
2.2.6
[34m[1mDefault Sphinx version[0m
2.2.6
[34m[1mInstalled Firefox version[0m
firefox 31.0esr
[34m[1mPhantomJS version[0m
1.9.8
[34m[1mant -version[0m
Apache Ant(TM) version 1.8.2 compiled on December 3 2011
[34m[1mmvn -version[0m
Apache Maven 3.2.5 (12a6b3acb947671f09b81f49094c53f426d8cea1; 2014-12-14T17:29:23+00:00)
Maven home: /usr/local/maven
Java version: 1.7.0_76, vendor: Oracle Corporation
Java home: /usr/lib/jvm/java-7-oracle/jre
Default locale: en_US, platform encoding: ANSI_X3.4-1968
OS name: "linux", version: "3.13.0-29-generic", arch: "amd64", family: "unix"
travis_fold:end:system_info
[0K
travis_fold:start:git.checkout
[0Ktravis_time:start:043f48b0
[0K$ git clone --depth=50 --branch=feature/\#87/swingworker https://github.com/[secure]/GCViewer.git [secure]/GCViewer
Cloning into '[secure]/GCViewer'...
remote: Counting objects: 5464, done.[K
remote: Compressing objects:   0% (1/1919)   [K
remote: Compressing objects:   1% (20/1919)   [K
remote: Compressing objects:   2% (39/1919)   [K
remote: Compressing objects:   3% (58/1919)   [K
remote: Compressing objects:   4% (77/1919)   [K
remote: Compressing objects:   5% (96/1919)   [K
remote: Compressing objects:   6% (116/1919)   [K
remote: Compressing objects:   7% (135/1919)   [K
remote: Compressing objects:   8% (154/1919)   [K
remote: Compressing objects:   9% (173/1919)   [K
remote: Compressing objects:  10% (192/1919)   [K
remote: Compressing objects:  11% (212/1919)   [K
remote: Compressing objects:  12% (231/1919)   [K
remote: Compressing objects:  13% (250/1919)   [K
remote: Compressing objects:  14% (269/1919)   [K
remote: Compressing objects:  15% (288/1919)   [K
remote: Compressing objects:  16% (308/1919)   [K
remote: Compressing objects:  17% (327/1919)   [K
remote: Compressing objects:  18% (346/1919)   [K
remote: Compressing objects:  19% (365/1919)   [K
remote: Compressing objects:  20% (384/1919)   [K
remote: Compressing objects:  21% (403/1919)   [K
remote: Compressing objects:  22% (423/1919)   [K
remote: Compressing objects:  23% (442/1919)   [K
remote: Compressing objects:  24% (461/1919)   [K
remote: Compressing objects:  25% (480/1919)   [K
remote: Compressing objects:  26% (499/1919)   [K
remote: Compressing objects:  27% (519/1919)   [K
remote: Compressing objects:  28% (538/1919)   [K
remote: Compressing objects:  29% (557/1919)   [K
remote: Compressing objects:  30% (576/1919)   [K
remote: Compressing objects:  31% (595/1919)   [K
remote: Compressing objects:  32% (615/1919)   [K
remote: Compressing objects:  33% (634/1919)   [K
remote: Compressing objects:  34% (653/1919)   [K
remote: Compressing objects:  35% (672/1919)   [K
remote: Compressing objects:  36% (691/1919)   [K
remote: Compressing objects:  37% (711/1919)   [K
remote: Compressing objects:  38% (730/1919)   [K
remote: Compressing objects:  39% (749/1919)   [K
remote: Compressing objects:  40% (768/1919)   [K
remote: Compressing objects:  41% (787/1919)   [K
remote: Compressing objects:  42% (806/1919)   [K
remote: Compressing objects:  43% (826/1919)   [K
remote: Compressing objects:  44% (845/1919)   [K
remote: Compressing objects:  45% (864/1919)   [K
remote: Compressing objects:  46% (883/1919)   [K
remote: Compressing objects:  47% (902/1919)   [K
remote: Compressing objects:  48% (922/1919)   [K
remote: Compressing objects:  49% (941/1919)   [K
remote: Compressing objects:  50% (960/1919)   [K
remote: Compressing objects:  51% (979/1919)   [K
remote: Compressing objects:  52% (998/1919)   [K
remote: Compressing objects:  53% (1018/1919)   [K
remote: Compressing objects:  54% (1037/1919)   [K
remote: Compressing objects:  55% (1056/1919)   [K
remote: Compressing objects:  56% (1075/1919)   [K
remote: Compressing objects:  57% (1094/1919)   [K
remote: Compressing objects:  58% (1114/1919)   [K
remote: Compressing objects:  59% (1133/1919)   [K
remote: Compressing objects:  60% (1152/1919)   [K
remote: Compressing objects:  61% (1171/1919)   [K
remote: Compressing objects:  62% (1190/1919)   [K
remote: Compressing objects:  63% (1209/1919)   [K
remote: Compressing objects:  64% (1229/1919)   [K
remote: Compressing objects:  65% (1248/1919)   [K
remote: Compressing objects:  66% (1267/1919)   [K
remote: Compressing objects:  67% (1286/1919)   [K
remote: Compressing objects:  68% (1305/1919)   [K
remote: Compressing objects:  69% (1325/1919)   [K
remote: Compressing objects:  70% (1344/1919)   [K
remote: Compressing objects:  71% (1363/1919)   [K
remote: Compressing objects:  72% (1382/1919)   [K
remote: Compressing objects:  73% (1401/1919)   [K
remote: Compressing objects:  74% (1421/1919)   [K
remote: Compressing objects:  75% (1440/1919)   [K
remote: Compressing objects:  76% (1459/1919)   [K
remote: Compressing objects:  77% (1478/1919)   [K
remote: Compressing objects:  78% (1497/1919)   [K
remote: Compressing objects:  79% (1517/1919)   [K
remote: Compressing objects:  80% (1536/1919)   [K
remote: Compressing objects:  81% (1555/1919)   [K
remote: Compressing objects:  82% (1574/1919)   [K
remote: Compressing objects:  83% (1593/1919)   [K
remote: Compressing objects:  84% (1612/1919)   [K
remote: Compressing objects:  85% (1632/1919)   [K
remote: Compressing objects:  86% (1651/1919)   [K
remote: Compressing objects:  87% (1670/1919)   [K
remote: Compressing objects:  88% (1689/1919)   [K
remote: Compressing objects:  89% (1708/1919)   [K
remote: Compressing objects:  90% (1728/1919)   [K
remote: Compressing objects:  91% (1747/1919)   [K
remote: Compressing objects:  92% (1766/1919)   [K
remote: Compressing objects:  93% (1785/1919)   [K
remote: Compressing objects:  94% (1804/1919)   [K
remote: Compressing objects:  95% (1824/1919)   [K
remote: Compressing objects:  96% (1843/1919)   [K
remote: Compressing objects:  97% (1862/1919)   [K
remote: Compressing objects:  98% (1881/1919)   [K
remote: Compressing objects:  99% (1900/1919)   [K
remote: Compressing objects: 100% (1919/1919)   [K
remote: Compressing objects: 100% (1919/1919), done.[K
Receiving objects:   0% (1/5464)   
Receiving objects:   1% (55/5464)   
Receiving objects:   2% (110/5464)   
Receiving objects:   3% (164/5464)   
Receiving objects:   4% (219/5464)   
Receiving objects:   5% (274/5464)   
Receiving objects:   6% (328/5464)   
Receiving objects:   7% (383/5464)   
Receiving objects:   8% (438/5464)   
Receiving objects:   9% (492/5464)   
Receiving objects:  10% (547/5464)   
Receiving objects:  11% (602/5464)   
Receiving objects:  12% (656/5464)   
Receiving objects:  13% (711/5464)   
Receiving objects:  14% (765/5464)   
Receiving objects:  15% (820/5464)   
Receiving objects:  16% (875/5464)   
Receiving objects:  17% (929/5464)   
Receiving objects:  18% (984/5464)   
Receiving objects:  19% (1039/5464)   
Receiving objects:  20% (1093/5464)   
Receiving objects:  21% (1148/5464)   
Receiving objects:  22% (1203/5464)   
Receiving objects:  23% (1257/5464)   
Receiving objects:  24% (1312/5464)   
Receiving objects:  25% (1366/5464)   
Receiving objects:  26% (1421/5464)   
Receiving objects:  27% (1476/5464)   
Receiving objects:  28% (1530/5464)   
Receiving objects:  29% (1585/5464)   
Receiving objects:  30% (1640/5464)   
Receiving objects:  31% (1694/5464)   
Receiving objects:  32% (1749/5464)   
Receiving objects:  33% (1804/5464)   
Receiving objects:  34% (1858/5464)   
Receiving objects:  35% (1913/5464)   
Receiving objects:  36% (1968/5464)   
Receiving objects:  37% (2022/5464)   
Receiving objects:  38% (2077/5464)   
Receiving objects:  39% (2131/5464)   
Receiving objects:  40% (2186/5464)   
Receiving objects:  41% (2241/5464)   
Receiving objects:  42% (2295/5464)   
Receiving objects:  43% (2350/5464)   
Receiving objects:  44% (2405/5464)   
Receiving objects:  45% (2459/5464)   
Receiving objects:  46% (2514/5464)   
Receiving objects:  47% (2569/5464)   
Receiving objects:  48% (2623/5464)   
Receiving objects:  49% (2678/5464)   
Receiving objects:  50% (2732/5464)   
Receiving objects:  51% (2787/5464)   
Receiving objects:  52% (2842/5464)   
Receiving objects:  53% (2896/5464)   
Receiving objects:  54% (2951/5464)   
Receiving objects:  55% (3006/5464)   
Receiving objects:  56% (3060/5464)   
Receiving objects:  57% (3115/5464)   
Receiving objects:  58% (3170/5464)   
Receiving objects:  59% (3224/5464)   
Receiving objects:  60% (3279/5464)   
Receiving objects:  61% (3334/5464)   
Receiving objects:  62% (3388/5464)   
Receiving objects:  63% (3443/5464)   
Receiving objects:  64% (3497/5464)   
Receiving objects:  65% (3552/5464)   
Receiving objects:  66% (3607/5464)   
Receiving objects:  67% (3661/5464)   
Receiving objects:  68% (3716/5464)   
Receiving objects:  69% (3771/5464)   
Receiving objects:  70% (3825/5464)   
Receiving objects:  71% (3880/5464)   
Receiving objects:  72% (3935/5464)   
Receiving objects:  73% (3989/5464)   
Receiving objects:  74% (4044/5464)   
Receiving objects:  75% (4098/5464)   
Receiving objects:  76% (4153/5464)   
Receiving objects:  77% (4208/5464)   
Receiving objects:  78% (4262/5464)   
Receiving objects:  79% (4317/5464)   
Receiving objects:  80% (4372/5464)   
Receiving objects:  81% (4426/5464)   
Receiving objects:  82% (4481/5464)   
Receiving objects:  83% (4536/5464)   
Receiving objects:  84% (4590/5464)   
Receiving objects:  85% (4645/5464)   
Receiving objects:  86% (4700/5464)   
Receiving objects:  87% (4754/5464)   
Receiving objects:  88% (4809/5464)   
Receiving objects:  89% (4863/5464)   
Receiving objects:  90% (4918/5464)   
Receiving objects:  91% (4973/5464)   
Receiving objects:  92% (5027/5464)   
Receiving objects:  93% (5082/5464)   
Receiving objects:  94% (5137/5464)   
Receiving objects:  95% (5191/5464)   
remote: Total 5464 (delta 2586), reused 5024 (delta 2188), pack-reused 0[K
Receiving objects:  96% (5246/5464)   
Receiving objects:  97% (5301/5464)   
Receiving objects:  98% (5355/5464)   
Receiving objects:  99% (5410/5464)   
Receiving objects: 100% (5464/5464)   
Receiving objects: 100% (5464/5464), 5.06 MiB | 0 bytes/s, done.
Resolving deltas:   0% (0/2586)   
Resolving deltas:   3% (90/2586)   
Resolving deltas:   4% (107/2586)   
Resolving deltas:   5% (147/2586)   
Resolving deltas:   6% (161/2586)   
Resolving deltas:   7% (185/2586)   
Resolving deltas:   8% (212/2586)   
Resolving deltas:   9% (237/2586)   
Resolving deltas:  10% (262/2586)   
Resolving deltas:  11% (288/2586)   
Resolving deltas:  12% (314/2586)   
Resolving deltas:  13% (340/2586)   
Resolving deltas:  14% (363/2586)   
Resolving deltas:  15% (390/2586)   
Resolving deltas:  16% (435/2586)   
Resolving deltas:  17% (442/2586)   
Resolving deltas:  18% (473/2586)   
Resolving deltas:  19% (492/2586)   
Resolving deltas:  20% (525/2586)   
Resolving deltas:  21% (559/2586)   
Resolving deltas:  22% (574/2586)   
Resolving deltas:  24% (632/2586)   
Resolving deltas:  25% (652/2586)   
Resolving deltas:  26% (673/2586)   
Resolving deltas:  27% (718/2586)   
Resolving deltas:  28% (733/2586)   
Resolving deltas:  29% (752/2586)   
Resolving deltas:  30% (787/2586)   
Resolving deltas:  31% (814/2586)   
Resolving deltas:  32% (829/2586)   
Resolving deltas:  33% (856/2586)   
Resolving deltas:  34% (884/2586)   
Resolving deltas:  35% (906/2586)   
Resolving deltas:  36% (939/2586)   
Resolving deltas:  37% (957/2586)   
Resolving deltas:  39% (1014/2586)   
Resolving deltas:  40% (1050/2586)   
Resolving deltas:  41% (1066/2586)   
Resolving deltas:  42% (1088/2586)   
Resolving deltas:  43% (1116/2586)   
Resolving deltas:  44% (1146/2586)   
Resolving deltas:  46% (1200/2586)   
Resolving deltas:  47% (1217/2586)   
Resolving deltas:  48% (1245/2586)   
Resolving deltas:  49% (1269/2586)   
Resolving deltas:  50% (1305/2586)   
Resolving deltas:  51% (1319/2586)   
Resolving deltas:  52% (1345/2586)   
Resolving deltas:  54% (1420/2586)   
Resolving deltas:  55% (1423/2586)   
Resolving deltas:  56% (1449/2586)   
Resolving deltas:  57% (1479/2586)   
Resolving deltas:  58% (1502/2586)   
Resolving deltas:  59% (1526/2586)   
Resolving deltas:  60% (1564/2586)   
Resolving deltas:  61% (1595/2586)   
Resolving deltas:  62% (1604/2586)   
Resolving deltas:  63% (1640/2586)   
Resolving deltas:  64% (1661/2586)   
Resolving deltas:  66% (1719/2586)   
Resolving deltas:  67% (1734/2586)   
Resolving deltas:  68% (1759/2586)   
Resolving deltas:  69% (1785/2586)   
Resolving deltas:  70% (1825/2586)   
Resolving deltas:  72% (1878/2586)   
Resolving deltas:  73% (1894/2586)   
Resolving deltas:  74% (1921/2586)   
Resolving deltas:  75% (1942/2586)   
Resolving deltas:  76% (1966/2586)   
Resolving deltas:  77% (2007/2586)   
Resolving deltas:  79% (2050/2586)   
Resolving deltas:  80% (2071/2586)   
Resolving deltas:  81% (2095/2586)   
Resolving deltas:  82% (2121/2586)   
Resolving deltas:  83% (2155/2586)   
Resolving deltas:  84% (2176/2586)   
Resolving deltas:  85% (2213/2586)   
Resolving deltas:  86% (2224/2586)   
Resolving deltas:  87% (2251/2586)   
Resolving deltas:  88% (2277/2586)   
Resolving deltas:  89% (2322/2586)   
Resolving deltas:  90% (2328/2586)   
Resolving deltas:  91% (2357/2586)   
Resolving deltas:  92% (2382/2586)   
Resolving deltas:  93% (2417/2586)   
Resolving deltas:  94% (2432/2586)   
Resolving deltas:  95% (2458/2586)   
Resolving deltas:  96% (2483/2586)   
Resolving deltas:  97% (2510/2586)   
Resolving deltas:  98% (2540/2586)   
Resolving deltas:  99% (2569/2586)   
Resolving deltas: 100% (2586/2586)   
Resolving deltas: 100% (2586/2586), done.
Checking connectivity... done.

travis_time:end:043f48b0:start=1455723834747145148,finish=1455723835991137663,duration=1243992515
[0K$ cd [secure]/GCViewer
$ git checkout -qf 6f90726b8e2a9228e7c2e5572d121b2b06f28047
travis_fold:end:git.checkout
[0K
[33;1mThis job is running on container-based infrastructure, which does not allow use of 'sudo', setuid and setguid executables.[0m
[33;1mIf you require sudo, add 'sudo: required' to your .travis.yml[0m
[33;1mSee https://docs.travis-ci.com/user/workers/container-based-infrastructure/ for details.[0m

[33;1mSetting environment variables from .travis.yml[0m
$ export CI_DEPLOY_USERNAME=[secure]
$ export CI_DEPLOY_PASSWORD=[secure]
$ export SCP_USERNAME=[secure]
$ export SCP_PASSWORD=[secure]

travis_fold:start:cache.1
[0KSetting up build cache
$ export CASHER_DIR=$HOME/.casher
travis_time:start:27fd9ce4
[0K$ Installing caching utilities

travis_time:end:27fd9ce4:start=1455723838782204230,finish=1455723838860728451,duration=78524221
[0Ktravis_time:start:14bd6274
[0K
travis_time:end:14bd6274:start=1455723838867139775,finish=1455723838871562766,duration=4422991
[0Ktravis_time:start:0df03758
[0K[32;1mattempting to download cache archive[0m
[32;1mfetching feature87swingworker/cache--jdk-oraclejdk8.tgz[0m
[32;1mfound cache[0m

travis_time:end:0df03758:start=1455723838876954379,finish=1455723839955965260,duration=1079010881
[0Ktravis_time:start:06e94b1a
[0K
travis_time:end:06e94b1a:start=1455723839961144356,finish=1455723839965804416,duration=4660060
[0Ktravis_time:start:0f70b73e
[0K[32;1madding /home/travis/.m2/repository to cache[0m

travis_time:end:0f70b73e:start=1455723839971050057,finish=1455723841584026334,duration=1612976277
[0Ktravis_fold:end:cache.1
[0K$ jdk_switcher use oraclejdk8
Switching to Oracle JDK8 (java-8-oracle), JAVA_HOME will be set to /usr/lib/jvm/java-8-oracle
$ java -Xmx32m -version
java version "1.8.0_31"
Java(TM) SE Runtime Environment (build 1.8.0_31-b13)
Java HotSpot(TM) 64-Bit Server VM (build 25.31-b07, mixed mode)
$ javac -J-Xmx32m -version
javac 1.8.0_31
travis_fold:start:before_install.1
[0Ktravis_time:start:05d45828
[0K$ git clone -b travis `git config --get remote.origin.url` target/travis
Cloning into 'target/travis'...
remote: Counting objects: 9632, done.[K
remote: Compressing objects:   1% (1/90)   [K
remote: Compressing objects:   2% (2/90)   [K
remote: Compressing objects:   3% (3/90)   [K
remote: Compressing objects:   4% (4/90)   [K
remote: Compressing objects:   5% (5/90)   [K
remote: Compressing objects:   6% (6/90)   [K
remote: Compressing objects:   7% (7/90)   [K
remote: Compressing objects:   8% (8/90)   [K
remote: Compressing objects:  10% (9/90)   [K
remote: Compressing objects:  11% (10/90)   [K
remote: Compressing objects:  12% (11/90)   [K
remote: Compressing objects:  13% (12/90)   [K
remote: Compressing objects:  14% (13/90)   [K
remote: Compressing objects:  15% (14/90)   [K
remote: Compressing objects:  16% (15/90)   [K
remote: Compressing objects:  17% (16/90)   [K
remote: Compressing objects:  18% (17/90)   [K
remote: Compressing objects:  20% (18/90)   [K
remote: Compressing objects:  21% (19/90)   [K
remote: Compressing objects:  22% (20/90)   [K
remote: Compressing objects:  23% (21/90)   [K
remote: Compressing objects:  24% (22/90)   [K
remote: Compressing objects:  25% (23/90)   [K
remote: Compressing objects:  26% (24/90)   [K
remote: Compressing objects:  27% (25/90)   [K
remote: Compressing objects:  28% (26/90)   [K
remote: Compressing objects:  30% (27/90)   [K
remote: Compressing objects:  31% (28/90)   [K
remote: Compressing objects:  32% (29/90)   [K
remote: Compressing objects:  33% (30/90)   [K
remote: Compressing objects:  34% (31/90)   [K
remote: Compressing objects:  35% (32/90)   [K
remote: Compressing objects:  36% (33/90)   [K
remote: Compressing objects:  37% (34/90)   [K
remote: Compressing objects:  38% (35/90)   [K
remote: Compressing objects:  40% (36/90)   [K
remote: Compressing objects:  41% (37/90)   [K
remote: Compressing objects:  42% (38/90)   [K
remote: Compressing objects:  43% (39/90)   [K
remote: Compressing objects:  44% (40/90)   [K
remote: Compressing objects:  45% (41/90)   [K
remote: Compressing objects:  46% (42/90)   [K
remote: Compressing objects:  47% (43/90)   [K
remote: Compressing objects:  48% (44/90)   [K
remote: Compressing objects:  50% (45/90)   [K
remote: Compressing objects:  51% (46/90)   [K
remote: Compressing objects:  52% (47/90)   [K
remote: Compressing objects:  53% (48/90)   [K
remote: Compressing objects:  54% (49/90)   [K
remote: Compressing objects:  55% (50/90)   [K
remote: Compressing objects:  56% (51/90)   [K
remote: Compressing objects:  57% (52/90)   [K
remote: Compressing objects:  58% (53/90)   [K
remote: Compressing objects:  60% (54/90)   [K
remote: Compressing objects:  61% (55/90)   [K
remote: Compressing objects:  62% (56/90)   [K
remote: Compressing objects:  63% (57/90)   [K
remote: Compressing objects:  64% (58/90)   [K
remote: Compressing objects:  65% (59/90)   [K
remote: Compressing objects:  66% (60/90)   [K
remote: Compressing objects:  67% (61/90)   [K
remote: Compressing objects:  68% (62/90)   [K
remote: Compressing objects:  70% (63/90)   [K
remote: Compressing objects:  71% (64/90)   [K
remote: Compressing objects:  72% (65/90)   [K
remote: Compressing objects:  73% (66/90)   [K
remote: Compressing objects:  74% (67/90)   [K
remote: Compressing objects:  75% (68/90)   [K
remote: Compressing objects:  76% (69/90)   [K
remote: Compressing objects:  77% (70/90)   [K
remote: Compressing objects:  78% (71/90)   [K
remote: Compressing objects:  80% (72/90)   [K
remote: Compressing objects:  81% (73/90)   [K
remote: Compressing objects:  82% (74/90)   [K
remote: Compressing objects:  83% (75/90)   [K
remote: Compressing objects:  84% (76/90)   [K
remote: Compressing objects:  85% (77/90)   [K
remote: Compressing objects:  86% (78/90)   [K
remote: Compressing objects:  87% (79/90)   [K
remote: Compressing objects:  88% (80/90)   [K
remote: Compressing objects:  90% (81/90)   [K
remote: Compressing objects:  91% (82/90)   [K
remote: Compressing objects:  92% (83/90)   [K
remote: Compressing objects:  93% (84/90)   [K
remote: Compressing objects:  94% (85/90)   [K
remote: Compressing objects:  95% (86/90)   [K
remote: Compressing objects:  96% (87/90)   [K
remote: Compressing objects:  97% (88/90)   [K
remote: Compressing objects:  98% (89/90)   [K
remote: Compressing objects: 100% (90/90)   [K
remote: Compressing objects: 100% (90/90), done.[K
Receiving objects:   0% (1/9632)   
Receiving objects:   1% (97/9632)   
Receiving objects:   2% (193/9632)   
Receiving objects:   3% (289/9632)   
Receiving objects:   4% (386/9632)   
Receiving objects:   5% (482/9632)   
Receiving objects:   6% (578/9632)   
Receiving objects:   7% (675/9632)   
Receiving objects:   8% (771/9632)   
Receiving objects:   9% (867/9632)   
Receiving objects:  10% (964/9632)   
Receiving objects:  11% (1060/9632)   
Receiving objects:  12% (1156/9632)   
Receiving objects:  13% (1253/9632)   
Receiving objects:  14% (1349/9632)   
Receiving objects:  15% (1445/9632)   
Receiving objects:  16% (1542/9632)   
Receiving objects:  17% (1638/9632)   
Receiving objects:  18% (1734/9632)   
Receiving objects:  19% (1831/9632)   
Receiving objects:  20% (1927/9632)   
Receiving objects:  21% (2023/9632)   
Receiving objects:  22% (2120/9632)   
Receiving objects:  23% (2216/9632)   
Receiving objects:  24% (2312/9632)   
Receiving objects:  25% (2408/9632)   
Receiving objects:  26% (2505/9632)   
Receiving objects:  27% (2601/9632)   
Receiving objects:  28% (2697/9632)   
Receiving objects:  29% (2794/9632)   
Receiving objects:  30% (2890/9632)   
Receiving objects:  31% (2986/9632)   
Receiving objects:  32% (3083/9632)   
Receiving objects:  33% (3179/9632)   
Receiving objects:  34% (3275/9632)   
Receiving objects:  35% (3372/9632)   
Receiving objects:  36% (3468/9632)   
Receiving objects:  37% (3564/9632)   
Receiving objects:  38% (3661/9632)   
Receiving objects:  39% (3757/9632)   
Receiving objects:  40% (3853/9632)   
Receiving objects:  41% (3950/9632)   
Receiving objects:  42% (4046/9632)   
Receiving objects:  43% (4142/9632)   
Receiving objects:  44% (4239/9632)   
Receiving objects:  45% (4335/9632)   
Receiving objects:  46% (4431/9632)   
Receiving objects:  47% (4528/9632)   
Receiving objects:  48% (4624/9632)   
Receiving objects:  49% (4720/9632)   
Receiving objects:  50% (4816/9632)   
Receiving objects:  51% (4913/9632)   
Receiving objects:  52% (5009/9632)   
Receiving objects:  53% (5105/9632)   
Receiving objects:  54% (5202/9632)   
Receiving objects:  55% (5298/9632)   
Receiving objects:  56% (5394/9632)   
Receiving objects:  57% (5491/9632)   
Receiving objects:  58% (5587/9632)   
Receiving objects:  59% (5683/9632)   
Receiving objects:  60% (5780/9632)   
Receiving objects:  61% (5876/9632)   
Receiving objects:  62% (5972/9632)   
Receiving objects:  63% (6069/9632)   
Receiving objects:  64% (6165/9632)   
Receiving objects:  65% (6261/9632)   
Receiving objects:  66% (6358/9632)   
Receiving objects:  67% (6454/9632)   
Receiving objects:  68% (6550/9632)   
Receiving objects:  69% (6647/9632)   
Receiving objects:  70% (6743/9632), 6.17 MiB | 12.31 MiB/s   
Receiving objects:  71% (6839/9632), 6.17 MiB | 12.31 MiB/s   
Receiving objects:  72% (6936/9632), 6.17 MiB | 12.31 MiB/s   
Receiving objects:  73% (7032/9632), 6.17 MiB | 12.31 MiB/s   
Receiving objects:  74% (7128/9632), 6.17 MiB | 12.31 MiB/s   
Receiving objects:  75% (7224/9632), 6.17 MiB | 12.31 MiB/s   
Receiving objects:  76% (7321/9632), 6.17 MiB | 12.31 MiB/s   
Receiving objects:  77% (7417/9632), 6.17 MiB | 12.31 MiB/s   
Receiving objects:  78% (7513/9632), 6.17 MiB | 12.31 MiB/s   
Receiving objects:  79% (7610/9632), 6.17 MiB | 12.31 MiB/s   
Receiving objects:  80% (7706/9632), 6.17 MiB | 12.31 MiB/s   
Receiving objects:  81% (7802/9632), 6.17 MiB | 12.31 MiB/s   
Receiving objects:  82% (7899/9632), 6.17 MiB | 12.31 MiB/s   
Receiving objects:  83% (7995/9632), 6.17 MiB | 12.31 MiB/s   
Receiving objects:  84% (8091/9632), 6.17 MiB | 12.31 MiB/s   
Receiving objects:  85% (8188/9632), 6.17 MiB | 12.31 MiB/s   
Receiving objects:  86% (8284/9632), 6.17 MiB | 12.31 MiB/s   
Receiving objects:  87% (8380/9632), 6.17 MiB | 12.31 MiB/s   
Receiving objects:  88% (8477/9632), 6.17 MiB | 12.31 MiB/s   
Receiving objects:  89% (8573/9632), 6.17 MiB | 12.31 MiB/s   
Receiving objects:  90% (8669/9632), 6.17 MiB | 12.31 MiB/s   
Receiving objects:  91% (8766/9632), 6.17 MiB | 12.31 MiB/s   
Receiving objects:  92% (8862/9632), 6.17 MiB | 12.31 MiB/s   
Receiving objects:  93% (8958/9632), 6.17 MiB | 12.31 MiB/s   
Receiving objects:  94% (9055/9632), 6.17 MiB | 12.31 MiB/s   
Receiving objects:  95% (9151/9632), 6.17 MiB | 12.31 MiB/s   
Receiving objects:  96% (9247/9632), 6.17 MiB | 12.31 MiB/s   
remote: Total 9632 (delta 35), reused 0 (delta 0), pack-reused 9497[K
Receiving objects:  97% (9344/9632), 6.17 MiB | 12.31 MiB/s   
Receiving objects:  98% (9440/9632), 6.17 MiB | 12.31 MiB/s   
Receiving objects:  99% (9536/9632), 6.17 MiB | 12.31 MiB/s   
Receiving objects: 100% (9632/9632), 6.17 MiB | 12.31 MiB/s   
Receiving objects: 100% (9632/9632), 6.69 MiB | 12.31 MiB/s, done.
Resolving deltas:   0% (0/3818)   
Resolving deltas:   1% (47/3818)   
Resolving deltas:   2% (90/3818)   
Resolving deltas:   3% (138/3818)   
Resolving deltas:   4% (166/3818)   
Resolving deltas:   5% (196/3818)   
Resolving deltas:   6% (231/3818)   
Resolving deltas:   7% (276/3818)   
Resolving deltas:   8% (310/3818)   
Resolving deltas:   9% (346/3818)   
Resolving deltas:  10% (383/3818)   
Resolving deltas:  11% (428/3818)   
Resolving deltas:  12% (480/3818)   
Resolving deltas:  15% (578/3818)   
Resolving deltas:  16% (622/3818)   
Resolving deltas:  17% (653/3818)   
Resolving deltas:  18% (691/3818)   
Resolving deltas:  19% (729/3818)   
Resolving deltas:  20% (768/3818)   
Resolving deltas:  21% (819/3818)   
Resolving deltas:  22% (843/3818)   
Resolving deltas:  23% (879/3818)   
Resolving deltas:  24% (917/3818)   
Resolving deltas:  25% (965/3818)   
Resolving deltas:  26% (995/3818)   
Resolving deltas:  27% (1031/3818)   
Resolving deltas:  28% (1070/3818)   
Resolving deltas:  29% (1110/3818)   
Resolving deltas:  30% (1147/3818)   
Resolving deltas:  31% (1185/3818)   
Resolving deltas:  32% (1223/3818)   
Resolving deltas:  33% (1261/3818)   
Resolving deltas:  34% (1302/3818)   
Resolving deltas:  35% (1338/3818)   
Resolving deltas:  36% (1400/3818)   
Resolving deltas:  37% (1417/3818)   
Resolving deltas:  38% (1466/3818)   
Resolving deltas:  39% (1514/3818)   
Resolving deltas:  40% (1529/3818)   
Resolving deltas:  41% (1566/3818)   
Resolving deltas:  42% (1606/3818)   
Resolving deltas:  43% (1642/3818)   
Resolving deltas:  44% (1697/3818)   
Resolving deltas:  45% (1721/3818)   
Resolving deltas:  46% (1786/3818)   
Resolving deltas:  47% (1800/3818)   
Resolving deltas:  48% (1834/3818)   
Resolving deltas:  49% (1872/3818)   
Resolving deltas:  50% (1912/3818)   
Resolving deltas:  51% (1965/3818)   
Resolving deltas:  52% (1993/3818)   
Resolving deltas:  53% (2046/3818)   
Resolving deltas:  54% (2064/3818)   
Resolving deltas:  55% (2107/3818)   
Resolving deltas:  56% (2144/3818)   
Resolving deltas:  57% (2177/3818)   
Resolving deltas:  58% (2220/3818)   
Resolving deltas:  59% (2254/3818)   
Resolving deltas:  60% (2324/3818)   
Resolving deltas:  61% (2330/3818)   
Resolving deltas:  62% (2374/3818)   
Resolving deltas:  63% (2406/3818)   
Resolving deltas:  64% (2462/3818)   
Resolving deltas:  65% (2482/3818)   
Resolving deltas:  66% (2526/3818)   
Resolving deltas:  67% (2559/3818)   
Resolving deltas:  69% (2646/3818)   
Resolving deltas:  70% (2678/3818)   
Resolving deltas:  71% (2716/3818)   
Resolving deltas:  72% (2755/3818)   
Resolving deltas:  75% (2864/3818)   
Resolving deltas:  76% (2902/3818)   
Resolving deltas:  77% (2945/3818)   
Resolving deltas:  78% (2979/3818)   
Resolving deltas:  79% (3019/3818)   
Resolving deltas:  81% (3094/3818)   
Resolving deltas:  82% (3131/3818)   
Resolving deltas:  83% (3195/3818)   
Resolving deltas:  85% (3249/3818)   
Resolving deltas:  86% (3292/3818)   
Resolving deltas:  87% (3325/3818)   
Resolving deltas:  88% (3369/3818)   
Resolving deltas:  89% (3401/3818)   
Resolving deltas:  90% (3442/3818)   
Resolving deltas:  91% (3475/3818)   
Resolving deltas:  92% (3514/3818)   
Resolving deltas:  93% (3552/3818)   
Resolving deltas:  94% (3593/3818)   
Resolving deltas:  95% (3628/3818)   
Resolving deltas:  96% (3671/3818)   
Resolving deltas:  97% (3710/3818)   
Resolving deltas:  98% (3742/3818)   
Resolving deltas:  99% (3780/3818)   
Resolving deltas: 100% (3818/3818)   
Resolving deltas: 100% (3818/3818), done.
Checking connectivity... done.

travis_time:end:05d45828:start=1455723842304331432,finish=1455723843820907584,duration=1516576152
[0Ktravis_fold:end:before_install.1
[0Ktravis_fold:start:before_install.2
[0Ktravis_time:start:22808e02
[0K$ pip install --user codecov
[33mYou are using pip version 6.0.8, however version 8.0.2 is available.
You should consider upgrading via the 'pip install --upgrade pip' command.[0m
Collecting codecov
  Downloading codecov-1.6.3-py2.py3-none-any.whl
Collecting coverage (from codecov)
  Downloading coverage-4.0.3.tar.gz (354kB)
[?25l
[K    1% |                                | 4.1kB 29.0MB/s eta 0:00:01
[K    2% |                                | 8.2kB 19.5MB/s eta 0:00:01
[K    3% |#                               | 12kB 18.8MB/s eta 0:00:01
[K    4% |#                               | 16kB 2.9MB/s eta 0:00:01
[K    5% |#                               | 20kB 3.5MB/s eta 0:00:01
[K    6% |##                              | 24kB 4.0MB/s eta 0:00:01
[K    8% |##                              | 28kB 4.5MB/s eta 0:00:01
[K    9% |##                              | 32kB 4.9MB/s eta 0:00:01
[K    10% |###                             | 36kB 5.3MB/s eta 0:00:01
[K    11% |###                             | 40kB 5.7MB/s eta 0:00:01
[K    12% |####                            | 45kB 5.7MB/s eta 0:00:01
[K    13% |####                            | 49kB 3.3MB/s eta 0:00:01
[K    15% |####                            | 53kB 3.3MB/s eta 0:00:01
[K    16% |#####                           | 57kB 5.4MB/s eta 0:00:01
[K    17% |#####                           | 61kB 5.4MB/s eta 0:00:01
[K    18% |#####                           | 65kB 5.3MB/s eta 0:00:01
[K    19% |######                          | 69kB 5.3MB/s eta 0:00:01
[K    20% |######                          | 73kB 5.4MB/s eta 0:00:01
[K    21% |#######                         | 77kB 5.4MB/s eta 0:00:01
[K    23% |#######                         | 81kB 5.3MB/s eta 0:00:01
[K    24% |#######                         | 86kB 5.3MB/s eta 0:00:01
[K    25% |########                        | 90kB 15.7MB/s eta 0:00:01
[K    26% |########                        | 94kB 16.2MB/s eta 0:00:01
[K    27% |########                        | 98kB 15.8MB/s eta 0:00:01
[K    28% |#########                       | 102kB 16.2MB/s eta 0:00:01
[K    30% |#########                       | 106kB 16.9MB/s eta 0:00:01
[K    31% |#########                       | 110kB 17.1MB/s eta 0:00:01
[K    32% |##########                      | 114kB 16.5MB/s eta 0:00:01
[K    33% |##########                      | 118kB 16.6MB/s eta 0:00:01
[K    34% |###########                     | 122kB 17.8MB/s eta 0:00:01
[K    35% |###########                     | 126kB 17.6MB/s eta 0:00:01
[K    36% |###########                     | 131kB 7.1MB/s eta 0:00:01
[K    38% |############                    | 135kB 7.0MB/s eta 0:00:01
[K    39% |############                    | 139kB 7.1MB/s eta 0:00:01
[K    40% |############                    | 143kB 7.1MB/s eta 0:00:01
[K    41% |#############                   | 147kB 7.0MB/s eta 0:00:01
[K    42% |#############                   | 151kB 7.0MB/s eta 0:00:01
[K    43% |##############                  | 155kB 7.1MB/s eta 0:00:01
[K    45% |##############                  | 159kB 7.1MB/s eta 0:00:01
[K    46% |##############                  | 163kB 7.0MB/s eta 0:00:01
[K    47% |###############                 | 167kB 7.0MB/s eta 0:00:01
[K    48% |###############                 | 172kB 17.0MB/s eta 0:00:01
[K    49% |###############                 | 176kB 17.8MB/s eta 0:00:01
[K    50% |################                | 180kB 17.2MB/s eta 0:00:01
[K    51% |################                | 184kB 17.3MB/s eta 0:00:01
[K    53% |#################               | 188kB 18.2MB/s eta 0:00:01
[K    54% |#################               | 192kB 18.2MB/s eta 0:00:01
[K    55% |#################               | 196kB 17.6MB/s eta 0:00:01
[K    56% |##################              | 200kB 17.5MB/s eta 0:00:01
[K    57% |##################              | 204kB 17.7MB/s eta 0:00:01
[K    58% |##################              | 208kB 17.6MB/s eta 0:00:01
[K    60% |###################             | 212kB 17.1MB/s eta 0:00:01
[K    61% |###################             | 217kB 17.1MB/s eta 0:00:01
[K    62% |###################             | 221kB 17.7MB/s eta 0:00:01
[K    63% |####################            | 225kB 17.7MB/s eta 0:00:01
[K    64% |####################            | 229kB 17.2MB/s eta 0:00:01
[K    65% |#####################           | 233kB 17.0MB/s eta 0:00:01
[K    67% |#####################           | 237kB 17.7MB/s eta 0:00:01
[K    68% |#####################           | 241kB 17.8MB/s eta 0:00:01
[K    69% |######################          | 245kB 14.2MB/s eta 0:00:01
[K    70% |######################          | 249kB 14.2MB/s eta 0:00:01
[K    71% |######################          | 253kB 14.6MB/s eta 0:00:01
[K    72% |#######################         | 258kB 14.6MB/s eta 0:00:01
[K    73% |#######################         | 262kB 14.1MB/s eta 0:00:01
[K    75% |########################        | 266kB 13.9MB/s eta 0:00:01
[K    76% |########################        | 270kB 14.2MB/s eta 0:00:01
[K    77% |########################        | 274kB 14.3MB/s eta 0:00:01
[K    78% |#########################       | 278kB 13.9MB/s eta 0:00:01
[K    79% |#########################       | 282kB 13.9MB/s eta 0:00:01
[K    80% |#########################       | 286kB 17.6MB/s eta 0:00:01
[K    82% |##########################      | 290kB 17.8MB/s eta 0:00:01
[K    83% |##########################      | 294kB 17.2MB/s eta 0:00:01
[K    84% |##########################      | 299kB 17.2MB/s eta 0:00:01
[K    85% |###########################     | 303kB 17.9MB/s eta 0:00:01
[K    86% |###########################     | 307kB 18.2MB/s eta 0:00:01
[K    87% |############################    | 311kB 17.6MB/s eta 0:00:01
[K    88% |############################    | 315kB 17.6MB/s eta 0:00:01
[K    90% |############################    | 319kB 18.2MB/s eta 0:00:01
[K    91% |#############################   | 323kB 18.2MB/s eta 0:00:01
[K    92% |#############################   | 327kB 17.6MB/s eta 0:00:01
[K    93% |#############################   | 331kB 17.5MB/s eta 0:00:01
[K    94% |##############################  | 335kB 17.7MB/s eta 0:00:01
[K    95% |##############################  | 339kB 17.8MB/s eta 0:00:01
[K    97% |############################### | 344kB 17.3MB/s eta 0:00:01
[K    98% |############################### | 348kB 17.3MB/s eta 0:00:01
[K    99% |############################### | 352kB 17.9MB/s eta 0:00:01
[K    100% |################################| 356kB 939kB/s 
[?25hCollecting requests>=2.0.0 (from codecov)
  Downloading requests-2.9.1-py2.py3-none-any.whl (501kB)
[?25l
[K    0% |                                | 4.1kB 28.3MB/s eta 0:00:01
[K    1% |                                | 8.2kB 19.9MB/s eta 0:00:01
[K    2% |                                | 12kB 18.9MB/s eta 0:00:01
[K    3% |#                               | 16kB 17.2MB/s eta 0:00:01
[K    4% |#                               | 20kB 17.3MB/s eta 0:00:01
[K    4% |#                               | 24kB 17.5MB/s eta 0:00:01
[K    5% |#                               | 28kB 17.6MB/s eta 0:00:01
[K    6% |##                              | 32kB 17.0MB/s eta 0:00:01
[K    7% |##                              | 36kB 16.9MB/s eta 0:00:01
[K    8% |##                              | 40kB 17.1MB/s eta 0:00:01
[K    8% |##                              | 45kB 16.5MB/s eta 0:00:01
[K    9% |###                             | 49kB 16.3MB/s eta 0:00:01
[K    10% |###                             | 53kB 16.0MB/s eta 0:00:01
[K    11% |###                             | 57kB 16.7MB/s eta 0:00:01
[K    12% |###                             | 61kB 16.8MB/s eta 0:00:01
[K    13% |####                            | 65kB 16.3MB/s eta 0:00:01
[K    13% |####                            | 69kB 16.4MB/s eta 0:00:01
[K    14% |####                            | 73kB 17.0MB/s eta 0:00:01
[K    15% |####                            | 77kB 17.3MB/s eta 0:00:01
[K    16% |#####                           | 81kB 16.7MB/s eta 0:00:01
[K    17% |#####                           | 86kB 16.8MB/s eta 0:00:01
[K    17% |#####                           | 90kB 17.5MB/s eta 0:00:01
[K    18% |######                          | 94kB 18.0MB/s eta 0:00:01
[K    19% |######                          | 98kB 17.2MB/s eta 0:00:01
[K    20% |######                          | 102kB 17.2MB/s eta 0:00:01
[K    21% |######                          | 106kB 17.8MB/s eta 0:00:01
[K    22% |#######                         | 110kB 17.9MB/s eta 0:00:01
[K    22% |#######                         | 114kB 17.2MB/s eta 0:00:01
[K    23% |#######                         | 118kB 17.2MB/s eta 0:00:01
[K    24% |#######                         | 122kB 17.6MB/s eta 0:00:01
[K    25% |########                        | 126kB 17.6MB/s eta 0:00:01
[K    26% |########                        | 131kB 16.8MB/s eta 0:00:01
[K    26% |########                        | 135kB 16.8MB/s eta 0:00:01
[K    27% |########                        | 139kB 17.5MB/s eta 0:00:01
[K    28% |#########                       | 143kB 17.6MB/s eta 0:00:01
[K    29% |#########                       | 147kB 17.0MB/s eta 0:00:01
[K    30% |#########                       | 151kB 16.9MB/s eta 0:00:01
[K    31% |#########                       | 155kB 17.6MB/s eta 0:00:01
[K    31% |##########                      | 159kB 17.5MB/s eta 0:00:01
[K    32% |##########                      | 163kB 17.1MB/s eta 0:00:01
[K    33% |##########                      | 167kB 17.2MB/s eta 0:00:01
[K    34% |##########                      | 172kB 18.0MB/s eta 0:00:01
[K    35% |###########                     | 176kB 18.1MB/s eta 0:00:01
[K    35% |###########                     | 180kB 17.5MB/s eta 0:00:01
[K    36% |###########                     | 184kB 17.6MB/s eta 0:00:01
[K    37% |############                    | 188kB 18.2MB/s eta 0:00:01
[K    38% |############                    | 192kB 18.2MB/s eta 0:00:01
[K    39% |############                    | 196kB 17.2MB/s eta 0:00:01
[K    40% |############                    | 200kB 17.3MB/s eta 0:00:01
[K    40% |#############                   | 204kB 17.9MB/s eta 0:00:01
[K    41% |#############                   | 208kB 17.8MB/s eta 0:00:01
[K    42% |#############                   | 212kB 17.2MB/s eta 0:00:01
[K    43% |#############                   | 217kB 17.1MB/s eta 0:00:01
[K    44% |##############                  | 221kB 17.7MB/s eta 0:00:01
[K    44% |##############                  | 225kB 17.5MB/s eta 0:00:01
[K    45% |##############                  | 229kB 16.9MB/s eta 0:00:01
[K    46% |##############                  | 233kB 16.9MB/s eta 0:00:01
[K    47% |###############                 | 237kB 17.8MB/s eta 0:00:01
[K    48% |###############                 | 241kB 17.9MB/s eta 0:00:01
[K    49% |###############                 | 245kB 17.3MB/s eta 0:00:01
[K    49% |###############                 | 249kB 17.3MB/s eta 0:00:01
[K    50% |################                | 253kB 17.9MB/s eta 0:00:01
[K    51% |################                | 258kB 17.9MB/s eta 0:00:01
[K    52% |################                | 262kB 17.2MB/s eta 0:00:01
[K    53% |################                | 266kB 17.2MB/s eta 0:00:01
[K    53% |#################               | 270kB 17.8MB/s eta 0:00:01
[K    54% |#################               | 274kB 17.9MB/s eta 0:00:01
[K    55% |#################               | 278kB 17.3MB/s eta 0:00:01
[K    56% |##################              | 282kB 17.3MB/s eta 0:00:01
[K    57% |##################              | 286kB 17.9MB/s eta 0:00:01
[K    58% |##################              | 290kB 17.9MB/s eta 0:00:01
[K    58% |##################              | 294kB 17.3MB/s eta 0:00:01
[K    59% |###################             | 299kB 17.2MB/s eta 0:00:01
[K    60% |###################             | 303kB 18.1MB/s eta 0:00:01
[K    61% |###################             | 307kB 18.1MB/s eta 0:00:01
[K    62% |###################             | 311kB 17.5MB/s eta 0:00:01
[K    62% |####################            | 315kB 17.5MB/s eta 0:00:01
[K    63% |####################            | 319kB 18.1MB/s eta 0:00:01
[K    64% |####################            | 323kB 18.1MB/s eta 0:00:01
[K    65% |####################            | 327kB 17.4MB/s eta 0:00:01
[K    66% |#####################           | 331kB 17.4MB/s eta 0:00:01
[K    67% |#####################           | 335kB 17.7MB/s eta 0:00:01
[K    67% |#####################           | 339kB 17.8MB/s eta 0:00:01
[K    68% |#####################           | 344kB 17.2MB/s eta 0:00:01
[K    69% |######################          | 348kB 17.1MB/s eta 0:00:01
[K    70% |######################          | 352kB 17.7MB/s eta 0:00:01
[K    71% |######################          | 356kB 17.7MB/s eta 0:00:01
[K    71% |#######################         | 360kB 17.0MB/s eta 0:00:01
[K    72% |#######################         | 364kB 16.9MB/s eta 0:00:01
[K    73% |#######################         | 368kB 17.5MB/s eta 0:00:01
[K    74% |#######################         | 372kB 17.6MB/s eta 0:00:01
[K    75% |########################        | 376kB 17.3MB/s eta 0:00:01
[K    76% |########################        | 380kB 17.2MB/s eta 0:00:01
[K    76% |########################        | 385kB 17.8MB/s eta 0:00:01
[K    77% |########################        | 389kB 17.9MB/s eta 0:00:01
[K    78% |#########################       | 393kB 17.3MB/s eta 0:00:01
[K    79% |#########################       | 397kB 17.3MB/s eta 0:00:01
[K    80% |#########################       | 401kB 18.0MB/s eta 0:00:01
[K    80% |#########################       | 405kB 17.7MB/s eta 0:00:01
[K    81% |##########################      | 409kB 17.1MB/s eta 0:00:01
[K    82% |##########################      | 413kB 17.1MB/s eta 0:00:01
[K    83% |##########################      | 417kB 17.6MB/s eta 0:00:01
[K    84% |##########################      | 421kB 17.7MB/s eta 0:00:01
[K    84% |###########################     | 425kB 17.0MB/s eta 0:00:01
[K    85% |###########################     | 430kB 17.0MB/s eta 0:00:01
[K    86% |###########################     | 434kB 17.5MB/s eta 0:00:01
[K    87% |###########################     | 438kB 17.5MB/s eta 0:00:01
[K    88% |############################    | 442kB 16.9MB/s eta 0:00:01
[K    89% |############################    | 446kB 17.2MB/s eta 0:00:01
[K    89% |############################    | 450kB 17.8MB/s eta 0:00:01
[K    90% |#############################   | 454kB 17.8MB/s eta 0:00:01
[K    91% |#############################   | 458kB 17.2MB/s eta 0:00:01
[K    92% |#############################   | 462kB 17.2MB/s eta 0:00:01
[K    93% |#############################   | 466kB 17.9MB/s eta 0:00:01
[K    93% |##############################  | 471kB 17.9MB/s eta 0:00:01
[K    94% |##############################  | 475kB 17.1MB/s eta 0:00:01
[K    95% |##############################  | 479kB 17.1MB/s eta 0:00:01
[K    96% |##############################  | 483kB 17.8MB/s eta 0:00:01
[K    97% |############################### | 487kB 17.9MB/s eta 0:00:01
[K    98% |############################### | 491kB 17.4MB/s eta 0:00:01
[K    98% |############################### | 495kB 17.5MB/s eta 0:00:01
[K    99% |############################### | 499kB 18.1MB/s eta 0:00:01
[K    100% |################################| 503kB 712kB/s 
[?25hInstalling collected packages: requests, coverage, codecov

  Running setup.py install for coverage
    building 'coverage.tracer' extension
    gcc -pthread -fno-strict-aliasing -DNDEBUG -g -fwrapv -O2 -Wall -Wstrict-prototypes -fPIC -I/usr/include/python2.7 -c coverage/ctracer/datastack.c -o build/temp.linux-x86_64-2.7/coverage/ctracer/datastack.o
    gcc -pthread -fno-strict-aliasing -DNDEBUG -g -fwrapv -O2 -Wall -Wstrict-prototypes -fPIC -I/usr/include/python2.7 -c coverage/ctracer/filedisp.c -o build/temp.linux-x86_64-2.7/coverage/ctracer/filedisp.o
    gcc -pthread -fno-strict-aliasing -DNDEBUG -g -fwrapv -O2 -Wall -Wstrict-prototypes -fPIC -I/usr/include/python2.7 -c coverage/ctracer/module.c -o build/temp.linux-x86_64-2.7/coverage/ctracer/module.o
    gcc -pthread -fno-strict-aliasing -DNDEBUG -g -fwrapv -O2 -Wall -Wstrict-prototypes -fPIC -I/usr/include/python2.7 -c coverage/ctracer/tracer.c -o build/temp.linux-x86_64-2.7/coverage/ctracer/tracer.o
    gcc -pthread -shared -Wl,-O1 -Wl,-Bsymbolic-functions -Wl,-Bsymbolic-functions -Wl,-z,relro build/temp.linux-x86_64-2.7/coverage/ctracer/datastack.o build/temp.linux-x86_64-2.7/coverage/ctracer/filedisp.o build/temp.linux-x86_64-2.7/coverage/ctracer/module.o build/temp.linux-x86_64-2.7/coverage/ctracer/tracer.o -o build/lib.linux-x86_64-2.7/coverage/tracer.so
    Installing coverage2 script to /home/travis/.local/bin
    Installing coverage-2.7 script to /home/travis/.local/bin
    Installing coverage script to /home/travis/.local/bin

Successfully installed codecov coverage requests

travis_time:end:22808e02:start=1455723843827161172,finish=1455723849258440187,duration=5431279015
[0Ktravis_fold:end:before_install.2
[0Ktravis_fold:start:install
[0Ktravis_time:start:3371d222
[0K$ true

travis_time:end:3371d222:start=1455723849264419779,finish=1455723849268888070,duration=4468291
[0Ktravis_fold:end:install
[0Ktravis_fold:start:before_script.1
[0Ktravis_time:start:237cc860
[0K$ export DISPLAY=:99.0

travis_time:end:237cc860:start=1455723849274808266,finish=1455723849280559616,duration=5751350
[0Ktravis_fold:end:before_script.1
[0Ktravis_fold:start:before_script.2
[0Ktravis_time:start:0f13ebf1
[0K$ /sbin/start-stop-daemon --start --quiet --pidfile /tmp/custom_xvfb_99.pid --make-pidfile --background --exec /usr/bin/Xvfb -- :99 -ac -screen 0 1280x1024x16

travis_time:end:0f13ebf1:start=1455723849286473701,finish=1455723849293342189,duration=6868488
[0Ktravis_fold:end:before_script.2
[0Ktravis_time:start:0c2b7c1d
[0K$ ./target/travis/[secure]-script.sh
echo "TRAVIS_PULL_REQUEST = ${TRAVIS_PULL_REQUEST}"
TRAVIS_PULL_REQUEST = false
echo "TRAVIS_BRANCH = ${TRAVIS_BRANCH}"
TRAVIS_BRANCH = feature/#87/swingworker
if [ "${TRAVIS_PULL_REQUEST}" = "false" ] && [ "${TRAVIS_BRANCH}" = "develop" ]
then
  echo build and deploy
  mvn clean deploy javadoc:javadoc -P sourceforge-release --settings ./target/travis/settings.xml
else
  echo only verify
  mvn clean verify javadoc:javadoc
fi
only verify
Java HotSpot(TM) 64-Bit Server VM warning: ignoring option MaxPermSize=192m; support was removed in 8.0
[INFO] Scanning for projects...
[INFO]                                                                         
[INFO] ------------------------------------------------------------------------
[INFO] Building GCViewer 1.35-SNAPSHOT
[INFO] ------------------------------------------------------------------------
[INFO] 
[INFO] --- maven-clean-plugin:2.5:clean (default-clean) @ [secure] ---
[INFO] Deleting /home/travis/build/[secure]/GCViewer/target
[INFO] 
[INFO] --- maven-enforcer-plugin:1.2:enforce (enforce-maven) @ [secure] ---
[INFO] 
[INFO] --- buildnumber-maven-plugin:1.3:create (create-build-metadata) @ [secure] ---
[INFO] Executing: /bin/sh -c cd /home/travis/build/[secure]/GCViewer && git rev-parse --verify HEAD
[INFO] Working directory: /home/travis/build/[secure]/GCViewer
[INFO] Storing buildNumber: 6f90726b8e2a9228e7c2e5572d121b2b06f28047 at timestamp: 2016-02-17T15:44:17+0000
[WARNING] Cannot get the branch information from the git repository: 
Detecting the current branch failed: fatal: ref HEAD is not a symbolic ref

[INFO] Executing: /bin/sh -c cd /home/travis/build/[secure]/GCViewer && git rev-parse --verify HEAD
[INFO] Working directory: /home/travis/build/[secure]/GCViewer
[INFO] Storing buildScmBranch: UNKNOWN
[INFO] 
[INFO] --- jacoco-maven-plugin:0.7.5.201505241946:prepare-agent (prepare-agent) @ [secure] ---
[INFO] argLine set to -javaagent:/home/travis/.m2/repository/org/jacoco/org.jacoco.agent/0.7.5.201505241946/org.jacoco.agent-0.7.5.201505241946-runtime.jar=destfile=/home/travis/build/[secure]/GCViewer/target/jacoco.exec
[INFO] 
[INFO] --- tools-maven-plugin:1.4:copy-legal-files (install-legal-files) @ [secure] ---
[INFO] Created dir: /home/travis/build/[secure]/GCViewer/target/classes/META-INF
[INFO] Copying 2 files to /home/travis/build/[secure]/GCViewer/target/classes/META-INF
[INFO] 
[INFO] --- maven-resources-plugin:2.6:resources (default-resources) @ [secure] ---
[INFO] Using 'UTF-8' encoding to copy filtered resources.
[INFO] Copying 24 resources
[INFO] Copying 1 resource to /home/travis/build/[secure]/GCViewer/target/mac
[INFO] Copying 4 resources to /home/travis/build/[secure]/GCViewer/target/mac
[INFO] Copying 0 resource to /home/travis/build/[secure]/GCViewer/target
[INFO] 
[INFO] --- maven-compiler-plugin:3.3:compile (default-compile) @ [secure] ---
[INFO] Changes detected - recompiling the module!
[INFO] Compiling 141 source files to /home/travis/build/[secure]/GCViewer/target/classes
[INFO] /home/travis/build/[secure]/GCViewer/src/main/java/com/tagtraum/perf/[secure]/view/ModelChartImpl.java: /home/travis/build/[secure]/GCViewer/src/main/java/com/tagtraum/perf/[secure]/view/ModelChartImpl.java uses or overrides a deprecated API.
[INFO] /home/travis/build/[secure]/GCViewer/src/main/java/com/tagtraum/perf/[secure]/view/ModelChartImpl.java: Recompile with -Xlint:deprecation for details.
[INFO] /home/travis/build/[secure]/GCViewer/src/main/java/com/tagtraum/perf/[secure]/view/AutoCompletionTextField.java: Some input files use unchecked or unsafe operations.
[INFO] /home/travis/build/[secure]/GCViewer/src/main/java/com/tagtraum/perf/[secure]/view/AutoCompletionTextField.java: Recompile with -Xlint:unchecked for details.
[INFO] 
[INFO] --- maven-resources-plugin:2.6:testResources (default-testResources) @ [secure] ---
[INFO] Using 'UTF-8' encoding to copy filtered resources.
[INFO] Copying 109 resources
[INFO] 
[INFO] --- maven-compiler-plugin:3.3:testCompile (default-testCompile) @ [secure] ---
[INFO] Changes detected - recompiling the module!
[INFO] Compiling 48 source files to /home/travis/build/[secure]/GCViewer/target/test-classes
[INFO] 
[INFO] --- maven-surefire-plugin:2.18.1:test (default-test) @ [secure] ---
[INFO] Surefire report directory: /home/travis/build/[secure]/GCViewer/target/surefire-reports

-------------------------------------------------------
 T E S T S
-------------------------------------------------------
Running com.tagtraum.perf.[secure].imp.TestDataReaderIBM_J9_R26
Feb 17, 2016 3:44:58 PM com.tagtraum.perf.[secure].imp.DataReaderIBM_J9_R28 handleVerboseGC
INFO: gc log version = R26_Java626_GA_FP1_20110418_1915_B80450_CMPRSS
Feb 17, 2016 3:44:58 PM com.tagtraum.perf.[secure].imp.DataReaderIBM_J9_R28 handleInitialized
INFO: gcPolicy = -Xgcpolicy:gencon
Feb 17, 2016 3:44:58 PM com.tagtraum.perf.[secure].imp.DataReaderIBM_J9_R28 read
WARNING: line 134: javax.xml.stream.XMLStreamException: ParseError at [row,col]:[135,1]
Message: XML document structures must start and end within the same entity.
Feb 17, 2016 3:44:58 PM com.tagtraum.perf.[secure].imp.DataReaderIBM_J9_R28 handleVerboseGC
INFO: gc log version = R26_Java626_GA_FP1_20110418_1915_B80450_CMPRSS
Tests run: 2, Failures: 0, Errors: 0, Skipped: 0, Time elapsed: 2.562 sec - in com.tagtraum.perf.[secure].imp.TestDataReaderIBM_J9_R26
Running com.tagtraum.perf.[secure].imp.TestDataReaderSun1_2_2
Feb 17, 2016 3:44:59 PM com.tagtraum.perf.[secure].imp.DataReaderSun1_2_2 read
INFO: Reading Sun 1.2.2 format...
Feb 17, 2016 3:44:59 PM com.tagtraum.perf.[secure].imp.DataReaderSun1_2_2 read
INFO: Done reading.
0.0: [GC: 817K->187K(819K), 0.008 secs]
0.02: [GC: 775K->188K(819K), 0.005 secs]
0.741: [GC: 1213K->1213K(1639K), 0.0 secs]
Tests run: 1, Failures: 0, Errors: 0, Skipped: 0, Time elapsed: 0.001 sec - in com.tagtraum.perf.[secure].imp.TestDataReaderSun1_2_2
Running com.tagtraum.perf.[secure].imp.TestDataReaderSun1_8_0G1
Feb 17, 2016 3:44:59 PM com.tagtraum.perf.[secure].imp.DataReaderSun1_6_0G1 read
INFO: Reading Sun 1.6.x / 1.7.x G1 format...
Feb 17, 2016 3:44:59 PM com.tagtraum.perf.[secure].imp.DataReaderSun1_6_0G1 read
INFO: Java HotSpot(TM) 64-Bit Server VM (25.20-b23) for windows-amd64 JRE (1.8.0_20-b26), built on Jul 30 2014 13:51:23 by "java_re" with MS VC++ 10.0 (VS2010)
Feb 17, 2016 3:44:59 PM com.tagtraum.perf.[secure].imp.DataReaderSun1_6_0G1 read
INFO: Memory: 4k page, physical 4193296k(1247428k free), swap 8384728k(4916632k free)
Feb 17, 2016 3:44:59 PM com.tagtraum.perf.[secure].imp.DataReaderSun1_6_0G1 read
INFO: CommandLine flags: -XX:InitialHeapSize=67092736 -XX:MaxHeapSize=134217728 -XX:-PrintAdaptiveSizePolicy -XX:+PrintGC -XX:-PrintGCApplicationConcurrentTime -XX:-PrintGCApplicationStoppedTime -XX:+PrintGCDateStamps -XX:+PrintGCDetails -XX:-PrintGCTimeStamps -XX:+PrintHeapAtGC -XX:+PrintTenuringDistribution -XX:+UseCompressedClassPointers -XX:+UseCompressedOops -XX:+UseG1GC -XX:-UseLargePagesIndividualAllocation 
Feb 17, 2016 3:44:59 PM com.tagtraum.perf.[secure].imp.DataReaderSun1_6_0G1 read
INFO: Done reading.
Feb 17, 2016 3:44:59 PM com.tagtraum.perf.[secure].imp.DataReaderSun1_6_0G1 read
INFO: Reading Sun 1.6.x / 1.7.x G1 format...
Feb 17, 2016 3:44:59 PM com.tagtraum.perf.[secure].imp.DataReaderSun1_6_0G1 read
INFO: Done reading.
Feb 17, 2016 3:44:59 PM com.tagtraum.perf.[secure].imp.DataReaderSun1_6_0G1 read
INFO: Reading Sun 1.6.x / 1.7.x G1 format...
Feb 17, 2016 3:44:59 PM com.tagtraum.perf.[secure].imp.DataReaderSun1_6_0G1 read
WARNING: com.tagtraum.perf.[secure].imp.ParseException: java.lang.StringIndexOutOfBoundsException: String index out of range: 153 Line 2: 2015-05-01T11:26:29.687+0200: 160770.873: [GC pause (G1 Humongous Allocation) (young)2015-05-01T11:26:29.701+0200: 160770.887: [GC concurrent-mark-start]
Feb 17, 2016 3:44:59 PM com.tagtraum.perf.[secure].imp.DataReaderSun1_6_0G1 read
WARNING: com.tagtraum.perf.[secure].imp.UnknownGcTypeException: Unknown gc type: '' Line 3: , 0.0470136 secs]
Feb 17, 2016 3:44:59 PM com.tagtraum.perf.[secure].imp.DataReaderSun1_6_0G1 read
INFO: Done reading.
Feb 17, 2016 3:44:59 PM com.tagtraum.perf.[secure].imp.DataReaderSun1_6_0G1 read
INFO: Reading Sun 1.6.x / 1.7.x G1 format...
Feb 17, 2016 3:44:59 PM com.tagtraum.perf.[secure].imp.DataReaderSun1_6_0G1 read
INFO: Done reading.
Feb 17, 2016 3:44:59 PM com.tagtraum.perf.[secure].imp.DataReaderSun1_6_0G1 read
INFO: Reading Sun 1.6.x / 1.7.x G1 format...
Feb 17, 2016 3:44:59 PM com.tagtraum.perf.[secure].imp.DataReaderSun1_6_0G1 read
INFO: Done reading.
Feb 17, 2016 3:44:59 PM com.tagtraum.perf.[secure].imp.DataReaderSun1_6_0G1 read
INFO: Reading Sun 1.6.x / 1.7.x G1 format...
Feb 17, 2016 3:44:59 PM com.tagtraum.perf.[secure].imp.DataReaderSun1_6_0G1 read
INFO: OpenJDK 64-Bit Server VM (25.5-b02) for linux-amd64 JRE (1.8.0_05-b13), built on May 16 2014 13:04:33 by "mockbuild" with gcc 4.8.2 20131212 (Red Hat 4.8.2-7)
Feb 17, 2016 3:44:59 PM com.tagtraum.perf.[secure].imp.DataReaderSun1_6_0G1 read
INFO: Memory: 4k page, physical 98979696k(96364364k free), swap 8191996k(8008108k free)
Feb 17, 2016 3:44:59 PM com.tagtraum.perf.[secure].imp.DataReaderSun1_6_0G1 read
INFO: CommandLine flags: -XX:InitialHeapSize=85899345920 -XX:MaxGCPauseMillis=200 -XX:MaxHeapSize=85899345920 -XX:NewRatio=3 -XX:+ParallelRefProcEnabled -XX:+PrintGC -XX:+PrintGCDetails -XX:+PrintGCTimeStamps -XX:+PrintTenuringDistribution -XX:-ResizePLAB -XX:+UseG1GC
Feb 17, 2016 3:44:59 PM com.tagtraum.perf.[secure].imp.DataReaderSun1_6_0G1 read
INFO: Done reading.
Tests run: 6, Failures: 0, Errors: 0, Skipped: 0, Time elapsed: 0.172 sec - in com.tagtraum.perf.[secure].imp.TestDataReaderSun1_8_0G1
Running com.tagtraum.perf.[secure].imp.TestDataReaderJRockit1_5_0
Feb 17, 2016 3:44:59 PM com.tagtraum.perf.[secure].imp.DataReaderJRockit1_5_0 read
INFO: Reading JRockit 1.5 format...
Feb 17, 2016 3:44:59 PM com.tagtraum.perf.[secure].imp.DataReaderJRockit1_5_0 read
INFO: GC mode: Static, strategy: Concurrent Mark & Sweep
Feb 17, 2016 3:44:59 PM com.tagtraum.perf.[secure].imp.DataReaderJRockit1_5_0 read
INFO: heap size: 3145728K, maximal heap size: 3145728K
Feb 17, 2016 3:44:59 PM com.tagtraum.perf.[secure].imp.DataReaderJRockit1_5_0 read
INFO: Changing GC strategy to Concurrent Mark, Parallel Sweep
Feb 17, 2016 3:44:59 PM com.tagtraum.perf.[secure].imp.DataReaderJRockit1_5_0 read
INFO: Changing GC strategy to Concurrent Mark & Sweep
Feb 17, 2016 3:44:59 PM com.tagtraum.perf.[secure].imp.DataReaderJRockit1_5_0 read
INFO: Changing GC strategy to Concurrent Mark, Parallel Sweep
Feb 17, 2016 3:44:59 PM com.tagtraum.perf.[secure].imp.DataReaderJRockit1_5_0 read
INFO: Reading done.
Feb 17, 2016 3:44:59 PM com.tagtraum.perf.[secure].imp.DataReaderJRockit1_5_0 read
INFO: Reading JRockit 1.5 format...
Feb 17, 2016 3:44:59 PM com.tagtraum.perf.[secure].imp.DataReaderJRockit1_5_0 read
INFO: Failed to determine type: 6.290-6.424: GC-malformed 3128161K->296406K (3145728K), sum of pauses 59.084 ms
Feb 17, 2016 3:44:59 PM com.tagtraum.perf.[secure].imp.DataReaderJRockit1_5_0 read
INFO: Reading done.
Feb 17, 2016 3:44:59 PM com.tagtraum.perf.[secure].imp.DataReaderJRockit1_5_0 read
INFO: Reading JRockit 1.5 format...
Feb 17, 2016 3:44:59 PM com.tagtraum.perf.[secure].imp.DataReaderJRockit1_5_0 read
INFO: GC mode: Garbage collection optimized for short pausetimes, initial strategy: Concurrent Mark & Sweep
Feb 17, 2016 3:44:59 PM com.tagtraum.perf.[secure].imp.DataReaderJRockit1_5_0 read
INFO: heap size: 3145728K, maximal heap size: 3145728K
Feb 17, 2016 3:44:59 PM com.tagtraum.perf.[secure].imp.DataReaderJRockit1_5_0 read
INFO: Changing GC strategy to Concurrent Mark, Parallel Sweep
Feb 17, 2016 3:44:59 PM com.tagtraum.perf.[secure].imp.DataReaderJRockit1_5_0 read
INFO: Changing GC strategy to Generational Concurrent Mark, Parallel Sweep
Feb 17, 2016 3:44:59 PM com.tagtraum.perf.[secure].imp.DataReaderJRockit1_5_0 read
WARNING: GC log contains OutOfMemory error: Throwing OutOfMemory: allocLargeObjectOrArray - Object size: 10016, Num elements: 10000
Feb 17, 2016 3:44:59 PM com.tagtraum.perf.[secure].imp.DataReaderJRockit1_5_0 read
INFO: Changing GC strategy to Generational Concurrent Mark, Parallel Sweep
Feb 17, 2016 3:44:59 PM com.tagtraum.perf.[secure].imp.DataReaderJRockit1_5_0 read
INFO: Changing GC strategy to Concurrent Mark, Parallel Sweep
Feb 17, 2016 3:44:59 PM com.tagtraum.perf.[secure].imp.DataReaderJRockit1_5_0 read
WARNING: GC log contains OutOfMemory error: Throwing OutOfMemory: allocLargeObjectOrArray - Object size: 10016, Num elements: 10000
Feb 17, 2016 3:44:59 PM com.tagtraum.perf.[secure].imp.DataReaderJRockit1_5_0 read
INFO: Changing GC strategy to Generational Concurrent Mark, Parallel Sweep
Feb 17, 2016 3:44:59 PM com.tagtraum.perf.[secure].imp.DataReaderJRockit1_5_0 read
WARNING: GC log contains OutOfMemory error: Throwing OutOfMemory: allocLargeObjectOrArray - Object size: 10016, Num elements: 10000
Feb 17, 2016 3:44:59 PM com.tagtraum.perf.[secure].imp.DataReaderJRockit1_5_0 read
WARNING: GC log contains OutOfMemory error: Throwing OutOfMemory: allocLargeObjectOrArray - Object size: 10016, Num elements: 10000
Feb 17, 2016 3:44:59 PM com.tagtraum.perf.[secure].imp.DataReaderJRockit1_5_0 read
WARNING: GC log contains OutOfMemory error: Throwing OutOfMemory: allocLargeObjectOrArray - Object size: 10016, Num elements: 10000
Feb 17, 2016 3:44:59 PM com.tagtraum.perf.[secure].imp.DataReaderJRockit1_5_0 read
WARNING: GC log contains OutOfMemory error: Throwing OutOfMemory: allocLargeObjectOrArray - Object size: 10016, Num elements: 10000
Feb 17, 2016 3:44:59 PM com.tagtraum.perf.[secure].imp.DataReaderJRockit1_5_0 read
INFO: Reading done.
Feb 17, 2016 3:44:59 PM com.tagtraum.perf.[secure].imp.DataReaderJRockit1_5_0 read
INFO: Reading JRockit 1.5 format...
Feb 17, 2016 3:44:59 PM com.tagtraum.perf.[secure].imp.DataReaderJRockit1_5_0 read
INFO: Prefetch distance in balanced tree: 4
Feb 17, 2016 3:44:59 PM com.tagtraum.perf.[secure].imp.DataReaderJRockit1_5_0 read
INFO: GC mode: Garbage collection optimized for throughput, initial strategy: Generational Parallel Mark & Sweep
Feb 17, 2016 3:44:59 PM com.tagtraum.perf.[secure].imp.DataReaderJRockit1_5_0 read
INFO: heap size: 3145728K, maximal heap size: 3145728K, nursery size: 1572864K
Feb 17, 2016 3:44:59 PM com.tagtraum.perf.[secure].imp.DataReaderJRockit1_5_0 read
INFO: Changing GC strategy to Parallel Mark & Sweep
Feb 17, 2016 3:44:59 PM com.tagtraum.perf.[secure].imp.DataReaderJRockit1_5_0 read
INFO: Changing GC strategy to Generational Parallel Mark & Sweep
Feb 17, 2016 3:44:59 PM com.tagtraum.perf.[secure].imp.DataReaderJRockit1_5_0 read
INFO: Changing GC strategy to Parallel Mark & Sweep
Feb 17, 2016 3:44:59 PM com.tagtraum.perf.[secure].imp.DataReaderJRockit1_5_0 read
INFO: Changing GC strategy to Generational Parallel Mark & Sweep
Feb 17, 2016 3:44:59 PM com.tagtraum.perf.[secure].imp.DataReaderJRockit1_5_0 read
INFO: Changing GC strategy to Generational Parallel Mark & Sweep
Feb 17, 2016 3:44:59 PM com.tagtraum.perf.[secure].imp.DataReaderJRockit1_5_0 read
INFO: Changing GC strategy to Parallel Mark & Sweep
Feb 17, 2016 3:44:59 PM com.tagtraum.perf.[secure].imp.DataReaderJRockit1_5_0 read
INFO: Memory usage report
Feb 17, 2016 3:44:59 PM com.tagtraum.perf.[secure].imp.DataReaderJRockit1_5_0 read
INFO: 
Feb 17, 2016 3:44:59 PM com.tagtraum.perf.[secure].imp.DataReaderJRockit1_5_0 read
INFO: young collections
Feb 17, 2016 3:44:59 PM com.tagtraum.perf.[secure].imp.DataReaderJRockit1_5_0 read
INFO:     number of collections = 11
Feb 17, 2016 3:44:59 PM com.tagtraum.perf.[secure].imp.DataReaderJRockit1_5_0 read
INFO:     total promoted =        329 (size 670848)
Feb 17, 2016 3:44:59 PM com.tagtraum.perf.[secure].imp.DataReaderJRockit1_5_0 read
INFO:     max promoted =          137 (size 613400)
Feb 17, 2016 3:44:59 PM com.tagtraum.perf.[secure].imp.DataReaderJRockit1_5_0 read
INFO:     total GC time =         0.029 s
Feb 17, 2016 3:44:59 PM com.tagtraum.perf.[secure].imp.DataReaderJRockit1_5_0 read
INFO:     mean GC time =          2.674 ms
Feb 17, 2016 3:44:59 PM com.tagtraum.perf.[secure].imp.DataReaderJRockit1_5_0 read
INFO:     maximum GC Pauses =      3.080 , 4.273, 5.870 ms
Feb 17, 2016 3:44:59 PM com.tagtraum.perf.[secure].imp.DataReaderJRockit1_5_0 read
INFO: 
Feb 17, 2016 3:44:59 PM com.tagtraum.perf.[secure].imp.DataReaderJRockit1_5_0 read
INFO: old collections
Feb 17, 2016 3:44:59 PM com.tagtraum.perf.[secure].imp.DataReaderJRockit1_5_0 read
INFO:     number of collections = 391
Feb 17, 2016 3:44:59 PM com.tagtraum.perf.[secure].imp.DataReaderJRockit1_5_0 read
INFO:     total promoted =        0 (size 0)
Feb 17, 2016 3:44:59 PM com.tagtraum.perf.[secure].imp.DataReaderJRockit1_5_0 read
INFO:     max promoted =          0 (size 0)
Feb 17, 2016 3:44:59 PM com.tagtraum.perf.[secure].imp.DataReaderJRockit1_5_0 read
INFO:     total GC time =         27.698 s (pause 27.698 s)
Feb 17, 2016 3:44:59 PM com.tagtraum.perf.[secure].imp.DataReaderJRockit1_5_0 read
INFO:     mean GC time =          70.839 ms (pause 70.838 ms)
Feb 17, 2016 3:44:59 PM com.tagtraum.perf.[secure].imp.DataReaderJRockit1_5_0 read
INFO:     maximum GC Pauses =      811.020 , 825.014, 917.905 ms
Feb 17, 2016 3:44:59 PM com.tagtraum.perf.[secure].imp.DataReaderJRockit1_5_0 read
INFO: 
Feb 17, 2016 3:44:59 PM com.tagtraum.perf.[secure].imp.DataReaderJRockit1_5_0 read
INFO:     number of parallel mark phases  = 391
Feb 17, 2016 3:44:59 PM com.tagtraum.perf.[secure].imp.DataReaderJRockit1_5_0 read
INFO:     number of parallel sweep phases  = 391
Feb 17, 2016 3:44:59 PM com.tagtraum.perf.[secure].imp.DataReaderJRockit1_5_0 read
INFO: Reading done.
Feb 17, 2016 3:44:59 PM com.tagtraum.perf.[secure].imp.DataReaderJRockit1_5_0 read
INFO: Reading JRockit 1.5 format...
Feb 17, 2016 3:44:59 PM com.tagtraum.perf.[secure].imp.DataReaderJRockit1_5_0 read
INFO: GC mode: Static, strategy: Generational Concurrent Mark & Sweep
Feb 17, 2016 3:44:59 PM com.tagtraum.perf.[secure].imp.DataReaderJRockit1_5_0 read
INFO: heap size: 3145728K, maximal heap size: 3145728K, nursery size: 81920K
Feb 17, 2016 3:44:59 PM com.tagtraum.perf.[secure].imp.DataReaderJRockit1_5_0 read
INFO: Changing GC strategy to Generational Concurrent Mark, Parallel Sweep
Feb 17, 2016 3:44:59 PM com.tagtraum.perf.[secure].imp.DataReaderJRockit1_5_0 read
INFO: Reading done.
Feb 17, 2016 3:44:59 PM com.tagtraum.perf.[secure].imp.DataReaderJRockit1_5_0 read
INFO: Reading JRockit 1.5 format...
Feb 17, 2016 3:44:59 PM com.tagtraum.perf.[secure].imp.DataReaderJRockit1_5_0 read
INFO: GC mode: Static, strategy: Generational Parallel Mark & Sweep
Feb 17, 2016 3:44:59 PM com.tagtraum.perf.[secure].imp.DataReaderJRockit1_5_0 read
INFO: heap size: 3145728K, maximal heap size: 3145728K, nursery size: 1572864K
Feb 17, 2016 3:44:59 PM com.tagtraum.perf.[secure].imp.DataReaderJRockit1_5_0 read
INFO: Reading done.
Feb 17, 2016 3:44:59 PM com.tagtraum.perf.[secure].imp.DataReaderJRockit1_6_0 read
INFO: Reading JRockit 1.6.0 format...
Feb 17, 2016 3:44:59 PM com.tagtraum.perf.[secure].imp.DataReaderJRockit1_6_0 read
INFO: [Sat Nov 17 16:36:45 2012][20346] GC mode: Garbage collection optimized for short pausetimes, strategy: Generational Concurrent Mark & Sweep.
Feb 17, 2016 3:44:59 PM com.tagtraum.perf.[secure].imp.DataReaderJRockit1_6_0 read
INFO: [Sat Nov 17 16:36:45 2012][20346] Heap size: 25165824KB, maximal heap size: 25165824KB, nursery size: 4194304KB.
Feb 17, 2016 3:44:59 PM com.tagtraum.perf.[secure].imp.DataReaderJRockit1_6_0 read
INFO: Reading done.
Tests run: 7, Failures: 0, Errors: 0, Skipped: 0, Time elapsed: 0.264 sec - in com.tagtraum.perf.[secure].imp.TestDataReaderJRockit1_5_0
Running com.tagtraum.perf.[secure].imp.TestDataReaderJRockit1_6_0
Feb 17, 2016 3:44:59 PM com.tagtraum.perf.[secure].imp.DataReaderJRockit1_6_0 read
INFO: Reading JRockit 1.6.0 format...
Feb 17, 2016 3:44:59 PM com.tagtraum.perf.[secure].imp.DataReaderJRockit1_6_0 read
INFO:  GC mode: Garbage collection optimized for short pausetimes, strategy: Generational Concurrent Mark & Sweep.
Feb 17, 2016 3:44:59 PM com.tagtraum.perf.[secure].imp.DataReaderJRockit1_6_0 read
INFO:  Heap size: 524288KB, maximal heap size: 524288KB, nursery size: 262144KB.
Feb 17, 2016 3:44:59 PM com.tagtraum.perf.[secure].imp.DataReaderJRockit1_6_0 read
INFO:  [OC#1] Changing GC strategy from: genconcon to: genconpar, reason: Emergency parallel sweep requested.
Feb 17, 2016 3:44:59 PM com.tagtraum.perf.[secure].imp.DataReaderJRockit1_6_0 read
INFO:  [OC#2] Changing GC strategy from: genconpar to: genconcon, reason: Return to basic strategy.
Feb 17, 2016 3:44:59 PM com.tagtraum.perf.[secure].imp.DataReaderJRockit1_6_0 read
INFO:  [OC#3] Changing GC strategy from: genconcon to: genconpar, reason: Emergency parallel sweep requested.
Feb 17, 2016 3:44:59 PM com.tagtraum.perf.[secure].imp.DataReaderJRockit1_6_0 read
WARNING: GC log contains OutOfMemory error:  Throwing OutOfMemory: allocLargeObjectOrArray: [C, size 249424544
Feb 17, 2016 3:44:59 PM com.tagtraum.perf.[secure].imp.DataReaderJRockit1_6_0 read
INFO:  [OC#4] Changing GC strategy from: genconpar to: genconcon, reason: Return to basic strategy.
Feb 17, 2016 3:44:59 PM com.tagtraum.perf.[secure].imp.DataReaderJRockit1_6_0 read
INFO:  [OC#5] Changing GC strategy from: genconcon to: genconpar, reason: Emergency parallel sweep requested.
Feb 17, 2016 3:44:59 PM com.tagtraum.perf.[secure].imp.DataReaderJRockit1_6_0 read
INFO:  [OC#6] Changing GC strategy from: genconpar to: genconcon, reason: Return to basic strategy.
Feb 17, 2016 3:44:59 PM com.tagtraum.perf.[secure].imp.DataReaderJRockit1_6_0 read
WARNING: GC log contains OutOfMemory error:  Throwing OutOfMemory: allocLargeObjectOrArray: [C, size 249424544
Feb 17, 2016 3:44:59 PM com.tagtraum.perf.[secure].imp.DataReaderJRockit1_6_0 read
INFO:  [OC#7] Changing GC strategy from: genconcon to: genconpar, reason: Emergency parallel sweep requested.
Feb 17, 2016 3:44:59 PM com.tagtraum.perf.[secure].imp.DataReaderJRockit1_6_0 read
INFO:  [OC#8] Changing GC strategy from: genconpar to: genconcon, reason: Return to basic strategy.
Feb 17, 2016 3:44:59 PM com.tagtraum.perf.[secure].imp.DataReaderJRockit1_6_0 read
INFO:  [OC#9] Changing GC strategy from: genconcon to: genconpar, reason: Emergency parallel sweep requested.
Feb 17, 2016 3:44:59 PM com.tagtraum.perf.[secure].imp.DataReaderJRockit1_6_0 read
WARNING: GC log contains OutOfMemory error:  Throwing OutOfMemory: allocLargeObjectOrArray: [C, size 249424544
Feb 17, 2016 3:44:59 PM com.tagtraum.perf.[secure].imp.DataReaderJRockit1_6_0 read
INFO:  [OC#10] Changing GC strategy from: genconpar to: genconcon, reason: Return to basic strategy.
Feb 17, 2016 3:44:59 PM com.tagtraum.perf.[secure].imp.DataReaderJRockit1_6_0 read
INFO:  [OC#11] Changing GC strategy from: genconcon to: genconpar, reason: Emergency parallel sweep requested.
Feb 17, 2016 3:44:59 PM com.tagtraum.perf.[secure].imp.DataReaderJRockit1_6_0 read
INFO:  [OC#12] Changing GC strategy from: genconpar to: genconcon, reason: Return to basic strategy.
Feb 17, 2016 3:44:59 PM com.tagtraum.perf.[secure].imp.DataReaderJRockit1_6_0 read
WARNING: GC log contains OutOfMemory error:  Throwing OutOfMemory: allocLargeObjectOrArray: [C, size 249424544
Feb 17, 2016 3:44:59 PM com.tagtraum.perf.[secure].imp.DataReaderJRockit1_6_0 read
INFO:  [OC#13] Changing GC strategy from: genconcon to: genconpar, reason: Emergency parallel sweep requested.
Feb 17, 2016 3:44:59 PM com.tagtraum.perf.[secure].imp.DataReaderJRockit1_6_0 read
INFO:  [OC#14] Changing GC strategy from: genconpar to: genconcon, reason: Return to basic strategy.
Feb 17, 2016 3:44:59 PM com.tagtraum.perf.[secure].imp.DataReaderJRockit1_6_0 read
INFO:  [OC#15] Changing GC strategy from: genconcon to: genconpar, reason: Emergency parallel sweep requested.
Feb 17, 2016 3:44:59 PM com.tagtraum.perf.[secure].imp.DataReaderJRockit1_6_0 read
WARNING: GC log contains OutOfMemory error:  Throwing OutOfMemory: allocLargeObjectOrArray: [C, size 249424544
Feb 17, 2016 3:44:59 PM com.tagtraum.perf.[secure].imp.DataReaderJRockit1_6_0 read
INFO: Reading done.
Feb 17, 2016 3:44:59 PM com.tagtraum.perf.[secure].imp.DataReaderJRockit1_6_0 read
INFO: Reading JRockit 1.6.0 format...
Feb 17, 2016 3:44:59 PM com.tagtraum.perf.[secure].imp.DataReaderJRockit1_6_0 read
INFO: Failed to determine type:  9.743-9.793: YC-malformed 294974KB->122557KB (524288KB), 0.050 s, sum of pauses 49.692 ms, longest pause 49.692 ms.
Feb 17, 2016 3:44:59 PM com.tagtraum.perf.[secure].imp.DataReaderJRockit1_6_0 read
INFO: Reading done.
Feb 17, 2016 3:44:59 PM com.tagtraum.perf.[secure].imp.DataReaderJRockit1_6_0 read
INFO: Reading JRockit 1.6.0 format...
Feb 17, 2016 3:44:59 PM com.tagtraum.perf.[secure].imp.DataReaderJRockit1_6_0 read
INFO: Reading done.
Feb 17, 2016 3:44:59 PM com.tagtraum.perf.[secure].imp.DataReaderJRockit1_6_0 read
INFO: Reading JRockit 1.6.0 format...
Feb 17, 2016 3:44:59 PM com.tagtraum.perf.[secure].imp.DataReaderJRockit1_6_0 read
INFO: [Fri Feb 15 14:02:28 2013][17611] Prefetch distance in workpacket: 4. Packet size: 493 objects.
Feb 17, 2016 3:44:59 PM com.tagtraum.perf.[secure].imp.DataReaderJRockit1_6_0 read
INFO: [Fri Feb 15 14:02:28 2013][17611] GC mode: Garbage collection optimized for throughput, strategy: Generational Parallel Mark & Sweep.
Feb 17, 2016 3:44:59 PM com.tagtraum.perf.[secure].imp.DataReaderJRockit1_6_0 read
INFO: [Fri Feb 15 14:02:28 2013][17611] Heap size: 786432KB, maximal heap size: 1572864KB, nursery size: 393216KB.
Feb 17, 2016 3:44:59 PM com.tagtraum.perf.[secure].imp.DataReaderJRockit1_6_0 read
INFO: Reading done.
Feb 17, 2016 3:44:59 PM com.tagtraum.perf.[secure].imp.DataReaderJRockit1_6_0 read
INFO: Reading JRockit 1.6.0 format...
Feb 17, 2016 3:44:59 PM com.tagtraum.perf.[secure].imp.DataReaderJRockit1_6_0 read
INFO:  GC mode: Garbage collection optimized for short pausetimes, strategy: Parallel Mark, Concurrent Sweep.
Feb 17, 2016 3:44:59 PM com.tagtraum.perf.[secure].imp.DataReaderJRockit1_6_0 read
INFO:  Heap size: 524288KB, maximal heap size: 524288KB.
Feb 17, 2016 3:44:59 PM com.tagtraum.perf.[secure].imp.DataReaderJRockit1_6_0 read
INFO:  [OC#1] Changing GC strategy from: singleparcon to: singleparpar, reason: Emergency parallel sweep requested.
Feb 17, 2016 3:44:59 PM com.tagtraum.perf.[secure].imp.DataReaderJRockit1_6_0 read
INFO:  [OC#2] Changing GC strategy from: singleparpar to: singleparcon, reason: Return to basic strategy.
Feb 17, 2016 3:44:59 PM com.tagtraum.perf.[secure].imp.DataReaderJRockit1_6_0 read
INFO:  [OC#3] Changing GC strategy from: singleparcon to: singleparpar, reason: Emergency parallel sweep requested.
Feb 17, 2016 3:44:59 PM com.tagtraum.perf.[secure].imp.DataReaderJRockit1_6_0 read
INFO:  [OC#4] Changing GC strategy from: singleparpar to: singleparcon, reason: Return to basic strategy.
Feb 17, 2016 3:44:59 PM com.tagtraum.perf.[secure].imp.DataReaderJRockit1_6_0 read
INFO:  [OC#10] Changing GC strategy from: singleparcon to: singleparpar, reason: Emergency parallel sweep requested.
Feb 17, 2016 3:44:59 PM com.tagtraum.perf.[secure].imp.DataReaderJRockit1_6_0 read
INFO:  [OC#11] Changing GC strategy from: singleparpar to: singleparcon, reason: Return to basic strategy.
Feb 17, 2016 3:44:59 PM com.tagtraum.perf.[secure].imp.DataReaderJRockit1_6_0 read
INFO:  [OC#12] Changing GC strategy from: singleparcon to: singleparpar, reason: Emergency parallel sweep requested.
Feb 17, 2016 3:44:59 PM com.tagtraum.perf.[secure].imp.DataReaderJRockit1_6_0 read
WARNING: GC log contains OutOfMemory error:  Throwing OutOfMemory: allocLargeObjectOrArray: [B, size 124712280
Feb 17, 2016 3:44:59 PM com.tagtraum.perf.[secure].imp.DataReaderJRockit1_6_0 read
INFO:  [OC#13] Changing GC strategy from: singleparpar to: singleparcon, reason: Return to basic strategy.
Feb 17, 2016 3:44:59 PM com.tagtraum.perf.[secure].imp.DataReaderJRockit1_6_0 read
INFO:  [OC#14] Changing GC strategy from: singleparcon to: singleparpar, reason: Emergency parallel sweep requested.
Feb 17, 2016 3:44:59 PM com.tagtraum.perf.[secure].imp.DataReaderJRockit1_6_0 read
INFO:  [OC#15] Changing GC strategy from: singleparpar to: singleparcon, reason: Return to basic strategy.
Feb 17, 2016 3:44:59 PM com.tagtraum.perf.[secure].imp.DataReaderJRockit1_6_0 read
INFO:  [OC#16] Changing GC strategy from: singleparcon to: singleparpar, reason: Emergency parallel sweep requested.
Feb 17, 2016 3:44:59 PM com.tagtraum.perf.[secure].imp.DataReaderJRockit1_6_0 read
WARNING: GC log contains OutOfMemory error:  Throwing OutOfMemory: allocLargeObjectOrArray: [C, size 234478896
Feb 17, 2016 3:44:59 PM com.tagtraum.perf.[secure].imp.DataReaderJRockit1_6_0 read
INFO:  [OC#17] Changing GC strategy from: singleparpar to: singleparcon, reason: Return to basic strategy.
Feb 17, 2016 3:44:59 PM com.tagtraum.perf.[secure].imp.DataReaderJRockit1_6_0 read
INFO:  [OC#26] Changing GC strategy from: singleparcon to: singleparpar, reason: Emergency parallel sweep requested.
Feb 17, 2016 3:44:59 PM com.tagtraum.perf.[secure].imp.DataReaderJRockit1_6_0 read
INFO:  [OC#27] Changing GC strategy from: singleparpar to: singleparcon, reason: Return to basic strategy.
Feb 17, 2016 3:44:59 PM com.tagtraum.perf.[secure].imp.DataReaderJRockit1_6_0 read
INFO:  [OC#28] Changing GC strategy from: singleparcon to: singleparpar, reason: Emergency parallel sweep requested.
Feb 17, 2016 3:44:59 PM com.tagtraum.perf.[secure].imp.DataReaderJRockit1_6_0 read
WARNING: GC log contains OutOfMemory error:  Throwing OutOfMemory: allocLargeObjectOrArray: [C, size 234478896
Feb 17, 2016 3:44:59 PM com.tagtraum.perf.[secure].imp.DataReaderJRockit1_6_0 read
INFO:  [OC#29] Changing GC strategy from: singleparpar to: singleparcon, reason: Return to basic strategy.
Feb 17, 2016 3:44:59 PM com.tagtraum.perf.[secure].imp.DataReaderJRockit1_6_0 read
INFO:  [OC#38] Changing GC strategy from: singleparcon to: singleparpar, reason: Emergency parallel sweep requested.
Feb 17, 2016 3:44:59 PM com.tagtraum.perf.[secure].imp.DataReaderJRockit1_6_0 read
INFO:  [OC#39] Changing GC strategy from: singleparpar to: singleparcon, reason: Return to basic strategy.
Feb 17, 2016 3:44:59 PM com.tagtraum.perf.[secure].imp.DataReaderJRockit1_6_0 read
INFO:  [OC#40] Changing GC strategy from: singleparcon to: singleparpar, reason: Emergency parallel sweep requested.
Feb 17, 2016 3:44:59 PM com.tagtraum.perf.[secure].imp.DataReaderJRockit1_6_0 read
WARNING: GC log contains OutOfMemory error:  Throwing OutOfMemory: allocLargeObjectOrArray: [C, size 234478896
Feb 17, 2016 3:44:59 PM com.tagtraum.perf.[secure].imp.DataReaderJRockit1_6_0 read
INFO:  [OC#41] Changing GC strategy from: singleparpar to: singleparcon, reason: Return to basic strategy.
Feb 17, 2016 3:44:59 PM com.tagtraum.perf.[secure].imp.DataReaderJRockit1_6_0 read
INFO:  [OC#50] Changing GC strategy from: singleparcon to: singleparpar, reason: Emergency parallel sweep requested.
Feb 17, 2016 3:44:59 PM com.tagtraum.perf.[secure].imp.DataReaderJRockit1_6_0 read
INFO:  [OC#51] Changing GC strategy from: singleparpar to: singleparcon, reason: Return to basic strategy.
Feb 17, 2016 3:44:59 PM com.tagtraum.perf.[secure].imp.DataReaderJRockit1_6_0 read
INFO:  [OC#52] Changing GC strategy from: singleparcon to: singleparpar, reason: Emergency parallel sweep requested.
Feb 17, 2016 3:44:59 PM com.tagtraum.perf.[secure].imp.DataReaderJRockit1_6_0 read
WARNING: GC log contains OutOfMemory error:  Throwing OutOfMemory: allocLargeObjectOrArray: [C, size 234478896
Feb 17, 2016 3:44:59 PM com.tagtraum.perf.[secure].imp.DataReaderJRockit1_6_0 read
INFO: Reading done.
Feb 17, 2016 3:44:59 PM com.tagtraum.perf.[secure].imp.DataReaderJRockit1_6_0 read
INFO: Reading JRockit 1.6.0 format...
Feb 17, 2016 3:44:59 PM com.tagtraum.perf.[secure].imp.DataReaderJRockit1_6_0 read
INFO:  GC mode: Garbage collection optimized for short pausetimes, strategy: Parallel Mark, Concurrent Sweep.
Feb 17, 2016 3:44:59 PM com.tagtraum.perf.[secure].imp.DataReaderJRockit1_6_0 read
INFO:  Heap size: 524288KB, maximal heap size: 524288KB.
Feb 17, 2016 3:44:59 PM com.tagtraum.perf.[secure].imp.DataReaderJRockit1_6_0 read
INFO:  [OC#3] Changing GC strategy from: singleparcon to: singleparpar, reason: Emergency parallel sweep requested.
Feb 17, 2016 3:44:59 PM com.tagtraum.perf.[secure].imp.DataReaderJRockit1_6_0 read
INFO:  [OC#4] Changing GC strategy from: singleparpar to: singleparcon, reason: Return to basic strategy.
Feb 17, 2016 3:44:59 PM com.tagtraum.perf.[secure].imp.DataReaderJRockit1_6_0 read
INFO:  [OC#5] Changing GC strategy from: singleparcon to: singleparpar, reason: Emergency parallel sweep requested.
Feb 17, 2016 3:44:59 PM com.tagtraum.perf.[secure].imp.DataReaderJRockit1_6_0 read
INFO:  [OC#6] Changing GC strategy from: singleparpar to: singleparcon, reason: Return to basic strategy.
Feb 17, 2016 3:44:59 PM com.tagtraum.perf.[secure].imp.DataReaderJRockit1_6_0 read
INFO:  [OC#7] Changing GC strategy from: singleparcon to: singleparpar, reason: Emergency parallel sweep requested.
Feb 17, 2016 3:44:59 PM com.tagtraum.perf.[secure].imp.DataReaderJRockit1_6_0 read
INFO:  [OC#8] Changing GC strategy from: singleparpar to: singleparcon, reason: Return to basic strategy.
Feb 17, 2016 3:44:59 PM com.tagtraum.perf.[secure].imp.DataReaderJRockit1_6_0 read
INFO:  [OC#9] Changing GC strategy from: singleparcon to: singleparpar, reason: Emergency parallel sweep requested.
Feb 17, 2016 3:44:59 PM com.tagtraum.perf.[secure].imp.DataReaderJRockit1_6_0 read
INFO:  [OC#10] Changing GC strategy from: singleparpar to: singleparcon, reason: Return to basic strategy.
Feb 17, 2016 3:44:59 PM com.tagtraum.perf.[secure].imp.DataReaderJRockit1_6_0 read
WARNING: GC log contains OutOfMemory error:  Throwing OutOfMemory: allocLargeObjectOrArray: [B, size 118101136
Feb 17, 2016 3:44:59 PM com.tagtraum.perf.[secure].imp.DataReaderJRockit1_6_0 read
INFO:  [OC#11] Changing GC strategy from: singleparcon to: singleparpar, reason: Emergency parallel sweep requested.
Feb 17, 2016 3:44:59 PM com.tagtraum.perf.[secure].imp.DataReaderJRockit1_6_0 read
INFO:  [OC#12] Changing GC strategy from: singleparpar to: singleparcon, reason: Return to basic strategy.
Feb 17, 2016 3:44:59 PM com.tagtraum.perf.[secure].imp.DataReaderJRockit1_6_0 read
INFO:  [OC#13] Changing GC strategy from: singleparcon to: singleparpar, reason: Emergency parallel sweep requested.
Feb 17, 2016 3:44:59 PM com.tagtraum.perf.[secure].imp.DataReaderJRockit1_6_0 read
INFO:  [OC#14] Changing GC strategy from: singleparpar to: singleparcon, reason: Return to basic strategy.
Feb 17, 2016 3:44:59 PM com.tagtraum.perf.[secure].imp.DataReaderJRockit1_6_0 read
INFO:  [OC#15] Changing GC strategy from: singleparcon to: singleparpar, reason: Emergency parallel sweep requested.
Feb 17, 2016 3:44:59 PM com.tagtraum.perf.[secure].imp.DataReaderJRockit1_6_0 read
INFO:  [OC#16] Changing GC strategy from: singleparpar to: singleparcon, reason: Return to basic strategy.
Feb 17, 2016 3:44:59 PM com.tagtraum.perf.[secure].imp.DataReaderJRockit1_6_0 read
INFO:  [OC#17] Changing GC strategy from: singleparcon to: singleparpar, reason: Emergency parallel sweep requested.
Feb 17, 2016 3:44:59 PM com.tagtraum.perf.[secure].imp.DataReaderJRockit1_6_0 read
INFO:  [OC#18] Changing GC strategy from: singleparpar to: singleparcon, reason: Return to basic strategy.
Feb 17, 2016 3:44:59 PM com.tagtraum.perf.[secure].imp.DataReaderJRockit1_6_0 read
WARNING: GC log contains OutOfMemory error:  Throwing OutOfMemory: allocLargeObjectOrArray: [B, size 118101136
Feb 17, 2016 3:44:59 PM com.tagtraum.perf.[secure].imp.DataReaderJRockit1_6_0 read
INFO:  [OC#19] Changing GC strategy from: singleparcon to: singleparpar, reason: Emergency parallel sweep requested.
Feb 17, 2016 3:44:59 PM com.tagtraum.perf.[secure].imp.DataReaderJRockit1_6_0 read
INFO:  [OC#20] Changing GC strategy from: singleparpar to: singleparcon, reason: Return to basic strategy.
Feb 17, 2016 3:44:59 PM com.tagtraum.perf.[secure].imp.DataReaderJRockit1_6_0 read
INFO:  [OC#21] Changing GC strategy from: singleparcon to: singleparpar, reason: Emergency parallel sweep requested.
Feb 17, 2016 3:44:59 PM com.tagtraum.perf.[secure].imp.DataReaderJRockit1_6_0 read
INFO:  [OC#22] Changing GC strategy from: singleparpar to: singleparcon, reason: Return to basic strategy.
Feb 17, 2016 3:44:59 PM com.tagtraum.perf.[secure].imp.DataReaderJRockit1_6_0 read
INFO:  [OC#23] Changing GC strategy from: singleparcon to: singleparpar, reason: Emergency parallel sweep requested.
Feb 17, 2016 3:44:59 PM com.tagtraum.perf.[secure].imp.DataReaderJRockit1_6_0 read
INFO:  [OC#24] Changing GC strategy from: singleparpar to: singleparcon, reason: Return to basic strategy.
Feb 17, 2016 3:44:59 PM com.tagtraum.perf.[secure].imp.DataReaderJRockit1_6_0 read
INFO:  [OC#25] Changing GC strategy from: singleparcon to: singleparpar, reason: Emergency parallel sweep requested.
Feb 17, 2016 3:44:59 PM com.tagtraum.perf.[secure].imp.DataReaderJRockit1_6_0 read
INFO:  [OC#26] Changing GC strategy from: singleparpar to: singleparcon, reason: Return to basic strategy.
Feb 17, 2016 3:44:59 PM com.tagtraum.perf.[secure].imp.DataReaderJRockit1_6_0 read
WARNING: GC log contains OutOfMemory error:  Throwing OutOfMemory: allocLargeObjectOrArray: [B, size 118101136
Feb 17, 2016 3:44:59 PM com.tagtraum.perf.[secure].imp.DataReaderJRockit1_6_0 read
INFO:  [OC#27] Changing GC strategy from: singleparcon to: singleparpar, reason: Emergency parallel sweep requested.
Feb 17, 2016 3:44:59 PM com.tagtraum.perf.[secure].imp.DataReaderJRockit1_6_0 read
INFO:  [OC#28] Changing GC strategy from: singleparpar to: singleparcon, reason: Return to basic strategy.
Feb 17, 2016 3:44:59 PM com.tagtraum.perf.[secure].imp.DataReaderJRockit1_6_0 read
INFO:  [OC#29] Changing GC strategy from: singleparcon to: singleparpar, reason: Emergency parallel sweep requested.
Feb 17, 2016 3:44:59 PM com.tagtraum.perf.[secure].imp.DataReaderJRockit1_6_0 read
INFO:  [OC#30] Changing GC strategy from: singleparpar to: singleparcon, reason: Return to basic strategy.
Feb 17, 2016 3:44:59 PM com.tagtraum.perf.[secure].imp.DataReaderJRockit1_6_0 read
INFO:  [OC#31] Changing GC strategy from: singleparcon to: singleparpar, reason: Emergency parallel sweep requested.
Feb 17, 2016 3:44:59 PM com.tagtraum.perf.[secure].imp.DataReaderJRockit1_6_0 read
INFO:  [OC#32] Changing GC strategy from: singleparpar to: singleparcon, reason: Return to basic strategy.
Feb 17, 2016 3:44:59 PM com.tagtraum.perf.[secure].imp.DataReaderJRockit1_6_0 read
INFO:  [OC#33] Changing GC strategy from: singleparcon to: singleparpar, reason: Emergency parallel sweep requested.
Feb 17, 2016 3:44:59 PM com.tagtraum.perf.[secure].imp.DataReaderJRockit1_6_0 read
INFO:  [OC#34] Changing GC strategy from: singleparpar to: singleparcon, reason: Return to basic strategy.
Feb 17, 2016 3:44:59 PM com.tagtraum.perf.[secure].imp.DataReaderJRockit1_6_0 read
WARNING: GC log contains OutOfMemory error:  Throwing OutOfMemory: allocLargeObjectOrArray: [B, size 118101136
Feb 17, 2016 3:44:59 PM com.tagtraum.perf.[secure].imp.DataReaderJRockit1_6_0 read
INFO:  [OC#35] Changing GC strategy from: singleparcon to: singleparpar, reason: Emergency parallel sweep requested.
Feb 17, 2016 3:44:59 PM com.tagtraum.perf.[secure].imp.DataReaderJRockit1_6_0 read
INFO:  [OC#36] Changing GC strategy from: singleparpar to: singleparcon, reason: Return to basic strategy.
Feb 17, 2016 3:44:59 PM com.tagtraum.perf.[secure].imp.DataReaderJRockit1_6_0 read
INFO:  [OC#37] Changing GC strategy from: singleparcon to: singleparpar, reason: Emergency parallel sweep requested.
Feb 17, 2016 3:44:59 PM com.tagtraum.perf.[secure].imp.DataReaderJRockit1_6_0 read
INFO:  [OC#38] Changing GC strategy from: singleparpar to: singleparcon, reason: Return to basic strategy.
Feb 17, 2016 3:44:59 PM com.tagtraum.perf.[secure].imp.DataReaderJRockit1_6_0 read
INFO:  [OC#39] Changing GC strategy from: singleparcon to: singleparpar, reason: Emergency parallel sweep requested.
Feb 17, 2016 3:44:59 PM com.tagtraum.perf.[secure].imp.DataReaderJRockit1_6_0 read
INFO:  [OC#40] Changing GC strategy from: singleparpar to: singleparcon, reason: Return to basic strategy.
Feb 17, 2016 3:44:59 PM com.tagtraum.perf.[secure].imp.DataReaderJRockit1_6_0 read
INFO:  [OC#41] Changing GC strategy from: singleparcon to: singleparpar, reason: Emergency parallel sweep requested.
Feb 17, 2016 3:44:59 PM com.tagtraum.perf.[secure].imp.DataReaderJRockit1_6_0 read
INFO:  [OC#42] Changing GC strategy from: singleparpar to: singleparcon, reason: Return to basic strategy.
Feb 17, 2016 3:44:59 PM com.tagtraum.perf.[secure].imp.DataReaderJRockit1_6_0 read
WARNING: GC log contains OutOfMemory error:  Throwing OutOfMemory: allocLargeObjectOrArray: [B, size 118101136
Feb 17, 2016 3:44:59 PM com.tagtraum.perf.[secure].imp.DataReaderJRockit1_6_0 read
INFO: Reading done.
Tests run: 6, Failures: 0, Errors: 0, Skipped: 0, Time elapsed: 0.208 sec - in com.tagtraum.perf.[secure].imp.TestDataReaderJRockit1_6_0
Running com.tagtraum.perf.[secure].imp.TestDataReaderIBMJ9_5_0
Feb 17, 2016 3:44:59 PM com.tagtraum.perf.[secure].imp.DataReaderIBM_J9_5_0 read
INFO: Reading IBM J9 5.0 format...
In AF endElement!
Feb 17, 2016 3:45:00 PM com.tagtraum.perf.[secure].imp.DataReaderIBM_J9_5_0 read
INFO: Done reading.
Feb 17, 2016 3:45:00 PM com.tagtraum.perf.[secure].imp.DataReaderIBM_J9_5_0 read
INFO: Reading IBM J9 5.0 format...
In AF endElement!
Feb 17, 2016 3:45:00 PM com.tagtraum.perf.[secure].imp.DataReaderIBM_J9_5_0 read
INFO: Done reading.
Tests run: 2, Failures: 0, Errors: 0, Skipped: 0, Time elapsed: 1.009 sec - in com.tagtraum.perf.[secure].imp.TestDataReaderIBMJ9_5_0
Running com.tagtraum.perf.[secure].imp.TestDataReaderIBM1_3_1
Feb 17, 2016 3:45:00 PM com.tagtraum.perf.[secure].imp.DataReaderIBM1_3_1 read
INFO: Reading IBM 1.3.1 format...
Feb 17, 2016 3:45:00 PM com.tagtraum.perf.[secure].imp.DataReaderIBM1_3_1 read
INFO: Done reading.
Tests run: 1, Failures: 0, Errors: 0, Skipped: 0, Time elapsed: 0.031 sec - in com.tagtraum.perf.[secure].imp.TestDataReaderIBM1_3_1
Running com.tagtraum.perf.[secure].imp.TestAbstractDataReaderSun
Tests run: 4, Failures: 0, Errors: 0, Skipped: 0, Time elapsed: 0.024 sec - in com.tagtraum.perf.[secure].imp.TestAbstractDataReaderSun
Running com.tagtraum.perf.[secure].imp.TestDataReaderSun1_6_0G1
Feb 17, 2016 3:45:00 PM com.tagtraum.perf.[secure].imp.DataReaderSun1_6_0G1 read
INFO: Reading Sun 1.6.x / 1.7.x G1 format...
Feb 17, 2016 3:45:00 PM com.tagtraum.perf.[secure].imp.DataReaderSun1_6_0G1 read
INFO: Done reading.
Feb 17, 2016 3:45:00 PM com.tagtraum.perf.[secure].imp.DataReaderSun1_6_0G1 read
INFO: Reading Sun 1.6.x / 1.7.x G1 format...
Feb 17, 2016 3:45:00 PM com.tagtraum.perf.[secure].imp.DataReaderSun1_6_0G1 read
INFO: Done reading.
Feb 17, 2016 3:45:00 PM com.tagtraum.perf.[secure].imp.DataReaderSun1_6_0G1 read
INFO: Reading Sun 1.6.x / 1.7.x G1 format...
Feb 17, 2016 3:45:00 PM com.tagtraum.perf.[secure].imp.DataReaderSun1_6_0G1 read
INFO: Done reading.
Feb 17, 2016 3:45:00 PM com.tagtraum.perf.[secure].imp.DataReaderSun1_6_0G1 read
INFO: Reading Sun 1.6.x / 1.7.x G1 format...
Feb 17, 2016 3:45:00 PM com.tagtraum.perf.[secure].imp.DataReaderSun1_6_0G1 read
INFO: Done reading.
Feb 17, 2016 3:45:00 PM com.tagtraum.perf.[secure].imp.DataReaderSun1_6_0G1 read
INFO: Reading Sun 1.6.x / 1.7.x G1 format...
Feb 17, 2016 3:45:00 PM com.tagtraum.perf.[secure].imp.DataReaderSun1_6_0G1 read
INFO: Done reading.
Feb 17, 2016 3:45:00 PM com.tagtraum.perf.[secure].imp.DataReaderSun1_6_0G1 read
INFO: Reading Sun 1.6.x / 1.7.x G1 format...
Feb 17, 2016 3:45:00 PM com.tagtraum.perf.[secure].imp.DataReaderSun1_6_0G1 read
INFO: Done reading.
Feb 17, 2016 3:45:00 PM com.tagtraum.perf.[secure].imp.DataReaderSun1_6_0G1 read
INFO: Reading Sun 1.6.x / 1.7.x G1 format...
Feb 17, 2016 3:45:00 PM com.tagtraum.perf.[secure].imp.DataReaderSun1_6_0G1 read
INFO: Done reading.
Feb 17, 2016 3:45:00 PM com.tagtraum.perf.[secure].imp.DataReaderSun1_6_0G1 read
INFO: Reading Sun 1.6.x / 1.7.x G1 format...
Feb 17, 2016 3:45:00 PM com.tagtraum.perf.[secure].imp.DataReaderSun1_6_0G1 read
INFO: Done reading.
Feb 17, 2016 3:45:00 PM com.tagtraum.perf.[secure].imp.DataReaderSun1_6_0G1 read
INFO: Reading Sun 1.6.x / 1.7.x G1 format...
Feb 17, 2016 3:45:00 PM com.tagtraum.perf.[secure].imp.DataReaderSun1_6_0G1 read
INFO: Done reading.
Feb 17, 2016 3:45:00 PM com.tagtraum.perf.[secure].imp.DataReaderSun1_6_0G1 read
INFO: Reading Sun 1.6.x / 1.7.x G1 format...
Feb 17, 2016 3:45:00 PM com.tagtraum.perf.[secure].imp.DataReaderSun1_6_0G1 read
INFO: Done reading.
Feb 17, 2016 3:45:00 PM com.tagtraum.perf.[secure].imp.DataReaderSun1_6_0G1 read
INFO: Reading Sun 1.6.x / 1.7.x G1 format...
Feb 17, 2016 3:45:00 PM com.tagtraum.perf.[secure].imp.DataReaderSun1_6_0G1 read
INFO: Done reading.
Feb 17, 2016 3:45:00 PM com.tagtraum.perf.[secure].imp.DataReaderSun1_6_0G1 read
INFO: Reading Sun 1.6.x / 1.7.x G1 format...
Feb 17, 2016 3:45:00 PM com.tagtraum.perf.[secure].imp.DataReaderSun1_6_0G1 read
INFO: Done reading.
Feb 17, 2016 3:45:00 PM com.tagtraum.perf.[secure].imp.DataReaderSun1_6_0G1 read
INFO: Reading Sun 1.6.x / 1.7.x G1 format...
Feb 17, 2016 3:45:00 PM com.tagtraum.perf.[secure].imp.DataReaderSun1_6_0G1 read
INFO: Done reading.
Feb 17, 2016 3:45:00 PM com.tagtraum.perf.[secure].imp.DataReaderSun1_6_0G1 read
INFO: Reading Sun 1.6.x / 1.7.x G1 format...
Feb 17, 2016 3:45:00 PM com.tagtraum.perf.[secure].imp.DataReaderSun1_6_0G1 read
INFO: Done reading.
Feb 17, 2016 3:45:00 PM com.tagtraum.perf.[secure].imp.DataReaderSun1_6_0G1 read
INFO: Reading Sun 1.6.x / 1.7.x G1 format...
Feb 17, 2016 3:45:00 PM com.tagtraum.perf.[secure].imp.DataReaderSun1_6_0G1 read
INFO: Done reading.
Feb 17, 2016 3:45:00 PM com.tagtraum.perf.[secure].imp.DataReaderSun1_6_0G1 read
INFO: Reading Sun 1.6.x / 1.7.x G1 format...
Feb 17, 2016 3:45:00 PM com.tagtraum.perf.[secure].imp.DataReaderSun1_6_0G1 read
INFO: Done reading.
Feb 17, 2016 3:45:00 PM com.tagtraum.perf.[secure].imp.DataReaderSun1_6_0G1 read
INFO: Reading Sun 1.6.x / 1.7.x G1 format...
Feb 17, 2016 3:45:00 PM com.tagtraum.perf.[secure].imp.DataReaderSun1_6_0G1 read
INFO: Done reading.
Feb 17, 2016 3:45:00 PM com.tagtraum.perf.[secure].imp.DataReaderSun1_6_0G1 read
INFO: Reading Sun 1.6.x / 1.7.x G1 format...
Feb 17, 2016 3:45:01 PM com.tagtraum.perf.[secure].imp.DataReaderSun1_6_0G1 read
INFO: Done reading.
Feb 17, 2016 3:45:01 PM com.tagtraum.perf.[secure].imp.DataReaderSun1_6_0G1 read
INFO: Reading Sun 1.6.x / 1.7.x G1 format...
Feb 17, 2016 3:45:01 PM com.tagtraum.perf.[secure].imp.DataReaderSun1_6_0G1 read
INFO: Done reading.
Feb 17, 2016 3:45:01 PM com.tagtraum.perf.[secure].imp.DataReaderSun1_6_0G1 read
INFO: Reading Sun 1.6.x / 1.7.x G1 format...
Feb 17, 2016 3:45:01 PM com.tagtraum.perf.[secure].imp.DataReaderSun1_6_0G1 read
INFO: Done reading.
Feb 17, 2016 3:45:01 PM com.tagtraum.perf.[secure].imp.DataReaderSun1_6_0G1 read
INFO: Reading Sun 1.6.x / 1.7.x G1 format...
Feb 17, 2016 3:45:01 PM com.tagtraum.perf.[secure].imp.DataReaderSun1_6_0G1 read
INFO: Done reading.
Feb 17, 2016 3:45:01 PM com.tagtraum.perf.[secure].imp.DataReaderSun1_6_0G1 read
INFO: Reading Sun 1.6.x / 1.7.x G1 format...
Feb 17, 2016 3:45:01 PM com.tagtraum.perf.[secure].imp.DataReaderSun1_6_0G1 read
INFO: Done reading.
Feb 17, 2016 3:45:01 PM com.tagtraum.perf.[secure].imp.DataReaderSun1_6_0G1 read
INFO: Reading Sun 1.6.x / 1.7.x G1 format...
Feb 17, 2016 3:45:01 PM com.tagtraum.perf.[secure].imp.DataReaderSun1_6_0G1 read
INFO: Done reading.
Tests run: 23, Failures: 0, Errors: 0, Skipped: 0, Time elapsed: 0.943 sec - in com.tagtraum.perf.[secure].imp.TestDataReaderSun1_6_0G1
Running com.tagtraum.perf.[secure].imp.TestDataReaderSun1_4_0
Feb 17, 2016 3:45:01 PM com.tagtraum.perf.[secure].imp.DataReaderSun1_6_0 read
INFO: Reading Sun / Oracle 1.4.x / 1.5.x / 1.6.x / 1.7.x / 1.8.x format...
Feb 17, 2016 3:45:01 PM com.tagtraum.perf.[secure].imp.DataReaderSun1_6_0 read
INFO: Done reading.
Feb 17, 2016 3:45:01 PM com.tagtraum.perf.[secure].imp.DataReaderSun1_6_0 read
INFO: Reading Sun / Oracle 1.4.x / 1.5.x / 1.6.x / 1.7.x / 1.8.x format...
Feb 17, 2016 3:45:01 PM com.tagtraum.perf.[secure].imp.DataReaderSun1_6_0 read
INFO: Done reading.
Feb 17, 2016 3:45:01 PM com.tagtraum.perf.[secure].imp.DataReaderSun1_6_0 read
INFO: Reading Sun / Oracle 1.4.x / 1.5.x / 1.6.x / 1.7.x / 1.8.x format...
Feb 17, 2016 3:45:01 PM com.tagtraum.perf.[secure].imp.DataReaderSun1_6_0 read
INFO: Done reading.
Feb 17, 2016 3:45:01 PM com.tagtraum.perf.[secure].imp.DataReaderSun1_6_0 read
INFO: Reading Sun / Oracle 1.4.x / 1.5.x / 1.6.x / 1.7.x / 1.8.x format...
Feb 17, 2016 3:45:01 PM com.tagtraum.perf.[secure].imp.DataReaderSun1_6_0 read
INFO: Done reading.
Feb 17, 2016 3:45:01 PM com.tagtraum.perf.[secure].imp.DataReaderSun1_6_0 read
INFO: Reading Sun / Oracle 1.4.x / 1.5.x / 1.6.x / 1.7.x / 1.8.x format...
Feb 17, 2016 3:45:01 PM com.tagtraum.perf.[secure].imp.DataReaderSun1_6_0 read
INFO: Done reading.
Tests run: 5, Failures: 0, Errors: 0, Skipped: 0, Time elapsed: 0.154 sec - in com.tagtraum.perf.[secure].imp.TestDataReaderSun1_4_0
Running com.tagtraum.perf.[secure].imp.TestDataReaderIBM_J9_R28
Feb 17, 2016 3:45:01 PM com.tagtraum.perf.[secure].imp.DataReaderIBM_J9_R28 handleVerboseGC
INFO: gc log version = R28_Java8_GA_20150116_2030_B231420_CMPRSS
Feb 17, 2016 3:45:01 PM com.tagtraum.perf.[secure].imp.DataReaderIBM_J9_R28 handleInitialized
INFO: gcPolicy = -Xgcpolicy:gencon
Feb 17, 2016 3:45:02 PM com.tagtraum.perf.[secure].imp.DataReaderIBM_J9_R28 handleVerboseGC
INFO: gc log version = R28_Java8_GA_20150116_2030_B231420_CMPRSS
Tests run: 2, Failures: 0, Errors: 0, Skipped: 0, Time elapsed: 0.089 sec - in com.tagtraum.perf.[secure].imp.TestDataReaderIBM_J9_R28
Running com.tagtraum.perf.[secure].imp.TestDataReaderIBM1_2_2
Feb 17, 2016 3:45:02 PM com.tagtraum.perf.[secure].imp.DataReaderIBM1_3_0 read
INFO: Reading IBM 1.3.0 format...
Feb 17, 2016 3:45:02 PM com.tagtraum.perf.[secure].imp.DataReaderIBM1_3_0 read
INFO: Reading done.
Tests run: 1, Failures: 0, Errors: 0, Skipped: 0, Time elapsed: 0.018 sec - in com.tagtraum.perf.[secure].imp.TestDataReaderIBM1_2_2
Running com.tagtraum.perf.[secure].imp.TestDataReaderSun1_6_0
Feb 17, 2016 3:45:02 PM com.tagtraum.perf.[secure].imp.DataReaderSun1_6_0 read
INFO: Reading Sun / Oracle 1.4.x / 1.5.x / 1.6.x / 1.7.x / 1.8.x format...
Feb 17, 2016 3:45:02 PM com.tagtraum.perf.[secure].imp.DataReaderSun1_6_0 read
INFO: Done reading.
Feb 17, 2016 3:45:02 PM com.tagtraum.perf.[secure].imp.DataReaderSun1_6_0 read
INFO: Reading Sun / Oracle 1.4.x / 1.5.x / 1.6.x / 1.7.x / 1.8.x format...
Feb 17, 2016 3:45:02 PM com.tagtraum.perf.[secure].imp.DataReaderSun1_6_0 read
INFO: Done reading.
Feb 17, 2016 3:45:02 PM com.tagtraum.perf.[secure].imp.DataReaderSun1_6_0 read
INFO: Reading Sun / Oracle 1.4.x / 1.5.x / 1.6.x / 1.7.x / 1.8.x format...
Feb 17, 2016 3:45:02 PM com.tagtraum.perf.[secure].imp.DataReaderSun1_6_0 read
INFO: Done reading.
Feb 17, 2016 3:45:02 PM com.tagtraum.perf.[secure].imp.DataReaderSun1_6_0 read
INFO: Reading Sun / Oracle 1.4.x / 1.5.x / 1.6.x / 1.7.x / 1.8.x format...
Feb 17, 2016 3:45:02 PM com.tagtraum.perf.[secure].imp.DataReaderSun1_6_0 read
INFO: Done reading.
Feb 17, 2016 3:45:02 PM com.tagtraum.perf.[secure].imp.DataReaderSun1_6_0 read
INFO: Reading Sun / Oracle 1.4.x / 1.5.x / 1.6.x / 1.7.x / 1.8.x format...
Feb 17, 2016 3:45:02 PM com.tagtraum.perf.[secure].imp.DataReaderSun1_6_0 read
INFO: Done reading.
Feb 17, 2016 3:45:02 PM com.tagtraum.perf.[secure].imp.DataReaderSun1_6_0 read
INFO: Reading Sun / Oracle 1.4.x / 1.5.x / 1.6.x / 1.7.x / 1.8.x format...
Feb 17, 2016 3:45:02 PM com.tagtraum.perf.[secure].imp.DataReaderSun1_6_0 read
INFO: Done reading.
Feb 17, 2016 3:45:02 PM com.tagtraum.perf.[secure].imp.DataReaderSun1_6_0 read
INFO: Reading Sun / Oracle 1.4.x / 1.5.x / 1.6.x / 1.7.x / 1.8.x format...
Feb 17, 2016 3:45:02 PM com.tagtraum.perf.[secure].imp.DataReaderSun1_6_0 read
INFO: Done reading.
Feb 17, 2016 3:45:02 PM com.tagtraum.perf.[secure].imp.DataReaderSun1_6_0 read
INFO: Reading Sun / Oracle 1.4.x / 1.5.x / 1.6.x / 1.7.x / 1.8.x format...
Feb 17, 2016 3:45:02 PM com.tagtraum.perf.[secure].imp.DataReaderSun1_6_0 read
INFO: Done reading.
Feb 17, 2016 3:45:02 PM com.tagtraum.perf.[secure].imp.DataReaderSun1_6_0 read
INFO: Reading Sun / Oracle 1.4.x / 1.5.x / 1.6.x / 1.7.x / 1.8.x format...
Feb 17, 2016 3:45:02 PM com.tagtraum.perf.[secure].imp.DataReaderSun1_6_0 read
INFO: Done reading.
Feb 17, 2016 3:45:02 PM com.tagtraum.perf.[secure].imp.DataReaderSun1_6_0 read
INFO: Reading Sun / Oracle 1.4.x / 1.5.x / 1.6.x / 1.7.x / 1.8.x format...
Feb 17, 2016 3:45:02 PM com.tagtraum.perf.[secure].imp.DataReaderSun1_6_0 read
INFO: Done reading.
Feb 17, 2016 3:45:02 PM com.tagtraum.perf.[secure].imp.DataReaderSun1_6_0 read
INFO: Reading Sun / Oracle 1.4.x / 1.5.x / 1.6.x / 1.7.x / 1.8.x format...
Feb 17, 2016 3:45:02 PM com.tagtraum.perf.[secure].imp.DataReaderSun1_6_0 read
INFO: Done reading.
Feb 17, 2016 3:45:02 PM com.tagtraum.perf.[secure].imp.DataReaderSun1_6_0 read
INFO: Reading Sun / Oracle 1.4.x / 1.5.x / 1.6.x / 1.7.x / 1.8.x format...
Feb 17, 2016 3:45:02 PM com.tagtraum.perf.[secure].imp.DataReaderSun1_6_0 read
INFO: Done reading.
Feb 17, 2016 3:45:02 PM com.tagtraum.perf.[secure].imp.DataReaderSun1_6_0 read
INFO: Reading Sun / Oracle 1.4.x / 1.5.x / 1.6.x / 1.7.x / 1.8.x format...
Feb 17, 2016 3:45:02 PM com.tagtraum.perf.[secure].imp.DataReaderSun1_6_0 read
INFO: Done reading.
Feb 17, 2016 3:45:02 PM com.tagtraum.perf.[secure].imp.DataReaderSun1_6_0 read
INFO: Reading Sun / Oracle 1.4.x / 1.5.x / 1.6.x / 1.7.x / 1.8.x format...
Feb 17, 2016 3:45:02 PM com.tagtraum.perf.[secure].imp.DataReaderSun1_6_0 read
INFO: Done reading.
Feb 17, 2016 3:45:02 PM com.tagtraum.perf.[secure].imp.DataReaderSun1_6_0 read
INFO: Reading Sun / Oracle 1.4.x / 1.5.x / 1.6.x / 1.7.x / 1.8.x format...
Feb 17, 2016 3:45:02 PM com.tagtraum.perf.[secure].imp.DataReaderSun1_6_0 read
INFO: Done reading.
Feb 17, 2016 3:45:02 PM com.tagtraum.perf.[secure].imp.DataReaderSun1_6_0 read
INFO: Reading Sun / Oracle 1.4.x / 1.5.x / 1.6.x / 1.7.x / 1.8.x format...
Feb 17, 2016 3:45:02 PM com.tagtraum.perf.[secure].imp.DataReaderSun1_6_0 read
INFO: Done reading.
Feb 17, 2016 3:45:02 PM com.tagtraum.perf.[secure].imp.DataReaderSun1_6_0 read
INFO: Reading Sun / Oracle 1.4.x / 1.5.x / 1.6.x / 1.7.x / 1.8.x format...
Feb 17, 2016 3:45:02 PM com.tagtraum.perf.[secure].imp.DataReaderSun1_6_0 read
INFO: Done reading.
Feb 17, 2016 3:45:02 PM com.tagtraum.perf.[secure].imp.DataReaderSun1_6_0 read
INFO: Reading Sun / Oracle 1.4.x / 1.5.x / 1.6.x / 1.7.x / 1.8.x format...
Feb 17, 2016 3:45:02 PM com.tagtraum.perf.[secure].imp.DataReaderSun1_6_0 read
INFO: Done reading.
Feb 17, 2016 3:45:02 PM com.tagtraum.perf.[secure].imp.DataReaderSun1_6_0 read
INFO: Reading Sun / Oracle 1.4.x / 1.5.x / 1.6.x / 1.7.x / 1.8.x format...
Feb 17, 2016 3:45:02 PM com.tagtraum.perf.[secure].imp.DataReaderSun1_6_0 read
INFO: Done reading.
Feb 17, 2016 3:45:02 PM com.tagtraum.perf.[secure].imp.DataReaderSun1_6_0 read
INFO: Reading Sun / Oracle 1.4.x / 1.5.x / 1.6.x / 1.7.x / 1.8.x format...
Feb 17, 2016 3:45:02 PM com.tagtraum.perf.[secure].imp.DataReaderSun1_6_0 read
INFO: Done reading.
Feb 17, 2016 3:45:02 PM com.tagtraum.perf.[secure].imp.DataReaderSun1_6_0 read
INFO: Reading Sun / Oracle 1.4.x / 1.5.x / 1.6.x / 1.7.x / 1.8.x format...
Feb 17, 2016 3:45:02 PM com.tagtraum.perf.[secure].imp.DataReaderSun1_6_0 read
INFO: Done reading.
Feb 17, 2016 3:45:02 PM com.tagtraum.perf.[secure].imp.DataReaderSun1_6_0 read
INFO: Reading Sun / Oracle 1.4.x / 1.5.x / 1.6.x / 1.7.x / 1.8.x format...
Feb 17, 2016 3:45:02 PM com.tagtraum.perf.[secure].imp.DataReaderSun1_6_0 read
INFO: Done reading.
Feb 17, 2016 3:45:02 PM com.tagtraum.perf.[secure].imp.DataReaderSun1_6_0 read
INFO: Reading Sun / Oracle 1.4.x / 1.5.x / 1.6.x / 1.7.x / 1.8.x format...
Feb 17, 2016 3:45:02 PM com.tagtraum.perf.[secure].imp.DataReaderSun1_6_0 read
INFO: Done reading.
Feb 17, 2016 3:45:02 PM com.tagtraum.perf.[secure].imp.DataReaderSun1_6_0 read
INFO: Reading Sun / Oracle 1.4.x / 1.5.x / 1.6.x / 1.7.x / 1.8.x format...
Feb 17, 2016 3:45:02 PM com.tagtraum.perf.[secure].imp.DataReaderSun1_6_0 read
INFO: Done reading.
Feb 17, 2016 3:45:02 PM com.tagtraum.perf.[secure].imp.DataReaderSun1_6_0 read
INFO: Reading Sun / Oracle 1.4.x / 1.5.x / 1.6.x / 1.7.x / 1.8.x format...
Feb 17, 2016 3:45:02 PM com.tagtraum.perf.[secure].imp.DataReaderSun1_6_0 read
INFO: Done reading.
Feb 17, 2016 3:45:02 PM com.tagtraum.perf.[secure].imp.DataReaderSun1_6_0 read
INFO: Reading Sun / Oracle 1.4.x / 1.5.x / 1.6.x / 1.7.x / 1.8.x format...
Feb 17, 2016 3:45:02 PM com.tagtraum.perf.[secure].imp.DataReaderSun1_6_0 read
INFO: Done reading.
Feb 17, 2016 3:45:02 PM com.tagtraum.perf.[secure].imp.DataReaderSun1_6_0 read
INFO: Reading Sun / Oracle 1.4.x / 1.5.x / 1.6.x / 1.7.x / 1.8.x format...
Feb 17, 2016 3:45:02 PM com.tagtraum.perf.[secure].imp.DataReaderSun1_6_0 read
INFO: Done reading.
Feb 17, 2016 3:45:02 PM com.tagtraum.perf.[secure].imp.DataReaderSun1_6_0 read
INFO: Reading Sun / Oracle 1.4.x / 1.5.x / 1.6.x / 1.7.x / 1.8.x format...
Feb 17, 2016 3:45:02 PM com.tagtraum.perf.[secure].imp.DataReaderSun1_6_0 read
INFO: Done reading.
Feb 17, 2016 3:45:02 PM com.tagtraum.perf.[secure].imp.DataReaderSun1_6_0 read
INFO: Reading Sun / Oracle 1.4.x / 1.5.x / 1.6.x / 1.7.x / 1.8.x format...
Feb 17, 2016 3:45:02 PM com.tagtraum.perf.[secure].imp.DataReaderSun1_6_0 read
INFO: Done reading.
Feb 17, 2016 3:45:02 PM com.tagtraum.perf.[secure].imp.DataReaderSun1_6_0 read
INFO: Reading Sun / Oracle 1.4.x / 1.5.x / 1.6.x / 1.7.x / 1.8.x format...
Feb 17, 2016 3:45:02 PM com.tagtraum.perf.[secure].imp.DataReaderSun1_6_0 read
INFO: Done reading.
Feb 17, 2016 3:45:02 PM com.tagtraum.perf.[secure].imp.DataReaderSun1_6_0 read
INFO: Reading Sun / Oracle 1.4.x / 1.5.x / 1.6.x / 1.7.x / 1.8.x format...
Feb 17, 2016 3:45:02 PM com.tagtraum.perf.[secure].imp.DataReaderSun1_6_0 read
INFO: Done reading.
Feb 17, 2016 3:45:02 PM com.tagtraum.perf.[secure].imp.DataReaderSun1_6_0 read
INFO: Reading Sun / Oracle 1.4.x / 1.5.x / 1.6.x / 1.7.x / 1.8.x format...
Feb 17, 2016 3:45:02 PM com.tagtraum.perf.[secure].imp.DataReaderSun1_6_0 read
INFO: Done reading.
Feb 17, 2016 3:45:02 PM com.tagtraum.perf.[secure].imp.DataReaderSun1_6_0 read
INFO: Reading Sun / Oracle 1.4.x / 1.5.x / 1.6.x / 1.7.x / 1.8.x format...
Feb 17, 2016 3:45:02 PM com.tagtraum.perf.[secure].imp.DataReaderSun1_6_0 read
INFO: Done reading.
Feb 17, 2016 3:45:02 PM com.tagtraum.perf.[secure].imp.DataReaderSun1_6_0 read
INFO: Reading Sun / Oracle 1.4.x / 1.5.x / 1.6.x / 1.7.x / 1.8.x format...
Feb 17, 2016 3:45:02 PM com.tagtraum.perf.[secure].imp.DataReaderSun1_6_0 read
INFO: Done reading.
Feb 17, 2016 3:45:02 PM com.tagtraum.perf.[secure].imp.DataReaderSun1_6_0 read
INFO: Reading Sun / Oracle 1.4.x / 1.5.x / 1.6.x / 1.7.x / 1.8.x format...
Feb 17, 2016 3:45:02 PM com.tagtraum.perf.[secure].imp.DataReaderSun1_6_0 read
INFO: Done reading.
Feb 17, 2016 3:45:02 PM com.tagtraum.perf.[secure].imp.DataReaderSun1_6_0 read
INFO: Reading Sun / Oracle 1.4.x / 1.5.x / 1.6.x / 1.7.x / 1.8.x format...
Feb 17, 2016 3:45:02 PM com.tagtraum.perf.[secure].imp.DataReaderSun1_6_0 read
INFO: Done reading.
Feb 17, 2016 3:45:02 PM com.tagtraum.perf.[secure].imp.DataReaderSun1_6_0 read
INFO: Reading Sun / Oracle 1.4.x / 1.5.x / 1.6.x / 1.7.x / 1.8.x format...
Feb 17, 2016 3:45:02 PM com.tagtraum.perf.[secure].imp.DataReaderSun1_6_0 read
INFO: Done reading.
Feb 17, 2016 3:45:02 PM com.tagtraum.perf.[secure].imp.DataReaderSun1_6_0 read
INFO: Reading Sun / Oracle 1.4.x / 1.5.x / 1.6.x / 1.7.x / 1.8.x format...
Feb 17, 2016 3:45:02 PM com.tagtraum.perf.[secure].imp.DataReaderSun1_6_0 read
INFO: Done reading.
Feb 17, 2016 3:45:02 PM com.tagtraum.perf.[secure].imp.DataReaderSun1_6_0 read
INFO: Reading Sun / Oracle 1.4.x / 1.5.x / 1.6.x / 1.7.x / 1.8.x format...
Feb 17, 2016 3:45:02 PM com.tagtraum.perf.[secure].imp.DataReaderSun1_6_0 read
INFO: Done reading.
Feb 17, 2016 3:45:02 PM com.tagtraum.perf.[secure].imp.DataReaderSun1_6_0 read
INFO: Reading Sun / Oracle 1.4.x / 1.5.x / 1.6.x / 1.7.x / 1.8.x format...
Feb 17, 2016 3:45:02 PM com.tagtraum.perf.[secure].imp.DataReaderSun1_6_0 read
INFO: Done reading.
Feb 17, 2016 3:45:02 PM com.tagtraum.perf.[secure].imp.DataReaderSun1_6_0 read
INFO: Reading Sun / Oracle 1.4.x / 1.5.x / 1.6.x / 1.7.x / 1.8.x format...
Feb 17, 2016 3:45:02 PM com.tagtraum.perf.[secure].imp.DataReaderSun1_6_0 read
INFO: Done reading.
Feb 17, 2016 3:45:02 PM com.tagtraum.perf.[secure].imp.DataReaderSun1_6_0 read
INFO: Reading Sun / Oracle 1.4.x / 1.5.x / 1.6.x / 1.7.x / 1.8.x format...
Feb 17, 2016 3:45:02 PM com.tagtraum.perf.[secure].imp.DataReaderSun1_6_0 read
INFO: Done reading.
Feb 17, 2016 3:45:02 PM com.tagtraum.perf.[secure].imp.DataReaderSun1_6_0 read
INFO: Reading Sun / Oracle 1.4.x / 1.5.x / 1.6.x / 1.7.x / 1.8.x format...
Feb 17, 2016 3:45:02 PM com.tagtraum.perf.[secure].imp.DataReaderSun1_6_0 read
INFO: Done reading.
Feb 17, 2016 3:45:02 PM com.tagtraum.perf.[secure].imp.DataReaderSun1_6_0 read
INFO: Reading Sun / Oracle 1.4.x / 1.5.x / 1.6.x / 1.7.x / 1.8.x format...
Feb 17, 2016 3:45:02 PM com.tagtraum.perf.[secure].imp.DataReaderSun1_6_0 read
INFO: Done reading.
Feb 17, 2016 3:45:02 PM com.tagtraum.perf.[secure].imp.DataReaderSun1_6_0 read
INFO: Reading Sun / Oracle 1.4.x / 1.5.x / 1.6.x / 1.7.x / 1.8.x format...
Feb 17, 2016 3:45:02 PM com.tagtraum.perf.[secure].imp.DataReaderSun1_6_0 read
INFO: Done reading.
Feb 17, 2016 3:45:02 PM com.tagtraum.perf.[secure].imp.DataReaderSun1_6_0 read
INFO: Reading Sun / Oracle 1.4.x / 1.5.x / 1.6.x / 1.7.x / 1.8.x format...
Feb 17, 2016 3:45:02 PM com.tagtraum.perf.[secure].imp.DataReaderSun1_6_0 read
INFO: Done reading.
Feb 17, 2016 3:45:02 PM com.tagtraum.perf.[secure].imp.DataReaderSun1_6_0 read
INFO: Reading Sun / Oracle 1.4.x / 1.5.x / 1.6.x / 1.7.x / 1.8.x format...
Feb 17, 2016 3:45:02 PM com.tagtraum.perf.[secure].imp.DataReaderSun1_6_0 read
INFO: Done reading.
Feb 17, 2016 3:45:02 PM com.tagtraum.perf.[secure].imp.DataReaderSun1_6_0 read
INFO: Reading Sun / Oracle 1.4.x / 1.5.x / 1.6.x / 1.7.x / 1.8.x format...
Feb 17, 2016 3:45:02 PM com.tagtraum.perf.[secure].imp.DataReaderSun1_6_0 read
INFO: Done reading.
Feb 17, 2016 3:45:02 PM com.tagtraum.perf.[secure].imp.DataReaderSun1_6_0 read
INFO: Reading Sun / Oracle 1.4.x / 1.5.x / 1.6.x / 1.7.x / 1.8.x format...
Feb 17, 2016 3:45:02 PM com.tagtraum.perf.[secure].imp.DataReaderSun1_6_0 read
INFO: Done reading.
Feb 17, 2016 3:45:02 PM com.tagtraum.perf.[secure].imp.DataReaderSun1_6_0 read
INFO: Reading Sun / Oracle 1.4.x / 1.5.x / 1.6.x / 1.7.x / 1.8.x format...
Feb 17, 2016 3:45:02 PM com.tagtraum.perf.[secure].imp.DataReaderSun1_6_0 read
INFO: Done reading.
Feb 17, 2016 3:45:02 PM com.tagtraum.perf.[secure].imp.DataReaderSun1_6_0 read
INFO: Reading Sun / Oracle 1.4.x / 1.5.x / 1.6.x / 1.7.x / 1.8.x format...
Feb 17, 2016 3:45:02 PM com.tagtraum.perf.[secure].imp.DataReaderSun1_6_0 read
INFO: Done reading.
Feb 17, 2016 3:45:02 PM com.tagtraum.perf.[secure].imp.DataReaderSun1_6_0 read
INFO: Reading Sun / Oracle 1.4.x / 1.5.x / 1.6.x / 1.7.x / 1.8.x format...
Feb 17, 2016 3:45:02 PM com.tagtraum.perf.[secure].imp.DataReaderSun1_6_0 read
INFO: Done reading.
Feb 17, 2016 3:45:02 PM com.tagtraum.perf.[secure].imp.DataReaderSun1_6_0 read
INFO: Reading Sun / Oracle 1.4.x / 1.5.x / 1.6.x / 1.7.x / 1.8.x format...
Feb 17, 2016 3:45:02 PM com.tagtraum.perf.[secure].imp.DataReaderSun1_6_0 read
INFO: Done reading.
Tests run: 53, Failures: 0, Errors: 0, Skipped: 0, Time elapsed: 0.495 sec - in com.tagtraum.perf.[secure].imp.TestDataReaderSun1_6_0
Running com.tagtraum.perf.[secure].imp.TestDataReaderHPUX1_2
Feb 17, 2016 3:45:02 PM com.tagtraum.perf.[secure].imp.DataReaderHPUX1_2 read
INFO: Reading HP-UX 1.2-1.4.0 format...
Feb 17, 2016 3:45:02 PM com.tagtraum.perf.[secure].imp.DataReaderHPUX1_2 read
INFO: Reading done.
Tests run: 1, Failures: 0, Errors: 0, Skipped: 0, Time elapsed: 0.057 sec - in com.tagtraum.perf.[secure].imp.TestDataReaderHPUX1_2
Running com.tagtraum.perf.[secure].imp.TestDataReaderSun1_5_0
Feb 17, 2016 3:45:02 PM com.tagtraum.perf.[secure].imp.DataReaderSun1_6_0 read
INFO: Reading Sun / Oracle 1.4.x / 1.5.x / 1.6.x / 1.7.x / 1.8.x format...
Feb 17, 2016 3:45:02 PM com.tagtraum.perf.[secure].imp.DataReaderSun1_6_0 read
INFO: Done reading.
Feb 17, 2016 3:45:02 PM com.tagtraum.perf.[secure].imp.DataReaderSun1_6_0 read
INFO: Reading Sun / Oracle 1.4.x / 1.5.x / 1.6.x / 1.7.x / 1.8.x format...
Feb 17, 2016 3:45:02 PM com.tagtraum.perf.[secure].imp.DataReaderSun1_6_0 read
INFO: Done reading.
Feb 17, 2016 3:45:02 PM com.tagtraum.perf.[secure].imp.DataReaderSun1_6_0 read
INFO: Reading Sun / Oracle 1.4.x / 1.5.x / 1.6.x / 1.7.x / 1.8.x format...
Feb 17, 2016 3:45:02 PM com.tagtraum.perf.[secure].imp.DataReaderSun1_6_0 read
INFO: Done reading.
Feb 17, 2016 3:45:02 PM com.tagtraum.perf.[secure].imp.DataReaderSun1_6_0 read
INFO: Reading Sun / Oracle 1.4.x / 1.5.x / 1.6.x / 1.7.x / 1.8.x format...
Feb 17, 2016 3:45:03 PM com.tagtraum.perf.[secure].imp.DataReaderSun1_6_0 read
INFO: Done reading.
Feb 17, 2016 3:45:03 PM com.tagtraum.perf.[secure].imp.DataReaderSun1_6_0 read
INFO: Reading Sun / Oracle 1.4.x / 1.5.x / 1.6.x / 1.7.x / 1.8.x format...
Feb 17, 2016 3:45:03 PM com.tagtraum.perf.[secure].imp.DataReaderSun1_6_0 read
INFO: Done reading.
Feb 17, 2016 3:45:03 PM com.tagtraum.perf.[secure].imp.DataReaderSun1_6_0 read
INFO: Reading Sun / Oracle 1.4.x / 1.5.x / 1.6.x / 1.7.x / 1.8.x format...
Feb 17, 2016 3:45:03 PM com.tagtraum.perf.[secure].imp.DataReaderSun1_6_0 read
INFO: Done reading.
Feb 17, 2016 3:45:03 PM com.tagtraum.perf.[secure].imp.DataReaderSun1_6_0 read
INFO: Reading Sun / Oracle 1.4.x / 1.5.x / 1.6.x / 1.7.x / 1.8.x format...
Feb 17, 2016 3:45:03 PM com.tagtraum.perf.[secure].imp.DataReaderSun1_6_0 read
INFO: Done reading.
Tests run: 7, Failures: 0, Errors: 0, Skipped: 0, Time elapsed: 1.049 sec - in com.tagtraum.perf.[secure].imp.TestDataReaderSun1_5_0
Running com.tagtraum.perf.[secure].imp.TestDataReaderSun1_7_0
Feb 17, 2016 3:45:03 PM com.tagtraum.perf.[secure].imp.DataReaderSun1_6_0 read
INFO: Reading Sun / Oracle 1.4.x / 1.5.x / 1.6.x / 1.7.x / 1.8.x format...
Feb 17, 2016 3:45:03 PM com.tagtraum.perf.[secure].imp.DataReaderSun1_6_0 read
INFO: Done reading.
Feb 17, 2016 3:45:03 PM com.tagtraum.perf.[secure].imp.DataReaderSun1_6_0 read
INFO: Reading Sun / Oracle 1.4.x / 1.5.x / 1.6.x / 1.7.x / 1.8.x format...
Feb 17, 2016 3:45:03 PM com.tagtraum.perf.[secure].imp.DataReaderSun1_6_0 read
INFO: Done reading.
Feb 17, 2016 3:45:03 PM com.tagtraum.perf.[secure].imp.DataReaderSun1_6_0 read
INFO: Reading Sun / Oracle 1.4.x / 1.5.x / 1.6.x / 1.7.x / 1.8.x format...
Feb 17, 2016 3:45:03 PM com.tagtraum.perf.[secure].imp.DataReaderSun1_6_0 read
INFO: Done reading.
Feb 17, 2016 3:45:03 PM com.tagtraum.perf.[secure].imp.DataReaderSun1_6_0 read
INFO: Reading Sun / Oracle 1.4.x / 1.5.x / 1.6.x / 1.7.x / 1.8.x format...
Feb 17, 2016 3:45:03 PM com.tagtraum.perf.[secure].imp.DataReaderSun1_6_0 read
INFO: Done reading.
Feb 17, 2016 3:45:03 PM com.tagtraum.perf.[secure].imp.DataReaderSun1_6_0 read
INFO: Reading Sun / Oracle 1.4.x / 1.5.x / 1.6.x / 1.7.x / 1.8.x format...
Feb 17, 2016 3:45:03 PM com.tagtraum.perf.[secure].imp.DataReaderSun1_6_0 read
INFO: Done reading.
Feb 17, 2016 3:45:03 PM com.tagtraum.perf.[secure].imp.DataReaderSun1_6_0 read
INFO: Reading Sun / Oracle 1.4.x / 1.5.x / 1.6.x / 1.7.x / 1.8.x format...
Feb 17, 2016 3:45:03 PM com.tagtraum.perf.[secure].imp.DataReaderSun1_6_0 read
INFO: Done reading.
Feb 17, 2016 3:45:03 PM com.tagtraum.perf.[secure].imp.DataReaderSun1_6_0 read
INFO: Reading Sun / Oracle 1.4.x / 1.5.x / 1.6.x / 1.7.x / 1.8.x format...
Feb 17, 2016 3:45:03 PM com.tagtraum.perf.[secure].imp.DataReaderSun1_6_0 read
INFO: Done reading.
Feb 17, 2016 3:45:03 PM com.tagtraum.perf.[secure].imp.DataReaderSun1_6_0 read
INFO: Reading Sun / Oracle 1.4.x / 1.5.x / 1.6.x / 1.7.x / 1.8.x format...
Feb 17, 2016 3:45:03 PM com.tagtraum.perf.[secure].imp.DataReaderSun1_6_0 read
INFO: Done reading.
Feb 17, 2016 3:45:03 PM com.tagtraum.perf.[secure].imp.DataReaderSun1_6_0 read
INFO: Reading Sun / Oracle 1.4.x / 1.5.x / 1.6.x / 1.7.x / 1.8.x format...
Feb 17, 2016 3:45:03 PM com.tagtraum.perf.[secure].imp.DataReaderSun1_6_0 read
INFO: Done reading.
Feb 17, 2016 3:45:03 PM com.tagtraum.perf.[secure].imp.DataReaderSun1_6_0 read
INFO: Reading Sun / Oracle 1.4.x / 1.5.x / 1.6.x / 1.7.x / 1.8.x format...
Feb 17, 2016 3:45:03 PM com.tagtraum.perf.[secure].imp.DataReaderSun1_6_0 read
INFO: Done reading.
Feb 17, 2016 3:45:03 PM com.tagtraum.perf.[secure].imp.DataReaderSun1_6_0 read
INFO: Reading Sun / Oracle 1.4.x / 1.5.x / 1.6.x / 1.7.x / 1.8.x format...
Feb 17, 2016 3:45:03 PM com.tagtraum.perf.[secure].imp.DataReaderSun1_6_0 read
INFO: Done reading.
Feb 17, 2016 3:45:03 PM com.tagtraum.perf.[secure].imp.DataReaderSun1_6_0 read
INFO: Reading Sun / Oracle 1.4.x / 1.5.x / 1.6.x / 1.7.x / 1.8.x format...
Feb 17, 2016 3:45:03 PM com.tagtraum.perf.[secure].imp.DataReaderSun1_6_0 read
INFO: Done reading.
Feb 17, 2016 3:45:03 PM com.tagtraum.perf.[secure].imp.DataReaderSun1_6_0 read
INFO: Reading Sun / Oracle 1.4.x / 1.5.x / 1.6.x / 1.7.x / 1.8.x format...
Feb 17, 2016 3:45:03 PM com.tagtraum.perf.[secure].imp.DataReaderSun1_6_0 read
INFO: Done reading.
Feb 17, 2016 3:45:03 PM com.tagtraum.perf.[secure].imp.DataReaderSun1_6_0 read
INFO: Reading Sun / Oracle 1.4.x / 1.5.x / 1.6.x / 1.7.x / 1.8.x format...
Feb 17, 2016 3:45:03 PM com.tagtraum.perf.[secure].imp.DataReaderSun1_6_0 read
INFO: Done reading.
Feb 17, 2016 3:45:03 PM com.tagtraum.perf.[secure].imp.DataReaderSun1_6_0 read
INFO: Reading Sun / Oracle 1.4.x / 1.5.x / 1.6.x / 1.7.x / 1.8.x format...
Feb 17, 2016 3:45:03 PM com.tagtraum.perf.[secure].imp.DataReaderSun1_6_0 read
INFO: Done reading.
Feb 17, 2016 3:45:03 PM com.tagtraum.perf.[secure].imp.DataReaderSun1_6_0 read
INFO: Reading Sun / Oracle 1.4.x / 1.5.x / 1.6.x / 1.7.x / 1.8.x format...
Feb 17, 2016 3:45:03 PM com.tagtraum.perf.[secure].imp.DataReaderSun1_6_0 read
INFO: Done reading.
Feb 17, 2016 3:45:03 PM com.tagtraum.perf.[secure].imp.DataReaderSun1_6_0 read
INFO: Reading Sun / Oracle 1.4.x / 1.5.x / 1.6.x / 1.7.x / 1.8.x format...
Feb 17, 2016 3:45:03 PM com.tagtraum.perf.[secure].imp.DataReaderSun1_6_0 read
INFO: Done reading.
Feb 17, 2016 3:45:03 PM com.tagtraum.perf.[secure].imp.DataReaderSun1_6_0 read
INFO: Reading Sun / Oracle 1.4.x / 1.5.x / 1.6.x / 1.7.x / 1.8.x format...
Feb 17, 2016 3:45:03 PM com.tagtraum.perf.[secure].imp.DataReaderSun1_6_0 read
INFO: Done reading.
Feb 17, 2016 3:45:03 PM com.tagtraum.perf.[secure].imp.DataReaderSun1_6_0 read
INFO: Reading Sun / Oracle 1.4.x / 1.5.x / 1.6.x / 1.7.x / 1.8.x format...
Feb 17, 2016 3:45:03 PM com.tagtraum.perf.[secure].imp.DataReaderSun1_6_0 read
INFO: Done reading.
Feb 17, 2016 3:45:03 PM com.tagtraum.perf.[secure].imp.DataReaderSun1_6_0 read
INFO: Reading Sun / Oracle 1.4.x / 1.5.x / 1.6.x / 1.7.x / 1.8.x format...
Feb 17, 2016 3:45:03 PM com.tagtraum.perf.[secure].imp.DataReaderSun1_6_0 read
INFO: Done reading.
Feb 17, 2016 3:45:03 PM com.tagtraum.perf.[secure].imp.DataReaderSun1_6_0 read
INFO: Reading Sun / Oracle 1.4.x / 1.5.x / 1.6.x / 1.7.x / 1.8.x format...
Feb 17, 2016 3:45:03 PM com.tagtraum.perf.[secure].imp.DataReaderSun1_6_0 read
INFO: Done reading.
Feb 17, 2016 3:45:03 PM com.tagtraum.perf.[secure].imp.DataReaderSun1_6_0 read
INFO: Reading Sun / Oracle 1.4.x / 1.5.x / 1.6.x / 1.7.x / 1.8.x format...
Feb 17, 2016 3:45:03 PM com.tagtraum.perf.[secure].imp.DataReaderSun1_6_0 read
INFO: Done reading.
Tests run: 22, Failures: 0, Errors: 0, Skipped: 0, Time elapsed: 0.261 sec - in com.tagtraum.perf.[secure].imp.TestDataReaderSun1_7_0
Running com.tagtraum.perf.[secure].imp.TestDataReaderSun1_8_0
Feb 17, 2016 3:45:03 PM com.tagtraum.perf.[secure].imp.DataReaderSun1_6_0 read
INFO: Reading Sun / Oracle 1.4.x / 1.5.x / 1.6.x / 1.7.x / 1.8.x format...
Feb 17, 2016 3:45:03 PM com.tagtraum.perf.[secure].imp.DataReaderSun1_6_0 read
INFO: Done reading.
Feb 17, 2016 3:45:03 PM com.tagtraum.perf.[secure].imp.DataReaderSun1_6_0 read
INFO: Reading Sun / Oracle 1.4.x / 1.5.x / 1.6.x / 1.7.x / 1.8.x format...
Feb 17, 2016 3:45:03 PM com.tagtraum.perf.[secure].imp.DataReaderSun1_6_0 read
INFO: Done reading.
Feb 17, 2016 3:45:03 PM com.tagtraum.perf.[secure].imp.DataReaderSun1_6_0 read
INFO: Reading Sun / Oracle 1.4.x / 1.5.x / 1.6.x / 1.7.x / 1.8.x format...
Feb 17, 2016 3:45:03 PM com.tagtraum.perf.[secure].imp.DataReaderSun1_6_0 read
INFO: Done reading.
Feb 17, 2016 3:45:04 PM com.tagtraum.perf.[secure].imp.DataReaderSun1_6_0 read
INFO: Reading Sun / Oracle 1.4.x / 1.5.x / 1.6.x / 1.7.x / 1.8.x format...
Feb 17, 2016 3:45:04 PM com.tagtraum.perf.[secure].imp.DataReaderSun1_6_0 read
INFO: Java HotSpot(TM) 64-Bit Server VM (25.45-b02) for bsd-amd64 JRE (1.8.0_45-b14), built on Apr 10 2015 10:46:38 by "java_re" with gcc 4.2.1 (Based on Apple Inc. build 5658) (LLVM build 2336.11.00)
Feb 17, 2016 3:45:04 PM com.tagtraum.perf.[secure].imp.DataReaderSun1_6_0 read
INFO: Memory: 4k page, physical 16777216k(737100k free)
Feb 17, 2016 3:45:04 PM com.tagtraum.perf.[secure].imp.DataReaderSun1_6_0 read
INFO: CommandLine flags: -XX:InitialHeapSize=268435456 -XX:MaxHeapSize=4294967296 -XX:+PrintGC -XX:+PrintGCDateStamps -XX:+PrintGCDetails -XX:+PrintGCTimeStamps -XX:+UseCompressedClassPointers -XX:+UseCompressedOops -XX:+UseParallelGC
Feb 17, 2016 3:45:04 PM com.tagtraum.perf.[secure].imp.DataReaderSun1_6_0 read
INFO: Done reading.
Feb 17, 2016 3:45:04 PM com.tagtraum.perf.[secure].imp.DataReaderSun1_6_0 read
INFO: Reading Sun / Oracle 1.4.x / 1.5.x / 1.6.x / 1.7.x / 1.8.x format...
Feb 17, 2016 3:45:04 PM com.tagtraum.perf.[secure].imp.DataReaderSun1_6_0 read
INFO: Java HotSpot(TM) 64-Bit Server VM (25.0-b65) for windows-amd64 JRE (1.8.0-ea-b123), built on Jan 10 2014 01:03:51 by "java_re" with MS VC++ 10.0 (VS2010)
Feb 17, 2016 3:45:04 PM com.tagtraum.perf.[secure].imp.DataReaderSun1_6_0 read
INFO: Memory: 4k page, physical 4193296k(2404612k free), swap 8384728k(6313200k free)
Feb 17, 2016 3:45:04 PM com.tagtraum.perf.[secure].imp.DataReaderSun1_6_0 read
INFO: CommandLine flags: -XX:InitialHeapSize=67092736 -XX:MaxHeapSize=100663296 -XX:+PrintGC -XX:+PrintGCDateStamps -XX:+PrintGCDetails -XX:+PrintGCTimeStamps -XX:+UseCompressedClassPointers -XX:+UseCompressedOops -XX:-UseLargePagesIndividualAllocation -XX:+UseSerialGC 
Feb 17, 2016 3:45:04 PM com.tagtraum.perf.[secure].imp.DataReaderSun1_6_0 read
INFO: Done reading.
Feb 17, 2016 3:45:04 PM com.tagtraum.perf.[secure].imp.DataReaderSun1_6_0 read
INFO: Reading Sun / Oracle 1.4.x / 1.5.x / 1.6.x / 1.7.x / 1.8.x format...
Feb 17, 2016 3:45:04 PM com.tagtraum.perf.[secure].imp.DataReaderSun1_6_0 read
INFO: Done reading.
Tests run: 6, Failures: 0, Errors: 0, Skipped: 0, Time elapsed: 0.07 sec - in com.tagtraum.perf.[secure].imp.TestDataReaderSun1_8_0
Running com.tagtraum.perf.[secure].imp.TestDataReaderSun1_3_1
Feb 17, 2016 3:45:04 PM com.tagtraum.perf.[secure].imp.DataReaderSun1_3_1 read
INFO: Reading Sun 1.3.1 format...
Feb 17, 2016 3:45:04 PM com.tagtraum.perf.[secure].imp.DataReaderSun1_3_1 read
INFO: Done reading.
Tests run: 1, Failures: 0, Errors: 0, Skipped: 0, Time elapsed: 0.006 sec - in com.tagtraum.perf.[secure].imp.TestDataReaderSun1_3_1
Running com.tagtraum.perf.[secure].imp.TestDataReaderFactory
Feb 17, 2016 3:45:04 PM com.tagtraum.perf.[secure].imp.DataReaderFactory getDataReaderBySample
INFO: File format: JRockit 1.4.2
Feb 17, 2016 3:45:04 PM com.tagtraum.perf.[secure].imp.DataReaderFactory getDataReaderBySample
INFO: File format: JRockit 1.4.2
Feb 17, 2016 3:45:04 PM com.tagtraum.perf.[secure].imp.DataReaderFactory getDataReaderBySample
INFO: File format: JRockit 1.6
Feb 17, 2016 3:45:04 PM com.tagtraum.perf.[secure].imp.DataReaderFactory getDataReader
INFO: GZip stream detected
Feb 17, 2016 3:45:04 PM com.tagtraum.perf.[secure].imp.DataReaderFactory getDataReaderBySample
INFO: File format: Sun 1.6.x
Feb 17, 2016 3:45:04 PM com.tagtraum.perf.[secure].imp.DataReaderSun1_6_0 read
INFO: Reading Sun / Oracle 1.4.x / 1.5.x / 1.6.x / 1.7.x / 1.8.x format...
Feb 17, 2016 3:45:04 PM com.tagtraum.perf.[secure].imp.DataReaderSun1_6_0 read
INFO: Done reading.
Feb 17, 2016 3:45:04 PM com.tagtraum.perf.[secure].imp.DataReaderFactory getDataReaderBySample
INFO: File format: JRockit 1.4.2
Feb 17, 2016 3:45:04 PM com.tagtraum.perf.[secure].imp.DataReaderFactory getDataReaderBySample
INFO: File format: JRockit 1.6
Feb 17, 2016 3:45:04 PM com.tagtraum.perf.[secure].imp.DataReaderFactory getDataReaderBySample
INFO: File format: JRockit 1.5
Feb 17, 2016 3:45:04 PM com.tagtraum.perf.[secure].imp.DataReaderFactory getDataReaderBySample
INFO: File format: JRockit 1.6
Feb 17, 2016 3:45:04 PM com.tagtraum.perf.[secure].imp.DataReaderFactory getDataReaderBySample
INFO: File format: Sun 1.3.1
Feb 17, 2016 3:45:04 PM com.tagtraum.perf.[secure].imp.DataReaderFactory getDataReaderBySample
INFO: File format: Sun 1.3.1
Feb 17, 2016 3:45:04 PM com.tagtraum.perf.[secure].imp.DataReaderFactory getDataReaderBySample
INFO: File format: Sun 1.4.x
Feb 17, 2016 3:45:04 PM com.tagtraum.perf.[secure].imp.DataReaderFactory getDataReaderBySample
INFO: File format: JRockit 1.6
Feb 17, 2016 3:45:04 PM com.tagtraum.perf.[secure].imp.DataReaderFactory getDataReaderBySample
INFO: File format: JRockit 1.5
Feb 17, 2016 3:45:04 PM com.tagtraum.perf.[secure].imp.DataReaderFactory getDataReaderBySample
INFO: File format: JRockit 1.5
Feb 17, 2016 3:45:04 PM com.tagtraum.perf.[secure].imp.DataReaderFactory getDataReaderBySample
INFO: File format: JRockit 1.5
Feb 17, 2016 3:45:04 PM com.tagtraum.perf.[secure].imp.DataReaderFactory getDataReaderBySample
INFO: File format: JRockit 1.4.2
Feb 17, 2016 3:45:04 PM com.tagtraum.perf.[secure].imp.DataReaderFactory getDataReaderBySample
INFO: File format: JRockit 1.5
Feb 17, 2016 3:45:04 PM com.tagtraum.perf.[secure].imp.DataReaderFactory getDataReaderBySample
INFO: File format: JRockit 1.4.2
Feb 17, 2016 3:45:04 PM com.tagtraum.perf.[secure].imp.DataReaderFactory getDataReaderBySample
INFO: File format: JRockit 1.5
Feb 17, 2016 3:45:04 PM com.tagtraum.perf.[secure].imp.DataReaderFactory getDataReaderBySample
INFO: File format: IBM J9 5.0
Feb 17, 2016 3:45:04 PM com.tagtraum.perf.[secure].imp.DataReaderFactory getDataReaderBySample
INFO: File format: IBM J9 R26 / R27 / R28
Feb 17, 2016 3:45:04 PM com.tagtraum.perf.[secure].imp.DataReaderFactory getDataReaderBySample
INFO: File format: IBM J9 R26 / R27 / R28
Feb 17, 2016 3:45:04 PM com.tagtraum.perf.[secure].imp.DataReaderFactory getDataReaderBySample
INFO: File format: JRockit 1.6
Feb 17, 2016 3:45:04 PM com.tagtraum.perf.[secure].imp.DataReaderFactory getDataReaderBySample
INFO: File format: JRockit 1.5
Feb 17, 2016 3:45:04 PM com.tagtraum.perf.[secure].imp.DataReaderFactory getDataReaderBySample
INFO: File format: JRockit 1.5
Feb 17, 2016 3:45:04 PM com.tagtraum.perf.[secure].imp.DataReaderFactory getDataReaderBySample
INFO: File format: JRockit 1.5
Feb 17, 2016 3:45:04 PM com.tagtraum.perf.[secure].imp.DataReaderFactory getDataReaderBySample
INFO: File format: IBM i5/OS 1.4.2
Feb 17, 2016 3:45:04 PM com.tagtraum.perf.[secure].imp.DataReaderFactory getDataReaderBySample
INFO: File format: Sun 1.6.x G1 collector
Feb 17, 2016 3:45:04 PM com.tagtraum.perf.[secure].imp.DataReaderSun1_6_0G1 read
INFO: Reading Sun 1.6.x / 1.7.x G1 format...
Feb 17, 2016 3:45:04 PM com.tagtraum.perf.[secure].imp.DataReaderSun1_6_0G1 read
INFO: Done reading.
Tests run: 27, Failures: 0, Errors: 0, Skipped: 0, Time elapsed: 0.229 sec - in com.tagtraum.perf.[secure].imp.TestDataReaderFactory
Running com.tagtraum.perf.[secure].imp.TestDataReaderIBM_J9_R27
Feb 17, 2016 3:45:04 PM com.tagtraum.perf.[secure].imp.DataReaderIBM_J9_R28 handleVerboseGC
INFO: gc log version = R27_Java727_SR1_20140707_1408_B205525_CMPRSS
Feb 17, 2016 3:45:04 PM com.tagtraum.perf.[secure].imp.DataReaderIBM_J9_R28 handleInitialized
INFO: gcPolicy = -Xgcpolicy:gencon
Feb 17, 2016 3:45:04 PM com.tagtraum.perf.[secure].imp.DataReaderIBM_J9_R28 read
WARNING: line 233: javax.xml.stream.XMLStreamException: ParseError at [row,col]:[234,1]
Message: XML document structures must start and end within the same entity.
Feb 17, 2016 3:45:04 PM com.tagtraum.perf.[secure].imp.DataReaderIBM_J9_R28 handleVerboseGC
INFO: gc log version = R27_Java727_SR1_20140707_1408_B205525_CMPRSS
Tests run: 2, Failures: 0, Errors: 0, Skipped: 0, Time elapsed: 0.027 sec - in com.tagtraum.perf.[secure].imp.TestDataReaderIBM_J9_R27
Running com.tagtraum.perf.[secure].imp.TestDataReaderJRockit1_4_2
Feb 17, 2016 3:45:04 PM com.tagtraum.perf.[secure].imp.DataReaderJRockit1_5_0 read
INFO: Reading JRockit 1.5 format...
Feb 17, 2016 3:45:04 PM com.tagtraum.perf.[secure].imp.DataReaderJRockit1_5_0 read
INFO: GC strategy: parallel
Feb 17, 2016 3:45:04 PM com.tagtraum.perf.[secure].imp.DataReaderJRockit1_5_0 read
INFO: heap size: 1048576K, maximal heap size: 1048576K
Feb 17, 2016 3:45:04 PM com.tagtraum.perf.[secure].imp.DataReaderJRockit1_5_0 read
INFO: Reading done.
Feb 17, 2016 3:45:04 PM com.tagtraum.perf.[secure].imp.DataReaderJRockit1_4_2 read
INFO: Reading JRockit 1.4.2 format...
Feb 17, 2016 3:45:04 PM com.tagtraum.perf.[secure].imp.DataReaderJRockit1_4_2 read
INFO: GC strategy: gencon
Feb 17, 2016 3:45:04 PM com.tagtraum.perf.[secure].imp.DataReaderJRockit1_4_2 read
INFO: heap size: 32768K, maximal heap size: 65536K, nursery size: 10240K
Feb 17, 2016 3:45:04 PM com.tagtraum.perf.[secure].imp.DataReaderJRockit1_4_2 read
INFO: Memory usage report
Feb 17, 2016 3:45:04 PM com.tagtraum.perf.[secure].imp.DataReaderJRockit1_4_2 read
INFO: young collections
Feb 17, 2016 3:45:04 PM com.tagtraum.perf.[secure].imp.DataReaderJRockit1_4_2 read
INFO:     number of collections = 26
Feb 17, 2016 3:45:04 PM com.tagtraum.perf.[secure].imp.DataReaderJRockit1_4_2 read
INFO:     total promoted =        265168 (size 12026352)
Feb 17, 2016 3:45:04 PM com.tagtraum.perf.[secure].imp.DataReaderJRockit1_4_2 read
INFO:     max promoted =          36498 (size 1853688)
Feb 17, 2016 3:45:04 PM com.tagtraum.perf.[secure].imp.DataReaderJRockit1_4_2 read
INFO:     total GC time =         0.623 s
Feb 17, 2016 3:45:04 PM com.tagtraum.perf.[secure].imp.DataReaderJRockit1_4_2 read
INFO:     mean GC time =          23.947 ms
Feb 17, 2016 3:45:04 PM com.tagtraum.perf.[secure].imp.DataReaderJRockit1_4_2 read
INFO:     maximum GC Pauses =      36.329 , 49.772, 53.505 ms
Feb 17, 2016 3:45:04 PM com.tagtraum.perf.[secure].imp.DataReaderJRockit1_4_2 read
INFO: old collections
Feb 17, 2016 3:45:04 PM com.tagtraum.perf.[secure].imp.DataReaderJRockit1_4_2 read
INFO:     number of collections = 37
Feb 17, 2016 3:45:04 PM com.tagtraum.perf.[secure].imp.DataReaderJRockit1_4_2 read
INFO:     total promoted =        0 (size 0)
Feb 17, 2016 3:45:04 PM com.tagtraum.perf.[secure].imp.DataReaderJRockit1_4_2 read
INFO:     max promoted =          0 (size 0)
Feb 17, 2016 3:45:04 PM com.tagtraum.perf.[secure].imp.DataReaderJRockit1_4_2 read
INFO:     total GC time =         18.184 s (pause 6.692 s)
Feb 17, 2016 3:45:04 PM com.tagtraum.perf.[secure].imp.DataReaderJRockit1_4_2 read
INFO:     mean GC time =          491.459 ms (pause 180.872 ms)
Feb 17, 2016 3:45:04 PM com.tagtraum.perf.[secure].imp.DataReaderJRockit1_4_2 read
INFO:     maximum GC Pauses =      377.321 , 526.206, 587.949 ms
Feb 17, 2016 3:45:04 PM com.tagtraum.perf.[secure].imp.DataReaderJRockit1_4_2 read
INFO:     number of concurrent mark phases  = 37
Feb 17, 2016 3:45:04 PM com.tagtraum.perf.[secure].imp.DataReaderJRockit1_4_2 read
INFO:     number of concurrent sweep phases = 34
Feb 17, 2016 3:45:04 PM com.tagtraum.perf.[secure].imp.DataReaderJRockit1_4_2 read
INFO:     number of parallel sweep phases   = 3
Feb 17, 2016 3:45:04 PM com.tagtraum.perf.[secure].imp.DataReaderJRockit1_4_2 read
INFO: Reading done.
Feb 17, 2016 3:45:04 PM com.tagtraum.perf.[secure].imp.DataReaderJRockit1_5_0 read
INFO: Reading JRockit 1.5 format...
Feb 17, 2016 3:45:04 PM com.tagtraum.perf.[secure].imp.DataReaderJRockit1_5_0 read
INFO: GC strategy: gencon
Feb 17, 2016 3:45:04 PM com.tagtraum.perf.[secure].imp.DataReaderJRockit1_5_0 read
INFO: heap size: 1048576K, maximal heap size: 1048576K, nursery size: 524288K
Feb 17, 2016 3:45:04 PM com.tagtraum.perf.[secure].imp.DataReaderJRockit1_5_0 read
INFO: Reading done.
Feb 17, 2016 3:45:04 PM com.tagtraum.perf.[secure].imp.DataReaderJRockit1_4_2 read
INFO: Reading JRockit 1.4.2 format...
Feb 17, 2016 3:45:04 PM com.tagtraum.perf.[secure].imp.DataReaderJRockit1_4_2 read
INFO: GC strategy: parallel
Feb 17, 2016 3:45:04 PM com.tagtraum.perf.[secure].imp.DataReaderJRockit1_4_2 read
INFO: heap size: 32768K, maximal heap size: 65536K
Feb 17, 2016 3:45:04 PM com.tagtraum.perf.[secure].imp.DataReaderJRockit1_4_2 read
INFO: Memory usage report
Feb 17, 2016 3:45:04 PM com.tagtraum.perf.[secure].imp.DataReaderJRockit1_4_2 read
INFO: old collections
Feb 17, 2016 3:45:04 PM com.tagtraum.perf.[secure].imp.DataReaderJRockit1_4_2 read
INFO:     number of collections = 31
Feb 17, 2016 3:45:04 PM com.tagtraum.perf.[secure].imp.DataReaderJRockit1_4_2 read
INFO:     total promoted =        0 (size 0)
Feb 17, 2016 3:45:04 PM com.tagtraum.perf.[secure].imp.DataReaderJRockit1_4_2 read
INFO:     max promoted =          0 (size 0)
Feb 17, 2016 3:45:04 PM com.tagtraum.perf.[secure].imp.DataReaderJRockit1_4_2 read
INFO:     total GC time =         7.789 s (pause 7.789 s)
Feb 17, 2016 3:45:04 PM com.tagtraum.perf.[secure].imp.DataReaderJRockit1_4_2 read
INFO:     mean GC time =          251.258 ms (pause 251.257 ms)
Feb 17, 2016 3:45:04 PM com.tagtraum.perf.[secure].imp.DataReaderJRockit1_4_2 read
INFO:     maximum GC Pauses =      326.701 , 572.220, 787.557 ms
Feb 17, 2016 3:45:04 PM com.tagtraum.perf.[secure].imp.DataReaderJRockit1_4_2 read
INFO:     number of parallel mark phases    = 31
Feb 17, 2016 3:45:04 PM com.tagtraum.perf.[secure].imp.DataReaderJRockit1_4_2 read
INFO:     number of parallel sweep phases   = 31
Feb 17, 2016 3:45:04 PM com.tagtraum.perf.[secure].imp.DataReaderJRockit1_4_2 read
INFO: Reading done.
Feb 17, 2016 3:45:04 PM com.tagtraum.perf.[secure].imp.DataReaderJRockit1_5_0 read
INFO: Reading JRockit 1.5 format...
Feb 17, 2016 3:45:04 PM com.tagtraum.perf.[secure].imp.DataReaderJRockit1_5_0 read
INFO: GC strategy: System optimized over pausetime
Feb 17, 2016 3:45:04 PM com.tagtraum.perf.[secure].imp.DataReaderJRockit1_5_0 read
INFO: heap size: 358400K, maximal heap size: 358400K, nursery size: 40960K
Feb 17, 2016 3:45:04 PM com.tagtraum.perf.[secure].imp.DataReaderJRockit1_5_0 read
INFO: Changing GC strategy to generational, concurrent mark and concurrent sweep
Feb 17, 2016 3:45:04 PM com.tagtraum.perf.[secure].imp.DataReaderJRockit1_5_0 read
INFO: Reading done.
Feb 17, 2016 3:45:04 PM com.tagtraum.perf.[secure].imp.DataReaderJRockit1_5_0 read
INFO: Reading JRockit 1.5 format...
Feb 17, 2016 3:45:04 PM com.tagtraum.perf.[secure].imp.DataReaderJRockit1_5_0 read
INFO: GC strategy: gencon
Feb 17, 2016 3:45:04 PM com.tagtraum.perf.[secure].imp.DataReaderJRockit1_5_0 read
INFO: heap size: 1048576K, maximal heap size: 1048576K, nursery size: 102400K
Feb 17, 2016 3:45:05 PM com.tagtraum.perf.[secure].imp.DataReaderJRockit1_5_0 read
INFO: Reading done.
Feb 17, 2016 3:45:05 PM com.tagtraum.perf.[secure].imp.DataReaderFactory getDataReaderBySample
INFO: File format: JRockit 1.4.2
Feb 17, 2016 3:45:05 PM com.tagtraum.perf.[secure].imp.DataReaderJRockit1_4_2 read
INFO: Reading JRockit 1.4.2 format...
Feb 17, 2016 3:45:05 PM com.tagtraum.perf.[secure].imp.DataReaderJRockit1_4_2 read
INFO: GC strategy: System optimized over pausetime
Feb 17, 2016 3:45:05 PM com.tagtraum.perf.[secure].imp.DataReaderJRockit1_4_2 read
INFO: heap size: 32768K, maximal heap size: 65536K, nursery size: 10240K
Feb 17, 2016 3:45:05 PM com.tagtraum.perf.[secure].imp.DataReaderJRockit1_4_2 read
INFO: Changing GC strategy to single generation, concurrent mark and parallel sweep
Feb 17, 2016 3:45:05 PM com.tagtraum.perf.[secure].imp.DataReaderJRockit1_4_2 read
INFO: Changing GC strategy to generational, concurrent mark and parallel sweep
Feb 17, 2016 3:45:05 PM com.tagtraum.perf.[secure].imp.DataReaderJRockit1_4_2 read
INFO: Changing GC strategy to generational, concurrent mark and concurrent sweep
Feb 17, 2016 3:45:05 PM com.tagtraum.perf.[secure].imp.DataReaderJRockit1_4_2 read
INFO: Changing GC strategy to generational, concurrent mark and parallel sweep
Feb 17, 2016 3:45:05 PM com.tagtraum.perf.[secure].imp.DataReaderJRockit1_4_2 read
INFO: Changing GC strategy to generational, concurrent mark and concurrent sweep
Feb 17, 2016 3:45:05 PM com.tagtraum.perf.[secure].imp.DataReaderJRockit1_4_2 read
INFO: Changing GC strategy to generational, concurrent mark and parallel sweep
Feb 17, 2016 3:45:05 PM com.tagtraum.perf.[secure].imp.DataReaderJRockit1_4_2 read
INFO: Changing GC strategy to generational, concurrent mark and concurrent sweep
Feb 17, 2016 3:45:05 PM com.tagtraum.perf.[secure].imp.DataReaderJRockit1_4_2 read
INFO: Changing GC strategy to generational, concurrent mark and parallel sweep
Feb 17, 2016 3:45:05 PM com.tagtraum.perf.[secure].imp.DataReaderJRockit1_4_2 read
INFO: Changing GC strategy to generational, concurrent mark and concurrent sweep
Feb 17, 2016 3:45:05 PM com.tagtraum.perf.[secure].imp.DataReaderJRockit1_4_2 read
INFO: Changing GC strategy to generational, concurrent mark and parallel sweep
Feb 17, 2016 3:45:05 PM com.tagtraum.perf.[secure].imp.DataReaderJRockit1_4_2 read
INFO: Changing GC strategy to generational, concurrent mark and concurrent sweep
Feb 17, 2016 3:45:05 PM com.tagtraum.perf.[secure].imp.DataReaderJRockit1_4_2 read
INFO: Memory usage report
Feb 17, 2016 3:45:05 PM com.tagtraum.perf.[secure].imp.DataReaderJRockit1_4_2 read
INFO: young collections
Feb 17, 2016 3:45:05 PM com.tagtraum.perf.[secure].imp.DataReaderJRockit1_4_2 read
INFO:     number of collections = 24
Feb 17, 2016 3:45:05 PM com.tagtraum.perf.[secure].imp.DataReaderJRockit1_4_2 read
INFO:     total promoted =        178499 (size 8226160)
Feb 17, 2016 3:45:05 PM com.tagtraum.perf.[secure].imp.DataReaderJRockit1_4_2 read
INFO:     max promoted =          30884 (size 1517000)
Feb 17, 2016 3:45:05 PM com.tagtraum.perf.[secure].imp.DataReaderJRockit1_4_2 read
INFO:     total GC time =         0.547 s
Feb 17, 2016 3:45:05 PM com.tagtraum.perf.[secure].imp.DataReaderJRockit1_4_2 read
INFO:     mean GC time =          22.799 ms
Feb 17, 2016 3:45:05 PM com.tagtraum.perf.[secure].imp.DataReaderJRockit1_4_2 read
INFO:     maximum GC Pauses =      34.289 , 34.773, 47.713 ms
Feb 17, 2016 3:45:05 PM com.tagtraum.perf.[secure].imp.DataReaderJRockit1_4_2 read
INFO: old collections
Feb 17, 2016 3:45:05 PM com.tagtraum.perf.[secure].imp.DataReaderJRockit1_4_2 read
INFO:     number of collections = 40
Feb 17, 2016 3:45:05 PM com.tagtraum.perf.[secure].imp.DataReaderJRockit1_4_2 read
INFO:     total promoted =        0 (size 0)
Feb 17, 2016 3:45:05 PM com.tagtraum.perf.[secure].imp.DataReaderJRockit1_4_2 read
INFO:     max promoted =          0 (size 0)
Feb 17, 2016 3:45:05 PM com.tagtraum.perf.[secure].imp.DataReaderJRockit1_4_2 read
INFO:     total GC time =         13.674 s (pause 4.199 s)
Feb 17, 2016 3:45:05 PM com.tagtraum.perf.[secure].imp.DataReaderJRockit1_4_2 read
INFO:     mean GC time =          341.850 ms (pause 104.987 ms)
Feb 17, 2016 3:45:05 PM com.tagtraum.perf.[secure].imp.DataReaderJRockit1_4_2 read
INFO:     maximum GC Pauses =      206.634 , 463.938, 495.542 ms
Feb 17, 2016 3:45:05 PM com.tagtraum.perf.[secure].imp.DataReaderJRockit1_4_2 read
INFO:     number of concurrent mark phases  = 40
Feb 17, 2016 3:45:05 PM com.tagtraum.perf.[secure].imp.DataReaderJRockit1_4_2 read
INFO:     number of concurrent sweep phases = 32
Feb 17, 2016 3:45:05 PM com.tagtraum.perf.[secure].imp.DataReaderJRockit1_4_2 read
INFO:     number of parallel sweep phases   = 8
Feb 17, 2016 3:45:05 PM com.tagtraum.perf.[secure].imp.DataReaderJRockit1_4_2 read
INFO: Reading done.
Feb 17, 2016 3:45:05 PM com.tagtraum.perf.[secure].imp.DataReaderJRockit1_4_2 read
INFO: Reading JRockit 1.4.2 format...
Feb 17, 2016 3:45:05 PM com.tagtraum.perf.[secure].imp.DataReaderJRockit1_4_2 read
INFO: GC strategy: System optimized over throughput
Feb 17, 2016 3:45:05 PM com.tagtraum.perf.[secure].imp.DataReaderJRockit1_4_2 read
INFO: heap size: 32768K, maximal heap size: 65536K, nursery size: 10240K
Feb 17, 2016 3:45:05 PM com.tagtraum.perf.[secure].imp.DataReaderJRockit1_4_2 read
INFO: Changing GC strategy to generational, parallel mark and parallel sweep
Feb 17, 2016 3:45:05 PM com.tagtraum.perf.[secure].imp.DataReaderJRockit1_4_2 read
INFO: Memory usage report
Feb 17, 2016 3:45:05 PM com.tagtraum.perf.[secure].imp.DataReaderJRockit1_4_2 read
INFO: young collections
Feb 17, 2016 3:45:05 PM com.tagtraum.perf.[secure].imp.DataReaderJRockit1_4_2 read
INFO:     number of collections = 39
Feb 17, 2016 3:45:05 PM com.tagtraum.perf.[secure].imp.DataReaderJRockit1_4_2 read
INFO:     total promoted =        232931 (size 10818232)
Feb 17, 2016 3:45:05 PM com.tagtraum.perf.[secure].imp.DataReaderJRockit1_4_2 read
INFO:     max promoted =          24421 (size 1185024)
Feb 17, 2016 3:45:05 PM com.tagtraum.perf.[secure].imp.DataReaderJRockit1_4_2 read
INFO:     total GC time =         1.361 s
Feb 17, 2016 3:45:05 PM com.tagtraum.perf.[secure].imp.DataReaderJRockit1_4_2 read
INFO:     mean GC time =          34.887 ms
Feb 17, 2016 3:45:05 PM com.tagtraum.perf.[secure].imp.DataReaderJRockit1_4_2 read
INFO:     maximum GC Pauses =      81.598 , 83.437, 186.836 ms
Feb 17, 2016 3:45:05 PM com.tagtraum.perf.[secure].imp.DataReaderJRockit1_4_2 read
INFO: old collections
Feb 17, 2016 3:45:05 PM com.tagtraum.perf.[secure].imp.DataReaderJRockit1_4_2 read
INFO:     number of collections = 31
Feb 17, 2016 3:45:05 PM com.tagtraum.perf.[secure].imp.DataReaderJRockit1_4_2 read
INFO:     total promoted =        0 (size 0)
Feb 17, 2016 3:45:05 PM com.tagtraum.perf.[secure].imp.DataReaderJRockit1_4_2 read
INFO:     max promoted =          0 (size 0)
Feb 17, 2016 3:45:05 PM com.tagtraum.perf.[secure].imp.DataReaderJRockit1_4_2 read
INFO:     total GC time =         6.968 s (pause 6.972 s)
Feb 17, 2016 3:45:05 PM com.tagtraum.perf.[secure].imp.DataReaderJRockit1_4_2 read
INFO:     mean GC time =          224.774 ms (pause 224.887 ms)
Feb 17, 2016 3:45:05 PM com.tagtraum.perf.[secure].imp.DataReaderJRockit1_4_2 read
INFO:     maximum GC Pauses =      316.364 , 319.358, 357.990 ms
Feb 17, 2016 3:45:05 PM com.tagtraum.perf.[secure].imp.DataReaderJRockit1_4_2 read
INFO:     number of parallel mark phases    = 31
Feb 17, 2016 3:45:05 PM com.tagtraum.perf.[secure].imp.DataReaderJRockit1_4_2 read
INFO:     number of parallel sweep phases   = 31
Feb 17, 2016 3:45:05 PM com.tagtraum.perf.[secure].imp.DataReaderJRockit1_4_2 read
INFO: Reading done.
Feb 17, 2016 3:45:05 PM com.tagtraum.perf.[secure].imp.DataReaderJRockit1_4_2 read
INFO: Reading JRockit 1.4.2 format...
Feb 17, 2016 3:45:05 PM com.tagtraum.perf.[secure].imp.DataReaderJRockit1_4_2 read
INFO: GC strategy: singlecon
Feb 17, 2016 3:45:05 PM com.tagtraum.perf.[secure].imp.DataReaderJRockit1_4_2 read
INFO: heap size: 32768K, maximal heap size: 65536K
Feb 17, 2016 3:45:05 PM com.tagtraum.perf.[secure].imp.DataReaderJRockit1_4_2 read
INFO: Memory usage report
Feb 17, 2016 3:45:05 PM com.tagtraum.perf.[secure].imp.DataReaderJRockit1_4_2 read
INFO: old collections
Feb 17, 2016 3:45:05 PM com.tagtraum.perf.[secure].imp.DataReaderJRockit1_4_2 read
INFO:     number of collections = 41
Feb 17, 2016 3:45:05 PM com.tagtraum.perf.[secure].imp.DataReaderJRockit1_4_2 read
INFO:     total promoted =        0 (size 0)
Feb 17, 2016 3:45:05 PM com.tagtraum.perf.[secure].imp.DataReaderJRockit1_4_2 read
INFO:     max promoted =          0 (size 0)
Feb 17, 2016 3:45:05 PM com.tagtraum.perf.[secure].imp.DataReaderJRockit1_4_2 read
INFO:     total GC time =         12.046 s (pause 2.632 s)
Feb 17, 2016 3:45:05 PM com.tagtraum.perf.[secure].imp.DataReaderJRockit1_4_2 read
INFO:     mean GC time =          293.805 ms (pause 64.197 ms)
Feb 17, 2016 3:45:05 PM com.tagtraum.perf.[secure].imp.DataReaderJRockit1_4_2 read
INFO:     maximum GC Pauses =      95.952 , 110.700, 486.296 ms
Feb 17, 2016 3:45:05 PM com.tagtraum.perf.[secure].imp.DataReaderJRockit1_4_2 read
INFO:     number of concurrent mark phases  = 41
Feb 17, 2016 3:45:05 PM com.tagtraum.perf.[secure].imp.DataReaderJRockit1_4_2 read
INFO:     number of concurrent sweep phases = 35
Feb 17, 2016 3:45:05 PM com.tagtraum.perf.[secure].imp.DataReaderJRockit1_4_2 read
INFO:     number of parallel sweep phases   = 6
Feb 17, 2016 3:45:05 PM com.tagtraum.perf.[secure].imp.DataReaderJRockit1_4_2 read
INFO: Reading done.
Tests run: 9, Failures: 0, Errors: 0, Skipped: 0, Time elapsed: 1.534 sec - in com.tagtraum.perf.[secure].imp.TestDataReaderJRockit1_4_2
Running com.tagtraum.perf.[secure].imp.TestDataReaderFacade
Feb 17, 2016 3:45:05 PM com.tagtraum.perf.[secure].imp.DataReaderFacade loadModel
INFO: GCViewer version n/a (n/a)
Feb 17, 2016 3:45:05 PM com.tagtraum.perf.[secure].imp.DataReaderFacade loadModel
WARNING: Failed to read file.
java.net.MalformedURLException: no protocol: httpblabla no protocol: httpblabla
Feb 17, 2016 3:45:05 PM com.tagtraum.perf.[secure].imp.DataReaderFacade loadModel
INFO: GCViewer version n/a (n/a)
Feb 17, 2016 3:45:05 PM com.tagtraum.perf.[secure].imp.DataReaderFactory getDataReaderBySample
INFO: File format: Sun 1.6.x
Feb 17, 2016 3:45:05 PM com.tagtraum.perf.[secure].imp.DataReaderSun1_6_0 read
INFO: Reading Sun / Oracle 1.4.x / 1.5.x / 1.6.x / 1.7.x / 1.8.x format...
Feb 17, 2016 3:45:05 PM com.tagtraum.perf.[secure].imp.DataReaderSun1_6_0 read
INFO: Done reading.
Feb 17, 2016 3:45:05 PM com.tagtraum.perf.[secure].imp.DataReaderFacade loadModel
INFO: GCViewer version n/a (n/a)
Feb 17, 2016 3:45:06 PM com.tagtraum.perf.[secure].imp.DataReaderFacade loadModel
WARNING: Failed to read file.
java.lang.IllegalArgumentException: protocol = http host = null protocol = http host = null
Feb 17, 2016 3:45:06 PM com.tagtraum.perf.[secure].imp.DataReaderFacade loadModel
INFO: GCViewer version n/a (n/a)
Feb 17, 2016 3:45:06 PM com.tagtraum.perf.[secure].imp.DataReaderFacade loadModel
WARNING: Failed to read file.
java.io.FileNotFoundException: /home/travis/build/[secure]/GCViewer/dummy.txt (No such file or directory) /home/travis/build/[secure]/GCViewer/dummy.txt (No such file or directory)
Tests run: 4, Failures: 0, Errors: 0, Skipped: 0, Time elapsed: 0.169 sec - in com.tagtraum.perf.[secure].imp.TestDataReaderFacade
Running com.tagtraum.perf.[secure].imp.TestDataReaderSun1_7_0G1
Feb 17, 2016 3:45:06 PM com.tagtraum.perf.[secure].imp.DataReaderSun1_6_0G1 read
INFO: Reading Sun 1.6.x / 1.7.x G1 format...
Feb 17, 2016 3:45:06 PM com.tagtraum.perf.[secure].imp.DataReaderSun1_6_0G1 read
INFO: Done reading.
Feb 17, 2016 3:45:06 PM com.tagtraum.perf.[secure].imp.DataReaderSun1_6_0G1 read
INFO: Reading Sun 1.6.x / 1.7.x G1 format...
Feb 17, 2016 3:45:06 PM com.tagtraum.perf.[secure].imp.DataReaderSun1_6_0G1 read
INFO: Done reading.
Feb 17, 2016 3:45:06 PM com.tagtraum.perf.[secure].imp.DataReaderSun1_6_0G1 read
INFO: Reading Sun 1.6.x / 1.7.x G1 format...
Feb 17, 2016 3:45:06 PM com.tagtraum.perf.[secure].imp.DataReaderSun1_6_0G1 read
INFO: Done reading.
Feb 17, 2016 3:45:06 PM com.tagtraum.perf.[secure].imp.DataReaderSun1_6_0G1 read
INFO: Reading Sun 1.6.x / 1.7.x G1 format...
Feb 17, 2016 3:45:06 PM com.tagtraum.perf.[secure].imp.DataReaderSun1_6_0G1 read
WARNING: com.tagtraum.perf.[secure].imp.UnknownGcTypeException: Unknown gc type: '-' Line 36: 2015-02-25T12:47:08.028+0100: 2015-02-25T12:47:08.028+0100: 6616,888: Total time for which application threads were stopped: 0,1003470 seconds
Feb 17, 2016 3:45:06 PM com.tagtraum.perf.[secure].imp.DataReaderSun1_6_0G1 read
INFO: Done reading.
Feb 17, 2016 3:45:06 PM com.tagtraum.perf.[secure].imp.DataReaderSun1_6_0G1 read
INFO: Reading Sun 1.6.x / 1.7.x G1 format...
Feb 17, 2016 3:45:06 PM com.tagtraum.perf.[secure].imp.DataReaderSun1_6_0G1 read
INFO: Done reading.
Feb 17, 2016 3:45:06 PM com.tagtraum.perf.[secure].imp.DataReaderSun1_6_0G1 read
INFO: Reading Sun 1.6.x / 1.7.x G1 format...
Feb 17, 2016 3:45:06 PM com.tagtraum.perf.[secure].imp.DataReaderSun1_6_0G1 read
INFO: Done reading.
Feb 17, 2016 3:45:06 PM com.tagtraum.perf.[secure].imp.DataReaderSun1_6_0G1 read
INFO: Reading Sun 1.6.x / 1.7.x G1 format...
Feb 17, 2016 3:45:06 PM com.tagtraum.perf.[secure].imp.DataReaderSun1_6_0G1 read
INFO: Done reading.
Feb 17, 2016 3:45:06 PM com.tagtraum.perf.[secure].imp.DataReaderSun1_6_0G1 read
INFO: Reading Sun 1.6.x / 1.7.x G1 format...
Feb 17, 2016 3:45:06 PM com.tagtraum.perf.[secure].imp.DataReaderSun1_6_0G1 read
INFO: Done reading.
Feb 17, 2016 3:45:06 PM com.tagtraum.perf.[secure].imp.DataReaderSun1_6_0G1 read
INFO: Reading Sun 1.6.x / 1.7.x G1 format...
Feb 17, 2016 3:45:06 PM com.tagtraum.perf.[secure].imp.DataReaderSun1_6_0G1 read
INFO: Done reading.
Feb 17, 2016 3:45:06 PM com.tagtraum.perf.[secure].imp.DataReaderSun1_6_0G1 read
INFO: Reading Sun 1.6.x / 1.7.x G1 format...
Feb 17, 2016 3:45:06 PM com.tagtraum.perf.[secure].imp.DataReaderSun1_6_0G1 read
INFO: Done reading.
Feb 17, 2016 3:45:06 PM com.tagtraum.perf.[secure].imp.DataReaderSun1_6_0G1 read
INFO: Reading Sun 1.6.x / 1.7.x G1 format...
Feb 17, 2016 3:45:06 PM com.tagtraum.perf.[secure].imp.DataReaderSun1_6_0G1 read
INFO: Done reading.
Feb 17, 2016 3:45:06 PM com.tagtraum.perf.[secure].imp.DataReaderSun1_6_0G1 read
INFO: Reading Sun 1.6.x / 1.7.x G1 format...
Feb 17, 2016 3:45:06 PM com.tagtraum.perf.[secure].imp.DataReaderSun1_6_0G1 read
INFO: Done reading.
Feb 17, 2016 3:45:06 PM com.tagtraum.perf.[secure].imp.DataReaderSun1_6_0G1 read
INFO: Reading Sun 1.6.x / 1.7.x G1 format...
Feb 17, 2016 3:45:06 PM com.tagtraum.perf.[secure].imp.DataReaderSun1_6_0G1 read
INFO: Done reading.
Feb 17, 2016 3:45:06 PM com.tagtraum.perf.[secure].imp.DataReaderSun1_6_0G1 read
INFO: Reading Sun 1.6.x / 1.7.x G1 format...
Feb 17, 2016 3:45:06 PM com.tagtraum.perf.[secure].imp.DataReaderSun1_6_0G1 read
INFO: Done reading.
Feb 17, 2016 3:45:06 PM com.tagtraum.perf.[secure].imp.DataReaderSun1_6_0G1 read
INFO: Reading Sun 1.6.x / 1.7.x G1 format...
Feb 17, 2016 3:45:06 PM com.tagtraum.perf.[secure].imp.DataReaderSun1_6_0G1 read
INFO: Done reading.
Feb 17, 2016 3:45:06 PM com.tagtraum.perf.[secure].imp.DataReaderSun1_6_0G1 read
INFO: Reading Sun 1.6.x / 1.7.x G1 format...
Feb 17, 2016 3:45:06 PM com.tagtraum.perf.[secure].imp.DataReaderSun1_6_0G1 read
INFO: Done reading.
Feb 17, 2016 3:45:06 PM com.tagtraum.perf.[secure].imp.DataReaderSun1_6_0G1 read
INFO: Reading Sun 1.6.x / 1.7.x G1 format...
Feb 17, 2016 3:45:06 PM com.tagtraum.perf.[secure].imp.DataReaderSun1_6_0G1 read
INFO: Done reading.
Feb 17, 2016 3:45:06 PM com.tagtraum.perf.[secure].imp.DataReaderSun1_6_0G1 read
INFO: Reading Sun 1.6.x / 1.7.x G1 format...
Feb 17, 2016 3:45:06 PM com.tagtraum.perf.[secure].imp.DataReaderSun1_6_0G1 read
INFO: Done reading.
Feb 17, 2016 3:45:06 PM com.tagtraum.perf.[secure].imp.DataReaderSun1_6_0G1 read
INFO: Reading Sun 1.6.x / 1.7.x G1 format...
Feb 17, 2016 3:45:06 PM com.tagtraum.perf.[secure].imp.DataReaderSun1_6_0G1 read
INFO: Done reading.
Feb 17, 2016 3:45:06 PM com.tagtraum.perf.[secure].imp.DataReaderSun1_6_0G1 read
INFO: Reading Sun 1.6.x / 1.7.x G1 format...
Feb 17, 2016 3:45:06 PM com.tagtraum.perf.[secure].imp.DataReaderSun1_6_0G1 read
INFO: Done reading.
Feb 17, 2016 3:45:06 PM com.tagtraum.perf.[secure].imp.DataReaderSun1_6_0G1 read
INFO: Reading Sun 1.6.x / 1.7.x G1 format...
Feb 17, 2016 3:45:06 PM com.tagtraum.perf.[secure].imp.DataReaderSun1_6_0G1 read
INFO: Done reading.
Feb 17, 2016 3:45:06 PM com.tagtraum.perf.[secure].imp.DataReaderSun1_6_0G1 read
INFO: Reading Sun 1.6.x / 1.7.x G1 format...
Feb 17, 2016 3:45:06 PM com.tagtraum.perf.[secure].imp.DataReaderSun1_6_0G1 read
INFO: Done reading.
Feb 17, 2016 3:45:06 PM com.tagtraum.perf.[secure].imp.DataReaderSun1_6_0G1 read
INFO: Reading Sun 1.6.x / 1.7.x G1 format...
Feb 17, 2016 3:45:06 PM com.tagtraum.perf.[secure].imp.DataReaderSun1_6_0G1 read
INFO: Done reading.
Feb 17, 2016 3:45:06 PM com.tagtraum.perf.[secure].imp.DataReaderSun1_6_0G1 read
INFO: Reading Sun 1.6.x / 1.7.x G1 format...
Feb 17, 2016 3:45:06 PM com.tagtraum.perf.[secure].imp.DataReaderSun1_6_0G1 read
INFO: Done reading.
Feb 17, 2016 3:45:06 PM com.tagtraum.perf.[secure].imp.DataReaderSun1_6_0G1 read
INFO: Reading Sun 1.6.x / 1.7.x G1 format...
Feb 17, 2016 3:45:06 PM com.tagtraum.perf.[secure].imp.DataReaderSun1_6_0G1 read
INFO: Done reading.
Feb 17, 2016 3:45:06 PM com.tagtraum.perf.[secure].imp.DataReaderSun1_6_0G1 read
INFO: Reading Sun 1.6.x / 1.7.x G1 format...
Feb 17, 2016 3:45:06 PM com.tagtraum.perf.[secure].imp.DataReaderSun1_6_0G1 read
INFO: Done reading.
Feb 17, 2016 3:45:06 PM com.tagtraum.perf.[secure].imp.DataReaderSun1_6_0G1 read
INFO: Reading Sun 1.6.x / 1.7.x G1 format...
Feb 17, 2016 3:45:06 PM com.tagtraum.perf.[secure].imp.DataReaderSun1_6_0G1 read
INFO: Done reading.
Feb 17, 2016 3:45:06 PM com.tagtraum.perf.[secure].imp.DataReaderSun1_6_0G1 read
INFO: Reading Sun 1.6.x / 1.7.x G1 format...
Feb 17, 2016 3:45:06 PM com.tagtraum.perf.[secure].imp.DataReaderSun1_6_0G1 read
INFO: Done reading.
Feb 17, 2016 3:45:06 PM com.tagtraum.perf.[secure].imp.DataReaderSun1_6_0G1 read
INFO: Reading Sun 1.6.x / 1.7.x G1 format...
Feb 17, 2016 3:45:06 PM com.tagtraum.perf.[secure].imp.DataReaderSun1_6_0G1 read
INFO: Done reading.
Tests run: 30, Failures: 0, Errors: 0, Skipped: 0, Time elapsed: 0.169 sec - in com.tagtraum.perf.[secure].imp.TestDataReaderSun1_7_0G1
Running com.tagtraum.perf.[secure].imp.TestDataReaderIBM1_4_2
Tests run: 1, Failures: 0, Errors: 0, Skipped: 1, Time elapsed: 0.013 sec - in com.tagtraum.perf.[secure].imp.TestDataReaderIBM1_4_2
Running com.tagtraum.perf.[secure].imp.TestDataReaderSun1_3_1_19
Tests run: 1, Failures: 0, Errors: 0, Skipped: 1, Time elapsed: 0 sec - in com.tagtraum.perf.[secure].imp.TestDataReaderSun1_3_1_19
Running com.tagtraum.perf.[secure].imp.TestDataReaderIBMi5OS1_4_2
Feb 17, 2016 3:45:06 PM com.tagtraum.perf.[secure].imp.DataReaderIBMi5OS1_4_2 read
INFO: Reading IBM i5/OS 1.4.2 format...
Feb 17, 2016 3:45:06 PM com.tagtraum.perf.[secure].imp.DataReaderIBMi5OS1_4_2 read
INFO: Done reading.
Tests run: 1, Failures: 0, Errors: 0, Skipped: 0, Time elapsed: 0.018 sec - in com.tagtraum.perf.[secure].imp.TestDataReaderIBMi5OS1_4_2
Running com.tagtraum.perf.[secure].imp.TestDataReaderHPUX1_4_1
Feb 17, 2016 3:45:06 PM com.tagtraum.perf.[secure].imp.DataReaderHPUX1_4_1 read
INFO: Reading HP-UX 1.4.1-1.4.2 format...
Feb 17, 2016 3:45:06 PM com.tagtraum.perf.[secure].imp.DataReaderHPUX1_4_1 read
WARNING: Malformed line (5). Wrong number of tokens (0): 
Feb 17, 2016 3:45:06 PM com.tagtraum.perf.[secure].imp.DataReaderHPUX1_4_1 read
INFO: Reading done.
Tests run: 1, Failures: 0, Errors: 0, Skipped: 0, Time elapsed: 0.015 sec - in com.tagtraum.perf.[secure].imp.TestDataReaderHPUX1_4_1
Running com.tagtraum.perf.[secure].math.TestDoubleData
Tests run: 1, Failures: 0, Errors: 0, Skipped: 0, Time elapsed: 0 sec - in com.tagtraum.perf.[secure].math.TestDoubleData
Running com.tagtraum.perf.[secure].math.TestRegressionLine
Tests run: 1, Failures: 0, Errors: 0, Skipped: 0, Time elapsed: 0.003 sec - in com.tagtraum.perf.[secure].math.TestRegressionLine
Running com.tagtraum.perf.[secure].math.TestIntData
Tests run: 1, Failures: 0, Errors: 0, Skipped: 0, Time elapsed: 0 sec - in com.tagtraum.perf.[secure].math.TestIntData
Running com.tagtraum.perf.[secure].TestBuildInfoReader
Tests run: 2, Failures: 0, Errors: 0, Skipped: 0, Time elapsed: 0.02 sec - in com.tagtraum.perf.[secure].TestBuildInfoReader
Running com.tagtraum.perf.[secure].view.model.TestRecentGCResourcesModel
Tests run: 2, Failures: 0, Errors: 2, Skipped: 0, Time elapsed: 0.082 sec <<< FAILURE! - in com.tagtraum.perf.[secure].view.model.TestRecentGCResourcesModel
addList(com.tagtraum.perf.[secure].view.model.TestRecentGCResourcesModel)  Time elapsed: 0.071 sec  <<< ERROR!
java.lang.StringIndexOutOfBoundsException: String index out of range: -1
    at java.lang.String.substring(String.java:1954)
    at com.tagtraum.perf.[secure].view.model.TestRecentGCResourcesModel.getPathPrefix(TestRecentGCResourcesModel.java:20)
    at com.tagtraum.perf.[secure].view.model.TestRecentGCResourcesModel.addList(TestRecentGCResourcesModel.java:40)

addString(com.tagtraum.perf.[secure].view.model.TestRecentGCResourcesModel)  Time elapsed: 0 sec  <<< ERROR!
java.lang.StringIndexOutOfBoundsException: String index out of range: -1
    at java.lang.String.substring(String.java:1954)
    at com.tagtraum.perf.[secure].view.model.TestRecentGCResourcesModel.getPathPrefix(TestRecentGCResourcesModel.java:20)
    at com.tagtraum.perf.[secure].view.model.TestRecentGCResourcesModel.addString(TestRecentGCResourcesModel.java:25)

Running com.tagtraum.perf.[secure].view.model.TestGCResourceGroup
Tests run: 4, Failures: 0, Errors: 0, Skipped: 0, Time elapsed: 0.15 sec - in com.tagtraum.perf.[secure].view.model.TestGCResourceGroup
Running com.tagtraum.perf.[secure].view.ModelMetricsPanelTest
Tests run: 4, Failures: 0, Errors: 0, Skipped: 0, Time elapsed: 1.185 sec - in com.tagtraum.perf.[secure].view.ModelMetricsPanelTest
Running com.tagtraum.perf.[secure].view.ModelChartImplTest
Tests run: 1, Failures: 0, Errors: 0, Skipped: 0, Time elapsed: 2.214 sec - in com.tagtraum.perf.[secure].view.ModelChartImplTest
Running com.tagtraum.perf.[secure].util.TestHttpUrlConnectionHelper
Feb 17, 2016 3:45:10 PM com.tagtraum.perf.[secure].util.HttpUrlConnectionHelper openInputStream
INFO: Reading 559 bytes from http://localhost/gclog.txt; contentType = text/plain; contentEncoding = gzip; last modified = Wed Feb 17 15:43:55 UTC 2016
Feb 17, 2016 3:45:10 PM com.tagtraum.perf.[secure].util.HttpUrlConnectionHelper openInputStream
INFO: Reading 0 bytes from http://localhost/gclog.txt; contentType = text/html; charset=UTF-8; contentEncoding = gzip; last modified = -
Feb 17, 2016 3:45:10 PM com.tagtraum.perf.[secure].util.HttpUrlConnectionHelper openInputStream
INFO: Server sent 404: Not found
Feb 17, 2016 3:45:10 PM com.tagtraum.perf.[secure].util.HttpUrlConnectionHelper openInputStream
INFO: Reading 2944 bytes from http://localhost/gclog.txt; contentType = text/plain; contentEncoding = null; last modified = Wed Feb 17 15:43:55 UTC 2016
Feb 17, 2016 3:45:10 PM com.tagtraum.perf.[secure].util.HttpUrlConnectionHelper openInputStream
INFO: Reading 0 bytes from http://localhost/gclog.txt; contentType = text/html; charset=UTF-8; contentEncoding = null; last modified = -
Feb 17, 2016 3:45:10 PM com.tagtraum.perf.[secure].util.HttpUrlConnectionHelper openInputStream
INFO: Server sent 404: Not found
Tests run: 4, Failures: 0, Errors: 0, Skipped: 0, Time elapsed: 0.309 sec - in com.tagtraum.perf.[secure].util.TestHttpUrlConnectionHelper
Running com.tagtraum.perf.[secure].util.TestLocalisationHelper
Tests run: 2, Failures: 0, Errors: 0, Skipped: 0, Time elapsed: 0.01 sec - in com.tagtraum.perf.[secure].util.TestLocalisationHelper
Running com.tagtraum.perf.[secure].model.TestAbstractGCEvent
Tests run: 6, Failures: 0, Errors: 0, Skipped: 0, Time elapsed: 0.023 sec - in com.tagtraum.perf.[secure].model.TestAbstractGCEvent
Running com.tagtraum.perf.[secure].model.TestGcEvent
Tests run: 4, Failures: 0, Errors: 0, Skipped: 0, Time elapsed: 0.025 sec - in com.tagtraum.perf.[secure].model.TestGcEvent
Running com.tagtraum.perf.[secure].model.TestGCResource
Tests run: 1, Failures: 0, Errors: 0, Skipped: 0, Time elapsed: 0.017 sec - in com.tagtraum.perf.[secure].model.TestGCResource
Running com.tagtraum.perf.[secure].ctrl.impl.TestGCModelLoaderController
Xlib:  extension "RANDR" missing on display ":99.0".
fÃ©vr. 17, 2016 3:45:14 PM com.tagtraum.perf.[secure].imp.DataReaderFacade loadModel
INFOS: GCViewer version n/a (n/a)
fÃ©vr. 17, 2016 3:45:14 PM com.tagtraum.perf.[secure].imp.DataReaderFactory getDataReaderBySample
INFOS: File format: Sun 1.6.x
fÃ©vr. 17, 2016 3:45:14 PM com.tagtraum.perf.[secure].imp.DataReaderSun1_6_0 read
INFOS: Reading Sun / Oracle 1.4.x / 1.5.x / 1.6.x / 1.7.x / 1.8.x format...
fÃ©vr. 17, 2016 3:45:14 PM com.tagtraum.perf.[secure].imp.DataReaderSun1_6_0 read
INFOS: Done reading.
GC; CMS-initial-mark [n, avg, sum, min, max]:   3   2.778666666666667E-4    8.336E-4    2.073E-4    4.006E-4
GC; CMS-remark [n, avg, sum, min, max]: 1   5.792E-4    5.792E-4    5.792E-4    5.792E-4
GC; ParNew [n, avg, sum, min, max]: 13  0.015894646153846153    0.2066304   0.0013621   0.0307281
GC; ParNew; CMS (concurrent mode failure); CMS Perm [n, avg, sum, min, max]:    2   0.0204334   0.0408668   0.0187293   0.0221375
CMS-concurrent-abortable-preclean [n, avg, sum, min, max]:  3   0.0013333333333333333   0.004   0.001   0.002
CMS-concurrent-abortable-preclean-start [n, avg, sum, min, max]:    3   0.0 0.0 0.0 4.9E-324
CMS-concurrent-mark [n, avg, sum, min, max]:    3   0.005666666666666667    0.017   0.005   0.006
CMS-concurrent-mark-start [n, avg, sum, min, max]:  3   0.0 0.0 0.0 4.9E-324
CMS-concurrent-preclean [n, avg, sum, min, max]:    3   0.001   0.003   0.001   0.001
CMS-concurrent-preclean-start [n, avg, sum, min, max]:  3   0.0 0.0 0.0 4.9E-324
CMS-concurrent-reset [n, avg, sum, min, max]:   1   0.001   0.001   0.001   0.001
CMS-concurrent-reset-start [n, avg, sum, min, max]: 1   0.0 0.0 0.0 4.9E-324
CMS-concurrent-sweep [n, avg, sum, min, max]:   1   0.001   0.001   0.001   0.001
CMS-concurrent-sweep-start [n, avg, sum, min, max]: 1   0.0 0.0 0.0 4.9E-324
initiatingOccupancyFraction (n, avg, stddev, min, max): 3   0.5937143961588541  0.10083852065643324 0.5009841918945312  0.7010650634765625
heap size used (n, avg, stddev, min, max):  19  148681.7894736842   37175.62043056795   80841   209896
perm size used (n, avg, stddev, min, max):  2   2560.5  0.7071067811865476  2560    2561
tenured size used (n, avg, stddev, min, max):   19  55705.42105263158   29548.824028707673  0   115034
young size used (n, avg, stddev, min, max): 19  92976.31578947368   41317.097447065324  15160   118010
fÃ©vr. 17, 2016 3:45:15 PM com.tagtraum.perf.[secure].imp.DataReaderFacade loadModel
INFOS: GCViewer version n/a (n/a)
fÃ©vr. 17, 2016 3:45:15 PM com.tagtraum.perf.[secure].imp.DataReaderFactory getDataReaderBySample
INFOS: File format: Sun 1.6.x G1 collector
fÃ©vr. 17, 2016 3:45:15 PM com.tagtraum.perf.[secure].imp.DataReaderSun1_6_0G1 read
INFOS: Reading Sun 1.6.x / 1.7.x G1 format...
fÃ©vr. 17, 2016 3:45:15 PM com.tagtraum.perf.[secure].imp.DataReaderSun1_6_0G1 read
INFOS: Done reading.
GC pause (young)Mark stack is full. [n, avg, sum, min, max]:    1   0.0803215   0.0803215   0.0803215   0.0803215
initiatingOccupancyFraction java.lang.IllegalStateException: n == 0
heap size used (n, avg, stddev, min, max):  1   2830336.0   0.0 2830336 2830336
perm size used  java.lang.IllegalStateException: n == 0
tenured size used   java.lang.IllegalStateException: n == 0
young size used java.lang.IllegalStateException: n == 0
Tests run: 3, Failures: 0, Errors: 0, Skipped: 0, Time elapsed: 6.439 sec - in com.tagtraum.perf.[secure].ctrl.impl.TestGCModelLoaderController
Running com.tagtraum.perf.[secure].ctrl.impl.TestGCModelLoader
fÃ©vr. 17, 2016 3:45:16 PM com.tagtraum.perf.[secure].imp.DataReaderFacade loadModel
INFOS: GCViewer version n/a (n/a)
fÃ©vr. 17, 2016 3:45:16 PM com.tagtraum.perf.[secure].imp.DataReaderFacade loadModel
AVERTISSEMENT: Failed to read file.
java.io.FileNotFoundException: /home/travis/build/[secure]/GCViewer/does_not_exist (No such file or directory) /home/travis/build/[secure]/GCViewer/does_not_exist (No such file or directory)
fÃ©vr. 17, 2016 3:45:16 PM com.tagtraum.perf.[secure].imp.DataReaderFacade loadModel
INFOS: GCViewer version n/a (n/a)
fÃ©vr. 17, 2016 3:45:16 PM com.tagtraum.perf.[secure].imp.DataReaderFactory getDataReaderBySample
INFOS: File format: Sun 1.6.x
fÃ©vr. 17, 2016 3:45:16 PM com.tagtraum.perf.[secure].imp.DataReaderSun1_6_0 read
INFOS: Reading Sun / Oracle 1.4.x / 1.5.x / 1.6.x / 1.7.x / 1.8.x format...
fÃ©vr. 17, 2016 3:45:16 PM com.tagtraum.perf.[secure].imp.DataReaderSun1_6_0 read
INFOS: Done reading.
Tests run: 1, Failures: 0, Errors: 0, Skipped: 0, Time elapsed: 0.019 sec - in com.tagtraum.perf.[secure].ctrl.impl.TestGCModelLoader
Running com.tagtraum.perf.[secure].TestGCViewerArgsParser
Tests run: 6, Failures: 0, Errors: 0, Skipped: 0, Time elapsed: 0 sec - in com.tagtraum.perf.[secure].TestGCViewerArgsParser
Running com.tagtraum.perf.[secure].exp.SimpleGcWriterTest
Tests run: 2, Failures: 0, Errors: 0, Skipped: 0, Time elapsed: 0.011 sec - in com.tagtraum.perf.[secure].exp.SimpleGcWriterTest
feb 17, 2016 3:45:16 EM com.tagtraum.perf.[secure].ctrl.impl.GCModelLoaderImpl done
VARNING: Failed to create GCModel from does_not_exist
java.util.concurrent.ExecutionException: com.tagtraum.perf.[secure].imp.DataReaderException
    at java.util.concurrent.FutureTask.report(FutureTask.java:122)
    at java.util.concurrent.FutureTask.get(FutureTask.java:192)
    at javax.swing.SwingWorker.get(SwingWorker.java:602)
    at com.tagtraum.perf.[secure].ctrl.impl.GCModelLoaderImpl.done(GCModelLoaderImpl.java:57)
    at javax.swing.SwingWorker$5.run(SwingWorker.java:737)
    at javax.swing.SwingWorker$DoSubmitAccumulativeRunnable.run(SwingWorker.java:832)
    at sun.swing.AccumulativeRunnable.run(AccumulativeRunnable.java:112)
    at javax.swing.SwingWorker$DoSubmitAccumulativeRunnable.actionPerformed(SwingWorker.java:842)
    at javax.swing.Timer.fireActionPerformed(Timer.java:313)
    at javax.swing.Timer$DoPostEvent.run(Timer.java:245)
    at java.awt.event.InvocationEvent.dispatch(InvocationEvent.java:311)
    at java.awt.EventQueue.dispatchEventImpl(EventQueue.java:749)
    at java.awt.EventQueue.access$500(EventQueue.java:97)
    at java.awt.EventQueue$3.run(EventQueue.java:702)
    at java.awt.EventQueue$3.run(EventQueue.java:696)
    at java.security.AccessController.doPrivileged(Native Method)
    at java.security.ProtectionDomain$1.doIntersectionPrivilege(ProtectionDomain.java:75)
    at java.awt.EventQueue.dispatchEvent(EventQueue.java:719)
    at java.awt.EventDispatchThread.pumpOneEventForFilters(EventDispatchThread.java:201)
    at java.awt.EventDispatchThread.pumpEventsForFilter(EventDispatchThread.java:116)
    at java.awt.EventDispatchThread.pumpEventsForHierarchy(EventDispatchThread.java:105)
    at java.awt.EventDispatchThread.pumpEvents(EventDispatchThread.java:101)
    at java.awt.EventDispatchThread.pumpEvents(EventDispatchThread.java:93)
    at java.awt.EventDispatchThread.run(EventDispatchThread.java:82)
Caused by: com.tagtraum.perf.[secure].imp.DataReaderException
    at com.tagtraum.perf.[secure].imp.DataReaderFacade.loadModel(DataReaderFacade.java:53)
    at com.tagtraum.perf.[secure].ctrl.impl.GCModelLoaderImpl.doInBackground(GCModelLoaderImpl.java:41)
    at com.tagtraum.perf.[secure].ctrl.impl.GCModelLoaderImpl.doInBackground(GCModelLoaderImpl.java:23)
    at javax.swing.SwingWorker$1.call(SwingWorker.java:295)
    at java.util.concurrent.FutureTask.run(FutureTask.java:266)
    at javax.swing.SwingWorker.run(SwingWorker.java:334)
    at java.util.concurrent.ThreadPoolExecutor.runWorker(ThreadPoolExecutor.java:1142)
    at java.util.concurrent.ThreadPoolExecutor$Worker.run(ThreadPoolExecutor.java:617)
    at java.lang.Thread.run(Thread.java:745)
Caused by: java.io.FileNotFoundException: /home/travis/build/[secure]/GCViewer/does_not_exist (No such file or directory)
    at java.io.FileInputStream.open(Native Method)
    at java.io.FileInputStream.<init>(FileInputStream.java:138)
    at java.io.FileInputStream.<init>(FileInputStream.java:93)
    at sun.net.www.protocol.file.FileURLConnection.connect(FileURLConnection.java:90)
    at sun.net.www.protocol.file.FileURLConnection.getInputStream(FileURLConnection.java:188)
    at java.net.URL.openStream(URL.java:1038)
    at com.tagtraum.perf.[secure].imp.DataReaderFacade.readModel(DataReaderFacade.java:94)
    at com.tagtraum.perf.[secure].imp.DataReaderFacade.loadModel(DataReaderFacade.java:60)
    ... 8 more

GC; CMS-initial-mark [n, avg, sum, min, max]:   3   2.778666666666667E-4    8.336E-4    2.073E-4    4.006E-4
GC; CMS-remark [n, avg, sum, min, max]: 1   5.792E-4    5.792E-4    5.792E-4    5.792E-4
GC; ParNew [n, avg, sum, min, max]: 13  0.015894646153846153    0.2066304   0.0013621   0.0307281
GC; ParNew; CMS (concurrent mode failure); CMS Perm [n, avg, sum, min, max]:    2   0.0204334   0.0408668   0.0187293   0.0221375
CMS-concurrent-abortable-preclean [n, avg, sum, min, max]:  3   0.0013333333333333333   0.004   0.001   0.002
CMS-concurrent-abortable-preclean-start [n, avg, sum, min, max]:    3   0.0 0.0 0.0 4.9E-324
CMS-concurrent-mark [n, avg, sum, min, max]:    3   0.005666666666666667    0.017   0.005   0.006
CMS-concurrent-mark-start [n, avg, sum, min, max]:  3   0.0 0.0 0.0 4.9E-324
CMS-concurrent-preclean [n, avg, sum, min, max]:    3   0.001   0.003   0.001   0.001
CMS-concurrent-preclean-start [n, avg, sum, min, max]:  3   0.0 0.0 0.0 4.9E-324
CMS-concurrent-reset [n, avg, sum, min, max]:   1   0.001   0.001   0.001   0.001
CMS-concurrent-reset-start [n, avg, sum, min, max]: 1   0.0 0.0 0.0 4.9E-324
CMS-concurrent-sweep [n, avg, sum, min, max]:   1   0.001   0.001   0.001   0.001
CMS-concurrent-sweep-start [n, avg, sum, min, max]: 1   0.0 0.0 0.0 4.9E-324
initiatingOccupancyFraction (n, avg, stddev, min, max): 3   0.5937143961588541  0.10083852065643324 0.5009841918945312  0.7010650634765625
heap size used (n, avg, stddev, min, max):  19  148681.7894736842   37175.62043056795   80841   209896
perm size used (n, avg, stddev, min, max):  2   2560.5  0.7071067811865476  2560    2561
tenured size used (n, avg, stddev, min, max):   19  55705.42105263158   29548.824028707673  0   115034
young size used (n, avg, stddev, min, max): 19  92976.31578947368   41317.097447065324  15160   118010

Results :

Tests in error: 
  TestRecentGCResourcesModel.addList:40->getPathPrefix:20 Â» StringIndexOutOfBounds
  TestRecentGCResourcesModel.addString:25->getPathPrefix:20 Â» StringIndexOutOfBounds

Tests run: 271, Failures: 0, Errors: 2, Skipped: 2

[INFO] ------------------------------------------------------------------------
[INFO] BUILD FAILURE
[INFO] ------------------------------------------------------------------------
[INFO] Total time: 01:02 min
[INFO] Finished at: 2016-02-17T15:45:17+00:00
[INFO] Final Memory: 25M/346M
[INFO] ------------------------------------------------------------------------
[ERROR] Failed to execute goal org.apache.maven.plugins:maven-surefire-plugin:2.18.1:test (default-test) on project [secure]: There are test failures.
[ERROR] 
[ERROR] Please refer to /home/travis/build/[secure]/GCViewer/target/surefire-reports for the individual test results.
[ERROR] -> [Help 1]
[ERROR] 
[ERROR] To see the full stack trace of the errors, re-run Maven with the -e switch.
[ERROR] Re-run Maven using the -X switch to enable full debug logging.
[ERROR] 
[ERROR] For more information about the errors and possible solutions, please read the following articles:
[ERROR] [Help 1] http://cwiki.apache.org/confluence/display/MAVEN/MojoFailureException

travis_time:end:0c2b7c1d:start=1455723849299485688,finish=1455723919030693108,duration=69731207420
[0K
[31;1mThe command "./target/travis/[secure]-script.sh" exited with 1.[0m
travis_fold:start:cache.2
[0Kstore build cache
travis_time:start:17696a29
[0K
travis_time:end:17696a29:start=1455723919037191793,finish=1455723919042131802,duration=4940009
[0Ktravis_time:start:0cbb9d40
[0K[32;1mnothing changed, not updating cache[0m

travis_time:end:0cbb9d40:start=1455723919048024007,finish=1455723919645334534,duration=597310527
[0Ktravis_fold:end:cache.2
[0K
Done. Your build exited with 1.