travis_fold:start:worker_info[0K[33;1mWorker information[0m
hostname: 9d1c50b0-0e32-4dd5-9f40-904dcdca78ba@1.i-065d719-production-2-worker-org-ec2.travisci.net
version: v3.8.0 https://github.com/travis-ci/worker/tree/cccff7c89da7ba0cf47a90e5615266a45b372e30
instance: a32f603 travisci/ci-garnet:packer-1512502276-986baf0 (via amqp)
startup: 519.583294ms
travis_fold:end:worker_info[0Ktravis_fold:start:system_info[0K[33;1mBuild system information[0m
Build language: java
Build group: stable
Build dist: trusty
Build id: 396988273
Job id: 396988274
Runtime kernel version: 4.14.12-041412-generic
travis-build version: 73bf69a43
[34m[1mBuild image provisioning date and time[0m
Tue Dec  5 20:11:19 UTC 2017
[34m[1mOperating System Details[0m
Distributor ID:	Ubuntu
Description:	Ubuntu 14.04.5 LTS
Release:	14.04
Codename:	trusty
[34m[1mCookbooks Version[0m
7c2c6a6 https://github.com/travis-ci/travis-cookbooks/tree/7c2c6a6
[34m[1mgit version[0m
git version 2.15.1
[34m[1mbash version[0m
GNU bash, version 4.3.11(1)-release (x86_64-pc-linux-gnu)
[34m[1mgcc version[0m
gcc (Ubuntu 4.8.4-2ubuntu1~14.04.3) 4.8.4
Copyright (C) 2013 Free Software Foundation, Inc.
This is free software; see the source for copying conditions.  There is NO
warranty; not even for MERCHANTABILITY or FITNESS FOR A PARTICULAR PURPOSE.

[34m[1mdocker version[0m
Client:
 Version:      17.09.0-ce
 API version:  1.32
 Go version:   go1.8.3
 Git commit:   afdb6d4
 Built:        Tue Sep 26 22:39:28 2017
 OS/Arch:      linux/amd64
[34m[1mclang version[0m
clang version 5.0.0 (tags/RELEASE_500/final)
Target: x86_64-unknown-linux-gnu
Thread model: posix
InstalledDir: /usr/local/clang-5.0.0/bin
[34m[1mjq version[0m
jq-1.5
[34m[1mbats version[0m
Bats 0.4.0
[34m[1mshellcheck version[0m
0.4.6
[34m[1mshfmt version[0m
v2.0.0
[34m[1mccache version[0m
ccache version 3.1.9

Copyright (C) 2002-2007 Andrew Tridgell
Copyright (C) 2009-2011 Joel Rosdahl

This program is free software; you can redistribute it and/or modify it under
the terms of the GNU General Public License as published by the Free Software
Foundation; either version 3 of the License, or (at your option) any later
version.
[34m[1mcmake version[0m
cmake version 3.9.2

CMake suite maintained and supported by Kitware (kitware.com/cmake).
[34m[1mheroku version[0m
heroku-cli/6.14.39-addc925 (linux-x64) node-v9.2.0
[34m[1mimagemagick version[0m
Version: ImageMagick 6.7.7-10 2017-07-31 Q16 http://www.imagemagick.org
[34m[1mmd5deep version[0m
4.2
[34m[1mmercurial version[0m
Mercurial Distributed SCM (version 4.2.2)
(see https://mercurial-scm.org for more information)

Copyright (C) 2005-2017 Matt Mackall and others
This is free software; see the source for copying conditions. There is NO
warranty; not even for MERCHANTABILITY or FITNESS FOR A PARTICULAR PURPOSE.
[34m[1mmysql version[0m
mysql  Ver 14.14 Distrib 5.6.33, for debian-linux-gnu (x86_64) using  EditLine wrapper
[34m[1mopenssl version[0m
OpenSSL 1.0.1f 6 Jan 2014
[34m[1mpacker version[0m
Packer v1.0.2

Your version of Packer is out of date! The latest version
is 1.1.2. You can update by downloading from www.packer.io
[34m[1mpostgresql client version[0m
psql (PostgreSQL) 9.6.6
[34m[1mragel version[0m
Ragel State Machine Compiler version 6.8 Feb 2013
Copyright (c) 2001-2009 by Adrian Thurston
[34m[1msubversion version[0m
svn, version 1.8.8 (r1568071)
   compiled Aug 10 2017, 17:20:39 on x86_64-pc-linux-gnu

Copyright (C) 2013 The Apache Software Foundation.
This software consists of contributions made by many people;
see the NOTICE file for more information.
Subversion is open source software, see http://subversion.apache.org/

The following repository access (RA) modules are available:

* ra_svn : Module for accessing a repository using the svn network protocol.
  - with Cyrus SASL authentication
  - handles 'svn' scheme
* ra_local : Module for accessing a repository on local disk.
  - handles 'file' scheme
* ra_serf : Module for accessing a repository via WebDAV protocol using serf.
  - using serf 1.3.3
  - handles 'http' scheme
  - handles 'https' scheme

[34m[1msudo version[0m
Sudo version 1.8.9p5
Configure options: --prefix=/usr -v --with-all-insults --with-pam --with-fqdn --with-logging=syslog --with-logfac=authpriv --with-env-editor --with-editor=/usr/bin/editor --with-timeout=15 --with-password-timeout=0 --with-passprompt=[sudo] password for %p:  --without-lecture --with-tty-tickets --disable-root-mailer --enable-admin-flag --with-sendmail=/usr/sbin/sendmail --with-timedir=/var/lib/sudo --mandir=/usr/share/man --libexecdir=/usr/lib/sudo --with-sssd --with-sssd-lib=/usr/lib/x86_64-linux-gnu --with-selinux
Sudoers policy plugin version 1.8.9p5
Sudoers file grammar version 43

Sudoers path: /etc/sudoers
Authentication methods: 'pam'
Syslog facility if syslog is being used for logging: authpriv
Syslog priority to use when user authenticates successfully: notice
Syslog priority to use when user authenticates unsuccessfully: alert
Send mail if the user is not in sudoers
Use a separate timestamp for each user/tty combo
Lecture user the first time they run sudo
Root may run sudo
Allow some information gathering to give useful error messages
Require fully-qualified hostnames in the sudoers file
Visudo will honor the EDITOR environment variable
Set the LOGNAME and USER environment variables
Length at which to wrap log file lines (0 for no wrap): 80
Authentication timestamp timeout: 15.0 minutes
Password prompt timeout: 0.0 minutes
Number of tries to enter a password: 3
Umask to use or 0777 to use user's: 022
Path to mail program: /usr/sbin/sendmail
Flags for mail program: -t
Address to send mail to: root
Subject line for mail messages: *** SECURITY information for %h ***
Incorrect password message: Sorry, try again.
Path to authentication timestamp dir: /var/lib/sudo
Default password prompt: [sudo] password for %p: 
Default user to run commands as: root
Value to override user's $PATH with: /usr/local/sbin:/usr/local/bin:/usr/sbin:/usr/bin:/sbin:/bin:/snap/bin
Path to the editor for use by visudo: /usr/bin/editor
When to require a password for 'list' pseudocommand: any
When to require a password for 'verify' pseudocommand: all
File descriptors >= 3 will be closed before executing a command
Environment variables to check for sanity:
	TZ
	TERM
	LINGUAS
	LC_*
	LANGUAGE
	LANG
	COLORTERM
Environment variables to remove:
	RUBYOPT
	RUBYLIB
	PYTHONUSERBASE
	PYTHONINSPECT
	PYTHONPATH
	PYTHONHOME
	TMPPREFIX
	ZDOTDIR
	READNULLCMD
	NULLCMD
	FPATH
	PERL5DB
	PERL5OPT
	PERL5LIB
	PERLLIB
	PERLIO_DEBUG 
	JAVA_TOOL_OPTIONS
	SHELLOPTS
	GLOBIGNORE
	PS4
	BASH_ENV
	ENV
	TERMCAP
	TERMPATH
	TERMINFO_DIRS
	TERMINFO
	_RLD*
	LD_*
	PATH_LOCALE
	NLSPATH
	HOSTALIASES
	RES_OPTIONS
	LOCALDOMAIN
	CDPATH
	IFS
Environment variables to preserve:
	JAVA_HOME
	TRAVIS
	CI
	DEBIAN_FRONTEND
	XAUTHORIZATION
	XAUTHORITY
	PS2
	PS1
	PATH
	LS_COLORS
	KRB5CCNAME
	HOSTNAME
	HOME
	DISPLAY
	COLORS
Locale to use while parsing sudoers: C
Directory in which to store input/output logs: /var/log/sudo-io
File in which to store the input/output log: %{seq}
Add an entry to the utmp/utmpx file when allocating a pty
PAM service name to use
PAM service name to use for login shells
Create a new PAM session for the command to run in
Maximum I/O log sequence number: 0

Local IP address and netmask pairs:
	172.17.0.2/255.255.0.0

Sudoers I/O plugin version 1.8.9p5
[34m[1mgzip version[0m
gzip 1.6
Copyright (C) 2007, 2010, 2011 Free Software Foundation, Inc.
Copyright (C) 1993 Jean-loup Gailly.
This is free software.  You may redistribute copies of it under the terms of
the GNU General Public License <http://www.gnu.org/licenses/gpl.html>.
There is NO WARRANTY, to the extent permitted by law.

Written by Jean-loup Gailly.
[34m[1mzip version[0m
Copyright (c) 1990-2008 Info-ZIP - Type 'zip "-L"' for software license.
This is Zip 3.0 (July 5th 2008), by Info-ZIP.
Currently maintained by E. Gordon.  Please send bug reports to
the authors using the web page at www.info-zip.org; see README for details.

Latest sources and executables are at ftp://ftp.info-zip.org/pub/infozip,
as of above date; see http://www.info-zip.org/ for other sites.

Compiled with gcc 4.8.2 for Unix (Linux ELF) on Oct 21 2013.

Zip special compilation options:
	USE_EF_UT_TIME       (store Universal Time)
	BZIP2_SUPPORT        (bzip2 library version 1.0.6, 6-Sept-2010)
	    bzip2 code and library copyright (c) Julian R Seward
	    (See the bzip2 license for terms of use)
	SYMLINK_SUPPORT      (symbolic links supported)
	LARGE_FILE_SUPPORT   (can read and write large files on file system)
	ZIP64_SUPPORT        (use Zip64 to store large files in archives)
	UNICODE_SUPPORT      (store and read UTF-8 Unicode paths)
	STORE_UNIX_UIDs_GIDs (store UID/GID sizes/values using new extra field)
	UIDGID_NOT_16BIT     (old Unix 16-bit UID/GID extra field not used)
	[encryption, version 2.91 of 05 Jan 2007] (modified for Zip 3)

Encryption notice:
	The encryption code of this program is not copyrighted and is
	put in the public domain.  It was originally written in Europe
	and, to the best of our knowledge, can be freely distributed
	in both source and object forms from any country, including
	the USA under License Exception TSU of the U.S. Export
	Administration Regulations (section 740.13(e)) of 6 June 2002.

Zip environment options:
             ZIP:  [none]
          ZIPOPT:  [none]
[34m[1mvim version[0m
VIM - Vi IMproved 7.4 (2013 Aug 10, compiled Nov 24 2016 16:43:18)
Included patches: 1-52
Extra patches: 8.0.0056
Modified by pkg-vim-maintainers@lists.alioth.debian.org
Compiled by buildd@
Huge version without GUI.  Features included (+) or not (-):
+acl             +farsi           +mouse_netterm   +syntax
+arabic          +file_in_path    +mouse_sgr       +tag_binary
+autocmd         +find_in_path    -mouse_sysmouse  +tag_old_static
-balloon_eval    +float           +mouse_urxvt     -tag_any_white
-browse          +folding         +mouse_xterm     -tcl
++builtin_terms  -footer          +multi_byte      +terminfo
+byte_offset     +fork()          +multi_lang      +termresponse
+cindent         +gettext         -mzscheme        +textobjects
-clientserver    -hangul_input    +netbeans_intg   +title
-clipboard       +iconv           +path_extra      -toolbar
+cmdline_compl   +insert_expand   -perl            +user_commands
+cmdline_hist    +jumplist        +persistent_undo +vertsplit
+cmdline_info    +keymap          +postscript      +virtualedit
+comments        +langmap         +printer         +visual
+conceal         +libcall         +profile         +visualextra
+cryptv          +linebreak       +python          +viminfo
+cscope          +lispindent      -python3         +vreplace
+cursorbind      +listcmds        +quickfix        +wildignore
+cursorshape     +localmap        +reltime         +wildmenu
+dialog_con      -lua             +rightleft       +windows
+diff            +menu            -ruby            +writebackup
+digraphs        +mksession       +scrollbind      -X11
-dnd             +modify_fname    +signs           -xfontset
-ebcdic          +mouse           +smartindent     -xim
+emacs_tags      -mouseshape      -sniff           -xsmp
+eval            +mouse_dec       +startuptime     -xterm_clipboard
+ex_extra        +mouse_gpm       +statusline      -xterm_save
+extra_search    -mouse_jsbterm   -sun_workshop    -xpm
   system vimrc file: "$VIM/vimrc"
     user vimrc file: "$HOME/.vimrc"
 2nd user vimrc file: "~/.vim/vimrc"
      user exrc file: "$HOME/.exrc"
  fall-back for $VIM: "/usr/share/vim"
Compilation: gcc -c -I. -Iproto -DHAVE_CONFIG_H     -g -O2 -fstack-protector --param=ssp-buffer-size=4 -Wformat -Werror=format-security -U_FORTIFY_SOURCE -D_FORTIFY_SOURCE=1      
Linking: gcc   -Wl,-Bsymbolic-functions -Wl,-z,relro -Wl,--as-needed -o vim        -lm -ltinfo -lnsl  -lselinux  -lacl -lattr -lgpm -ldl    -L/usr/lib/python2.7/config-x86_64-linux-gnu -lpython2.7 -lpthread -ldl -lutil -lm -Xlinker -export-dynamic -Wl,-O1 -Wl,-Bsymbolic-functions      
[34m[1miptables version[0m
iptables v1.4.21
[34m[1mcurl version[0m
curl 7.35.0 (x86_64-pc-linux-gnu) libcurl/7.35.0 OpenSSL/1.0.1f zlib/1.2.8 libidn/1.28 librtmp/2.3
[34m[1mwget version[0m
GNU Wget 1.15 built on linux-gnu.
[34m[1mrsync version[0m
rsync  version 3.1.0  protocol version 31
[34m[1mgimme version[0m
v1.2.0
[34m[1mnvm version[0m
0.33.6
[34m[1mperlbrew version[0m
/home/travis/perl5/perlbrew/bin/perlbrew  - App::perlbrew/0.80
[34m[1mphpenv version[0m
rbenv 1.1.1-25-g6aa70b6
[34m[1mrvm version[0m
rvm 1.29.3 (latest) by Michal Papis, Piotr Kuczynski, Wayne E. Seguin [https://rvm.io]
[34m[1mdefault ruby version[0m
ruby 2.4.1p111 (2017-03-22 revision 58053) [x86_64-linux]
[34m[1mCouchDB version[0m
couchdb 1.6.1
[34m[1mElasticSearch version[0m
5.5.0
[34m[1mInstalled Firefox version[0m
firefox 56.0.2
[34m[1mMongoDB version[0m
MongoDB 3.4.10
[34m[1mPhantomJS version[0m
2.1.1
[34m[1mPre-installed PostgreSQL versions[0m
9.2.24
9.3.20
9.4.15
9.5.10
9.6.6
[34m[1mRabbitMQ Version[0m
3.6.14
[34m[1mRedis version[0m
redis-server 4.0.6
[34m[1mriak version[0m
2.2.3
[34m[1mPre-installed Go versions[0m
1.7.4
[34m[1mant version[0m
Apache Ant(TM) version 1.9.3 compiled on April 8 2014
[34m[1mmvn version[0m
Apache Maven 3.5.2 (138edd61fd100ec658bfa2d307c43b76940a5d7d; 2017-10-18T07:58:13Z)
Maven home: /usr/local/maven-3.5.2
Java version: 1.8.0_151, vendor: Oracle Corporation
Java home: /usr/lib/jvm/java-8-oracle/jre
Default locale: en_US, platform encoding: UTF-8
OS name: "linux", version: "4.4.0-101-generic", arch: "amd64", family: "unix"
[34m[1mgradle version[0m

------------------------------------------------------------
Gradle 4.0.1
------------------------------------------------------------

Build time:   2017-07-07 14:02:41 UTC
Revision:     38e5dc0f772daecca1d2681885d3d85414eb6826

Groovy:       2.4.11
Ant:          Apache Ant(TM) version 1.9.6 compiled on June 29 2015
JVM:          1.8.0_151 (Oracle Corporation 25.151-b12)
OS:           Linux 4.4.0-101-generic amd64

[34m[1mlein version[0m
Leiningen 2.8.1 on Java 1.8.0_151 Java HotSpot(TM) 64-Bit Server VM
[34m[1mPre-installed Node.js versions[0m
v4.8.6
v6.12.0
v6.12.1
v8.9
v8.9.1
[34m[1mphpenv versions[0m
  system
  5.6
* 5.6.32 (set by /home/travis/.phpenv/version)
  7.0
  7.0.25
  7.1
  7.1.11
  hhvm
  hhvm-stable
[34m[1mcomposer --version[0m
Composer version 1.5.2 2017-09-11 16:59:25
[34m[1mPre-installed Ruby versions[0m
ruby-2.2.7
ruby-2.3.4
ruby-2.4.1
travis_fold:end:system_info[0K
[32;1mNetwork availability confirmed.[0m

$ jdk_switcher use oraclejdk8
Switching to Oracle JDK8 (java-8-oracle), JAVA_HOME will be set to /usr/lib/jvm/java-8-oracle
travis_fold:start:services[0Ktravis_time:start:06b0ff2e[0K$ sudo service redis-server start
Starting redis-server: /etc/init.d/redis-server: 58: ulimit: error setting limit (Operation not permitted)
redis-server.

travis_time:end:06b0ff2e:start=1530033033690940862,finish=1530033033765921055,duration=74980193[0Ktravis_fold:end:services[0K
travis_fold:start:git.checkout[0Ktravis_time:start:13d50da0[0K$ git clone --depth=50 https://github.com/UNC-Libraries/Carolina-Digital-Repository.git UNC-Libraries/Carolina-Digital-Repository
Cloning into 'UNC-Libraries/Carolina-Digital-Repository'...
remote: Counting objects: 9555, done.[K
remote: Compressing objects:   0% (1/4427)   [Kremote: Compressing objects:   1% (45/4427)   [Kremote: Compressing objects:   2% (89/4427)   [Kremote: Compressing objects:   3% (133/4427)   [Kremote: Compressing objects:   4% (178/4427)   [Kremote: Compressing objects:   5% (222/4427)   [Kremote: Compressing objects:   6% (266/4427)   [Kremote: Compressing objects:   7% (310/4427)   [Kremote: Compressing objects:   8% (355/4427)   [Kremote: Compressing objects:   9% (399/4427)   [Kremote: Compressing objects:  10% (443/4427)   [Kremote: Compressing objects:  11% (487/4427)   [Kremote: Compressing objects:  12% (532/4427)   [Kremote: Compressing objects:  13% (576/4427)   [Kremote: Compressing objects:  14% (620/4427)   [Kremote: Compressing objects:  15% (665/4427)   [Kremote: Compressing objects:  16% (709/4427)   [Kremote: Compressing objects:  17% (753/4427)   [Kremote: Compressing objects:  18% (797/4427)   [Kremote: Compressing objects:  19% (842/4427)   [Kremote: Compressing objects:  20% (886/4427)   [Kremote: Compressing objects:  21% (930/4427)   [Kremote: Compressing objects:  22% (974/4427)   [Kremote: Compressing objects:  23% (1019/4427)   [Kremote: Compressing objects:  24% (1063/4427)   [Kremote: Compressing objects:  25% (1107/4427)   [Kremote: Compressing objects:  26% (1152/4427)   [Kremote: Compressing objects:  27% (1196/4427)   [Kremote: Compressing objects:  28% (1240/4427)   [Kremote: Compressing objects:  29% (1284/4427)   [Kremote: Compressing objects:  30% (1329/4427)   [Kremote: Compressing objects:  31% (1373/4427)   [Kremote: Compressing objects:  32% (1417/4427)   [Kremote: Compressing objects:  33% (1461/4427)   [Kremote: Compressing objects:  34% (1506/4427)   [Kremote: Compressing objects:  35% (1550/4427)   [Kremote: Compressing objects:  36% (1594/4427)   [Kremote: Compressing objects:  37% (1638/4427)   [Kremote: Compressing objects:  38% (1683/4427)   [Kremote: Compressing objects:  39% (1727/4427)   [Kremote: Compressing objects:  40% (1771/4427)   [Kremote: Compressing objects:  41% (1816/4427)   [Kremote: Compressing objects:  42% (1860/4427)   [Kremote: Compressing objects:  43% (1904/4427)   [Kremote: Compressing objects:  44% (1948/4427)   [Kremote: Compressing objects:  45% (1993/4427)   [Kremote: Compressing objects:  46% (2037/4427)   [Kremote: Compressing objects:  47% (2081/4427)   [Kremote: Compressing objects:  48% (2125/4427)   [Kremote: Compressing objects:  49% (2170/4427)   [Kremote: Compressing objects:  50% (2214/4427)   [Kremote: Compressing objects:  51% (2258/4427)   [Kremote: Compressing objects:  52% (2303/4427)   [Kremote: Compressing objects:  53% (2347/4427)   [Kremote: Compressing objects:  54% (2391/4427)   [Kremote: Compressing objects:  55% (2435/4427)   [Kremote: Compressing objects:  56% (2480/4427)   [Kremote: Compressing objects:  57% (2524/4427)   [Kremote: Compressing objects:  58% (2568/4427)   [Kremote: Compressing objects:  59% (2612/4427)   [Kremote: Compressing objects:  60% (2657/4427)   [Kremote: Compressing objects:  61% (2701/4427)   [Kremote: Compressing objects:  62% (2745/4427)   [Kremote: Compressing objects:  63% (2790/4427)   [Kremote: Compressing objects:  64% (2834/4427)   [Kremote: Compressing objects:  65% (2878/4427)   [Kremote: Compressing objects:  66% (2922/4427)   [Kremote: Compressing objects:  67% (2967/4427)   [Kremote: Compressing objects:  68% (3011/4427)   [Kremote: Compressing objects:  69% (3055/4427)   [Kremote: Compressing objects:  70% (3099/4427)   [Kremote: Compressing objects:  71% (3144/4427)   [Kremote: Compressing objects:  72% (3188/4427)   [Kremote: Compressing objects:  73% (3232/4427)   [Kremote: Compressing objects:  74% (3276/4427)   [Kremote: Compressing objects:  75% (3321/4427)   [Kremote: Compressing objects:  76% (3365/4427)   [Kremote: Compressing objects:  77% (3409/4427)   [Kremote: Compressing objects:  78% (3454/4427)   [Kremote: Compressing objects:  79% (3498/4427)   [Kremote: Compressing objects:  80% (3542/4427)   [Kremote: Compressing objects:  81% (3586/4427)   [Kremote: Compressing objects:  82% (3631/4427)   [Kremote: Compressing objects:  83% (3675/4427)   [Kremote: Compressing objects:  84% (3719/4427)   [Kremote: Compressing objects:  85% (3763/4427)   [Kremote: Compressing objects:  86% (3808/4427)   [Kremote: Compressing objects:  87% (3852/4427)   [Kremote: Compressing objects:  88% (3896/4427)   [Kremote: Compressing objects:  89% (3941/4427)   [Kremote: Compressing objects:  90% (3985/4427)   [Kremote: Compressing objects:  91% (4029/4427)   [Kremote: Compressing objects:  92% (4073/4427)   [Kremote: Compressing objects:  93% (4118/4427)   [Kremote: Compressing objects:  94% (4162/4427)   [Kremote: Compressing objects:  95% (4206/4427)   [Kremote: Compressing objects:  96% (4250/4427)   [Kremote: Compressing objects:  97% (4295/4427)   [Kremote: Compressing objects:  98% (4339/4427)   [Kremote: Compressing objects:  99% (4383/4427)   [Kremote: Compressing objects: 100% (4427/4427)   [Kremote: Compressing objects: 100% (4427/4427), done.[K
Receiving objects:   0% (1/9555)   Receiving objects:   1% (96/9555)   Receiving objects:   2% (192/9555)   Receiving objects:   3% (287/9555)   Receiving objects:   4% (383/9555)   Receiving objects:   5% (478/9555)   Receiving objects:   6% (574/9555)   Receiving objects:   7% (669/9555)   Receiving objects:   8% (765/9555)   Receiving objects:   9% (860/9555)   Receiving objects:  10% (956/9555)   Receiving objects:  11% (1052/9555)   Receiving objects:  12% (1147/9555)   Receiving objects:  13% (1243/9555)   Receiving objects:  14% (1338/9555)   Receiving objects:  15% (1434/9555)   Receiving objects:  16% (1529/9555)   Receiving objects:  17% (1625/9555)   Receiving objects:  18% (1720/9555)   Receiving objects:  19% (1816/9555)   Receiving objects:  19% (1879/9555), 17.37 MiB | 17.37 MiB/s   Receiving objects:  20% (1911/9555), 26.09 MiB | 17.39 MiB/s   Receiving objects:  21% (2007/9555), 26.09 MiB | 17.39 MiB/s   Receiving objects:  22% (2103/9555), 26.09 MiB | 17.39 MiB/s   Receiving objects:  23% (2198/9555), 26.09 MiB | 17.39 MiB/s   Receiving objects:  24% (2294/9555), 26.09 MiB | 17.39 MiB/s   Receiving objects:  25% (2389/9555), 26.09 MiB | 17.39 MiB/s   Receiving objects:  26% (2485/9555), 26.09 MiB | 17.39 MiB/s   Receiving objects:  27% (2580/9555), 26.09 MiB | 17.39 MiB/s   Receiving objects:  28% (2676/9555), 26.09 MiB | 17.39 MiB/s   Receiving objects:  29% (2771/9555), 26.09 MiB | 17.39 MiB/s   Receiving objects:  30% (2867/9555), 26.09 MiB | 17.39 MiB/s   Receiving objects:  31% (2963/9555), 26.09 MiB | 17.39 MiB/s   Receiving objects:  32% (3058/9555), 26.09 MiB | 17.39 MiB/s   Receiving objects:  32% (3097/9555), 34.58 MiB | 17.28 MiB/s   Receiving objects:  33% (3154/9555), 34.58 MiB | 17.28 MiB/s   Receiving objects:  34% (3249/9555), 34.58 MiB | 17.28 MiB/s   Receiving objects:  35% (3345/9555), 34.58 MiB | 17.28 MiB/s   Receiving objects:  36% (3440/9555), 34.58 MiB | 17.28 MiB/s   Receiving objects:  37% (3536/9555), 34.58 MiB | 17.28 MiB/s   Receiving objects:  38% (3631/9555), 34.58 MiB | 17.28 MiB/s   Receiving objects:  39% (3727/9555), 34.58 MiB | 17.28 MiB/s   Receiving objects:  40% (3822/9555), 34.58 MiB | 17.28 MiB/s   Receiving objects:  41% (3918/9555), 34.58 MiB | 17.28 MiB/s   Receiving objects:  42% (4014/9555), 34.58 MiB | 17.28 MiB/s   Receiving objects:  43% (4109/9555), 34.58 MiB | 17.28 MiB/s   Receiving objects:  44% (4205/9555), 34.58 MiB | 17.28 MiB/s   Receiving objects:  45% (4300/9555), 34.58 MiB | 17.28 MiB/s   Receiving objects:  46% (4396/9555), 34.58 MiB | 17.28 MiB/s   Receiving objects:  47% (4491/9555), 34.58 MiB | 17.28 MiB/s   Receiving objects:  48% (4587/9555), 34.58 MiB | 17.28 MiB/s   Receiving objects:  49% (4682/9555), 34.58 MiB | 17.28 MiB/s   Receiving objects:  50% (4778/9555), 34.58 MiB | 17.28 MiB/s   Receiving objects:  51% (4874/9555), 34.58 MiB | 17.28 MiB/s   Receiving objects:  52% (4969/9555), 34.58 MiB | 17.28 MiB/s   Receiving objects:  53% (5065/9555), 34.58 MiB | 17.28 MiB/s   Receiving objects:  54% (5160/9555), 34.58 MiB | 17.28 MiB/s   Receiving objects:  55% (5256/9555), 34.58 MiB | 17.28 MiB/s   Receiving objects:  56% (5351/9555), 34.58 MiB | 17.28 MiB/s   Receiving objects:  57% (5447/9555), 34.58 MiB | 17.28 MiB/s   Receiving objects:  58% (5542/9555), 34.58 MiB | 17.28 MiB/s   Receiving objects:  59% (5638/9555), 34.58 MiB | 17.28 MiB/s   Receiving objects:  60% (5733/9555), 34.58 MiB | 17.28 MiB/s   Receiving objects:  61% (5829/9555), 34.58 MiB | 17.28 MiB/s   Receiving objects:  62% (5925/9555), 34.58 MiB | 17.28 MiB/s   Receiving objects:  63% (6020/9555), 34.58 MiB | 17.28 MiB/s   Receiving objects:  64% (6116/9555), 34.58 MiB | 17.28 MiB/s   Receiving objects:  65% (6211/9555), 34.58 MiB | 17.28 MiB/s   Receiving objects:  66% (6307/9555), 34.58 MiB | 17.28 MiB/s   Receiving objects:  67% (6402/9555), 34.58 MiB | 17.28 MiB/s   Receiving objects:  68% (6498/9555), 34.58 MiB | 17.28 MiB/s   Receiving objects:  69% (6593/9555), 34.58 MiB | 17.28 MiB/s   Receiving objects:  70% (6689/9555), 34.58 MiB | 17.28 MiB/s   Receiving objects:  71% (6785/9555), 34.58 MiB | 17.28 MiB/s   Receiving objects:  72% (6880/9555), 34.58 MiB | 17.28 MiB/s   Receiving objects:  73% (6976/9555), 34.58 MiB | 17.28 MiB/s   Receiving objects:  74% (7071/9555), 34.58 MiB | 17.28 MiB/s   Receiving objects:  75% (7167/9555), 34.58 MiB | 17.28 MiB/s   Receiving objects:  76% (7262/9555), 34.58 MiB | 17.28 MiB/s   Receiving objects:  77% (7358/9555), 34.58 MiB | 17.28 MiB/s   Receiving objects:  78% (7453/9555), 34.58 MiB | 17.28 MiB/s   Receiving objects:  79% (7549/9555), 34.58 MiB | 17.28 MiB/s   Receiving objects:  80% (7644/9555), 34.58 MiB | 17.28 MiB/s   Receiving objects:  81% (7740/9555), 34.58 MiB | 17.28 MiB/s   Receiving objects:  82% (7836/9555), 34.58 MiB | 17.28 MiB/s   Receiving objects:  83% (7931/9555), 34.58 MiB | 17.28 MiB/s   Receiving objects:  84% (8027/9555), 34.58 MiB | 17.28 MiB/s   Receiving objects:  85% (8122/9555), 34.58 MiB | 17.28 MiB/s   Receiving objects:  86% (8218/9555), 34.58 MiB | 17.28 MiB/s   Receiving objects:  87% (8313/9555), 34.58 MiB | 17.28 MiB/s   Receiving objects:  88% (8409/9555), 34.58 MiB | 17.28 MiB/s   Receiving objects:  89% (8504/9555), 34.58 MiB | 17.28 MiB/s   Receiving objects:  90% (8600/9555), 34.58 MiB | 17.28 MiB/s   Receiving objects:  91% (8696/9555), 34.58 MiB | 17.28 MiB/s   Receiving objects:  92% (8791/9555), 34.58 MiB | 17.28 MiB/s   Receiving objects:  93% (8887/9555), 34.58 MiB | 17.28 MiB/s   Receiving objects:  94% (8982/9555), 34.58 MiB | 17.28 MiB/s   remote: Total 9555 (delta 3006), reused 8264 (delta 2438), pack-reused 0[K
Receiving objects:  95% (9078/9555), 34.58 MiB | 17.28 MiB/s   Receiving objects:  96% (9173/9555), 34.58 MiB | 17.28 MiB/s   Receiving objects:  97% (9269/9555), 34.58 MiB | 17.28 MiB/s   Receiving objects:  98% (9364/9555), 34.58 MiB | 17.28 MiB/s   Receiving objects:  99% (9460/9555), 34.58 MiB | 17.28 MiB/s   Receiving objects: 100% (9555/9555), 34.58 MiB | 17.28 MiB/s   Receiving objects: 100% (9555/9555), 36.29 MiB | 17.12 MiB/s, done.
Resolving deltas:   0% (0/3006)   Resolving deltas:  10% (315/3006)   Resolving deltas:  12% (377/3006)   Resolving deltas:  13% (392/3006)   Resolving deltas:  14% (430/3006)   Resolving deltas:  15% (451/3006)   Resolving deltas:  16% (481/3006)   Resolving deltas:  17% (512/3006)   Resolving deltas:  18% (548/3006)   Resolving deltas:  19% (578/3006)   Resolving deltas:  20% (602/3006)   Resolving deltas:  21% (651/3006)   Resolving deltas:  22% (667/3006)   Resolving deltas:  23% (709/3006)   Resolving deltas:  24% (722/3006)   Resolving deltas:  25% (754/3006)   Resolving deltas:  26% (789/3006)   Resolving deltas:  27% (813/3006)   Resolving deltas:  28% (844/3006)   Resolving deltas:  29% (888/3006)   Resolving deltas:  30% (910/3006)   Resolving deltas:  31% (933/3006)   Resolving deltas:  32% (962/3006)   Resolving deltas:  33% (994/3006)   Resolving deltas:  36% (1096/3006)   Resolving deltas:  37% (1128/3006)   Resolving deltas:  38% (1152/3006)   Resolving deltas:  39% (1174/3006)   Resolving deltas:  40% (1223/3006)   Resolving deltas:  41% (1236/3006)   Resolving deltas:  42% (1267/3006)   Resolving deltas:  43% (1294/3006)   Resolving deltas:  44% (1324/3006)   Resolving deltas:  45% (1355/3006)   Resolving deltas:  46% (1385/3006)   Resolving deltas:  47% (1415/3006)   Resolving deltas:  48% (1443/3006)   Resolving deltas:  49% (1474/3006)   Resolving deltas:  50% (1505/3006)   Resolving deltas:  51% (1537/3006)   Resolving deltas:  52% (1564/3006)   Resolving deltas:  53% (1595/3006)   Resolving deltas:  54% (1631/3006)   Resolving deltas:  55% (1655/3006)   Resolving deltas:  56% (1688/3006)   Resolving deltas:  57% (1730/3006)   Resolving deltas:  58% (1745/3006)   Resolving deltas:  59% (1775/3006)   Resolving deltas:  60% (1814/3006)   Resolving deltas:  61% (1845/3006)   Resolving deltas:  62% (1864/3006)   Resolving deltas:  63% (1895/3006)   Resolving deltas:  64% (1935/3006)   Resolving deltas:  66% (2005/3006)   Resolving deltas:  67% (2015/3006)   Resolving deltas:  68% (2045/3006)   Resolving deltas:  69% (2092/3006)   Resolving deltas:  70% (2126/3006)   Resolving deltas:  71% (2141/3006)   Resolving deltas:  72% (2181/3006)   Resolving deltas:  73% (2200/3006)   Resolving deltas:  74% (2253/3006)   Resolving deltas:  75% (2258/3006)   Resolving deltas:  76% (2287/3006)   Resolving deltas:  77% (2317/3006)   Resolving deltas:  78% (2357/3006)   Resolving deltas:  79% (2375/3006)   Resolving deltas:  80% (2414/3006)   Resolving deltas:  81% (2438/3006)   Resolving deltas:  82% (2466/3006)   Resolving deltas:  83% (2495/3006)   Resolving deltas:  84% (2527/3006)   Resolving deltas:  85% (2556/3006)   Resolving deltas:  86% (2587/3006)   Resolving deltas:  87% (2617/3006)   Resolving deltas:  88% (2675/3006)   Resolving deltas:  89% (2676/3006)   Resolving deltas:  90% (2716/3006)   Resolving deltas:  91% (2741/3006)   Resolving deltas:  92% (2767/3006)   Resolving deltas:  93% (2802/3006)   Resolving deltas:  94% (2830/3006)   Resolving deltas:  95% (2860/3006)   Resolving deltas:  96% (2886/3006)   Resolving deltas:  97% (2916/3006)   Resolving deltas:  98% (2963/3006)   Resolving deltas:  99% (2977/3006)   Resolving deltas: 100% (3006/3006)   Resolving deltas: 100% (3006/3006), done.

travis_time:end:13d50da0:start=1530033043883351042,finish=1530033047714983728,duration=3831632686[0K$ cd UNC-Libraries/Carolina-Digital-Repository
travis_time:start:047867cd[0K$ git fetch origin +refs/pull/739/merge:
remote: Counting objects: 654, done.[K
remote: Compressing objects:   0% (1/343)   [Kremote: Compressing objects:   1% (4/343)   [Kremote: Compressing objects:   2% (7/343)   [Kremote: Compressing objects:   3% (11/343)   [Kremote: Compressing objects:   4% (14/343)   [Kremote: Compressing objects:   5% (18/343)   [Kremote: Compressing objects:   6% (21/343)   [Kremote: Compressing objects:   7% (25/343)   [Kremote: Compressing objects:   8% (28/343)   [Kremote: Compressing objects:   9% (31/343)   [Kremote: Compressing objects:  10% (35/343)   [Kremote: Compressing objects:  11% (38/343)   [Kremote: Compressing objects:  12% (42/343)   [Kremote: Compressing objects:  13% (45/343)   [Kremote: Compressing objects:  14% (49/343)   [Kremote: Compressing objects:  15% (52/343)   [Kremote: Compressing objects:  16% (55/343)   [Kremote: Compressing objects:  17% (59/343)   [Kremote: Compressing objects:  18% (62/343)   [Kremote: Compressing objects:  19% (66/343)   [Kremote: Compressing objects:  20% (69/343)   [Kremote: Compressing objects:  21% (73/343)   [Kremote: Compressing objects:  22% (76/343)   [Kremote: Compressing objects:  23% (79/343)   [Kremote: Compressing objects:  24% (83/343)   [Kremote: Compressing objects:  25% (86/343)   [Kremote: Compressing objects:  26% (90/343)   [Kremote: Compressing objects:  27% (93/343)   [Kremote: Compressing objects:  28% (97/343)   [Kremote: Compressing objects:  29% (100/343)   [Kremote: Compressing objects:  30% (103/343)   [Kremote: Compressing objects:  31% (107/343)   [Kremote: Compressing objects:  32% (110/343)   [Kremote: Compressing objects:  33% (114/343)   [Kremote: Compressing objects:  34% (117/343)   [Kremote: Compressing objects:  35% (121/343)   [Kremote: Compressing objects:  36% (124/343)   [Kremote: Compressing objects:  37% (127/343)   [Kremote: Compressing objects:  38% (131/343)   [Kremote: Compressing objects:  39% (134/343)   [Kremote: Compressing objects:  40% (138/343)   [Kremote: Compressing objects:  41% (141/343)   [Kremote: Compressing objects:  42% (145/343)   [Kremote: Compressing objects:  43% (148/343)   [Kremote: Compressing objects:  44% (151/343)   [Kremote: Compressing objects:  45% (155/343)   [Kremote: Compressing objects:  46% (158/343)   [Kremote: Compressing objects:  47% (162/343)   [Kremote: Compressing objects:  48% (165/343)   [Kremote: Compressing objects:  49% (169/343)   [Kremote: Compressing objects:  50% (172/343)   [Kremote: Compressing objects:  51% (175/343)   [Kremote: Compressing objects:  52% (179/343)   [Kremote: Compressing objects:  53% (182/343)   [Kremote: Compressing objects:  54% (186/343)   [Kremote: Compressing objects:  55% (189/343)   [Kremote: Compressing objects:  56% (193/343)   [Kremote: Compressing objects:  57% (196/343)   [Kremote: Compressing objects:  58% (199/343)   [Kremote: Compressing objects:  59% (203/343)   [Kremote: Compressing objects:  60% (206/343)   [Kremote: Compressing objects:  61% (210/343)   [Kremote: Compressing objects:  62% (213/343)   [Kremote: Compressing objects:  63% (217/343)   [Kremote: Compressing objects:  64% (220/343)   [Kremote: Compressing objects:  65% (223/343)   [Kremote: Compressing objects:  66% (227/343)   [Kremote: Compressing objects:  67% (230/343)   [Kremote: Compressing objects:  68% (234/343)   [Kremote: Compressing objects:  69% (237/343)   [Kremote: Compressing objects:  70% (241/343)   [Kremote: Compressing objects:  71% (244/343)   [Kremote: Compressing objects:  72% (247/343)   [Kremote: Compressing objects:  73% (251/343)   [Kremote: Compressing objects:  74% (254/343)   [Kremote: Compressing objects:  75% (258/343)   [Kremote: Compressing objects:  76% (261/343)   [Kremote: Compressing objects:  77% (265/343)   [Kremote: Compressing objects:  78% (268/343)   [Kremote: Compressing objects:  79% (271/343)   [Kremote: Compressing objects:  80% (275/343)   [Kremote: Compressing objects:  81% (278/343)   [Kremote: Compressing objects:  82% (282/343)   [Kremote: Compressing objects:  83% (285/343)   [Kremote: Compressing objects:  84% (289/343)   [Kremote: Compressing objects:  85% (292/343)   [Kremote: Compressing objects:  86% (295/343)   [Kremote: Compressing objects:  87% (299/343)   [Kremote: Compressing objects:  88% (302/343)   [Kremote: Compressing objects:  89% (306/343)   [Kremote: Compressing objects:  90% (309/343)   [Kremote: Compressing objects:  91% (313/343)   [Kremote: Compressing objects:  92% (316/343)   [Kremote: Compressing objects:  93% (319/343)   [Kremote: Compressing objects:  94% (323/343)   [Kremote: Compressing objects:  95% (326/343)   [Kremote: Compressing objects:  96% (330/343)   [Kremote: Compressing objects:  97% (333/343)   [Kremote: Compressing objects:  98% (337/343)   [Kremote: Compressing objects:  99% (340/343)   [Kremote: Compressing objects: 100% (343/343)   [Kremote: Compressing objects: 100% (343/343), done.[K
Receiving objects:   0% (1/654)   Receiving objects:   1% (7/654)   Receiving objects:   2% (14/654)   Receiving objects:   3% (20/654)   Receiving objects:   4% (27/654)   Receiving objects:   5% (33/654)   Receiving objects:   6% (40/654)   Receiving objects:   7% (46/654)   Receiving objects:   8% (53/654)   Receiving objects:   9% (59/654)   Receiving objects:  10% (66/654)   Receiving objects:  11% (72/654)   Receiving objects:  12% (79/654)   Receiving objects:  13% (86/654)   Receiving objects:  14% (92/654)   Receiving objects:  15% (99/654)   Receiving objects:  16% (105/654)   Receiving objects:  17% (112/654)   Receiving objects:  18% (118/654)   Receiving objects:  19% (125/654)   Receiving objects:  20% (131/654)   Receiving objects:  21% (138/654)   Receiving objects:  22% (144/654)   Receiving objects:  23% (151/654)   Receiving objects:  24% (157/654)   Receiving objects:  25% (164/654)   Receiving objects:  26% (171/654)   Receiving objects:  27% (177/654)   Receiving objects:  28% (184/654)   Receiving objects:  29% (190/654)   Receiving objects:  30% (197/654)   Receiving objects:  31% (203/654)   Receiving objects:  32% (210/654)   Receiving objects:  33% (216/654)   Receiving objects:  34% (223/654)   Receiving objects:  35% (229/654)   Receiving objects:  36% (236/654)   Receiving objects:  37% (242/654)   Receiving objects:  38% (249/654)   Receiving objects:  39% (256/654)   Receiving objects:  40% (262/654)   Receiving objects:  41% (269/654)   Receiving objects:  42% (275/654)   Receiving objects:  43% (282/654)   Receiving objects:  44% (288/654)   Receiving objects:  45% (295/654)   Receiving objects:  46% (301/654)   Receiving objects:  47% (308/654)   Receiving objects:  48% (314/654)   Receiving objects:  49% (321/654)   Receiving objects:  50% (327/654)   Receiving objects:  51% (334/654)   Receiving objects:  52% (341/654)   Receiving objects:  53% (347/654)   Receiving objects:  54% (354/654)   Receiving objects:  55% (360/654)   Receiving objects:  56% (367/654)   Receiving objects:  57% (373/654)   Receiving objects:  58% (380/654)   Receiving objects:  59% (386/654)   Receiving objects:  60% (393/654)   Receiving objects:  61% (399/654)   Receiving objects:  62% (406/654)   Receiving objects:  63% (413/654)   Receiving objects:  64% (419/654)   Receiving objects:  65% (426/654)   Receiving objects:  66% (432/654)   Receiving objects:  67% (439/654)   Receiving objects:  68% (445/654)   Receiving objects:  69% (452/654)   Receiving objects:  70% (458/654)   Receiving objects:  71% (465/654)   Receiving objects:  72% (471/654)   Receiving objects:  73% (478/654)   Receiving objects:  74% (484/654)   Receiving objects:  75% (491/654)   remote: Total 654 (delta 184), reused 553 (delta 134), pack-reused 0[K
Receiving objects:  76% (498/654)   Receiving objects:  77% (504/654)   Receiving objects:  78% (511/654)   Receiving objects:  79% (517/654)   Receiving objects:  80% (524/654)   Receiving objects:  81% (530/654)   Receiving objects:  82% (537/654)   Receiving objects:  83% (543/654)   Receiving objects:  84% (550/654)   Receiving objects:  85% (556/654)   Receiving objects:  86% (563/654)   Receiving objects:  87% (569/654)   Receiving objects:  88% (576/654)   Receiving objects:  89% (583/654)   Receiving objects:  90% (589/654)   Receiving objects:  91% (596/654)   Receiving objects:  92% (602/654)   Receiving objects:  93% (609/654)   Receiving objects:  94% (615/654)   Receiving objects:  95% (622/654)   Receiving objects:  96% (628/654)   Receiving objects:  97% (635/654)   Receiving objects:  98% (641/654)   Receiving objects:  99% (648/654)   Receiving objects: 100% (654/654)   Receiving objects: 100% (654/654), 74.03 KiB | 10.57 MiB/s, done.
Resolving deltas:   0% (0/184)   Resolving deltas:   1% (2/184)   Resolving deltas:   7% (13/184)   Resolving deltas:   9% (18/184)   Resolving deltas:  13% (25/184)   Resolving deltas:  15% (28/184)   Resolving deltas:  17% (32/184)   Resolving deltas:  19% (35/184)   Resolving deltas:  21% (39/184)   Resolving deltas:  23% (43/184)   Resolving deltas:  27% (50/184)   Resolving deltas:  28% (52/184)   Resolving deltas:  29% (55/184)   Resolving deltas:  30% (56/184)   Resolving deltas:  31% (58/184)   Resolving deltas:  33% (61/184)   Resolving deltas:  34% (64/184)   Resolving deltas:  35% (65/184)   Resolving deltas:  36% (67/184)   Resolving deltas:  37% (69/184)   Resolving deltas:  38% (70/184)   Resolving deltas:  39% (72/184)   Resolving deltas:  40% (74/184)   Resolving deltas:  46% (86/184)   Resolving deltas:  53% (98/184)   Resolving deltas:  56% (104/184)   Resolving deltas:  60% (111/184)   Resolving deltas:  61% (114/184)   Resolving deltas:  62% (115/184)   Resolving deltas:  63% (116/184)   Resolving deltas:  64% (118/184)   Resolving deltas:  65% (121/184)   Resolving deltas:  66% (123/184)   Resolving deltas:  68% (126/184)   Resolving deltas:  69% (128/184)   Resolving deltas:  70% (130/184)   Resolving deltas:  72% (133/184)   Resolving deltas:  75% (138/184)   Resolving deltas:  76% (140/184)   Resolving deltas:  96% (178/184)   Resolving deltas:  98% (181/184)   Resolving deltas: 100% (184/184)   Resolving deltas: 100% (184/184), completed with 26 local objects.
From https://github.com/UNC-Libraries/Carolina-Digital-Repository
 * branch            refs/pull/739/merge -> FETCH_HEAD

travis_time:end:047867cd:start=1530033047722909737,finish=1530033048094302681,duration=371392944[0K$ git checkout -qf FETCH_HEAD
travis_fold:end:git.checkout[0Ktravis_fold:start:git.submodule[0Ktravis_time:start:092f8431[0K$ git submodule update --init --recursive
Submodule 'clamavj' (https://github.com/UNC-Libraries/clamavj.git) registered for path 'clamavj'
Submodule 'oai4solr' (https://github.com/UNC-Libraries/oai4solr.git) registered for path 'oai4solr'
Cloning into '/home/travis/build/UNC-Libraries/Carolina-Digital-Repository/clamavj'...
Cloning into '/home/travis/build/UNC-Libraries/Carolina-Digital-Repository/oai4solr'...
Submodule path 'clamavj': checked out 'edb115e73edcdcf08a05c7f5cd6987f17cda72da'
Submodule path 'oai4solr': checked out 'bccc739c24e1c565b43335e23988bdfe3225990d'

travis_time:end:092f8431:start=1530033048762383007,finish=1530033049432560797,duration=670177790[0Ktravis_fold:end:git.submodule[0K[33;1mDisabling Gradle daemon[0m
$ mkdir -p ~/.gradle && echo "org.gradle.daemon=false" >> ~/.gradle/gradle.properties
travis_fold:start:cache.1[0KSetting up build cache
$ export CASHER_DIR=$HOME/.casher
travis_time:start:12cff22b[0K$ Installing caching utilities

travis_time:end:12cff22b:start=1530033055041486047,finish=1530033055078386651,duration=36900604[0Ktravis_time:start:05fa957c[0K
travis_time:end:05fa957c:start=1530033055087607328,finish=1530033055094511882,duration=6904554[0Ktravis_time:start:19cd0f49[0K[32;1mattempting to download cache archive[0m
[32;1mfetching PR.739/cache-linux-trusty-e3b0c44298fc1c149afbf4c8996fb92427ae41e4649b934ca495991b7852b855--jdk-oraclejdk8.tgz[0m
[32;1mfound cache[0m

travis_time:end:19cd0f49:start=1530033055102202592,finish=1530033067910178389,duration=12807975797[0Ktravis_time:start:16c97116[0K
travis_time:end:16c97116:start=1530033067916952947,finish=1530033067922771897,duration=5818950[0Ktravis_time:start:01355d54[0K[32;1madding /home/travis/.m2/repository to cache[0m
[32;1mcreating directory /home/travis/.m2/repository[0m

travis_time:end:01355d54:start=1530033067929268460,finish=1530033076641579952,duration=8712311492[0Ktravis_fold:end:cache.1[0K$ java -Xmx32m -version
Picked up _JAVA_OPTIONS: -Xmx2048m -Xms512m
java version "1.8.0_151"
Java(TM) SE Runtime Environment (build 1.8.0_151-b12)
Java HotSpot(TM) 64-Bit Server VM (build 25.151-b12, mixed mode)
$ javac -J-Xmx32m -version
Picked up _JAVA_OPTIONS: -Xmx2048m -Xms512m
javac 1.8.0_151
travis_fold:start:install[0Ktravis_time:start:03179166[0K$ mvn install -DskipTests=true -Dmaven.javadoc.skip=true -B -V
Picked up _JAVA_OPTIONS: -Xmx2048m -Xms512m
Apache Maven 3.5.2 (138edd61fd100ec658bfa2d307c43b76940a5d7d; 2017-10-18T07:58:13Z)
Maven home: /usr/local/maven-3.5.2
Java version: 1.8.0_151, vendor: Oracle Corporation
Java home: /usr/lib/jvm/java-8-oracle/jre
Default locale: en_US, platform encoding: UTF-8
OS name: "linux", version: "4.14.12-041412-generic", arch: "amd64", family: "unix"
[INFO] Scanning for projects...
[WARNING] 
[WARNING] Some problems were encountered while building the effective model for edu.unc.lib.cdr:access:war:4.0-SNAPSHOT
[WARNING] 'dependencies.dependency.(groupId:artifactId:type:classifier)' must be unique: org.fcrepo:fcrepo-http-commons:test-jar -> duplicate declaration of version ${fcrepo4.version} @ edu.unc.lib.cdr:access:[unknown-version], /home/travis/build/UNC-Libraries/Carolina-Digital-Repository/access/pom.xml, line 357, column 21
[WARNING] 'dependencies.dependency.(groupId:artifactId:type:classifier)' must be unique: org.fcrepo:fcrepo-auth-common:jar -> duplicate declaration of version ${fcrepo4.version} @ edu.unc.lib.cdr:access:[unknown-version], /home/travis/build/UNC-Libraries/Carolina-Digital-Repository/access/pom.xml, line 364, column 21
[WARNING] 'build.plugins.plugin.version' for org.apache.maven.plugins:maven-failsafe-plugin is missing. @ edu.unc.lib.cdr:access:[unknown-version], /home/travis/build/UNC-Libraries/Carolina-Digital-Repository/access/pom.xml, line 98, column 21
[WARNING] 
[WARNING] Some problems were encountered while building the effective model for edu.unc.lib.cdr:security:jar:4.0-SNAPSHOT
[WARNING] 'build.plugins.plugin.version' for org.apache.maven.plugins:maven-failsafe-plugin is missing. @ edu.unc.lib.cdr:cdr:4.0-SNAPSHOT, /home/travis/build/UNC-Libraries/Carolina-Digital-Repository/pom.xml, line 355, column 21
[WARNING] 
[WARNING] Some problems were encountered while building the effective model for edu.unc.lib.cdr:fcrepo-clients:jar:4.0-SNAPSHOT
[WARNING] 'dependencies.dependency.(groupId:artifactId:type:classifier)' must be unique: org.fcrepo:fcrepo-http-commons:test-jar -> duplicate declaration of version ${fcrepo4.version} @ edu.unc.lib.cdr:fcrepo-clients:[unknown-version], /home/travis/build/UNC-Libraries/Carolina-Digital-Repository/fcrepo-clients/pom.xml, line 308, column 21
[WARNING] 'dependencies.dependency.(groupId:artifactId:type:classifier)' must be unique: org.fcrepo:fcrepo-auth-common:jar -> duplicate declaration of version ${fcrepo4.version} @ edu.unc.lib.cdr:fcrepo-clients:[unknown-version], /home/travis/build/UNC-Libraries/Carolina-Digital-Repository/fcrepo-clients/pom.xml, line 315, column 21
[WARNING] 'build.plugins.plugin.version' for org.apache.maven.plugins:maven-failsafe-plugin is missing. @ edu.unc.lib.cdr:fcrepo-clients:[unknown-version], /home/travis/build/UNC-Libraries/Carolina-Digital-Repository/fcrepo-clients/pom.xml, line 73, column 21
[WARNING] 'build.plugins.plugin.version' for org.codehaus.mojo:build-helper-maven-plugin is missing. @ edu.unc.lib.cdr:fcrepo-clients:[unknown-version], /home/travis/build/UNC-Libraries/Carolina-Digital-Repository/fcrepo-clients/pom.xml, line 53, column 21
[WARNING] 'build.plugins.plugin.version' for org.jacoco:jacoco-maven-plugin is missing. @ edu.unc.lib.cdr:fcrepo-clients:[unknown-version], /home/travis/build/UNC-Libraries/Carolina-Digital-Repository/fcrepo-clients/pom.xml, line 94, column 21
[WARNING] 
[WARNING] Some problems were encountered while building the effective model for edu.unc.lib.cdr:metadata:jar:4.0-SNAPSHOT
[WARNING] 'build.plugins.plugin.version' for org.apache.maven.plugins:maven-failsafe-plugin is missing. @ edu.unc.lib.cdr:cdr:4.0-SNAPSHOT, /home/travis/build/UNC-Libraries/Carolina-Digital-Repository/pom.xml, line 355, column 21
[WARNING] 
[WARNING] Some problems were encountered while building the effective model for edu.unc.lib.cdr:persistence:jar:4.0-SNAPSHOT
[WARNING] 'dependencies.dependency.(groupId:artifactId:type:classifier)' must be unique: org.fcrepo:fcrepo-http-commons:test-jar -> duplicate declaration of version ${fcrepo4.version} @ edu.unc.lib.cdr:persistence:[unknown-version], /home/travis/build/UNC-Libraries/Carolina-Digital-Repository/persistence/pom.xml, line 261, column 21
[WARNING] 'dependencies.dependency.(groupId:artifactId:type:classifier)' must be unique: org.fcrepo:fcrepo-auth-common:jar -> duplicate declaration of version ${fcrepo4.version} @ edu.unc.lib.cdr:persistence:[unknown-version], /home/travis/build/UNC-Libraries/Carolina-Digital-Repository/persistence/pom.xml, line 268, column 21
[WARNING] 'build.plugins.plugin.version' for org.apache.maven.plugins:maven-failsafe-plugin is missing. @ edu.unc.lib.cdr:cdr:4.0-SNAPSHOT, /home/travis/build/UNC-Libraries/Carolina-Digital-Repository/pom.xml, line 355, column 21
[WARNING] 
[WARNING] Some problems were encountered while building the effective model for edu.unc.lib.cdr:services:war:4.0-SNAPSHOT
[WARNING] 'dependencies.dependency.(groupId:artifactId:type:classifier)' must be unique: org.fcrepo:fcrepo-http-commons:test-jar -> duplicate declaration of version ${fcrepo4.version} @ edu.unc.lib.cdr:services:[unknown-version], /home/travis/build/UNC-Libraries/Carolina-Digital-Repository/services/pom.xml, line 299, column 21
[WARNING] 'dependencies.dependency.(groupId:artifactId:type:classifier)' must be unique: org.fcrepo:fcrepo-auth-common:jar -> duplicate declaration of version ${fcrepo4.version} @ edu.unc.lib.cdr:services:[unknown-version], /home/travis/build/UNC-Libraries/Carolina-Digital-Repository/services/pom.xml, line 306, column 21
[WARNING] 'build.plugins.plugin.version' for org.apache.maven.plugins:maven-failsafe-plugin is missing. @ edu.unc.lib.cdr:services:[unknown-version], /home/travis/build/UNC-Libraries/Carolina-Digital-Repository/services/pom.xml, line 69, column 21
[WARNING] 'build.plugins.plugin.version' for org.codehaus.mojo:build-helper-maven-plugin is missing. @ edu.unc.lib.cdr:services:[unknown-version], /home/travis/build/UNC-Libraries/Carolina-Digital-Repository/services/pom.xml, line 49, column 17
[WARNING] 'build.plugins.plugin.version' for org.jacoco:jacoco-maven-plugin is missing. @ edu.unc.lib.cdr:services:[unknown-version], /home/travis/build/UNC-Libraries/Carolina-Digital-Repository/services/pom.xml, line 90, column 21
[WARNING] The expression ${artifactId} is deprecated. Please use ${project.artifactId} instead.
[WARNING] 
[WARNING] Some problems were encountered while building the effective model for edu.unc.lib.cdr:services-camel:war:4.0-SNAPSHOT
[WARNING] 'dependencies.dependency.(groupId:artifactId:type:classifier)' must be unique: org.fcrepo:fcrepo-http-commons:test-jar -> duplicate declaration of version ${fcrepo4.version} @ edu.unc.lib.cdr:services-camel:[unknown-version], /home/travis/build/UNC-Libraries/Carolina-Digital-Repository/services-camel/pom.xml, line 259, column 21
[WARNING] 'dependencies.dependency.(groupId:artifactId:type:classifier)' must be unique: org.fcrepo:fcrepo-auth-common:jar -> duplicate declaration of version ${fcrepo4.version} @ edu.unc.lib.cdr:services-camel:[unknown-version], /home/travis/build/UNC-Libraries/Carolina-Digital-Repository/services-camel/pom.xml, line 266, column 21
[WARNING] 'build.plugins.plugin.version' for org.apache.maven.plugins:maven-failsafe-plugin is missing. @ edu.unc.lib.cdr:services-camel:[unknown-version], /home/travis/build/UNC-Libraries/Carolina-Digital-Repository/services-camel/pom.xml, line 300, column 13
[WARNING] The expression ${artifactId} is deprecated. Please use ${project.artifactId} instead.
[WARNING] 
[WARNING] Some problems were encountered while building the effective model for edu.unc.lib.cdr:solr-ingest:jar:4.0-SNAPSHOT
[WARNING] 'build.plugins.plugin.version' for org.apache.maven.plugins:maven-failsafe-plugin is missing. @ edu.unc.lib.cdr:cdr:4.0-SNAPSHOT, /home/travis/build/UNC-Libraries/Carolina-Digital-Repository/pom.xml, line 355, column 21
[WARNING] 
[WARNING] Some problems were encountered while building the effective model for edu.unc.lib.cdr:solr-search:jar:4.0-SNAPSHOT
[WARNING] 'build.plugins.plugin.version' for org.apache.maven.plugins:maven-failsafe-plugin is missing. @ edu.unc.lib.cdr:cdr:4.0-SNAPSHOT, /home/travis/build/UNC-Libraries/Carolina-Digital-Repository/pom.xml, line 355, column 21
[WARNING] 
[WARNING] Some problems were encountered while building the effective model for edu.unc.lib.cdr:sword-server:jar:4.0-SNAPSHOT
[WARNING] 'build.plugins.plugin.version' for org.apache.maven.plugins:maven-failsafe-plugin is missing. @ edu.unc.lib.cdr:cdr:4.0-SNAPSHOT, /home/travis/build/UNC-Libraries/Carolina-Digital-Repository/pom.xml, line 355, column 21
[WARNING] 
[WARNING] Some problems were encountered while building the effective model for edu.unc.lib.cdr:admin:war:4.0-SNAPSHOT
[WARNING] 'build.plugins.plugin.version' for org.apache.maven.plugins:maven-failsafe-plugin is missing. @ edu.unc.lib.cdr:cdr:4.0-SNAPSHOT, /home/travis/build/UNC-Libraries/Carolina-Digital-Repository/pom.xml, line 355, column 21
[WARNING] 
[WARNING] Some problems were encountered while building the effective model for edu.unc.lib.cdr:access-common:jar:4.0-SNAPSHOT
[WARNING] 'build.plugins.plugin.version' for org.apache.maven.plugins:maven-failsafe-plugin is missing. @ edu.unc.lib.cdr:cdr:4.0-SNAPSHOT, /home/travis/build/UNC-Libraries/Carolina-Digital-Repository/pom.xml, line 355, column 21
[WARNING] 
[WARNING] Some problems were encountered while building the effective model for edu.unc.lib.cdr:deposit:war:4.0-SNAPSHOT
[WARNING] The expression ${artifactId} is deprecated. Please use ${project.artifactId} instead.
[WARNING] 
[WARNING] Some problems were encountered while building the effective model for edu.unc.lib.cdr:spoof:war:4.0-SNAPSHOT
[WARNING] 'build.plugins.plugin.version' for org.apache.maven.plugins:maven-failsafe-plugin is missing. @ edu.unc.lib.cdr:cdr:4.0-SNAPSHOT, /home/travis/build/UNC-Libraries/Carolina-Digital-Repository/pom.xml, line 355, column 21
[WARNING] The expression ${artifactId} is deprecated. Please use ${project.artifactId} instead.
[WARNING] 
[WARNING] Some problems were encountered while building the effective model for edu.unc.lib.cdr:cdr:pom:4.0-SNAPSHOT
[WARNING] 'build.plugins.plugin.version' for org.apache.maven.plugins:maven-failsafe-plugin is missing. @ line 355, column 21
[WARNING] 
[WARNING] It is highly recommended to fix these problems because they threaten the stability of your build.
[WARNING] 
[WARNING] For this reason, future Maven versions might no longer support building such malformed projects.
[WARNING] 
[INFO] ------------------------------------------------------------------------
[INFO] Reactor Build Order:
[INFO] 
[INFO] Carolina Digital Repository
[INFO] CDR Metadata Utilities
[INFO] security
[INFO] Fedora Clients
[INFO] CDR Solr Search API
[INFO] CDR Common Access Components
[INFO] CDR Access
[INFO] oai2-plugin
[INFO] ClamAV Daemon Java API
[INFO] CDR Persistence Layer
[INFO] CDR Solr Ingest
[INFO] CDR SWORD Server
[INFO] CDR Services Webapp
[INFO] services-camel
[INFO] CDR Administrative Interface
[INFO] deposit
[INFO] Spoof
[INFO] 
[INFO] ------------------------------------------------------------------------
[INFO] Building Carolina Digital Repository 4.0-SNAPSHOT
[INFO] ------------------------------------------------------------------------
[INFO] Downloading from java-net-maven2-repository: http://download.java.net/maven/2/org/apache/maven/plugins/maven-failsafe-plugin/maven-metadata.xml
[INFO] 
[INFO] --- exec-maven-plugin:1.2.1:exec (static-build) @ cdr ---
cat static/js/lib/jquery.min.js > static/js/cdr-admin.js
echo "define('jquery-ui', ['jquery'], function ($) {" >> static/js/cdr-admin.js
cat static/js/lib/jquery-ui.min.js >> static/js/cdr-admin.js
echo "});" >> static/js/cdr-admin.js
cat static/js/admin/lib/jquery.detachplus.js \
		static/js/lib/moment.min.js \
		static/js/public/src/Structure* \
		static/js/admin/src/*.js \
		static/js/admin/src/*/*.js \
		>> static/js/cdr-admin.js
cat static/css/reset.css \
		static/css/cdr_common.css \
		static/css/admin/jquery-ui.css \
		static/css/admin/jquery.qtip.css \
		static/css/admin/jquery.contextMenu.css \
		static/css/font-awesome.min.css \
		static/css/admin/cdradmin.css \
		static/css/admin/search_results.css \
		static/css/admin/admin_forms.css \
		static/css/admin/collector.css \
		static/css/structure_browse.css \
		> static/css/cdr_admin.css
for i in static/js/admin/*.js; do \
		sed "s/\(urlArgs *: *\)\".*\"/\1\"v=4.0-SNAPSHOT\"/" $i > $i.temp; \
		mv $i.temp $i; \
	done
cat static/js/lib/jquery.min.js > static/js/cdr-access.js
echo "define('jquery-ui', ['jquery'], function ($) {" >> static/js/cdr-access.js
cat static/js/lib/jquery-ui-access.min.js >> static/js/cdr-access.js
echo "});" >> static/js/cdr-access.js
cat \
		static/js/public/src/*.js \
		>> static/js/cdr-access.js
cat static/css/reset.css \
		static/css/cdr_common.css \
		static/css/cdrui_styles.css \
		static/css/fluid_cap.css \
		static/css/font-awesome.min.css \
		static/css/structure_browse.css \
		static/front/front.css \
		static/front/peek.css \
		> static/css/cdr_access.css
[INFO] 
[INFO] --- maven-checkstyle-plugin:2.17:check (check-style) @ cdr ---
[INFO] Starting audit...
Audit done.
[INFO] 
[INFO] --- license-maven-plugin:3.0:check (default) @ cdr ---
[INFO] Checking licenses...
[INFO] 
[INFO] --- maven-install-plugin:2.4:install (default-install) @ cdr ---
[INFO] Installing /home/travis/build/UNC-Libraries/Carolina-Digital-Repository/pom.xml to /home/travis/.m2/repository/edu/unc/lib/cdr/cdr/4.0-SNAPSHOT/cdr-4.0-SNAPSHOT.pom
[INFO] 
[INFO] ------------------------------------------------------------------------
[INFO] Building CDR Metadata Utilities 4.0-SNAPSHOT
[INFO] ------------------------------------------------------------------------
[INFO] 
[INFO] --- maven-resources-plugin:2.6:resources (default-resources) @ metadata ---
[INFO] Using 'UTF-8' encoding to copy filtered resources.
[INFO] Copying 30 resources
[INFO] 
[INFO] --- maven-compiler-plugin:3.1:compile (default-compile) @ metadata ---
[INFO] Changes detected - recompiling the module!
[INFO] Compiling 78 source files to /home/travis/build/UNC-Libraries/Carolina-Digital-Repository/metadata/target/classes
[WARNING] /home/travis/build/UNC-Libraries/Carolina-Digital-Repository/metadata/src/main/java/edu/unc/lib/dl/util/JDOMXPathUtil.java: Some input files use or override a deprecated API.
[WARNING] /home/travis/build/UNC-Libraries/Carolina-Digital-Repository/metadata/src/main/java/edu/unc/lib/dl/util/JDOMXPathUtil.java: Recompile with -Xlint:deprecation for details.
[INFO] 
[INFO] --- maven-resources-plugin:2.6:testResources (default-testResources) @ metadata ---
[INFO] Using 'UTF-8' encoding to copy filtered resources.
[INFO] Copying 21 resources
[INFO] 
[INFO] --- maven-compiler-plugin:3.1:testCompile (default-testCompile) @ metadata ---
[INFO] Changes detected - recompiling the module!
[INFO] Compiling 14 source files to /home/travis/build/UNC-Libraries/Carolina-Digital-Repository/metadata/target/test-classes
[INFO] 
[INFO] --- maven-surefire-plugin:2.20:test (default-test) @ metadata ---
[INFO] Tests are skipped.
[INFO] 
[INFO] --- maven-jar-plugin:2.3.2:jar (default-jar) @ metadata ---
[INFO] Building jar: /home/travis/build/UNC-Libraries/Carolina-Digital-Repository/metadata/target/cdr-metadata.jar
[INFO] 
[INFO] --- maven-jar-plugin:2.3.2:test-jar (default) @ metadata ---
[INFO] Building jar: /home/travis/build/UNC-Libraries/Carolina-Digital-Repository/metadata/target/cdr-metadata-tests.jar
[INFO] 
[INFO] --- maven-checkstyle-plugin:2.17:check (check-style) @ metadata ---
[INFO] Starting audit...
Audit done.
[INFO] 
[INFO] --- license-maven-plugin:3.0:check (default) @ metadata ---
[INFO] Checking licenses...
[INFO] 
[INFO] --- maven-install-plugin:2.4:install (default-install) @ metadata ---
[INFO] Installing /home/travis/build/UNC-Libraries/Carolina-Digital-Repository/metadata/target/cdr-metadata.jar to /home/travis/.m2/repository/edu/unc/lib/cdr/metadata/4.0-SNAPSHOT/metadata-4.0-SNAPSHOT.jar
[INFO] Installing /home/travis/build/UNC-Libraries/Carolina-Digital-Repository/metadata/pom.xml to /home/travis/.m2/repository/edu/unc/lib/cdr/metadata/4.0-SNAPSHOT/metadata-4.0-SNAPSHOT.pom
[INFO] Installing /home/travis/build/UNC-Libraries/Carolina-Digital-Repository/metadata/target/cdr-metadata-tests.jar to /home/travis/.m2/repository/edu/unc/lib/cdr/metadata/4.0-SNAPSHOT/metadata-4.0-SNAPSHOT-tests.jar
[INFO] 
[INFO] ------------------------------------------------------------------------
[INFO] Building security 4.0-SNAPSHOT
[INFO] ------------------------------------------------------------------------
[INFO] 
[INFO] --- maven-resources-plugin:2.6:resources (default-resources) @ security ---
[INFO] Using 'UTF-8' encoding to copy filtered resources.
[INFO] skip non existing resourceDirectory /home/travis/build/UNC-Libraries/Carolina-Digital-Repository/security/src/main/resources
[INFO] 
[INFO] --- maven-compiler-plugin:3.1:compile (default-compile) @ security ---
[INFO] Changes detected - recompiling the module!
[INFO] Compiling 21 source files to /home/travis/build/UNC-Libraries/Carolina-Digital-Repository/security/target/classes
[WARNING] /home/travis/build/UNC-Libraries/Carolina-Digital-Repository/security/src/main/java/edu/unc/lib/dl/acl/util/AccessControlTransformationUtil.java: Some input files use or override a deprecated API.
[WARNING] /home/travis/build/UNC-Libraries/Carolina-Digital-Repository/security/src/main/java/edu/unc/lib/dl/acl/util/AccessControlTransformationUtil.java: Recompile with -Xlint:deprecation for details.
[INFO] 
[INFO] --- maven-resources-plugin:2.6:testResources (default-testResources) @ security ---
[INFO] Using 'UTF-8' encoding to copy filtered resources.
[INFO] Copying 1 resource
[INFO] 
[INFO] --- maven-compiler-plugin:3.1:testCompile (default-testCompile) @ security ---
[INFO] Changes detected - recompiling the module!
[INFO] Compiling 7 source files to /home/travis/build/UNC-Libraries/Carolina-Digital-Repository/security/target/test-classes
[INFO] 
[INFO] --- maven-surefire-plugin:2.20:test (default-test) @ security ---
[INFO] Tests are skipped.
[INFO] 
[INFO] --- maven-jar-plugin:2.4:jar (default-jar) @ security ---
[INFO] Building jar: /home/travis/build/UNC-Libraries/Carolina-Digital-Repository/security/target/security-4.0-SNAPSHOT.jar
[INFO] 
[INFO] --- maven-checkstyle-plugin:2.17:check (check-style) @ security ---
[INFO] Starting audit...
Audit done.
[INFO] 
[INFO] --- license-maven-plugin:3.0:check (default) @ security ---
[INFO] Checking licenses...
[INFO] 
[INFO] --- maven-install-plugin:2.4:install (default-install) @ security ---
[INFO] Installing /home/travis/build/UNC-Libraries/Carolina-Digital-Repository/security/target/security-4.0-SNAPSHOT.jar to /home/travis/.m2/repository/edu/unc/lib/cdr/security/4.0-SNAPSHOT/security-4.0-SNAPSHOT.jar
[INFO] Installing /home/travis/build/UNC-Libraries/Carolina-Digital-Repository/security/pom.xml to /home/travis/.m2/repository/edu/unc/lib/cdr/security/4.0-SNAPSHOT/security-4.0-SNAPSHOT.pom
[INFO] 
[INFO] ------------------------------------------------------------------------
[INFO] Building Fedora Clients 4.0-SNAPSHOT
[INFO] ------------------------------------------------------------------------
[INFO] Downloading from java-net-maven2-repository: http://download.java.net/maven/2/org/codehaus/mojo/build-helper-maven-plugin/maven-metadata.xml
[INFO] Downloading from java-net-maven2-repository: http://download.java.net/maven/2/org/jacoco/jacoco-maven-plugin/maven-metadata.xml
[INFO] 
[INFO] --- jaxb2-maven-plugin:1.2:xjc (access-source-generation) @ fcrepo-clients ---
[INFO] Generating source...
[INFO] parsing a schema...
[INFO] compiling a schema...
[INFO] edu/unc/lib/dl/fedora/types/AddDatastream.java
[INFO] edu/unc/lib/dl/fedora/types/AddDatastreamResponse.java
[INFO] edu/unc/lib/dl/fedora/types/AddRelationship.java
[INFO] edu/unc/lib/dl/fedora/types/AddRelationshipResponse.java
[INFO] edu/unc/lib/dl/fedora/types/ArrayOfString.java
[INFO] edu/unc/lib/dl/fedora/types/CompareDatastreamChecksum.java
[INFO] edu/unc/lib/dl/fedora/types/CompareDatastreamChecksumResponse.java
[INFO] edu/unc/lib/dl/fedora/types/ComparisonOperator.java
[INFO] edu/unc/lib/dl/fedora/types/Condition.java
[INFO] edu/unc/lib/dl/fedora/types/Datastream.java
[INFO] edu/unc/lib/dl/fedora/types/DatastreamBinding.java
[INFO] edu/unc/lib/dl/fedora/types/DatastreamBindingMap.java
[INFO] edu/unc/lib/dl/fedora/types/DatastreamControlGroup.java
[INFO] edu/unc/lib/dl/fedora/types/DatastreamDef.java
[INFO] edu/unc/lib/dl/fedora/types/DatastreamInputType.java
[INFO] edu/unc/lib/dl/fedora/types/DatastreamProblem.java
[INFO] edu/unc/lib/dl/fedora/types/DefaultInputType.java
[INFO] edu/unc/lib/dl/fedora/types/DescribeRepository.java
[INFO] edu/unc/lib/dl/fedora/types/DescribeRepositoryResponse.java
[INFO] edu/unc/lib/dl/fedora/types/Export.java
[INFO] edu/unc/lib/dl/fedora/types/ExportResponse.java
[INFO] edu/unc/lib/dl/fedora/types/FieldSearchQuery.java
[INFO] edu/unc/lib/dl/fedora/types/FieldSearchResult.java
[INFO] edu/unc/lib/dl/fedora/types/FindObjects.java
[INFO] edu/unc/lib/dl/fedora/types/FindObjectsResponse.java
[INFO] edu/unc/lib/dl/fedora/types/GetDatastream.java
[INFO] edu/unc/lib/dl/fedora/types/GetDatastreamDissemination.java
[INFO] edu/unc/lib/dl/fedora/types/GetDatastreamDisseminationResponse.java
[INFO] edu/unc/lib/dl/fedora/types/GetDatastreamHistory.java
[INFO] edu/unc/lib/dl/fedora/types/GetDatastreamHistoryResponse.java
[INFO] edu/unc/lib/dl/fedora/types/GetDatastreamResponse.java
[INFO] edu/unc/lib/dl/fedora/types/GetDatastreams.java
[INFO] edu/unc/lib/dl/fedora/types/GetDatastreamsResponse.java
[INFO] edu/unc/lib/dl/fedora/types/GetDissemination.java
[INFO] edu/unc/lib/dl/fedora/types/GetDisseminationResponse.java
[INFO] edu/unc/lib/dl/fedora/types/GetNextPID.java
[INFO] edu/unc/lib/dl/fedora/types/GetNextPIDResponse.java
[INFO] edu/unc/lib/dl/fedora/types/GetObjectHistory.java
[INFO] edu/unc/lib/dl/fedora/types/GetObjectHistoryResponse.java
[INFO] edu/unc/lib/dl/fedora/types/GetObjectProfile.java
[INFO] edu/unc/lib/dl/fedora/types/GetObjectProfileResponse.java
[INFO] edu/unc/lib/dl/fedora/types/GetObjectXML.java
[INFO] edu/unc/lib/dl/fedora/types/GetObjectXMLResponse.java
[INFO] edu/unc/lib/dl/fedora/types/GetRelationships.java
[INFO] edu/unc/lib/dl/fedora/types/GetRelationshipsResponse.java
[INFO] edu/unc/lib/dl/fedora/types/Ingest.java
[INFO] edu/unc/lib/dl/fedora/types/IngestResponse.java
[INFO] edu/unc/lib/dl/fedora/types/ListDatastreams.java
[INFO] edu/unc/lib/dl/fedora/types/ListDatastreamsResponse.java
[INFO] edu/unc/lib/dl/fedora/types/ListMethods.java
[INFO] edu/unc/lib/dl/fedora/types/ListMethodsResponse.java
[INFO] edu/unc/lib/dl/fedora/types/ListSession.java
[INFO] edu/unc/lib/dl/fedora/types/MIMETypedStream.java
[INFO] edu/unc/lib/dl/fedora/types/MethodParmDef.java
[INFO] edu/unc/lib/dl/fedora/types/ModifyDatastreamByReference.java
[INFO] edu/unc/lib/dl/fedora/types/ModifyDatastreamByReferenceResponse.java
[INFO] edu/unc/lib/dl/fedora/types/ModifyDatastreamByValue.java
[INFO] edu/unc/lib/dl/fedora/types/ModifyDatastreamByValueResponse.java
[INFO] edu/unc/lib/dl/fedora/types/ModifyObject.java
[INFO] edu/unc/lib/dl/fedora/types/ModifyObjectResponse.java
[INFO] edu/unc/lib/dl/fedora/types/ObjectFactory.java
[INFO] edu/unc/lib/dl/fedora/types/ObjectFields.java
[INFO] edu/unc/lib/dl/fedora/types/ObjectMethodsDef.java
[INFO] edu/unc/lib/dl/fedora/types/ObjectProfile.java
[INFO] edu/unc/lib/dl/fedora/types/PassByRef.java
[INFO] edu/unc/lib/dl/fedora/types/PassByValue.java
[INFO] edu/unc/lib/dl/fedora/types/Property.java
[INFO] edu/unc/lib/dl/fedora/types/PurgeDatastream.java
[INFO] edu/unc/lib/dl/fedora/types/PurgeDatastreamResponse.java
[INFO] edu/unc/lib/dl/fedora/types/PurgeObject.java
[INFO] edu/unc/lib/dl/fedora/types/PurgeObjectResponse.java
[INFO] edu/unc/lib/dl/fedora/types/PurgeRelationship.java
[INFO] edu/unc/lib/dl/fedora/types/PurgeRelationshipResponse.java
[INFO] edu/unc/lib/dl/fedora/types/RelationshipTuple.java
[INFO] edu/unc/lib/dl/fedora/types/RepositoryInfo.java
[INFO] edu/unc/lib/dl/fedora/types/ResumeFindObjects.java
[INFO] edu/unc/lib/dl/fedora/types/ResumeFindObjectsResponse.java
[INFO] edu/unc/lib/dl/fedora/types/SetDatastreamState.java
[INFO] edu/unc/lib/dl/fedora/types/SetDatastreamStateResponse.java
[INFO] edu/unc/lib/dl/fedora/types/SetDatastreamVersionable.java
[INFO] edu/unc/lib/dl/fedora/types/SetDatastreamVersionableResponse.java
[INFO] edu/unc/lib/dl/fedora/types/UserInputType.java
[INFO] edu/unc/lib/dl/fedora/types/Validate.java
[INFO] edu/unc/lib/dl/fedora/types/ValidateResponse.java
[INFO] edu/unc/lib/dl/fedora/types/Validation.java
[INFO] edu/unc/lib/dl/fedora/types/package-info.java
[INFO] 
[INFO] --- maven-resources-plugin:2.6:resources (default-resources) @ fcrepo-clients ---
[INFO] Using 'UTF-8' encoding to copy filtered resources.
[INFO] Copying 1 resource
[INFO] 
[INFO] --- maven-compiler-plugin:3.1:compile (default-compile) @ fcrepo-clients ---
[INFO] Changes detected - recompiling the module!
[INFO] Compiling 168 source files to /home/travis/build/UNC-Libraries/Carolina-Digital-Repository/fcrepo-clients/target/classes
[WARNING] /home/travis/build/UNC-Libraries/Carolina-Digital-Repository/fcrepo-clients/src/main/java/edu/unc/lib/dl/fedora/ClientUtils.java: Some input files use or override a deprecated API.
[WARNING] /home/travis/build/UNC-Libraries/Carolina-Digital-Repository/fcrepo-clients/src/main/java/edu/unc/lib/dl/fedora/ClientUtils.java: Recompile with -Xlint:deprecation for details.
[INFO] 
[INFO] --- maven-resources-plugin:2.6:testResources (default-testResources) @ fcrepo-clients ---
[INFO] Using 'UTF-8' encoding to copy filtered resources.
[INFO] Copying 1 resource
[INFO] Copying 17 resources
[INFO] 
[INFO] --- maven-compiler-plugin:3.1:testCompile (default-testCompile) @ fcrepo-clients ---
[INFO] Changes detected - recompiling the module!
[INFO] Compiling 45 source files to /home/travis/build/UNC-Libraries/Carolina-Digital-Repository/fcrepo-clients/target/test-classes
[WARNING] /home/travis/build/UNC-Libraries/Carolina-Digital-Repository/fcrepo-clients/src/test/java/edu/unc/lib/dl/fedora/JobForwardingJMSListenerTest.java: /home/travis/build/UNC-Libraries/Carolina-Digital-Repository/fcrepo-clients/src/test/java/edu/unc/lib/dl/fedora/JobForwardingJMSListenerTest.java uses or overrides a deprecated API.
[WARNING] /home/travis/build/UNC-Libraries/Carolina-Digital-Repository/fcrepo-clients/src/test/java/edu/unc/lib/dl/fedora/JobForwardingJMSListenerTest.java: Recompile with -Xlint:deprecation for details.
[INFO] 
[INFO] --- maven-surefire-plugin:2.20:test (default-test) @ fcrepo-clients ---
[INFO] Tests are skipped.
[INFO] 
[INFO] --- maven-jar-plugin:2.3.2:jar (default-jar) @ fcrepo-clients ---
[INFO] Building jar: /home/travis/build/UNC-Libraries/Carolina-Digital-Repository/fcrepo-clients/target/fcrepo-clients-4.0-SNAPSHOT.jar
[INFO] 
[INFO] --- build-helper-maven-plugin:3.0.0:reserve-network-port (reserve-port) @ fcrepo-clients ---
[INFO] Reserved port 35797 for fcrepo.dynamic.test.port
[INFO] Reserved port 32801 for jetty.dynamic.stop.port
[INFO] 
[INFO] --- maven-jar-plugin:2.3.2:test-jar (default) @ fcrepo-clients ---
[INFO] Building jar: /home/travis/build/UNC-Libraries/Carolina-Digital-Repository/fcrepo-clients/target/fcrepo-clients-4.0-SNAPSHOT-tests.jar
[INFO] 
[INFO] --- maven-failsafe-plugin:2.20.1:integration-test (default) @ fcrepo-clients ---
[INFO] Tests are skipped.
[INFO] 
[INFO] --- maven-checkstyle-plugin:2.17:check (check-style) @ fcrepo-clients ---
[INFO] Starting audit...
Audit done.
[INFO] 
[INFO] --- license-maven-plugin:3.0:check (default) @ fcrepo-clients ---
[INFO] Checking licenses...
[INFO] 
[INFO] --- maven-failsafe-plugin:2.20.1:verify (default) @ fcrepo-clients ---
[INFO] Tests are skipped.
[INFO] 
[INFO] --- maven-install-plugin:2.4:install (default-install) @ fcrepo-clients ---
[INFO] Installing /home/travis/build/UNC-Libraries/Carolina-Digital-Repository/fcrepo-clients/target/fcrepo-clients-4.0-SNAPSHOT.jar to /home/travis/.m2/repository/edu/unc/lib/cdr/fcrepo-clients/4.0-SNAPSHOT/fcrepo-clients-4.0-SNAPSHOT.jar
[INFO] Installing /home/travis/build/UNC-Libraries/Carolina-Digital-Repository/fcrepo-clients/pom.xml to /home/travis/.m2/repository/edu/unc/lib/cdr/fcrepo-clients/4.0-SNAPSHOT/fcrepo-clients-4.0-SNAPSHOT.pom
[INFO] Installing /home/travis/build/UNC-Libraries/Carolina-Digital-Repository/fcrepo-clients/target/fcrepo-clients-4.0-SNAPSHOT-tests.jar to /home/travis/.m2/repository/edu/unc/lib/cdr/fcrepo-clients/4.0-SNAPSHOT/fcrepo-clients-4.0-SNAPSHOT-tests.jar
[INFO] 
[INFO] ------------------------------------------------------------------------
[INFO] Building CDR Solr Search API 4.0-SNAPSHOT
[INFO] ------------------------------------------------------------------------
[INFO] 
[INFO] --- maven-resources-plugin:2.6:resources (default-resources) @ solr-search ---
[INFO] Using 'UTF-8' encoding to copy filtered resources.
[INFO] skip non existing resourceDirectory /home/travis/build/UNC-Libraries/Carolina-Digital-Repository/solr-search/src/main/resources
[INFO] 
[INFO] --- maven-compiler-plugin:3.1:compile (default-compile) @ solr-search ---
[INFO] Changes detected - recompiling the module!
[INFO] Compiling 54 source files to /home/travis/build/UNC-Libraries/Carolina-Digital-Repository/solr-search/target/classes
[INFO] 
[INFO] --- maven-resources-plugin:2.6:testResources (default-testResources) @ solr-search ---
[INFO] Using 'UTF-8' encoding to copy filtered resources.
[INFO] Copying 1 resource
[INFO] Copying 4 resources
[INFO] 
[INFO] --- maven-compiler-plugin:3.1:testCompile (default-testCompile) @ solr-search ---
[INFO] Changes detected - recompiling the module!
[INFO] Compiling 19 source files to /home/travis/build/UNC-Libraries/Carolina-Digital-Repository/solr-search/target/test-classes
[INFO] 
[INFO] --- maven-surefire-plugin:2.20:test (default-test) @ solr-search ---
[INFO] Tests are skipped.
[INFO] 
[INFO] --- maven-jar-plugin:2.4:jar (default-jar) @ solr-search ---
[INFO] Building jar: /home/travis/build/UNC-Libraries/Carolina-Digital-Repository/solr-search/target/solr-search-4.0-SNAPSHOT.jar
[INFO] 
[INFO] --- maven-checkstyle-plugin:2.17:check (check-style) @ solr-search ---
[INFO] Starting audit...
Audit done.
[INFO] 
[INFO] --- license-maven-plugin:3.0:check (default) @ solr-search ---
[INFO] Checking licenses...
[INFO] 
[INFO] --- maven-install-plugin:2.4:install (default-install) @ solr-search ---
[INFO] Installing /home/travis/build/UNC-Libraries/Carolina-Digital-Repository/solr-search/target/solr-search-4.0-SNAPSHOT.jar to /home/travis/.m2/repository/edu/unc/lib/cdr/solr-search/4.0-SNAPSHOT/solr-search-4.0-SNAPSHOT.jar
[INFO] Installing /home/travis/build/UNC-Libraries/Carolina-Digital-Repository/solr-search/pom.xml to /home/travis/.m2/repository/edu/unc/lib/cdr/solr-search/4.0-SNAPSHOT/solr-search-4.0-SNAPSHOT.pom
[INFO] 
[INFO] ------------------------------------------------------------------------
[INFO] Building CDR Common Access Components 4.0-SNAPSHOT
[INFO] ------------------------------------------------------------------------
[INFO] 
[INFO] --- maven-resources-plugin:2.6:resources (default-resources) @ access-common ---
[INFO] Using 'UTF-8' encoding to copy filtered resources.
[INFO] Copying 7 resources
[INFO] 
[INFO] --- maven-compiler-plugin:3.1:compile (default-compile) @ access-common ---
[INFO] Changes detected - recompiling the module!
[INFO] Compiling 30 source files to /home/travis/build/UNC-Libraries/Carolina-Digital-Repository/access-common/target/classes
[WARNING] /home/travis/build/UNC-Libraries/Carolina-Digital-Repository/access-common/src/main/java/edu/unc/lib/dl/ui/service/SolrQueryLayerService.java: /home/travis/build/UNC-Libraries/Carolina-Digital-Repository/access-common/src/main/java/edu/unc/lib/dl/ui/service/SolrQueryLayerService.java uses or overrides a deprecated API.
[WARNING] /home/travis/build/UNC-Libraries/Carolina-Digital-Repository/access-common/src/main/java/edu/unc/lib/dl/ui/service/SolrQueryLayerService.java: Recompile with -Xlint:deprecation for details.
[INFO] 
[INFO] --- maven-resources-plugin:2.6:testResources (default-testResources) @ access-common ---
[INFO] Using 'UTF-8' encoding to copy filtered resources.
[INFO] Copying 12 resources
[INFO] 
[INFO] --- maven-compiler-plugin:3.1:testCompile (default-testCompile) @ access-common ---
[INFO] Changes detected - recompiling the module!
[INFO] Compiling 5 source files to /home/travis/build/UNC-Libraries/Carolina-Digital-Repository/access-common/target/test-classes
[INFO] 
[INFO] --- maven-surefire-plugin:2.20:test (default-test) @ access-common ---
[INFO] Tests are skipped.
[INFO] 
[INFO] --- maven-jar-plugin:2.4:jar (default-jar) @ access-common ---
[INFO] Building jar: /home/travis/build/UNC-Libraries/Carolina-Digital-Repository/access-common/target/access-common-4.0-SNAPSHOT.jar
[INFO] 
[INFO] --- maven-checkstyle-plugin:2.17:check (check-style) @ access-common ---
[INFO] Starting audit...
Audit done.
[INFO] 
[INFO] --- license-maven-plugin:3.0:check (default) @ access-common ---
[INFO] Checking licenses...
[INFO] 
[INFO] --- maven-install-plugin:2.4:install (default-install) @ access-common ---
[INFO] Installing /home/travis/build/UNC-Libraries/Carolina-Digital-Repository/access-common/target/access-common-4.0-SNAPSHOT.jar to /home/travis/.m2/repository/edu/unc/lib/cdr/access-common/4.0-SNAPSHOT/access-common-4.0-SNAPSHOT.jar
[INFO] Installing /home/travis/build/UNC-Libraries/Carolina-Digital-Repository/access-common/pom.xml to /home/travis/.m2/repository/edu/unc/lib/cdr/access-common/4.0-SNAPSHOT/access-common-4.0-SNAPSHOT.pom
[INFO] 
[INFO] ------------------------------------------------------------------------
[INFO] Building CDR Access 4.0-SNAPSHOT
[INFO] ------------------------------------------------------------------------
[INFO] 
[INFO] --- maven-resources-plugin:2.6:resources (default-resources) @ access ---
[INFO] Using 'UTF-8' encoding to copy filtered resources.
[INFO] Copying 15 resources
[INFO] 
[INFO] --- maven-compiler-plugin:3.1:compile (default-compile) @ access ---
[INFO] Changes detected - recompiling the module!
[INFO] Compiling 18 source files to /home/travis/build/UNC-Libraries/Carolina-Digital-Repository/access/target/classes
[WARNING] /home/travis/build/UNC-Libraries/Carolina-Digital-Repository/access/src/main/java/edu/unc/lib/dl/ui/validator/DatastreamAccessValidator.java: /home/travis/build/UNC-Libraries/Carolina-Digital-Repository/access/src/main/java/edu/unc/lib/dl/ui/validator/DatastreamAccessValidator.java uses or overrides a deprecated API.
[WARNING] /home/travis/build/UNC-Libraries/Carolina-Digital-Repository/access/src/main/java/edu/unc/lib/dl/ui/validator/DatastreamAccessValidator.java: Recompile with -Xlint:deprecation for details.
[INFO] 
[INFO] --- maven-resources-plugin:2.6:testResources (default-testResources) @ access ---
[INFO] Using 'UTF-8' encoding to copy filtered resources.
[INFO] Copying 1 resource
[INFO] Copying 9 resources
[INFO] 
[INFO] --- maven-compiler-plugin:3.1:testCompile (default-testCompile) @ access ---
[INFO] Changes detected - recompiling the module!
[INFO] Compiling 2 source files to /home/travis/build/UNC-Libraries/Carolina-Digital-Repository/access/target/test-classes
[INFO] 
[INFO] --- maven-surefire-plugin:2.20:test (default-test) @ access ---
[INFO] Tests are skipped.
[INFO] 
[INFO] --- maven-war-plugin:3.1.0:war (default-war) @ access ---
[INFO] Packaging webapp
[INFO] Assembling webapp [access] in [/home/travis/build/UNC-Libraries/Carolina-Digital-Repository/access/target/ROOT]
[INFO] Processing war project
[INFO] Copying webapp webResources [/home/travis/build/UNC-Libraries/Carolina-Digital-Repository/access/../etc] to [/home/travis/build/UNC-Libraries/Carolina-Digital-Repository/access/target/ROOT]
[INFO] Copying webapp resources [/home/travis/build/UNC-Libraries/Carolina-Digital-Repository/access/src/main/webapp]
[INFO] Webapp assembled in [537 msecs]
[INFO] Building war: /home/travis/build/UNC-Libraries/Carolina-Digital-Repository/access/target/ROOT.war
[INFO] 
[INFO] --- maven-failsafe-plugin:2.20.1:integration-test (default) @ access ---
[INFO] Tests are skipped.
[INFO] 
[INFO] --- maven-checkstyle-plugin:2.17:check (check-style) @ access ---
[INFO] Starting audit...
Audit done.
[INFO] 
[INFO] --- license-maven-plugin:3.0:check (default) @ access ---
[INFO] Checking licenses...
[INFO] 
[INFO] --- maven-failsafe-plugin:2.20.1:verify (default) @ access ---
[INFO] Tests are skipped.
[INFO] 
[INFO] --- maven-install-plugin:2.4:install (default-install) @ access ---
[INFO] Installing /home/travis/build/UNC-Libraries/Carolina-Digital-Repository/access/target/ROOT.war to /home/travis/.m2/repository/edu/unc/lib/cdr/access/4.0-SNAPSHOT/access-4.0-SNAPSHOT.war
[INFO] Installing /home/travis/build/UNC-Libraries/Carolina-Digital-Repository/access/pom.xml to /home/travis/.m2/repository/edu/unc/lib/cdr/access/4.0-SNAPSHOT/access-4.0-SNAPSHOT.pom
[INFO] 
[INFO] ------------------------------------------------------------------------
[INFO] Building oai2-plugin 4.1
[INFO] ------------------------------------------------------------------------
[INFO] 
[INFO] --- maven-resources-plugin:2.6:resources (default-resources) @ oai2-plugin ---
[INFO] Using 'UTF-8' encoding to copy filtered resources.
[INFO] Copying 2 resources
[INFO] 
[INFO] --- maven-compiler-plugin:3.1:compile (default-compile) @ oai2-plugin ---
[INFO] Changes detected - recompiling the module!
[INFO] Compiling 30 source files to /home/travis/build/UNC-Libraries/Carolina-Digital-Repository/oai4solr/oai2-plugin/target/classes
[INFO] 
[INFO] --- maven-resources-plugin:2.6:testResources (default-testResources) @ oai2-plugin ---
[INFO] Using 'UTF-8' encoding to copy filtered resources.
[INFO] Copying 1 resource
[INFO] 
[INFO] --- maven-compiler-plugin:3.1:testCompile (default-testCompile) @ oai2-plugin ---
[INFO] Changes detected - recompiling the module!
[INFO] Compiling 3 source files to /home/travis/build/UNC-Libraries/Carolina-Digital-Repository/oai4solr/oai2-plugin/target/test-classes
[WARNING] /home/travis/build/UNC-Libraries/Carolina-Digital-Repository/oai4solr/oai2-plugin/src/test/java/org/socialhistoryservices/api/oai/EmbeddedServer.java: /home/travis/build/UNC-Libraries/Carolina-Digital-Repository/oai4solr/oai2-plugin/src/test/java/org/socialhistoryservices/api/oai/EmbeddedServer.java uses or overrides a deprecated API.
[WARNING] /home/travis/build/UNC-Libraries/Carolina-Digital-Repository/oai4solr/oai2-plugin/src/test/java/org/socialhistoryservices/api/oai/EmbeddedServer.java: Recompile with -Xlint:deprecation for details.
[INFO] 
[INFO] --- maven-surefire-plugin:2.4.1:test (default-test) @ oai2-plugin ---
[INFO] Tests are skipped.
[INFO] 
[INFO] --- maven-jar-plugin:2.4:jar (default-jar) @ oai2-plugin ---
[INFO] Building jar: /home/travis/build/UNC-Libraries/Carolina-Digital-Repository/oai4solr/oai2-plugin/target/oai2-plugin-4.1.jar
[INFO] 
[INFO] --- maven-install-plugin:2.4:install (default-install) @ oai2-plugin ---
[INFO] Installing /home/travis/build/UNC-Libraries/Carolina-Digital-Repository/oai4solr/oai2-plugin/target/oai2-plugin-4.1.jar to /home/travis/.m2/repository/org/socialhistoryservices/solr/oai2-plugin/4.1/oai2-plugin-4.1.jar
[INFO] Installing /home/travis/build/UNC-Libraries/Carolina-Digital-Repository/oai4solr/oai2-plugin/pom.xml to /home/travis/.m2/repository/org/socialhistoryservices/solr/oai2-plugin/4.1/oai2-plugin-4.1.pom
[INFO] 
[INFO] ------------------------------------------------------------------------
[INFO] Building ClamAV Daemon Java API 0.3
[INFO] ------------------------------------------------------------------------
[INFO] 
[INFO] --- maven-resources-plugin:2.6:resources (default-resources) @ clamavj ---
[WARNING] Using platform encoding (UTF-8 actually) to copy filtered resources, i.e. build is platform dependent!
[INFO] skip non existing resourceDirectory /home/travis/build/UNC-Libraries/Carolina-Digital-Repository/clamavj/src/main/resources
[INFO] 
[INFO] --- maven-compiler-plugin:2.5.1:compile (default-compile) @ clamavj ---
[WARNING] File encoding has not been set, using platform encoding UTF-8, i.e. build is platform dependent!
[INFO] Compiling 2 source files to /home/travis/build/UNC-Libraries/Carolina-Digital-Repository/clamavj/target/classes
[INFO] 
[INFO] --- maven-resources-plugin:2.6:testResources (default-testResources) @ clamavj ---
[WARNING] Using platform encoding (UTF-8 actually) to copy filtered resources, i.e. build is platform dependent!
[INFO] Copying 1 resource
[INFO] 
[INFO] --- maven-compiler-plugin:2.5.1:testCompile (default-testCompile) @ clamavj ---
[WARNING] File encoding has not been set, using platform encoding UTF-8, i.e. build is platform dependent!
[INFO] Compiling 5 source files to /home/travis/build/UNC-Libraries/Carolina-Digital-Repository/clamavj/target/test-classes
[INFO] 
[INFO] --- maven-surefire-plugin:2.20:test (default-test) @ clamavj ---
[INFO] Tests are skipped.
[INFO] 
[INFO] --- maven-jar-plugin:2.4:jar (default-jar) @ clamavj ---
[INFO] Building jar: /home/travis/build/UNC-Libraries/Carolina-Digital-Repository/clamavj/target/clamavj-0.3.jar
[INFO] 
[INFO] --- maven-install-plugin:2.4:install (default-install) @ clamavj ---
[INFO] Installing /home/travis/build/UNC-Libraries/Carolina-Digital-Repository/clamavj/target/clamavj-0.3.jar to /home/travis/.m2/repository/edu/unc/lib/cdr/clamavj/0.3/clamavj-0.3.jar
[INFO] Installing /home/travis/build/UNC-Libraries/Carolina-Digital-Repository/clamavj/pom.xml to /home/travis/.m2/repository/edu/unc/lib/cdr/clamavj/0.3/clamavj-0.3.pom
[INFO] 
[INFO] ------------------------------------------------------------------------
[INFO] Building CDR Persistence Layer 4.0-SNAPSHOT
[INFO] ------------------------------------------------------------------------
[WARNING] The POM for com.claymoresystems:puretls:jar:1.1 is invalid, transitive dependencies (if any) will not be available, enable debug logging for more details
[WARNING] The POM for org.globus.jglobus:cog-jglobus:jar:1.8.0 is invalid, transitive dependencies (if any) will not be available, enable debug logging for more details
[INFO] 
[INFO] --- maven-resources-plugin:2.6:resources (default-resources) @ persistence ---
[INFO] Using 'UTF-8' encoding to copy filtered resources.
[INFO] Copying 26 resources
[INFO] 
[INFO] --- maven-compiler-plugin:3.1:compile (default-compile) @ persistence ---
[INFO] Changes detected - recompiling the module!
[INFO] Compiling 47 source files to /home/travis/build/UNC-Libraries/Carolina-Digital-Repository/persistence/target/classes
[WARNING] error reading /home/travis/.m2/repository/org/globus/jglobus/cog-jglobus/1.8.0/cog-jglobus-1.8.0.jar; error in opening zip file
[WARNING] error reading /home/travis/.m2/repository/org/globus/jglobus/cog-jglobus/1.8.0/cog-jglobus-1.8.0.jar; error in opening zip file
[WARNING] /home/travis/build/UNC-Libraries/Carolina-Digital-Repository/persistence/src/main/java/edu/unc/lib/dl/util/ContainerContentsHelper.java: Some input files use or override a deprecated API.
[WARNING] /home/travis/build/UNC-Libraries/Carolina-Digital-Repository/persistence/src/main/java/edu/unc/lib/dl/util/ContainerContentsHelper.java: Recompile with -Xlint:deprecation for details.
[INFO] 
[INFO] --- maven-resources-plugin:2.6:testResources (default-testResources) @ persistence ---
[INFO] Using 'UTF-8' encoding to copy filtered resources.
[INFO] Copying 1 resource
[INFO] Copying 49 resources
[INFO] 
[INFO] --- maven-compiler-plugin:3.1:testCompile (default-testCompile) @ persistence ---
[INFO] Changes detected - recompiling the module!
[INFO] Compiling 19 source files to /home/travis/build/UNC-Libraries/Carolina-Digital-Repository/persistence/target/test-classes
[WARNING] error reading /home/travis/.m2/repository/com/claymoresystems/puretls/1.1/puretls-1.1.jar; error in opening zip file
[WARNING] error reading /home/travis/.m2/repository/org/globus/jglobus/cog-jglobus/1.8.0/cog-jglobus-1.8.0.jar; error in opening zip file
[WARNING] error reading /home/travis/.m2/repository/com/claymoresystems/puretls/1.1/puretls-1.1.jar; error in opening zip file
[WARNING] error reading /home/travis/.m2/repository/org/globus/jglobus/cog-jglobus/1.8.0/cog-jglobus-1.8.0.jar; error in opening zip file
[WARNING] /home/travis/build/UNC-Libraries/Carolina-Digital-Repository/persistence/src/test/java/edu/unc/lib/dl/services/DigitalObjectManagerMoveTest.java: Some input files use or override a deprecated API.
[WARNING] /home/travis/build/UNC-Libraries/Carolina-Digital-Repository/persistence/src/test/java/edu/unc/lib/dl/services/DigitalObjectManagerMoveTest.java: Recompile with -Xlint:deprecation for details.
[INFO] 
[INFO] --- maven-surefire-plugin:2.20:test (default-test) @ persistence ---
[INFO] Tests are skipped.
[INFO] 
[INFO] --- maven-jar-plugin:2.4:jar (default-jar) @ persistence ---
[INFO] Building jar: /home/travis/build/UNC-Libraries/Carolina-Digital-Repository/persistence/target/cdr-persistence.jar
[INFO] 
[INFO] --- maven-checkstyle-plugin:2.17:check (check-style) @ persistence ---
[INFO] Starting audit...
Audit done.
[INFO] 
[INFO] --- license-maven-plugin:3.0:check (default) @ persistence ---
[INFO] Checking licenses...
[INFO] 
[INFO] --- maven-install-plugin:2.4:install (default-install) @ persistence ---
[INFO] Installing /home/travis/build/UNC-Libraries/Carolina-Digital-Repository/persistence/target/cdr-persistence.jar to /home/travis/.m2/repository/edu/unc/lib/cdr/persistence/4.0-SNAPSHOT/persistence-4.0-SNAPSHOT.jar
[INFO] Installing /home/travis/build/UNC-Libraries/Carolina-Digital-Repository/persistence/pom.xml to /home/travis/.m2/repository/edu/unc/lib/cdr/persistence/4.0-SNAPSHOT/persistence-4.0-SNAPSHOT.pom
[INFO] 
[INFO] ------------------------------------------------------------------------
[INFO] Building CDR Solr Ingest 4.0-SNAPSHOT
[INFO] ------------------------------------------------------------------------
[INFO] 
[INFO] --- maven-resources-plugin:2.6:resources (default-resources) @ solr-ingest ---
[INFO] Using 'UTF-8' encoding to copy filtered resources.
[INFO] Copying 3 resources
[INFO] 
[INFO] --- maven-compiler-plugin:3.1:compile (default-compile) @ solr-ingest ---
[INFO] Changes detected - recompiling the module!
[INFO] Compiling 42 source files to /home/travis/build/UNC-Libraries/Carolina-Digital-Repository/solr-ingest/target/classes
[WARNING] /home/travis/build/UNC-Libraries/Carolina-Digital-Repository/solr-ingest/src/main/java/edu/unc/lib/dl/data/ingest/solr/indexing/DocumentIndexingPackage.java: /home/travis/build/UNC-Libraries/Carolina-Digital-Repository/solr-ingest/src/main/java/edu/unc/lib/dl/data/ingest/solr/indexing/DocumentIndexingPackage.java uses or overrides a deprecated API.
[WARNING] /home/travis/build/UNC-Libraries/Carolina-Digital-Repository/solr-ingest/src/main/java/edu/unc/lib/dl/data/ingest/solr/indexing/DocumentIndexingPackage.java: Recompile with -Xlint:deprecation for details.
[INFO] 
[INFO] --- maven-resources-plugin:2.6:testResources (default-testResources) @ solr-ingest ---
[INFO] Using 'UTF-8' encoding to copy filtered resources.
[INFO] Copying 1 resource
[INFO] Copying 40 resources
[INFO] 
[INFO] --- maven-compiler-plugin:3.1:testCompile (default-testCompile) @ solr-ingest ---
[INFO] Changes detected - recompiling the module!
[INFO] Compiling 25 source files to /home/travis/build/UNC-Libraries/Carolina-Digital-Repository/solr-ingest/target/test-classes
[WARNING] /home/travis/build/UNC-Libraries/Carolina-Digital-Repository/solr-ingest/src/test/java/edu/unc/lib/dl/data/ingest/solr/filter/SetAccessControlFilterTest.java: Some input files use or override a deprecated API.
[WARNING] /home/travis/build/UNC-Libraries/Carolina-Digital-Repository/solr-ingest/src/test/java/edu/unc/lib/dl/data/ingest/solr/filter/SetAccessControlFilterTest.java: Recompile with -Xlint:deprecation for details.
[INFO] 
[INFO] --- maven-surefire-plugin:2.20:test (default-test) @ solr-ingest ---
[INFO] Tests are skipped.
[INFO] 
[INFO] --- maven-jar-plugin:2.4:jar (default-jar) @ solr-ingest ---
[INFO] Building jar: /home/travis/build/UNC-Libraries/Carolina-Digital-Repository/solr-ingest/target/solr-ingest-4.0-SNAPSHOT.jar
[INFO] 
[INFO] --- maven-checkstyle-plugin:2.17:check (check-style) @ solr-ingest ---
[INFO] Starting audit...
Audit done.
[INFO] 
[INFO] --- license-maven-plugin:3.0:check (default) @ solr-ingest ---
[INFO] Checking licenses...
[INFO] 
[INFO] --- maven-install-plugin:2.4:install (default-install) @ solr-ingest ---
[INFO] Installing /home/travis/build/UNC-Libraries/Carolina-Digital-Repository/solr-ingest/target/solr-ingest-4.0-SNAPSHOT.jar to /home/travis/.m2/repository/edu/unc/lib/cdr/solr-ingest/4.0-SNAPSHOT/solr-ingest-4.0-SNAPSHOT.jar
[INFO] Installing /home/travis/build/UNC-Libraries/Carolina-Digital-Repository/solr-ingest/pom.xml to /home/travis/.m2/repository/edu/unc/lib/cdr/solr-ingest/4.0-SNAPSHOT/solr-ingest-4.0-SNAPSHOT.pom
[INFO] 
[INFO] ------------------------------------------------------------------------
[INFO] Building CDR SWORD Server 4.0-SNAPSHOT
[INFO] ------------------------------------------------------------------------
[INFO] 
[INFO] --- maven-resources-plugin:2.6:resources (default-resources) @ sword-server ---
[INFO] Using 'UTF-8' encoding to copy filtered resources.
[INFO] Copying 2 resources
[INFO] 
[INFO] --- maven-compiler-plugin:3.1:compile (default-compile) @ sword-server ---
[INFO] Changes detected - recompiling the module!
[INFO] Compiling 26 source files to /home/travis/build/UNC-Libraries/Carolina-Digital-Repository/sword-server/target/classes
[WARNING] error reading /home/travis/.m2/repository/org/globus/jglobus/cog-jglobus/1.8.0/cog-jglobus-1.8.0.jar; error in opening zip file
[WARNING] error reading /home/travis/.m2/repository/org/globus/jglobus/cog-jglobus/1.8.0/cog-jglobus-1.8.0.jar; error in opening zip file
[WARNING] /home/travis/build/UNC-Libraries/Carolina-Digital-Repository/sword-server/src/main/java/edu/unc/lib/dl/cdr/sword/server/filters/DepositorAccessControlFilter.java: Some input files use or override a deprecated API.
[WARNING] /home/travis/build/UNC-Libraries/Carolina-Digital-Repository/sword-server/src/main/java/edu/unc/lib/dl/cdr/sword/server/filters/DepositorAccessControlFilter.java: Recompile with -Xlint:deprecation for details.
[INFO] 
[INFO] --- maven-resources-plugin:2.6:testResources (default-testResources) @ sword-server ---
[INFO] Using 'UTF-8' encoding to copy filtered resources.
[INFO] Copying 1 resource
[INFO] Copying 8 resources
[INFO] 
[INFO] --- maven-compiler-plugin:3.1:testCompile (default-testCompile) @ sword-server ---
[INFO] Changes detected - recompiling the module!
[INFO] Compiling 6 source files to /home/travis/build/UNC-Libraries/Carolina-Digital-Repository/sword-server/target/test-classes
[WARNING] error reading /home/travis/.m2/repository/com/claymoresystems/puretls/1.1/puretls-1.1.jar; error in opening zip file
[WARNING] error reading /home/travis/.m2/repository/org/globus/jglobus/cog-jglobus/1.8.0/cog-jglobus-1.8.0.jar; error in opening zip file
[WARNING] error reading /home/travis/.m2/repository/com/claymoresystems/puretls/1.1/puretls-1.1.jar; error in opening zip file
[WARNING] error reading /home/travis/.m2/repository/org/globus/jglobus/cog-jglobus/1.8.0/cog-jglobus-1.8.0.jar; error in opening zip file
[INFO] 
[INFO] --- maven-surefire-plugin:2.20:test (default-test) @ sword-server ---
[INFO] Tests are skipped.
[INFO] 
[INFO] --- maven-jar-plugin:2.4:jar (default-jar) @ sword-server ---
[INFO] Building jar: /home/travis/build/UNC-Libraries/Carolina-Digital-Repository/sword-server/target/sword-server-4.0-SNAPSHOT.jar
[INFO] 
[INFO] --- maven-checkstyle-plugin:2.17:check (check-style) @ sword-server ---
[INFO] Starting audit...
Audit done.
[INFO] 
[INFO] --- license-maven-plugin:3.0:check (default) @ sword-server ---
[INFO] Checking licenses...
[INFO] 
[INFO] --- maven-install-plugin:2.4:install (default-install) @ sword-server ---
[INFO] Installing /home/travis/build/UNC-Libraries/Carolina-Digital-Repository/sword-server/target/sword-server-4.0-SNAPSHOT.jar to /home/travis/.m2/repository/edu/unc/lib/cdr/sword-server/4.0-SNAPSHOT/sword-server-4.0-SNAPSHOT.jar
[INFO] Installing /home/travis/build/UNC-Libraries/Carolina-Digital-Repository/sword-server/pom.xml to /home/travis/.m2/repository/edu/unc/lib/cdr/sword-server/4.0-SNAPSHOT/sword-server-4.0-SNAPSHOT.pom
[INFO] 
[INFO] ------------------------------------------------------------------------
[INFO] Building CDR Services Webapp 4.0-SNAPSHOT
[INFO] ------------------------------------------------------------------------
[INFO] 
[INFO] --- maven-resources-plugin:2.6:resources (default-resources) @ services ---
[INFO] Using 'UTF-8' encoding to copy filtered resources.
[INFO] Copying 7 resources
[INFO] Copying 1 resource
[INFO] 
[INFO] --- maven-compiler-plugin:3.1:compile (default-compile) @ services ---
[INFO] Changes detected - recompiling the module!
[INFO] Compiling 28 source files to /home/travis/build/UNC-Libraries/Carolina-Digital-Repository/services/target/classes
[WARNING] error reading /home/travis/.m2/repository/org/globus/jglobus/cog-jglobus/1.8.0/cog-jglobus-1.8.0.jar; error in opening zip file
[WARNING] error reading /home/travis/.m2/repository/org/globus/jglobus/cog-jglobus/1.8.0/cog-jglobus-1.8.0.jar; error in opening zip file
[WARNING] /home/travis/build/UNC-Libraries/Carolina-Digital-Repository/services/src/main/java/edu/unc/lib/dl/cdr/services/rest/DepositController.java: Some input files use or override a deprecated API.
[WARNING] /home/travis/build/UNC-Libraries/Carolina-Digital-Repository/services/src/main/java/edu/unc/lib/dl/cdr/services/rest/DepositController.java: Recompile with -Xlint:deprecation for details.
[INFO] 
[INFO] --- maven-resources-plugin:2.6:testResources (default-testResources) @ services ---
[INFO] Using 'UTF-8' encoding to copy filtered resources.
[INFO] Copying 31 resources
[INFO] 
[INFO] --- maven-compiler-plugin:3.1:testCompile (default-testCompile) @ services ---
[INFO] Changes detected - recompiling the module!
[INFO] Compiling 19 source files to /home/travis/build/UNC-Libraries/Carolina-Digital-Repository/services/target/test-classes
[WARNING] error reading /home/travis/.m2/repository/com/claymoresystems/puretls/1.1/puretls-1.1.jar; error in opening zip file
[WARNING] error reading /home/travis/.m2/repository/org/globus/jglobus/cog-jglobus/1.8.0/cog-jglobus-1.8.0.jar; error in opening zip file
[WARNING] error reading /home/travis/.m2/repository/com/claymoresystems/puretls/1.1/puretls-1.1.jar; error in opening zip file
[WARNING] error reading /home/travis/.m2/repository/org/globus/jglobus/cog-jglobus/1.8.0/cog-jglobus-1.8.0.jar; error in opening zip file
[INFO] 
[INFO] --- maven-surefire-plugin:2.20:test (default-test) @ services ---
[INFO] Tests are skipped.
[INFO] 
[INFO] --- maven-war-plugin:3.1.0:war (default-war) @ services ---
[INFO] Packaging webapp
[INFO] Assembling webapp [services] in [/home/travis/build/UNC-Libraries/Carolina-Digital-Repository/services/target/services]
[INFO] Processing war project
[INFO] Copying webapp webResources [/home/travis/build/UNC-Libraries/Carolina-Digital-Repository/services/../etc] to [/home/travis/build/UNC-Libraries/Carolina-Digital-Repository/services/target/services]
[INFO] Copying webapp resources [/home/travis/build/UNC-Libraries/Carolina-Digital-Repository/services/src/main/webapp]
[INFO] Webapp assembled in [150 msecs]
[INFO] Building war: /home/travis/build/UNC-Libraries/Carolina-Digital-Repository/services/target/services.war
[INFO] 
[INFO] --- build-helper-maven-plugin:3.0.0:reserve-network-port (reserve-port) @ services ---
[INFO] Reserved port 42135 for fcrepo.dynamic.test.port
[INFO] Reserved port 46185 for jetty.dynamic.stop.port
[INFO] 
[INFO] --- maven-failsafe-plugin:2.20.1:integration-test (default) @ services ---
[INFO] Tests are skipped.
[INFO] 
[INFO] --- maven-checkstyle-plugin:2.17:check (check-style) @ services ---
[INFO] Starting audit...
Audit done.
[INFO] 
[INFO] --- license-maven-plugin:3.0:check (default) @ services ---
[INFO] Checking licenses...
[INFO] 
[INFO] --- maven-failsafe-plugin:2.20.1:verify (default) @ services ---
[INFO] Tests are skipped.
[INFO] 
[INFO] --- maven-install-plugin:2.4:install (default-install) @ services ---
[INFO] Installing /home/travis/build/UNC-Libraries/Carolina-Digital-Repository/services/target/services.war to /home/travis/.m2/repository/edu/unc/lib/cdr/services/4.0-SNAPSHOT/services-4.0-SNAPSHOT.war
[INFO] Installing /home/travis/build/UNC-Libraries/Carolina-Digital-Repository/services/pom.xml to /home/travis/.m2/repository/edu/unc/lib/cdr/services/4.0-SNAPSHOT/services-4.0-SNAPSHOT.pom
[INFO] 
[INFO] ------------------------------------------------------------------------
[INFO] Building services-camel 4.0-SNAPSHOT
[INFO] ------------------------------------------------------------------------
[INFO] 
[INFO] --- maven-resources-plugin:2.6:resources (default-resources) @ services-camel ---
[INFO] Using 'UTF-8' encoding to copy filtered resources.
[INFO] Copying 3 resources
[INFO] 
[INFO] --- maven-compiler-plugin:3.5.1:compile (default-compile) @ services-camel ---
[INFO] Changes detected - recompiling the module!
[INFO] Compiling 24 source files to /home/travis/build/UNC-Libraries/Carolina-Digital-Repository/services-camel/target/classes
[ERROR] error reading /home/travis/.m2/repository/org/globus/jglobus/cog-jglobus/1.8.0/cog-jglobus-1.8.0.jar; error in opening zip file
[ERROR] error reading /home/travis/.m2/repository/org/globus/jglobus/cog-jglobus/1.8.0/cog-jglobus-1.8.0.jar; error in opening zip file
[INFO] 
[INFO] --- maven-resources-plugin:2.6:testResources (default-testResources) @ services-camel ---
[INFO] Using 'UTF-8' encoding to copy filtered resources.
[INFO] Copying 34 resources
[INFO] 
[INFO] --- maven-compiler-plugin:3.5.1:testCompile (default-testCompile) @ services-camel ---
[INFO] Changes detected - recompiling the module!
[INFO] Compiling 26 source files to /home/travis/build/UNC-Libraries/Carolina-Digital-Repository/services-camel/target/test-classes
[ERROR] error reading /home/travis/.m2/repository/com/claymoresystems/puretls/1.1/puretls-1.1.jar; error in opening zip file
[ERROR] error reading /home/travis/.m2/repository/org/globus/jglobus/cog-jglobus/1.8.0/cog-jglobus-1.8.0.jar; error in opening zip file
[ERROR] error reading /home/travis/.m2/repository/com/claymoresystems/puretls/1.1/puretls-1.1.jar; error in opening zip file
[ERROR] error reading /home/travis/.m2/repository/org/globus/jglobus/cog-jglobus/1.8.0/cog-jglobus-1.8.0.jar; error in opening zip file
[INFO] /home/travis/build/UNC-Libraries/Carolina-Digital-Repository/services-camel/src/test/java/edu/unc/lib/dl/services/camel/GetBinaryProcessorIT.java: Some input files use or override a deprecated API.
[INFO] /home/travis/build/UNC-Libraries/Carolina-Digital-Repository/services-camel/src/test/java/edu/unc/lib/dl/services/camel/GetBinaryProcessorIT.java: Recompile with -Xlint:deprecation for details.
[INFO] 
[INFO] --- maven-surefire-plugin:2.20:test (default-test) @ services-camel ---
[INFO] Tests are skipped.
[INFO] 
[INFO] --- maven-war-plugin:3.1.0:war (default-war) @ services-camel ---
[INFO] Packaging webapp
[INFO] Assembling webapp [services-camel] in [/home/travis/build/UNC-Libraries/Carolina-Digital-Repository/services-camel/target/services-camel]
[INFO] Processing war project
[INFO] Copying webapp webResources [/home/travis/build/UNC-Libraries/Carolina-Digital-Repository/services-camel/../etc] to [/home/travis/build/UNC-Libraries/Carolina-Digital-Repository/services-camel/target/services-camel]
[INFO] Copying webapp webResources [/home/travis/build/UNC-Libraries/Carolina-Digital-Repository/services-camel/../etc/bin] to [/home/travis/build/UNC-Libraries/Carolina-Digital-Repository/services-camel/target/services-camel]
[INFO] Copying webapp resources [/home/travis/build/UNC-Libraries/Carolina-Digital-Repository/services-camel/src/main/webapp]
[INFO] Webapp assembled in [209 msecs]
[INFO] Building war: /home/travis/build/UNC-Libraries/Carolina-Digital-Repository/services-camel/target/services-camel.war
[INFO] 
[INFO] --- maven-failsafe-plugin:2.20.1:integration-test (default) @ services-camel ---
[INFO] Tests are skipped.
[INFO] 
[INFO] --- maven-checkstyle-plugin:2.17:check (check-style) @ services-camel ---
[INFO] Starting audit...
Audit done.
[INFO] 
[INFO] --- license-maven-plugin:3.0:check (default) @ services-camel ---
[INFO] Checking licenses...
[INFO] 
[INFO] --- maven-failsafe-plugin:2.20.1:verify (default) @ services-camel ---
[INFO] Tests are skipped.
[INFO] 
[INFO] --- maven-install-plugin:2.4:install (default-install) @ services-camel ---
[INFO] Installing /home/travis/build/UNC-Libraries/Carolina-Digital-Repository/services-camel/target/services-camel.war to /home/travis/.m2/repository/edu/unc/lib/cdr/services-camel/4.0-SNAPSHOT/services-camel-4.0-SNAPSHOT.war
[INFO] Installing /home/travis/build/UNC-Libraries/Carolina-Digital-Repository/services-camel/pom.xml to /home/travis/.m2/repository/edu/unc/lib/cdr/services-camel/4.0-SNAPSHOT/services-camel-4.0-SNAPSHOT.pom
[INFO] 
[INFO] ------------------------------------------------------------------------
[INFO] Building CDR Administrative Interface 4.0-SNAPSHOT
[INFO] ------------------------------------------------------------------------
[INFO] 
[INFO] --- maven-resources-plugin:2.6:resources (default-resources) @ admin ---
[INFO] Using 'UTF-8' encoding to copy filtered resources.
[INFO] Copying 3 resources
[INFO] 
[INFO] --- maven-compiler-plugin:3.1:compile (default-compile) @ admin ---
[INFO] Changes detected - recompiling the module!
[INFO] Compiling 25 source files to /home/travis/build/UNC-Libraries/Carolina-Digital-Repository/admin/target/classes
[WARNING] error reading /home/travis/.m2/repository/org/globus/jglobus/cog-jglobus/1.8.0/cog-jglobus-1.8.0.jar; error in opening zip file
[WARNING] error reading /home/travis/.m2/repository/org/globus/jglobus/cog-jglobus/1.8.0/cog-jglobus-1.8.0.jar; error in opening zip file
[WARNING] /home/travis/build/UNC-Libraries/Carolina-Digital-Repository/admin/src/main/java/edu/unc/lib/dl/admin/controller/ResubmitIngestController.java: Some input files use or override a deprecated API.
[WARNING] /home/travis/build/UNC-Libraries/Carolina-Digital-Repository/admin/src/main/java/edu/unc/lib/dl/admin/controller/ResubmitIngestController.java: Recompile with -Xlint:deprecation for details.
[INFO] 
[INFO] --- maven-resources-plugin:2.6:testResources (default-testResources) @ admin ---
[INFO] Using 'UTF-8' encoding to copy filtered resources.
[INFO] Copying 59 resources
[INFO] Copying 20 resources
[INFO] 
[INFO] --- maven-compiler-plugin:3.1:testCompile (default-testCompile) @ admin ---
[INFO] Changes detected - recompiling the module!
[INFO] Compiling 3 source files to /home/travis/build/UNC-Libraries/Carolina-Digital-Repository/admin/target/test-classes
[WARNING] error reading /home/travis/.m2/repository/com/claymoresystems/puretls/1.1/puretls-1.1.jar; error in opening zip file
[WARNING] error reading /home/travis/.m2/repository/org/globus/jglobus/cog-jglobus/1.8.0/cog-jglobus-1.8.0.jar; error in opening zip file
[WARNING] error reading /home/travis/.m2/repository/com/claymoresystems/puretls/1.1/puretls-1.1.jar; error in opening zip file
[WARNING] error reading /home/travis/.m2/repository/org/globus/jglobus/cog-jglobus/1.8.0/cog-jglobus-1.8.0.jar; error in opening zip file
[INFO] 
[INFO] --- maven-surefire-plugin:2.20:test (default-test) @ admin ---
[INFO] Tests are skipped.
[INFO] 
[INFO] --- maven-war-plugin:3.1.0:war (default-war) @ admin ---
[INFO] Packaging webapp
[INFO] Assembling webapp [admin] in [/home/travis/build/UNC-Libraries/Carolina-Digital-Repository/admin/target/admin]
[INFO] Processing war project
[INFO] Copying webapp webResources [/home/travis/build/UNC-Libraries/Carolina-Digital-Repository/admin/../etc] to [/home/travis/build/UNC-Libraries/Carolina-Digital-Repository/admin/target/admin]
[INFO] Copying webapp resources [/home/travis/build/UNC-Libraries/Carolina-Digital-Repository/admin/src/main/webapp]
[INFO] Webapp assembled in [184 msecs]
[INFO] Building war: /home/travis/build/UNC-Libraries/Carolina-Digital-Repository/admin/target/admin.war
[INFO] 
[INFO] --- maven-checkstyle-plugin:2.17:check (check-style) @ admin ---
[INFO] Starting audit...
Audit done.
[INFO] 
[INFO] --- license-maven-plugin:3.0:check (default) @ admin ---
[INFO] Checking licenses...
[INFO] 
[INFO] --- maven-install-plugin:2.4:install (default-install) @ admin ---
[INFO] Installing /home/travis/build/UNC-Libraries/Carolina-Digital-Repository/admin/target/admin.war to /home/travis/.m2/repository/edu/unc/lib/cdr/admin/4.0-SNAPSHOT/admin-4.0-SNAPSHOT.war
[INFO] Installing /home/travis/build/UNC-Libraries/Carolina-Digital-Repository/admin/pom.xml to /home/travis/.m2/repository/edu/unc/lib/cdr/admin/4.0-SNAPSHOT/admin-4.0-SNAPSHOT.pom
[INFO] 
[INFO] ------------------------------------------------------------------------
[INFO] Building deposit 4.0-SNAPSHOT
[INFO] ------------------------------------------------------------------------
[INFO] 
[INFO] --- maven-resources-plugin:2.6:resources (default-resources) @ deposit ---
[INFO] Using 'UTF-8' encoding to copy filtered resources.
[INFO] Copying 10 resources
[INFO] 
[INFO] --- maven-compiler-plugin:3.5.1:compile (default-compile) @ deposit ---
[INFO] Changes detected - recompiling the module!
[INFO] Compiling 39 source files to /home/travis/build/UNC-Libraries/Carolina-Digital-Repository/deposit/target/classes
[ERROR] error reading /home/travis/.m2/repository/org/globus/jglobus/cog-jglobus/1.8.0/cog-jglobus-1.8.0.jar; error in opening zip file
[ERROR] error reading /home/travis/.m2/repository/org/globus/jglobus/cog-jglobus/1.8.0/cog-jglobus-1.8.0.jar; error in opening zip file
[INFO] /home/travis/build/UNC-Libraries/Carolina-Digital-Repository/deposit/src/main/java/edu/unc/lib/deposit/validate/ExtractTechnicalMetadataJob.java: Some input files use or override a deprecated API.
[INFO] /home/travis/build/UNC-Libraries/Carolina-Digital-Repository/deposit/src/main/java/edu/unc/lib/deposit/validate/ExtractTechnicalMetadataJob.java: Recompile with -Xlint:deprecation for details.
[INFO] 
[INFO] --- maven-resources-plugin:2.6:testResources (default-testResources) @ deposit ---
[INFO] Using 'UTF-8' encoding to copy filtered resources.
[INFO] Copying 54 resources
[INFO] 
[INFO] --- maven-compiler-plugin:3.5.1:testCompile (default-testCompile) @ deposit ---
[INFO] Changes detected - recompiling the module!
[INFO] Compiling 26 source files to /home/travis/build/UNC-Libraries/Carolina-Digital-Repository/deposit/target/test-classes
[ERROR] error reading /home/travis/.m2/repository/com/claymoresystems/puretls/1.1/puretls-1.1.jar; error in opening zip file
[ERROR] error reading /home/travis/.m2/repository/org/globus/jglobus/cog-jglobus/1.8.0/cog-jglobus-1.8.0.jar; error in opening zip file
[ERROR] error reading /home/travis/.m2/repository/com/claymoresystems/puretls/1.1/puretls-1.1.jar; error in opening zip file
[ERROR] error reading /home/travis/.m2/repository/org/globus/jglobus/cog-jglobus/1.8.0/cog-jglobus-1.8.0.jar; error in opening zip file
[INFO] 
[INFO] --- maven-surefire-plugin:2.20:test (default-test) @ deposit ---
[INFO] Tests are skipped.
[INFO] 
[INFO] --- maven-war-plugin:3.1.0:war (default-war) @ deposit ---
[INFO] Packaging webapp
[INFO] Assembling webapp [deposit] in [/home/travis/build/UNC-Libraries/Carolina-Digital-Repository/deposit/target/deposit]
[INFO] Processing war project
[INFO] Copying webapp webResources [/home/travis/build/UNC-Libraries/Carolina-Digital-Repository/deposit/../etc] to [/home/travis/build/UNC-Libraries/Carolina-Digital-Repository/deposit/target/deposit]
[INFO] Copying webapp resources [/home/travis/build/UNC-Libraries/Carolina-Digital-Repository/deposit/src/main/webapp]
[INFO] Webapp assembled in [167 msecs]
[INFO] Building war: /home/travis/build/UNC-Libraries/Carolina-Digital-Repository/deposit/target/deposit.war
[INFO] 
[INFO] --- maven-failsafe-plugin:2.20:integration-test (default) @ deposit ---
[INFO] Tests are skipped.
[INFO] 
[INFO] --- maven-checkstyle-plugin:2.17:check (check-style) @ deposit ---
[INFO] Starting audit...
Audit done.
[INFO] 
[INFO] --- license-maven-plugin:3.0:check (default) @ deposit ---
[INFO] Checking licenses...
[INFO] 
[INFO] --- maven-failsafe-plugin:2.20:verify (default) @ deposit ---
[INFO] Tests are skipped.
[INFO] 
[INFO] --- maven-install-plugin:2.4:install (default-install) @ deposit ---
[INFO] Installing /home/travis/build/UNC-Libraries/Carolina-Digital-Repository/deposit/target/deposit.war to /home/travis/.m2/repository/edu/unc/lib/cdr/deposit/4.0-SNAPSHOT/deposit-4.0-SNAPSHOT.war
[INFO] Installing /home/travis/build/UNC-Libraries/Carolina-Digital-Repository/deposit/pom.xml to /home/travis/.m2/repository/edu/unc/lib/cdr/deposit/4.0-SNAPSHOT/deposit-4.0-SNAPSHOT.pom
[INFO] 
[INFO] ------------------------------------------------------------------------
[INFO] Building Spoof 4.0-SNAPSHOT
[INFO] ------------------------------------------------------------------------
[INFO] 
[INFO] --- maven-resources-plugin:2.6:resources (default-resources) @ spoof ---
[INFO] Using 'UTF-8' encoding to copy filtered resources.
[INFO] skip non existing resourceDirectory /home/travis/build/UNC-Libraries/Carolina-Digital-Repository/spoof/src/main/resources
[INFO] 
[INFO] --- maven-compiler-plugin:3.1:compile (default-compile) @ spoof ---
[INFO] No sources to compile
[INFO] 
[INFO] --- maven-resources-plugin:2.6:testResources (default-testResources) @ spoof ---
[INFO] Using 'UTF-8' encoding to copy filtered resources.
[INFO] skip non existing resourceDirectory /home/travis/build/UNC-Libraries/Carolina-Digital-Repository/spoof/src/test/resources
[INFO] 
[INFO] --- maven-compiler-plugin:3.1:testCompile (default-testCompile) @ spoof ---
[INFO] No sources to compile
[INFO] 
[INFO] --- maven-surefire-plugin:2.20:test (default-test) @ spoof ---
[INFO] Tests are skipped.
[INFO] 
[INFO] --- maven-war-plugin:2.2:war (default-war) @ spoof ---
[INFO] Packaging webapp
[INFO] Assembling webapp [spoof] in [/home/travis/build/UNC-Libraries/Carolina-Digital-Repository/spoof/target/spoof]
[INFO] Processing war project
[INFO] Copying webapp resources [/home/travis/build/UNC-Libraries/Carolina-Digital-Repository/spoof/src/main/webapp]
[INFO] Webapp assembled in [31 msecs]
[INFO] Building war: /home/travis/build/UNC-Libraries/Carolina-Digital-Repository/spoof/target/spoof.war
[INFO] WEB-INF/web.xml already added, skipping
[INFO] 
[INFO] --- maven-checkstyle-plugin:2.17:check (check-style) @ spoof ---
[INFO] Starting audit...
Audit done.
[INFO] 
[INFO] --- license-maven-plugin:3.0:check (default) @ spoof ---
[INFO] Checking licenses...
[INFO] 
[INFO] --- maven-install-plugin:2.4:install (default-install) @ spoof ---
[INFO] Installing /home/travis/build/UNC-Libraries/Carolina-Digital-Repository/spoof/target/spoof.war to /home/travis/.m2/repository/edu/unc/lib/cdr/spoof/4.0-SNAPSHOT/spoof-4.0-SNAPSHOT.war
[INFO] Installing /home/travis/build/UNC-Libraries/Carolina-Digital-Repository/spoof/pom.xml to /home/travis/.m2/repository/edu/unc/lib/cdr/spoof/4.0-SNAPSHOT/spoof-4.0-SNAPSHOT.pom
[INFO] ------------------------------------------------------------------------
[INFO] Reactor Summary:
[INFO] 
[INFO] Carolina Digital Repository ........................ SUCCESS [ 11.318 s]
[INFO] CDR Metadata Utilities ............................. SUCCESS [ 11.918 s]
[INFO] security ........................................... SUCCESS [  1.724 s]
[INFO] Fedora Clients ..................................... SUCCESS [ 11.823 s]
[INFO] CDR Solr Search API ................................ SUCCESS [  3.431 s]
[INFO] CDR Common Access Components ....................... SUCCESS [  1.575 s]
[INFO] CDR Access ......................................... SUCCESS [  5.288 s]
[INFO] oai2-plugin ........................................ SUCCESS [  1.286 s]
[INFO] ClamAV Daemon Java API ............................. SUCCESS [  2.560 s]
[INFO] CDR Persistence Layer .............................. SUCCESS [  2.348 s]
[INFO] CDR Solr Ingest .................................... SUCCESS [  1.884 s]
[INFO] CDR SWORD Server ................................... SUCCESS [  0.930 s]
[INFO] CDR Services Webapp ................................ SUCCESS [  3.564 s]
[INFO] services-camel ..................................... SUCCESS [  5.890 s]
[INFO] CDR Administrative Interface ....................... SUCCESS [  3.287 s]
[INFO] deposit ............................................ SUCCESS [  3.773 s]
[INFO] Spoof .............................................. SUCCESS [  0.509 s]
[INFO] ------------------------------------------------------------------------
[INFO] BUILD SUCCESS
[INFO] ------------------------------------------------------------------------
[INFO] Total time: 01:13 min
[INFO] Finished at: 2018-06-26T17:12:37Z
[INFO] Final Memory: 134M/972M
[INFO] ------------------------------------------------------------------------

travis_time:end:03179166:start=1530033080521218618,finish=1530033157995553754,duration=77474335136[0Ktravis_fold:end:install[0Ktravis_time:start:1b43c428[0K$ mvn verify -pl access,access-common,admin,deposit,fcrepo-clients,metadata,persistence,security,services,services-camel,solr-ingest,solr-search,sword-server
Picked up _JAVA_OPTIONS: -Xmx2048m -Xms512m
[[1;34mINFO[m] Scanning for projects...
[[1;33mWARNING[m] 
[[1;33mWARNING[m] Some problems were encountered while building the effective model for edu.unc.lib.cdr:access:war:4.0-SNAPSHOT
[[1;33mWARNING[m] 'dependencies.dependency.(groupId:artifactId:type:classifier)' must be unique: org.fcrepo:fcrepo-http-commons:test-jar -> duplicate declaration of version ${fcrepo4.version} @ edu.unc.lib.cdr:access:[unknown-version], /home/travis/build/UNC-Libraries/Carolina-Digital-Repository/access/pom.xml, line 357, column 21
[[1;33mWARNING[m] 'dependencies.dependency.(groupId:artifactId:type:classifier)' must be unique: org.fcrepo:fcrepo-auth-common:jar -> duplicate declaration of version ${fcrepo4.version} @ edu.unc.lib.cdr:access:[unknown-version], /home/travis/build/UNC-Libraries/Carolina-Digital-Repository/access/pom.xml, line 364, column 21
[[1;33mWARNING[m] 'build.plugins.plugin.version' for org.apache.maven.plugins:maven-failsafe-plugin is missing. @ edu.unc.lib.cdr:access:[unknown-version], /home/travis/build/UNC-Libraries/Carolina-Digital-Repository/access/pom.xml, line 98, column 21
[[1;33mWARNING[m] 
[[1;33mWARNING[m] Some problems were encountered while building the effective model for edu.unc.lib.cdr:security:jar:4.0-SNAPSHOT
[[1;33mWARNING[m] 'build.plugins.plugin.version' for org.apache.maven.plugins:maven-failsafe-plugin is missing. @ edu.unc.lib.cdr:cdr:4.0-SNAPSHOT, /home/travis/build/UNC-Libraries/Carolina-Digital-Repository/pom.xml, line 355, column 21
[[1;33mWARNING[m] 
[[1;33mWARNING[m] Some problems were encountered while building the effective model for edu.unc.lib.cdr:fcrepo-clients:jar:4.0-SNAPSHOT
[[1;33mWARNING[m] 'dependencies.dependency.(groupId:artifactId:type:classifier)' must be unique: org.fcrepo:fcrepo-http-commons:test-jar -> duplicate declaration of version ${fcrepo4.version} @ edu.unc.lib.cdr:fcrepo-clients:[unknown-version], /home/travis/build/UNC-Libraries/Carolina-Digital-Repository/fcrepo-clients/pom.xml, line 308, column 21
[[1;33mWARNING[m] 'dependencies.dependency.(groupId:artifactId:type:classifier)' must be unique: org.fcrepo:fcrepo-auth-common:jar -> duplicate declaration of version ${fcrepo4.version} @ edu.unc.lib.cdr:fcrepo-clients:[unknown-version], /home/travis/build/UNC-Libraries/Carolina-Digital-Repository/fcrepo-clients/pom.xml, line 315, column 21
[[1;33mWARNING[m] 'build.plugins.plugin.version' for org.apache.maven.plugins:maven-failsafe-plugin is missing. @ edu.unc.lib.cdr:fcrepo-clients:[unknown-version], /home/travis/build/UNC-Libraries/Carolina-Digital-Repository/fcrepo-clients/pom.xml, line 73, column 21
[[1;33mWARNING[m] 'build.plugins.plugin.version' for org.codehaus.mojo:build-helper-maven-plugin is missing. @ edu.unc.lib.cdr:fcrepo-clients:[unknown-version], /home/travis/build/UNC-Libraries/Carolina-Digital-Repository/fcrepo-clients/pom.xml, line 53, column 21
[[1;33mWARNING[m] 'build.plugins.plugin.version' for org.jacoco:jacoco-maven-plugin is missing. @ edu.unc.lib.cdr:fcrepo-clients:[unknown-version], /home/travis/build/UNC-Libraries/Carolina-Digital-Repository/fcrepo-clients/pom.xml, line 94, column 21
[[1;33mWARNING[m] 
[[1;33mWARNING[m] Some problems were encountered while building the effective model for edu.unc.lib.cdr:metadata:jar:4.0-SNAPSHOT
[[1;33mWARNING[m] 'build.plugins.plugin.version' for org.apache.maven.plugins:maven-failsafe-plugin is missing. @ edu.unc.lib.cdr:cdr:4.0-SNAPSHOT, /home/travis/build/UNC-Libraries/Carolina-Digital-Repository/pom.xml, line 355, column 21
[[1;33mWARNING[m] 
[[1;33mWARNING[m] Some problems were encountered while building the effective model for edu.unc.lib.cdr:persistence:jar:4.0-SNAPSHOT
[[1;33mWARNING[m] 'dependencies.dependency.(groupId:artifactId:type:classifier)' must be unique: org.fcrepo:fcrepo-http-commons:test-jar -> duplicate declaration of version ${fcrepo4.version} @ edu.unc.lib.cdr:persistence:[unknown-version], /home/travis/build/UNC-Libraries/Carolina-Digital-Repository/persistence/pom.xml, line 261, column 21
[[1;33mWARNING[m] 'dependencies.dependency.(groupId:artifactId:type:classifier)' must be unique: org.fcrepo:fcrepo-auth-common:jar -> duplicate declaration of version ${fcrepo4.version} @ edu.unc.lib.cdr:persistence:[unknown-version], /home/travis/build/UNC-Libraries/Carolina-Digital-Repository/persistence/pom.xml, line 268, column 21
[[1;33mWARNING[m] 'build.plugins.plugin.version' for org.apache.maven.plugins:maven-failsafe-plugin is missing. @ edu.unc.lib.cdr:cdr:4.0-SNAPSHOT, /home/travis/build/UNC-Libraries/Carolina-Digital-Repository/pom.xml, line 355, column 21
[[1;33mWARNING[m] 
[[1;33mWARNING[m] Some problems were encountered while building the effective model for edu.unc.lib.cdr:services:war:4.0-SNAPSHOT
[[1;33mWARNING[m] 'dependencies.dependency.(groupId:artifactId:type:classifier)' must be unique: org.fcrepo:fcrepo-http-commons:test-jar -> duplicate declaration of version ${fcrepo4.version} @ edu.unc.lib.cdr:services:[unknown-version], /home/travis/build/UNC-Libraries/Carolina-Digital-Repository/services/pom.xml, line 299, column 21
[[1;33mWARNING[m] 'dependencies.dependency.(groupId:artifactId:type:classifier)' must be unique: org.fcrepo:fcrepo-auth-common:jar -> duplicate declaration of version ${fcrepo4.version} @ edu.unc.lib.cdr:services:[unknown-version], /home/travis/build/UNC-Libraries/Carolina-Digital-Repository/services/pom.xml, line 306, column 21
[[1;33mWARNING[m] 'build.plugins.plugin.version' for org.apache.maven.plugins:maven-failsafe-plugin is missing. @ edu.unc.lib.cdr:services:[unknown-version], /home/travis/build/UNC-Libraries/Carolina-Digital-Repository/services/pom.xml, line 69, column 21
[[1;33mWARNING[m] 'build.plugins.plugin.version' for org.codehaus.mojo:build-helper-maven-plugin is missing. @ edu.unc.lib.cdr:services:[unknown-version], /home/travis/build/UNC-Libraries/Carolina-Digital-Repository/services/pom.xml, line 49, column 17
[[1;33mWARNING[m] 'build.plugins.plugin.version' for org.jacoco:jacoco-maven-plugin is missing. @ edu.unc.lib.cdr:services:[unknown-version], /home/travis/build/UNC-Libraries/Carolina-Digital-Repository/services/pom.xml, line 90, column 21
[[1;33mWARNING[m] The expression ${artifactId} is deprecated. Please use ${project.artifactId} instead.
[[1;33mWARNING[m] 
[[1;33mWARNING[m] Some problems were encountered while building the effective model for edu.unc.lib.cdr:services-camel:war:4.0-SNAPSHOT
[[1;33mWARNING[m] 'dependencies.dependency.(groupId:artifactId:type:classifier)' must be unique: org.fcrepo:fcrepo-http-commons:test-jar -> duplicate declaration of version ${fcrepo4.version} @ edu.unc.lib.cdr:services-camel:[unknown-version], /home/travis/build/UNC-Libraries/Carolina-Digital-Repository/services-camel/pom.xml, line 259, column 21
[[1;33mWARNING[m] 'dependencies.dependency.(groupId:artifactId:type:classifier)' must be unique: org.fcrepo:fcrepo-auth-common:jar -> duplicate declaration of version ${fcrepo4.version} @ edu.unc.lib.cdr:services-camel:[unknown-version], /home/travis/build/UNC-Libraries/Carolina-Digital-Repository/services-camel/pom.xml, line 266, column 21
[[1;33mWARNING[m] 'build.plugins.plugin.version' for org.apache.maven.plugins:maven-failsafe-plugin is missing. @ edu.unc.lib.cdr:services-camel:[unknown-version], /home/travis/build/UNC-Libraries/Carolina-Digital-Repository/services-camel/pom.xml, line 300, column 13
[[1;33mWARNING[m] The expression ${artifactId} is deprecated. Please use ${project.artifactId} instead.
[[1;33mWARNING[m] 
[[1;33mWARNING[m] Some problems were encountered while building the effective model for edu.unc.lib.cdr:solr-ingest:jar:4.0-SNAPSHOT
[[1;33mWARNING[m] 'build.plugins.plugin.version' for org.apache.maven.plugins:maven-failsafe-plugin is missing. @ edu.unc.lib.cdr:cdr:4.0-SNAPSHOT, /home/travis/build/UNC-Libraries/Carolina-Digital-Repository/pom.xml, line 355, column 21
[[1;33mWARNING[m] 
[[1;33mWARNING[m] Some problems were encountered while building the effective model for edu.unc.lib.cdr:solr-search:jar:4.0-SNAPSHOT
[[1;33mWARNING[m] 'build.plugins.plugin.version' for org.apache.maven.plugins:maven-failsafe-plugin is missing. @ edu.unc.lib.cdr:cdr:4.0-SNAPSHOT, /home/travis/build/UNC-Libraries/Carolina-Digital-Repository/pom.xml, line 355, column 21
[[1;33mWARNING[m] 
[[1;33mWARNING[m] Some problems were encountered while building the effective model for edu.unc.lib.cdr:sword-server:jar:4.0-SNAPSHOT
[[1;33mWARNING[m] 'build.plugins.plugin.version' for org.apache.maven.plugins:maven-failsafe-plugin is missing. @ edu.unc.lib.cdr:cdr:4.0-SNAPSHOT, /home/travis/build/UNC-Libraries/Carolina-Digital-Repository/pom.xml, line 355, column 21
[[1;33mWARNING[m] 
[[1;33mWARNING[m] Some problems were encountered while building the effective model for edu.unc.lib.cdr:admin:war:4.0-SNAPSHOT
[[1;33mWARNING[m] 'build.plugins.plugin.version' for org.apache.maven.plugins:maven-failsafe-plugin is missing. @ edu.unc.lib.cdr:cdr:4.0-SNAPSHOT, /home/travis/build/UNC-Libraries/Carolina-Digital-Repository/pom.xml, line 355, column 21
[[1;33mWARNING[m] 
[[1;33mWARNING[m] Some problems were encountered while building the effective model for edu.unc.lib.cdr:access-common:jar:4.0-SNAPSHOT
[[1;33mWARNING[m] 'build.plugins.plugin.version' for org.apache.maven.plugins:maven-failsafe-plugin is missing. @ edu.unc.lib.cdr:cdr:4.0-SNAPSHOT, /home/travis/build/UNC-Libraries/Carolina-Digital-Repository/pom.xml, line 355, column 21
[[1;33mWARNING[m] 
[[1;33mWARNING[m] Some problems were encountered while building the effective model for edu.unc.lib.cdr:deposit:war:4.0-SNAPSHOT
[[1;33mWARNING[m] The expression ${artifactId} is deprecated. Please use ${project.artifactId} instead.
[[1;33mWARNING[m] 
[[1;33mWARNING[m] Some problems were encountered while building the effective model for edu.unc.lib.cdr:spoof:war:4.0-SNAPSHOT
[[1;33mWARNING[m] 'build.plugins.plugin.version' for org.apache.maven.plugins:maven-failsafe-plugin is missing. @ edu.unc.lib.cdr:cdr:4.0-SNAPSHOT, /home/travis/build/UNC-Libraries/Carolina-Digital-Repository/pom.xml, line 355, column 21
[[1;33mWARNING[m] The expression ${artifactId} is deprecated. Please use ${project.artifactId} instead.
[[1;33mWARNING[m] 
[[1;33mWARNING[m] Some problems were encountered while building the effective model for edu.unc.lib.cdr:cdr:pom:4.0-SNAPSHOT
[[1;33mWARNING[m] 'build.plugins.plugin.version' for org.apache.maven.plugins:maven-failsafe-plugin is missing. @ line 355, column 21
[[1;33mWARNING[m] 
[[1;33mWARNING[m] It is highly recommended to fix these problems because they threaten the stability of your build.
[[1;33mWARNING[m] 
[[1;33mWARNING[m] For this reason, future Maven versions might no longer support building such malformed projects.
[[1;33mWARNING[m] 
[[1;34mINFO[m] [1m------------------------------------------------------------------------[m
[[1;34mINFO[m] [1mReactor Build Order:[m
[[1;34mINFO[m] 
[[1;34mINFO[m] CDR Metadata Utilities
[[1;34mINFO[m] security
[[1;34mINFO[m] Fedora Clients
[[1;34mINFO[m] CDR Solr Search API
[[1;34mINFO[m] CDR Common Access Components
[[1;34mINFO[m] CDR Access
[[1;34mINFO[m] CDR Persistence Layer
[[1;34mINFO[m] CDR Solr Ingest
[[1;34mINFO[m] CDR SWORD Server
[[1;34mINFO[m] CDR Services Webapp
[[1;34mINFO[m] services-camel
[[1;34mINFO[m] CDR Administrative Interface
[[1;34mINFO[m] deposit
[[1;34mINFO[m] 
[[1;34mINFO[m] [1m------------------------------------------------------------------------[m
[[1;34mINFO[m] [1mBuilding CDR Metadata Utilities 4.0-SNAPSHOT[m
[[1;34mINFO[m] [1m------------------------------------------------------------------------[m
[[1;34mINFO[m] 
[[1;34mINFO[m] [1m--- [0;32mmaven-resources-plugin:2.6:resources[m [1m(default-resources)[m @ [36mmetadata[0;1m ---[m
[[1;34mINFO[m] Using 'UTF-8' encoding to copy filtered resources.
[[1;34mINFO[m] Copying 30 resources
[[1;34mINFO[m] 
[[1;34mINFO[m] [1m--- [0;32mmaven-compiler-plugin:3.1:compile[m [1m(default-compile)[m @ [36mmetadata[0;1m ---[m
[[1;34mINFO[m] Changes detected - recompiling the module!
[[1;34mINFO[m] Compiling 78 source files to /home/travis/build/UNC-Libraries/Carolina-Digital-Repository/metadata/target/classes
[[1;33mWARNING[m] /home/travis/build/UNC-Libraries/Carolina-Digital-Repository/metadata/src/main/java/edu/unc/lib/dl/util/JDOMXPathUtil.java: Some input files use or override a deprecated API.
[[1;33mWARNING[m] /home/travis/build/UNC-Libraries/Carolina-Digital-Repository/metadata/src/main/java/edu/unc/lib/dl/util/JDOMXPathUtil.java: Recompile with -Xlint:deprecation for details.
[[1;34mINFO[m] 
[[1;34mINFO[m] [1m--- [0;32mmaven-resources-plugin:2.6:testResources[m [1m(default-testResources)[m @ [36mmetadata[0;1m ---[m
[[1;34mINFO[m] Using 'UTF-8' encoding to copy filtered resources.
[[1;34mINFO[m] Copying 21 resources
[[1;34mINFO[m] 
[[1;34mINFO[m] [1m--- [0;32mmaven-compiler-plugin:3.1:testCompile[m [1m(default-testCompile)[m @ [36mmetadata[0;1m ---[m
[[1;34mINFO[m] Nothing to compile - all classes are up to date
[[1;34mINFO[m] 
[[1;34mINFO[m] [1m--- [0;32mmaven-surefire-plugin:2.20:test[m [1m(default-test)[m @ [36mmetadata[0;1m ---[m
[[1;34mINFO[m] 
[[1;34mINFO[m] -------------------------------------------------------
[[1;34mINFO[m]  T E S T S
[[1;34mINFO[m] -------------------------------------------------------
[[1;34mINFO[m] Running edu.unc.lib.dl.util.[1mDateTimeUtilTest[m
[[1;34mINFO[m] [1;32mTests run: [0;1;32m3[m, Failures: 0, Errors: 0, Skipped: 0, Time elapsed: 0.242 s - in edu.unc.lib.dl.util.[1mDateTimeUtilTest[m
[[1;34mINFO[m] Running edu.unc.lib.dl.util.[1mZipFileUtilTest[m
[[1;34mINFO[m] [1;32mTests run: [0;1;32m2[m, Failures: 0, Errors: 0, Skipped: 0, Time elapsed: 0.872 s - in edu.unc.lib.dl.util.[1mZipFileUtilTest[m
[[1;34mINFO[m] Running edu.unc.lib.dl.util.[1mURIUtilTest[m
[[1;34mINFO[m] [1;32mTests run: [0;1;32m1[m, Failures: 0, Errors: 0, Skipped: 0, Time elapsed: 0 s - in edu.unc.lib.dl.util.[1mURIUtilTest[m
[[1;34mINFO[m] Running edu.unc.lib.dl.xml.[1mFOXMLJDOMUtilTest[m
[[1;34mINFO[m] [1;32mTests run: [0;1;32m4[m, Failures: 0, Errors: 0, Skipped: 0, Time elapsed: 0.178 s - in edu.unc.lib.dl.xml.[1mFOXMLJDOMUtilTest[m
[[1;34mINFO[m] Running edu.unc.lib.dl.xml.[1mModsXmlHelperTest[m
1646 INFO  [main] e.u.l.d.x.ModsXmlHelper - The SCHOLARLY COMMUNICATIONS CONVOCATION: Final Report
1663 INFO  [main] e.u.l.d.x.ModsXmlHelper - <?xml version="1.0" encoding="UTF-8"?>
<oai_dc:dc xmlns:oai_dc="http://www.openarchives.org/OAI/2.0/oai_dc/" xmlns:dc="http://purl.org/dc/elements/1.1/" xmlns:srw_dc="info:srw/schema/1/dc-schema" xmlns:xsi="http://www.w3.org/2001/XMLSchema-instance" xsi:schemaLocation="http://www.openarchives.org/OAI/2.0/oai_dc/ http://www.openarchives.org/OAI/2.0/oai_dc.xsd">
    <dc:title>The SCHOLARLY COMMUNICATIONS CONVOCATION: Final Report</dc:title>
    <dc:type>presentation slides</dc:type>
    <dc:contributor>Wilson, Charlie</dc:contributor>
    
    <dc:language>eng</dc:language>
    <dc:subject>scholarly communications</dc:subject>
</oai_dc:dc>

[[1;34mINFO[m] [1;32mTests run: [0;1;32m2[m, Failures: 0, Errors: 0, Skipped: 0, Time elapsed: 0.855 s - in edu.unc.lib.dl.xml.[1mModsXmlHelperTest[m
[[1;34mINFO[m] Running edu.unc.lib.dl.xml.[1mNamespaceConstantsTest[m
[[1;34mINFO[m] [1;32mTests run: [0;1;32m1[m, Failures: 0, Errors: 0, Skipped: 0, Time elapsed: 0.012 s - in edu.unc.lib.dl.xml.[1mNamespaceConstantsTest[m
[[1;34mINFO[m] Running edu.unc.lib.dl.xml.[1mDepartmentOntologyUtilTest[m
1735 WARN  [main] e.u.l.d.x.DepartmentOntologyUtil - Label collision for key studies of europe
1738 WARN  [main] e.u.l.d.x.DepartmentOntologyUtil - Label collision for key center for studies of europe
1750 WARN  [main] e.u.l.d.x.DepartmentOntologyUtil - Label collision for key studies of europe
1751 WARN  [main] e.u.l.d.x.DepartmentOntologyUtil - Label collision for key center for studies of europe
1766 WARN  [main] e.u.l.d.x.DepartmentOntologyUtil - Label collision for key studies of europe
1766 WARN  [main] e.u.l.d.x.DepartmentOntologyUtil - Label collision for key center for studies of europe
1778 WARN  [main] e.u.l.d.x.DepartmentOntologyUtil - Label collision for key studies of europe
1779 WARN  [main] e.u.l.d.x.DepartmentOntologyUtil - Label collision for key center for studies of europe
1790 WARN  [main] e.u.l.d.x.DepartmentOntologyUtil - Label collision for key studies of europe
1795 WARN  [main] e.u.l.d.x.DepartmentOntologyUtil - Label collision for key center for studies of europe
1820 WARN  [main] e.u.l.d.x.DepartmentOntologyUtil - Label collision for key studies of europe
1825 WARN  [main] e.u.l.d.x.DepartmentOntologyUtil - Label collision for key center for studies of europe
1834 WARN  [main] e.u.l.d.x.DepartmentOntologyUtil - Label collision for key studies of europe
1842 WARN  [main] e.u.l.d.x.DepartmentOntologyUtil - Label collision for key center for studies of europe
1849 WARN  [main] e.u.l.d.x.DepartmentOntologyUtil - Label collision for key studies of europe
1859 WARN  [main] e.u.l.d.x.DepartmentOntologyUtil - Label collision for key center for studies of europe
1866 WARN  [main] e.u.l.d.x.DepartmentOntologyUtil - Label collision for key studies of europe
1871 WARN  [main] e.u.l.d.x.DepartmentOntologyUtil - Label collision for key center for studies of europe
1876 WARN  [main] e.u.l.d.x.DepartmentOntologyUtil - Label collision for key studies of europe
1880 WARN  [main] e.u.l.d.x.DepartmentOntologyUtil - Label collision for key center for studies of europe
1898 WARN  [main] e.u.l.d.x.DepartmentOntologyUtil - Label collision for key studies of europe
1900 WARN  [main] e.u.l.d.x.DepartmentOntologyUtil - Label collision for key center for studies of europe
1922 WARN  [main] e.u.l.d.x.DepartmentOntologyUtil - Label collision for key studies of europe
1923 WARN  [main] e.u.l.d.x.DepartmentOntologyUtil - Label collision for key center for studies of europe
1929 WARN  [main] e.u.l.d.x.DepartmentOntologyUtil - Label collision for key studies of europe
1930 WARN  [main] e.u.l.d.x.DepartmentOntologyUtil - Label collision for key center for studies of europe
1937 WARN  [main] e.u.l.d.x.DepartmentOntologyUtil - Label collision for key studies of europe
1938 WARN  [main] e.u.l.d.x.DepartmentOntologyUtil - Label collision for key center for studies of europe
1945 WARN  [main] e.u.l.d.x.DepartmentOntologyUtil - Label collision for key studies of europe
1946 WARN  [main] e.u.l.d.x.DepartmentOntologyUtil - Label collision for key center for studies of europe
1958 WARN  [main] e.u.l.d.x.DepartmentOntologyUtil - Label collision for key studies of europe
1961 WARN  [main] e.u.l.d.x.DepartmentOntologyUtil - Label collision for key center for studies of europe
1965 WARN  [main] e.u.l.d.x.DepartmentOntologyUtil - Label collision for key studies of europe
1971 WARN  [main] e.u.l.d.x.DepartmentOntologyUtil - Label collision for key center for studies of europe
1983 WARN  [main] e.u.l.d.x.DepartmentOntologyUtil - Label collision for key studies of europe
1984 WARN  [main] e.u.l.d.x.DepartmentOntologyUtil - Label collision for key center for studies of europe
1993 WARN  [main] e.u.l.d.x.DepartmentOntologyUtil - Label collision for key studies of europe
1996 WARN  [main] e.u.l.d.x.DepartmentOntologyUtil - Label collision for key center for studies of europe
2003 WARN  [main] e.u.l.d.x.DepartmentOntologyUtil - Label collision for key studies of europe
2003 WARN  [main] e.u.l.d.x.DepartmentOntologyUtil - Label collision for key center for studies of europe
2009 WARN  [main] e.u.l.d.x.DepartmentOntologyUtil - Label collision for key studies of europe
2010 WARN  [main] e.u.l.d.x.DepartmentOntologyUtil - Label collision for key center for studies of europe
2012 WARN  [main] e.u.l.d.x.DepartmentOntologyUtil - Label collision for key studies of europe
2012 WARN  [main] e.u.l.d.x.DepartmentOntologyUtil - Label collision for key center for studies of europe
2016 WARN  [main] e.u.l.d.x.DepartmentOntologyUtil - Label collision for key studies of europe
2016 WARN  [main] e.u.l.d.x.DepartmentOntologyUtil - Label collision for key center for studies of europe
2020 WARN  [main] e.u.l.d.x.DepartmentOntologyUtil - Label collision for key studies of europe
2022 WARN  [main] e.u.l.d.x.DepartmentOntologyUtil - Label collision for key center for studies of europe
[[1;34mINFO[m] [1;32mTests run: [0;1;32m24[m, Failures: 0, Errors: 0, Skipped: 0, Time elapsed: 0.343 s - in edu.unc.lib.dl.xml.[1mDepartmentOntologyUtilTest[m
[[1;34mINFO[m] Running edu.unc.lib.dl.httpclient.[1mHttpClientUtilTest[m
[[1;34mINFO[m] [1;32mTests run: [0;1;32m3[m, Failures: 0, Errors: 0, Skipped: 0, Time elapsed: 0.01 s - in edu.unc.lib.dl.httpclient.[1mHttpClientUtilTest[m
[[1;34mINFO[m] Running edu.unc.lib.dl.schematron.[1mSchematronValidatorTest[m
2621 INFO  [main] e.u.l.d.s.SchematronValidator - Schematron validation failed against schema: test
2654 INFO  [main] e.u.l.d.s.SchematronValidatorTest - <?xml version="1.0" encoding="UTF-8"?>
<svrl:schematron-output xmlns:svrl="http://purl.oclc.org/dsdl/svrl" xmlns:acl="http://cdr.unc.edu/definitions/acl" xmlns:iso="http://purl.oclc.org/dsdl/schematron" xmlns:m="http://www.loc.gov/METS/" xmlns:p="info:lc/xmlns/premis-v2" xmlns:sch="http://www.ascc.net/xml/schematron" xmlns:xlink="http://www.w3.org/1999/xlink" xmlns:xs="http://www.w3.org/2001/XMLSchema" title="Simple Content Model Validation" schemaVersion="">
  <svrl:ns-prefix-in-attribute-values uri="http://www.loc.gov/METS/" prefix="m" />
  <svrl:ns-prefix-in-attribute-values uri="info:lc/xmlns/premis-v2" prefix="p" />
  <svrl:ns-prefix-in-attribute-values uri="http://www.w3.org/1999/xlink" prefix="xlink" />
  <svrl:ns-prefix-in-attribute-values uri="http://cdr.unc.edu/definitions/acl" prefix="acl" />
  <svrl:active-pattern name="METS element validation" />
  <svrl:active-pattern name="METS metsHdr validation" />
  <svrl:active-pattern name="METS dmdSec validation" />
  <svrl:active-pattern name="METS rightsMD validation" />
  <svrl:failed-assert test="m:mdWrap[@MDTYPE='OTHER'] and count(m:mdWrap/m:xmlData/acl:accessControl) = 1 and count(m:mdWrap/m:xmlData/*) = 1" location="/*:mets[namespace-uri()='http://www.loc.gov/METS/'][1]/*:amdSec[namespace-uri()='http://www.loc.gov/METS/'][1]/*:rightsMD[namespace-uri()='http://www.loc.gov/METS/'][1]">
    <svrl:text>rightsMD MUST have type OTHER and wrap one and only one accessControl element.</svrl:text>
  </svrl:failed-assert>
  <svrl:active-pattern name="METS fileSec validation" />
  <svrl:failed-assert test="not(@USE) or @USE = 'Master'" location="/*:mets[namespace-uri()='http://www.loc.gov/METS/'][1]/*:fileSec[namespace-uri()='http://www.loc.gov/METS/'][1]/*:fileGrp[namespace-uri()='http://www.loc.gov/METS/'][1]/*:file[namespace-uri()='http://www.loc.gov/METS/'][1]">
    <svrl:text>The specified USE (DiskImage) MUST be Master.</svrl:text>
  </svrl:failed-assert>
  <svrl:active-pattern name="Structure Map Validation (structMap)" />
  <svrl:failed-assert test="not(@TYPE) or contains('Bag,Collection,Folder,AdminUnit,Work,Aggregate Work,File', @TYPE)" location="/*:mets[namespace-uri()='http://www.loc.gov/METS/'][1]/*:structMap[namespace-uri()='http://www.loc.gov/METS/'][1]/*:div[namespace-uri()='http://www.loc.gov/METS/'][1]">
    <svrl:text>The specified TYPE (Disk) MUST be one of Folder, Aggregate Work, or File.</svrl:text>
  </svrl:failed-assert>
  <svrl:failed-assert test="not(@TYPE) or contains('Bag,Collection,Folder,AdminUnit,Work,Aggregate Work,File', @TYPE)" location="/*:mets[namespace-uri()='http://www.loc.gov/METS/'][1]/*:structMap[namespace-uri()='http://www.loc.gov/METS/'][1]/*:div[namespace-uri()='http://www.loc.gov/METS/'][1]/*:div[namespace-uri()='http://www.loc.gov/METS/'][2]">
    <svrl:text>The specified TYPE (Reference) MUST be one of Folder, Aggregate Work, or File.</svrl:text>
  </svrl:failed-assert>
  <svrl:active-pattern name="METS elements not allowed" />
  <svrl:active-pattern name="METS structLink Section" />
  <svrl:failed-assert test="count(key('divid',substring(@xlink:from,2))) &gt; 0" location="/*:mets[namespace-uri()='http://www.loc.gov/METS/'][1]/*:structLink[namespace-uri()='http://www.loc.gov/METS/'][1]/*:smLink[namespace-uri()='http://www.loc.gov/METS/'][1]">
    <svrl:text>The xlink:from attribute must refer to a div ID.</svrl:text>
  </svrl:failed-assert>
  <svrl:failed-assert test="count(key('divid',substring(@xlink:to,2))) &gt; 0" location="/*:mets[namespace-uri()='http://www.loc.gov/METS/'][1]/*:structLink[namespace-uri()='http://www.loc.gov/METS/'][1]/*:smLink[namespace-uri()='http://www.loc.gov/METS/'][1]">
    <svrl:text>The xlink:to attribute must refer to a div ID.</svrl:text>
  </svrl:failed-assert>
  <svrl:failed-assert test="contains($predicates,@xlink:arcrole)" location="/*:mets[namespace-uri()='http://www.loc.gov/METS/'][1]/*:structLink[namespace-uri()='http://www.loc.gov/METS/'][1]/*:smLink[namespace-uri()='http://www.loc.gov/METS/'][1]">
    <svrl:text>The smLink element may ONLY have a supported xlink:arcrole, found refersTo</svrl:text>
  </svrl:failed-assert>
</svrl:schematron-output>

2952 INFO  [main] e.u.l.d.s.SchematronValidatorTest - <?xml version="1.0" encoding="UTF-8"?>
<svrl:schematron-output xmlns:svrl="http://purl.oclc.org/dsdl/svrl" xmlns:acl="http://cdr.unc.edu/definitions/acl" xmlns:iso="http://purl.oclc.org/dsdl/schematron" xmlns:m="http://www.loc.gov/METS/" xmlns:p="info:lc/xmlns/premis-v2" xmlns:sch="http://www.ascc.net/xml/schematron" xmlns:xlink="http://www.w3.org/1999/xlink" xmlns:xs="http://www.w3.org/2001/XMLSchema" title="Simple Content Model Validation" schemaVersion="">
  <svrl:ns-prefix-in-attribute-values uri="http://www.loc.gov/METS/" prefix="m" />
  <svrl:ns-prefix-in-attribute-values uri="info:lc/xmlns/premis-v2" prefix="p" />
  <svrl:ns-prefix-in-attribute-values uri="http://www.w3.org/1999/xlink" prefix="xlink" />
  <svrl:ns-prefix-in-attribute-values uri="http://cdr.unc.edu/definitions/acl" prefix="acl" />
  <svrl:active-pattern name="METS element validation" />
  <svrl:active-pattern name="METS metsHdr validation" />
  <svrl:active-pattern name="METS dmdSec validation" />
  <svrl:active-pattern name="METS rightsMD validation" />
  <svrl:active-pattern name="METS fileSec validation" />
  <svrl:active-pattern name="Structure Map Validation (structMap)" />
  <svrl:active-pattern name="METS elements not allowed" />
  <svrl:active-pattern name="METS structLink Section" />
</svrl:schematron-output>

3063 INFO  [main] e.u.l.d.s.SchematronValidatorTest - <?xml version="1.0" encoding="UTF-8"?>
<svrl:schematron-output xmlns:svrl="http://purl.oclc.org/dsdl/svrl" xmlns:iso="http://purl.oclc.org/dsdl/schematron" xmlns:mods="http://www.loc.gov/mods/v3" xmlns:sch="http://www.ascc.net/xml/schematron" xmlns:xlink="http://www.w3.org/1999/xlink" xmlns:xs="http://www.w3.org/2001/XMLSchema" xmlns:xsd="http://www.w3.org/2001/XMLSchema" title="Object-Level MODS Descriptive Metadata Requirements" schemaVersion="">
  <svrl:ns-prefix-in-attribute-values uri="http://www.loc.gov/mods/v3" prefix="mods" />
  <svrl:ns-prefix-in-attribute-values uri="http://www.w3.org/1999/xlink" prefix="xlink" />
  <svrl:active-pattern name="Prerequisites" />
  <svrl:active-pattern name="Title" />
  <svrl:active-pattern name="Creator" />
  <svrl:active-pattern name="Key Date" />
  <svrl:active-pattern name="Language" />
  <svrl:active-pattern name="Genre Required" />
</svrl:schematron-output>

3348 INFO  [main] e.u.l.d.s.SchematronValidatorTest - <?xml version="1.0" encoding="UTF-8"?>
<svrl:schematron-output xmlns:svrl="http://purl.oclc.org/dsdl/svrl" xmlns:acl="http://cdr.unc.edu/definitions/acl" xmlns:iso="http://purl.oclc.org/dsdl/schematron" xmlns:m="http://www.loc.gov/METS/" xmlns:p="info:lc/xmlns/premis-v2" xmlns:sch="http://www.ascc.net/xml/schematron" xmlns:xlink="http://www.w3.org/1999/xlink" xmlns:xs="http://www.w3.org/2001/XMLSchema" title="Simple Content Model Validation" schemaVersion="">
  <svrl:ns-prefix-in-attribute-values uri="http://www.loc.gov/METS/" prefix="m" />
  <svrl:ns-prefix-in-attribute-values uri="info:lc/xmlns/premis-v2" prefix="p" />
  <svrl:ns-prefix-in-attribute-values uri="http://www.w3.org/1999/xlink" prefix="xlink" />
  <svrl:ns-prefix-in-attribute-values uri="http://cdr.unc.edu/definitions/acl" prefix="acl" />
  <svrl:active-pattern name="METS element validation" />
  <svrl:active-pattern name="METS metsHdr validation" />
  <svrl:active-pattern name="METS dmdSec validation" />
  <svrl:active-pattern name="METS rightsMD validation" />
  <svrl:active-pattern name="METS fileSec validation" />
  <svrl:active-pattern name="Structure Map Validation (structMap)" />
  <svrl:active-pattern name="METS elements not allowed" />
  <svrl:active-pattern name="METS structLink Section" />
</svrl:schematron-output>

3583 INFO  [main] e.u.l.d.s.SchematronValidatorTest - <?xml version="1.0" encoding="UTF-8"?>
<svrl:schematron-output xmlns:svrl="http://purl.oclc.org/dsdl/svrl" xmlns:iso="http://purl.oclc.org/dsdl/schematron" xmlns:mods="http://www.loc.gov/mods/v3" xmlns:sch="http://www.ascc.net/xml/schematron" xmlns:xlink="http://www.w3.org/1999/xlink" xmlns:xs="http://www.w3.org/2001/XMLSchema" xmlns:xsd="http://www.w3.org/2001/XMLSchema" title="Object-Level MODS Descriptive Metadata Requirements" schemaVersion="">
  <svrl:ns-prefix-in-attribute-values uri="http://www.loc.gov/mods/v3" prefix="mods" />
  <svrl:ns-prefix-in-attribute-values uri="http://www.w3.org/1999/xlink" prefix="xlink" />
  <svrl:active-pattern name="Prerequisites" />
  <svrl:active-pattern name="Key Date" />
  <svrl:active-pattern name="Language Authority" />
  <svrl:active-pattern name="Language Authority" />
</svrl:schematron-output>

3762 INFO  [main] e.u.l.d.s.SchematronValidator - Schematron validation failed against schema: test
3772 INFO  [main] e.u.l.d.s.SchematronValidatorTest - <?xml version="1.0" encoding="UTF-8"?>
<svrl:schematron-output xmlns:svrl="http://purl.oclc.org/dsdl/svrl" xmlns:acl="http://cdr.unc.edu/definitions/acl" xmlns:iso="http://purl.oclc.org/dsdl/schematron" xmlns:m="http://www.loc.gov/METS/" xmlns:p="info:lc/xmlns/premis-v2" xmlns:sch="http://www.ascc.net/xml/schematron" xmlns:xlink="http://www.w3.org/1999/xlink" xmlns:xs="http://www.w3.org/2001/XMLSchema" title="Simple Content Model Validation" schemaVersion="">
  <svrl:ns-prefix-in-attribute-values uri="http://www.loc.gov/METS/" prefix="m" />
  <svrl:ns-prefix-in-attribute-values uri="info:lc/xmlns/premis-v2" prefix="p" />
  <svrl:ns-prefix-in-attribute-values uri="http://www.w3.org/1999/xlink" prefix="xlink" />
  <svrl:ns-prefix-in-attribute-values uri="http://cdr.unc.edu/definitions/acl" prefix="acl" />
  <svrl:active-pattern name="METS element validation" />
  <svrl:active-pattern name="METS metsHdr validation" />
  <svrl:active-pattern name="METS dmdSec validation" />
  <svrl:active-pattern name="METS rightsMD validation" />
  <svrl:active-pattern name="METS fileSec validation" />
  <svrl:failed-assert test="count(m:FLocat) = 1" location="/*:mets[namespace-uri()='http://www.loc.gov/METS/'][1]/*:fileSec[namespace-uri()='http://www.loc.gov/METS/'][1]/*:fileGrp[namespace-uri()='http://www.loc.gov/METS/'][1]/*:file[namespace-uri()='http://www.loc.gov/METS/'][2]">
    <svrl:text>A file element must have one and only one FLocat element, see file ID 'image1'.</svrl:text>
  </svrl:failed-assert>
  <svrl:active-pattern name="Structure Map Validation (structMap)" />
  <svrl:active-pattern name="METS elements not allowed" />
  <svrl:active-pattern name="METS structLink Section" />
</svrl:schematron-output>

4198 INFO  [main] e.u.l.d.s.SchematronValidator - Schematron validation failed against schema: test
4223 INFO  [main] e.u.l.d.s.SchematronValidatorTest - <?xml version="1.0" encoding="UTF-8"?>
<svrl:schematron-output xmlns:svrl="http://purl.oclc.org/dsdl/svrl" xmlns:acl="http://cdr.unc.edu/definitions/acl" xmlns:iso="http://purl.oclc.org/dsdl/schematron" xmlns:m="http://www.loc.gov/METS/" xmlns:p="info:lc/xmlns/premis-v2" xmlns:sch="http://www.ascc.net/xml/schematron" xmlns:xlink="http://www.w3.org/1999/xlink" xmlns:xs="http://www.w3.org/2001/XMLSchema" title="Simple Content Model Validation" schemaVersion="">
  <svrl:ns-prefix-in-attribute-values uri="http://www.loc.gov/METS/" prefix="m" />
  <svrl:ns-prefix-in-attribute-values uri="info:lc/xmlns/premis-v2" prefix="p" />
  <svrl:ns-prefix-in-attribute-values uri="http://www.w3.org/1999/xlink" prefix="xlink" />
  <svrl:ns-prefix-in-attribute-values uri="http://cdr.unc.edu/definitions/acl" prefix="acl" />
  <svrl:active-pattern name="METS element validation" />
  <svrl:active-pattern name="METS metsHdr validation" />
  <svrl:failed-assert test="matches(@CREATEDATE,'^(\d\d\d\d)(-(\d\d)(-(\d\d))?)?([T| ]?(\d\d):(\d\d)(:((\d\d)(\.(\d+))?)?)?(Z|([\+\-]\d\d:\d\d)|([A-Z]3))?)?$')" location="/*:mets[namespace-uri()='http://www.loc.gov/METS/'][1]/*:metsHdr[namespace-uri()='http://www.loc.gov/METS/'][1]">
    <svrl:text>The metsHdr CREATEDATE MUST be valid ISO 8601. ()</svrl:text>
  </svrl:failed-assert>
  <svrl:failed-assert test="m:agent[@ROLE = 'CREATOR']" location="/*:mets[namespace-uri()='http://www.loc.gov/METS/'][1]/*:metsHdr[namespace-uri()='http://www.loc.gov/METS/'][1]">
    <svrl:text>The metsHdr MUST have at least one agent with ROLE of CREATOR.</svrl:text>
  </svrl:failed-assert>
  <svrl:active-pattern name="METS dmdSec validation" />
  <svrl:active-pattern name="METS rightsMD validation" />
  <svrl:active-pattern name="METS fileSec validation" />
  <svrl:failed-assert test="not(@USE) or @USE = 'Master'" location="/*:mets[namespace-uri()='http://www.loc.gov/METS/'][1]/*:fileSec[namespace-uri()='http://www.loc.gov/METS/'][1]/*:fileGrp[namespace-uri()='http://www.loc.gov/METS/'][1]/*:file[namespace-uri()='http://www.loc.gov/METS/'][1]">
    <svrl:text>The specified USE (MASTER) MUST be Master.</svrl:text>
  </svrl:failed-assert>
  <svrl:failed-assert test="not(parent::m:fileGrp/@USE)" location="/*:mets[namespace-uri()='http://www.loc.gov/METS/'][1]/*:fileSec[namespace-uri()='http://www.loc.gov/METS/'][1]/*:fileGrp[namespace-uri()='http://www.loc.gov/METS/'][2]/*:file[namespace-uri()='http://www.loc.gov/METS/'][1]">
    <svrl:text>fileGrp elements MUST not have a USE attribute.</svrl:text>
  </svrl:failed-assert>
  <svrl:failed-assert test="not(parent::m:fileGrp/@USE)" location="/*:mets[namespace-uri()='http://www.loc.gov/METS/'][1]/*:fileSec[namespace-uri()='http://www.loc.gov/METS/'][1]/*:fileGrp[namespace-uri()='http://www.loc.gov/METS/'][3]/*:file[namespace-uri()='http://www.loc.gov/METS/'][1]">
    <svrl:text>fileGrp elements MUST not have a USE attribute.</svrl:text>
  </svrl:failed-assert>
  <svrl:failed-assert test="not(parent::m:fileGrp/@USE)" location="/*:mets[namespace-uri()='http://www.loc.gov/METS/'][1]/*:fileSec[namespace-uri()='http://www.loc.gov/METS/'][1]/*:fileGrp[namespace-uri()='http://www.loc.gov/METS/'][4]/*:file[namespace-uri()='http://www.loc.gov/METS/'][1]">
    <svrl:text>fileGrp elements MUST not have a USE attribute.</svrl:text>
  </svrl:failed-assert>
  <svrl:failed-assert test="not(parent::m:fileGrp/@USE)" location="/*:mets[namespace-uri()='http://www.loc.gov/METS/'][1]/*:fileSec[namespace-uri()='http://www.loc.gov/METS/'][1]/*:fileGrp[namespace-uri()='http://www.loc.gov/METS/'][5]/*:file[namespace-uri()='http://www.loc.gov/METS/'][1]">
    <svrl:text>fileGrp elements MUST not have a USE attribute.</svrl:text>
  </svrl:failed-assert>
  <svrl:failed-assert test="not(parent::m:fileGrp/@USE)" location="/*:mets[namespace-uri()='http://www.loc.gov/METS/'][1]/*:fileSec[namespace-uri()='http://www.loc.gov/METS/'][1]/*:fileGrp[namespace-uri()='http://www.loc.gov/METS/'][6]/*:file[namespace-uri()='http://www.loc.gov/METS/'][1]">
    <svrl:text>fileGrp elements MUST not have a USE attribute.</svrl:text>
  </svrl:failed-assert>
  <svrl:failed-assert test="not(parent::m:fileGrp/@USE)" location="/*:mets[namespace-uri()='http://www.loc.gov/METS/'][1]/*:fileSec[namespace-uri()='http://www.loc.gov/METS/'][1]/*:fileGrp[namespace-uri()='http://www.loc.gov/METS/'][7]/*:file[namespace-uri()='http://www.loc.gov/METS/'][1]">
    <svrl:text>fileGrp elements MUST not have a USE attribute.</svrl:text>
  </svrl:failed-assert>
  <svrl:active-pattern name="Structure Map Validation (structMap)" />
  <svrl:failed-assert test="count($allFiles) = 0" location="/*:mets[namespace-uri()='http://www.loc.gov/METS/'][1]/*:structMap[namespace-uri()='http://www.loc.gov/METS/'][1]/*:div[namespace-uri()='http://www.loc.gov/METS/'][1]">
    <svrl:text>Collections MUST NOT reference a file.</svrl:text>
  </svrl:failed-assert>
  <svrl:failed-assert test="not(@TYPE) or contains('Bag,Collection,Folder,AdminUnit,Work,Aggregate Work,File', @TYPE)" location="/*:mets[namespace-uri()='http://www.loc.gov/METS/'][1]/*:structMap[namespace-uri()='http://www.loc.gov/METS/'][1]/*:div[namespace-uri()='http://www.loc.gov/METS/'][1]/*:div[namespace-uri()='http://www.loc.gov/METS/'][1]/*:div[namespace-uri()='http://www.loc.gov/METS/'][1]">
    <svrl:text>The specified TYPE (Simple) MUST be one of Folder, Aggregate Work, or File.</svrl:text>
  </svrl:failed-assert>
  <svrl:failed-assert test="not(@TYPE) or contains('Bag,Collection,Folder,AdminUnit,Work,Aggregate Work,File', @TYPE)" location="/*:mets[namespace-uri()='http://www.loc.gov/METS/'][1]/*:structMap[namespace-uri()='http://www.loc.gov/METS/'][1]/*:div[namespace-uri()='http://www.loc.gov/METS/'][1]/*:div[namespace-uri()='http://www.loc.gov/METS/'][1]/*:div[namespace-uri()='http://www.loc.gov/METS/'][2]">
    <svrl:text>The specified TYPE (Simple Item) MUST be one of Folder, Aggregate Work, or File.</svrl:text>
  </svrl:failed-assert>
  <svrl:active-pattern name="METS elements not allowed" />
  <svrl:active-pattern name="METS structLink Section" />
  <svrl:failed-assert test="@xlink:arcrole" location="/*:mets[namespace-uri()='http://www.loc.gov/METS/'][1]/*:structLink[namespace-uri()='http://www.loc.gov/METS/'][1]/*:smLink[namespace-uri()='http://www.loc.gov/METS/'][1]">
    <svrl:text>The smLink element MUST have an xlink:arcrole attribute.</svrl:text>
  </svrl:failed-assert>
  <svrl:failed-assert test="@xlink:arcrole" location="/*:mets[namespace-uri()='http://www.loc.gov/METS/'][1]/*:structLink[namespace-uri()='http://www.loc.gov/METS/'][1]/*:smLink[namespace-uri()='http://www.loc.gov/METS/'][2]">
    <svrl:text>The smLink element MUST have an xlink:arcrole attribute.</svrl:text>
  </svrl:failed-assert>
  <svrl:failed-assert test="count(key('divid',substring(@xlink:to,2))) &gt; 0" location="/*:mets[namespace-uri()='http://www.loc.gov/METS/'][1]/*:structLink[namespace-uri()='http://www.loc.gov/METS/'][1]/*:smLink[namespace-uri()='http://www.loc.gov/METS/'][2]">
    <svrl:text>The xlink:to attribute must refer to a div ID.</svrl:text>
  </svrl:failed-assert>
  <svrl:failed-assert test="contains($predicates,@xlink:arcrole)" location="/*:mets[namespace-uri()='http://www.loc.gov/METS/'][1]/*:structLink[namespace-uri()='http://www.loc.gov/METS/'][1]/*:smLink[namespace-uri()='http://www.loc.gov/METS/'][3]">
    <svrl:text>The smLink element may ONLY have a supported xlink:arcrole, found http://example.com/unknownURI#bad</svrl:text>
  </svrl:failed-assert>
  <svrl:failed-assert test="count(key('divid',substring(@xlink:from,2))) &gt; 0" location="/*:mets[namespace-uri()='http://www.loc.gov/METS/'][1]/*:structLink[namespace-uri()='http://www.loc.gov/METS/'][1]/*:smLink[namespace-uri()='http://www.loc.gov/METS/'][4]">
    <svrl:text>The xlink:from attribute must refer to a div ID.</svrl:text>
  </svrl:failed-assert>
  <svrl:failed-assert test="contains($predicates,@xlink:arcrole)" location="/*:mets[namespace-uri()='http://www.loc.gov/METS/'][1]/*:structLink[namespace-uri()='http://www.loc.gov/METS/'][1]/*:smLink[namespace-uri()='http://www.loc.gov/METS/'][4]">
    <svrl:text>The smLink element may ONLY have a supported xlink:arcrole, found http://cdr.unc.edu/definitions/1.0/base-model.xml#refersTo</svrl:text>
  </svrl:failed-assert>
  <svrl:failed-assert test="contains($predicates,@xlink:arcrole)" location="/*:mets[namespace-uri()='http://www.loc.gov/METS/'][1]/*:structLink[namespace-uri()='http://www.loc.gov/METS/'][1]/*:smLink[namespace-uri()='http://www.loc.gov/METS/'][5]">
    <svrl:text>The smLink element may ONLY have a supported xlink:arcrole, found http://cdr.unc.edu/definitions/1.0/base-model.xml#refersTo</svrl:text>
  </svrl:failed-assert>
</svrl:schematron-output>

4344 INFO  [main] e.u.l.d.s.SchematronValidator - Schematron validation failed against schema: test
4354 INFO  [main] e.u.l.d.s.SchematronValidatorTest - <?xml version="1.0" encoding="UTF-8"?>
<svrl:schematron-output xmlns:svrl="http://purl.oclc.org/dsdl/svrl" xmlns:acl="http://cdr.unc.edu/definitions/acl" xmlns:iso="http://purl.oclc.org/dsdl/schematron" xmlns:m="http://www.loc.gov/METS/" xmlns:p="info:lc/xmlns/premis-v2" xmlns:sch="http://www.ascc.net/xml/schematron" xmlns:xlink="http://www.w3.org/1999/xlink" xmlns:xs="http://www.w3.org/2001/XMLSchema" title="Simple Content Model Validation" schemaVersion="">
  <svrl:ns-prefix-in-attribute-values uri="http://www.loc.gov/METS/" prefix="m" />
  <svrl:ns-prefix-in-attribute-values uri="info:lc/xmlns/premis-v2" prefix="p" />
  <svrl:ns-prefix-in-attribute-values uri="http://www.w3.org/1999/xlink" prefix="xlink" />
  <svrl:ns-prefix-in-attribute-values uri="http://cdr.unc.edu/definitions/acl" prefix="acl" />
  <svrl:active-pattern name="METS element validation" />
  <svrl:active-pattern name="METS metsHdr validation" />
  <svrl:failed-assert test="m:metsHdr" location="/*:mets[namespace-uri()='http://www.loc.gov/METS/'][1]">
    <svrl:text>The mets MUST include a metsHdr element.</svrl:text>
  </svrl:failed-assert>
  <svrl:active-pattern name="METS dmdSec validation" />
  <svrl:active-pattern name="METS rightsMD validation" />
  <svrl:active-pattern name="METS fileSec validation" />
  <svrl:failed-assert test="not(@USE) or @USE = 'Master'" location="/*:mets[namespace-uri()='http://www.loc.gov/METS/'][1]/*:fileSec[namespace-uri()='http://www.loc.gov/METS/'][1]/*:fileGrp[namespace-uri()='http://www.loc.gov/METS/'][1]/*:file[namespace-uri()='http://www.loc.gov/METS/'][1]">
    <svrl:text>The specified USE (DiskImage) MUST be Master.</svrl:text>
  </svrl:failed-assert>
  <svrl:active-pattern name="Structure Map Validation (structMap)" />
  <svrl:failed-assert test="not(@TYPE) or contains('Bag,Collection,Folder,AdminUnit,Work,Aggregate Work,File', @TYPE)" location="/*:mets[namespace-uri()='http://www.loc.gov/METS/'][1]/*:structMap[namespace-uri()='http://www.loc.gov/METS/'][1]/*:div[namespace-uri()='http://www.loc.gov/METS/'][1]/*:div[namespace-uri()='http://www.loc.gov/METS/'][1]">
    <svrl:text>The specified TYPE (Disk) MUST be one of Folder, Aggregate Work, or File.</svrl:text>
  </svrl:failed-assert>
  <svrl:failed-assert test="not(@TYPE) or contains('Bag,Collection,Folder,AdminUnit,Work,Aggregate Work,File', @TYPE)" location="/*:mets[namespace-uri()='http://www.loc.gov/METS/'][1]/*:structMap[namespace-uri()='http://www.loc.gov/METS/'][1]/*:div[namespace-uri()='http://www.loc.gov/METS/'][1]/*:div[namespace-uri()='http://www.loc.gov/METS/'][1]/*:div[namespace-uri()='http://www.loc.gov/METS/'][2]">
    <svrl:text>The specified TYPE (Reference) MUST be one of Folder, Aggregate Work, or File.</svrl:text>
  </svrl:failed-assert>
  <svrl:active-pattern name="METS elements not allowed" />
  <svrl:active-pattern name="METS structLink Section" />
  <svrl:failed-assert test="contains($predicates,@xlink:arcrole)" location="/*:mets[namespace-uri()='http://www.loc.gov/METS/'][1]/*:structLink[namespace-uri()='http://www.loc.gov/METS/'][1]/*:smLink[namespace-uri()='http://www.loc.gov/METS/'][1]">
    <svrl:text>The smLink element may ONLY have a supported xlink:arcrole, found http://cdr.unc.edu/definitions/1.0/base-model.xml#refersTo</svrl:text>
  </svrl:failed-assert>
</svrl:schematron-output>

[[1;34mINFO[m] [1;32mTests run: [0;1;32m9[m, Failures: 0, Errors: 0, Skipped: 0, Time elapsed: 2.308 s - in edu.unc.lib.dl.schematron.[1mSchematronValidatorTest[m
[[1;34mINFO[m] Running edu.unc.lib.dl.sparql.[1mSparqlUpdateHelperTest[m
[[1;34mINFO[m] [1;32mTests run: [0;1;32m10[m, Failures: 0, Errors: 0, Skipped: 0, Time elapsed: 1.579 s - in edu.unc.lib.dl.sparql.[1mSparqlUpdateHelperTest[m
[[1;34mINFO[m] Running edu.unc.lib.dl.validation.[1mMODSValidatorTest[m
[[1;34mINFO[m] [1;32mTests run: [0;1;32m8[m, Failures: 0, Errors: 0, Skipped: 0, Time elapsed: 1.192 s - in edu.unc.lib.dl.validation.[1mMODSValidatorTest[m
[[1;34mINFO[m] 
[[1;34mINFO[m] Results:
[[1;34mINFO[m] 
[[1;34mINFO[m] [1;32mTests run: 67, Failures: 0, Errors: 0, Skipped: 0[m
[[1;34mINFO[m] 
[[1;34mINFO[m] 
[[1;34mINFO[m] [1m--- [0;32mmaven-jar-plugin:2.3.2:jar[m [1m(default-jar)[m @ [36mmetadata[0;1m ---[m
[[1;34mINFO[m] Building jar: /home/travis/build/UNC-Libraries/Carolina-Digital-Repository/metadata/target/cdr-metadata.jar
[[1;34mINFO[m] 
[[1;34mINFO[m] [1m--- [0;32mmaven-jar-plugin:2.3.2:test-jar[m [1m(default)[m @ [36mmetadata[0;1m ---[m
[[1;34mINFO[m] 
[[1;34mINFO[m] [1m--- [0;32mmaven-checkstyle-plugin:2.17:check[m [1m(check-style)[m @ [36mmetadata[0;1m ---[m
[[1;34mINFO[m] Starting audit...
Audit done.
[[1;34mINFO[m] 
[[1;34mINFO[m] [1m--- [0;32mlicense-maven-plugin:3.0:check[m [1m(default)[m @ [36mmetadata[0;1m ---[m
[[1;34mINFO[m] Checking licenses...
[[1;34mINFO[m] 
[[1;34mINFO[m] [1m------------------------------------------------------------------------[m
[[1;34mINFO[m] [1mBuilding security 4.0-SNAPSHOT[m
[[1;34mINFO[m] [1m------------------------------------------------------------------------[m
[[1;34mINFO[m] 
[[1;34mINFO[m] [1m--- [0;32mmaven-resources-plugin:2.6:resources[m [1m(default-resources)[m @ [36msecurity[0;1m ---[m
[[1;34mINFO[m] Using 'UTF-8' encoding to copy filtered resources.
[[1;34mINFO[m] skip non existing resourceDirectory /home/travis/build/UNC-Libraries/Carolina-Digital-Repository/security/src/main/resources
[[1;34mINFO[m] 
[[1;34mINFO[m] [1m--- [0;32mmaven-compiler-plugin:3.1:compile[m [1m(default-compile)[m @ [36msecurity[0;1m ---[m
[[1;34mINFO[m] Nothing to compile - all classes are up to date
[[1;34mINFO[m] 
[[1;34mINFO[m] [1m--- [0;32mmaven-resources-plugin:2.6:testResources[m [1m(default-testResources)[m @ [36msecurity[0;1m ---[m
[[1;34mINFO[m] Using 'UTF-8' encoding to copy filtered resources.
[[1;34mINFO[m] Copying 1 resource
[[1;34mINFO[m] 
[[1;34mINFO[m] [1m--- [0;32mmaven-compiler-plugin:3.1:testCompile[m [1m(default-testCompile)[m @ [36msecurity[0;1m ---[m
[[1;34mINFO[m] Nothing to compile - all classes are up to date
[[1;34mINFO[m] 
[[1;34mINFO[m] [1m--- [0;32mmaven-surefire-plugin:2.20:test[m [1m(default-test)[m @ [36msecurity[0;1m ---[m
[[1;34mINFO[m] 
[[1;34mINFO[m] -------------------------------------------------------
[[1;34mINFO[m]  T E S T S
[[1;34mINFO[m] -------------------------------------------------------
[[1;34mINFO[m] Running edu.unc.lib.dl.acl.filter.[1mStoreUserAccessControlFilterTest[m
[[1;34mINFO[m] [1;32mTests run: [0;1;32m8[m, Failures: 0, Errors: 0, Skipped: 0, Time elapsed: 1.833 s - in edu.unc.lib.dl.acl.filter.[1mStoreUserAccessControlFilterTest[m
[[1;34mINFO[m] Running edu.unc.lib.dl.acl.util.[1mGroupsThreadStoreTest[m
[[1;34mINFO[m] [1;32mTests run: [0;1;32m1[m, Failures: 0, Errors: 0, Skipped: 0, Time elapsed: 0.004 s - in edu.unc.lib.dl.acl.util.[1mGroupsThreadStoreTest[m
[[1;34mINFO[m] Running edu.unc.lib.dl.acl.util.[1mPrincipalClassifierTest[m
[[1;34mINFO[m] [1;32mTests run: [0;1;32m4[m, Failures: 0, Errors: 0, Skipped: 0, Time elapsed: 0.136 s - in edu.unc.lib.dl.acl.util.[1mPrincipalClassifierTest[m
[[1;34mINFO[m] Running edu.unc.lib.dl.acl.util.[1mAgentPrincipalsTest[m
[[1;34mINFO[m] [1;32mTests run: [0;1;32m3[m, Failures: 0, Errors: 0, Skipped: 0, Time elapsed: 0.007 s - in edu.unc.lib.dl.acl.util.[1mAgentPrincipalsTest[m
[[1;34mINFO[m] Running edu.unc.lib.dl.security.access.test.[1mAccessGroupSetTest[m
[[1;34mINFO[m] [1;32mTests run: [0;1;32m2[m, Failures: 0, Errors: 0, Skipped: 0, Time elapsed: 0.011 s - in edu.unc.lib.dl.security.access.test.[1mAccessGroupSetTest[m
[[1;34mINFO[m] Running edu.unc.lib.dl.security.access.test.[1mUserSecurityProfileFilterTest[m
[[1;34mINFO[m] [1;32mTests run: [0;1;32m1[m, Failures: 0, Errors: 0, Skipped: 0, Time elapsed: 0.002 s - in edu.unc.lib.dl.security.access.test.[1mUserSecurityProfileFilterTest[m
[[1;34mINFO[m] 
[[1;34mINFO[m] Results:
[[1;34mINFO[m] 
[[1;34mINFO[m] [1;32mTests run: 19, Failures: 0, Errors: 0, Skipped: 0[m
[[1;34mINFO[m] 
[[1;34mINFO[m] 
[[1;34mINFO[m] [1m--- [0;32mmaven-jar-plugin:2.4:jar[m [1m(default-jar)[m @ [36msecurity[0;1m ---[m
[[1;34mINFO[m] 
[[1;34mINFO[m] [1m--- [0;32mmaven-checkstyle-plugin:2.17:check[m [1m(check-style)[m @ [36msecurity[0;1m ---[m
[[1;34mINFO[m] Starting audit...
Audit done.
[[1;34mINFO[m] 
[[1;34mINFO[m] [1m--- [0;32mlicense-maven-plugin:3.0:check[m [1m(default)[m @ [36msecurity[0;1m ---[m
[[1;34mINFO[m] Checking licenses...
[[1;34mINFO[m] 
[[1;34mINFO[m] [1m------------------------------------------------------------------------[m
[[1;34mINFO[m] [1mBuilding Fedora Clients 4.0-SNAPSHOT[m
[[1;34mINFO[m] [1m------------------------------------------------------------------------[m
[[1;34mINFO[m] 
[[1;34mINFO[m] [1m--- [0;32mjaxb2-maven-plugin:1.2:xjc[m [1m(access-source-generation)[m @ [36mfcrepo-clients[0;1m ---[m
[[1;34mINFO[m] No changes detected in schema or binding files, skipping source generation.
[[1;34mINFO[m] 
[[1;34mINFO[m] [1m--- [0;32mmaven-resources-plugin:2.6:resources[m [1m(default-resources)[m @ [36mfcrepo-clients[0;1m ---[m
[[1;34mINFO[m] Using 'UTF-8' encoding to copy filtered resources.
[[1;34mINFO[m] Copying 1 resource
[[1;34mINFO[m] 
[[1;34mINFO[m] [1m--- [0;32mmaven-compiler-plugin:3.1:compile[m [1m(default-compile)[m @ [36mfcrepo-clients[0;1m ---[m
[[1;34mINFO[m] Nothing to compile - all classes are up to date
[[1;34mINFO[m] 
[[1;34mINFO[m] [1m--- [0;32mmaven-resources-plugin:2.6:testResources[m [1m(default-testResources)[m @ [36mfcrepo-clients[0;1m ---[m
[[1;34mINFO[m] Using 'UTF-8' encoding to copy filtered resources.
[[1;34mINFO[m] Copying 1 resource
[[1;34mINFO[m] Copying 17 resources
[[1;34mINFO[m] 
[[1;34mINFO[m] [1m--- [0;32mmaven-compiler-plugin:3.1:testCompile[m [1m(default-testCompile)[m @ [36mfcrepo-clients[0;1m ---[m
[[1;34mINFO[m] Nothing to compile - all classes are up to date
[[1;34mINFO[m] 
[[1;34mINFO[m] [1m--- [0;32mmaven-surefire-plugin:2.20:test[m [1m(default-test)[m @ [36mfcrepo-clients[0;1m ---[m
[[1;34mINFO[m] 
[[1;34mINFO[m] -------------------------------------------------------
[[1;34mINFO[m]  T E S T S
[[1;34mINFO[m] -------------------------------------------------------
[[1;34mINFO[m] Running edu.unc.lib.dl.acl.fcrepo4.[1mInheritedAclFactoryTest[m
17:13:06,409 |-INFO in ch.qos.logback.classic.LoggerContext[default] - Found resource [logback-test.xml] at [file:/home/travis/build/UNC-Libraries/Carolina-Digital-Repository/fcrepo-clients/target/test-classes/logback-test.xml]
17:13:06,409 |-WARN in ch.qos.logback.classic.LoggerContext[default] - Resource [logback-test.xml] occurs multiple times on the classpath.
17:13:06,409 |-WARN in ch.qos.logback.classic.LoggerContext[default] - Resource [logback-test.xml] occurs at [jar:file:/home/travis/build/UNC-Libraries/Carolina-Digital-Repository/metadata/target/cdr-metadata-tests.jar!/logback-test.xml]
17:13:06,409 |-WARN in ch.qos.logback.classic.LoggerContext[default] - Resource [logback-test.xml] occurs at [file:/home/travis/build/UNC-Libraries/Carolina-Digital-Repository/fcrepo-clients/target/test-classes/logback-test.xml]
17:13:06,556 |-INFO in ch.qos.logback.classic.joran.action.ConfigurationAction - debug attribute not set
17:13:06,557 |-INFO in ch.qos.logback.core.joran.action.AppenderAction - About to instantiate appender of type [ch.qos.logback.core.ConsoleAppender]
17:13:06,566 |-INFO in ch.qos.logback.core.joran.action.AppenderAction - Naming appender as [CONSOLE]
17:13:06,573 |-INFO in ch.qos.logback.core.joran.action.NestedComplexPropertyIA - Assuming default type [ch.qos.logback.classic.encoder.PatternLayoutEncoder] for [encoder] property
17:13:06,605 |-INFO in ch.qos.logback.classic.joran.action.LoggerAction - Setting level of logger [ch.qos.logback] to ERROR
17:13:06,605 |-INFO in ch.qos.logback.classic.joran.action.RootLoggerAction - Setting level of ROOT logger to INFO
17:13:06,606 |-INFO in ch.qos.logback.core.joran.action.AppenderRefAction - Attaching appender named [CONSOLE] to Logger[ROOT]
17:13:06,606 |-INFO in ch.qos.logback.classic.joran.action.ConfigurationAction - End of configuration.
17:13:06,607 |-INFO in ch.qos.logback.classic.joran.JoranConfigurator@1bd4fdd - Registering current configuration as safe fallback point

[[1;34mINFO[m] [1;32mTests run: [0;1;32m22[m, Failures: 0, Errors: 0, Skipped: 0, Time elapsed: 1.036 s - in edu.unc.lib.dl.acl.fcrepo4.[1mInheritedAclFactoryTest[m
[[1;34mINFO[m] Running edu.unc.lib.dl.acl.fcrepo4.[1mObjectACLFactoryTest[m
1039 WARN  [main] e.u.l.d.a.f.ObjectAclFactory - Failed to parse embargo [notadate, Mock for PID, hashCode: 1396431506] for {} while retrieving ACLs
java.text.ParseException: Unparseable date: notadate
	at edu.unc.lib.dl.util.DateTimeUtil.parseUTCToDate(DateTimeUtil.java:50)
	at edu.unc.lib.dl.acl.fcrepo4.ObjectAclFactory.lambda$getEmbargoUntil$4(ObjectAclFactory.java:120)
	at java.util.Optional.map(Optional.java:215)
	at edu.unc.lib.dl.acl.fcrepo4.ObjectAclFactory.getEmbargoUntil(ObjectAclFactory.java:118)
	at edu.unc.lib.dl.acl.fcrepo4.ObjectACLFactoryTest.getInvalidEmbargoUntilTest(ObjectACLFactoryTest.java:240)
	at sun.reflect.NativeMethodAccessorImpl.invoke0(Native Method)
	at sun.reflect.NativeMethodAccessorImpl.invoke(NativeMethodAccessorImpl.java:62)
	at sun.reflect.DelegatingMethodAccessorImpl.invoke(DelegatingMethodAccessorImpl.java:43)
	at java.lang.reflect.Method.invoke(Method.java:498)
	at org.junit.runners.model.FrameworkMethod$1.runReflectiveCall(FrameworkMethod.java:50)
	at org.junit.internal.runners.model.ReflectiveCallable.run(ReflectiveCallable.java:12)
	at org.junit.runners.model.FrameworkMethod.invokeExplosively(FrameworkMethod.java:47)
	at org.junit.internal.runners.statements.InvokeMethod.evaluate(InvokeMethod.java:17)
	at org.junit.internal.runners.statements.RunBefores.evaluate(RunBefores.java:26)
	at org.junit.runners.ParentRunner.runLeaf(ParentRunner.java:325)
	at org.junit.runners.BlockJUnit4ClassRunner.runChild(BlockJUnit4ClassRunner.java:78)
	at org.junit.runners.BlockJUnit4ClassRunner.runChild(BlockJUnit4ClassRunner.java:57)
	at org.junit.runners.ParentRunner$3.run(ParentRunner.java:290)
	at org.junit.runners.ParentRunner$1.schedule(ParentRunner.java:71)
	at org.junit.runners.ParentRunner.runChildren(ParentRunner.java:288)
	at org.junit.runners.ParentRunner.access$000(ParentRunner.java:58)
	at org.junit.runners.ParentRunner$2.evaluate(ParentRunner.java:268)
	at org.junit.runners.ParentRunner.run(ParentRunner.java:363)
	at org.apache.maven.surefire.junit4.JUnit4Provider.execute(JUnit4Provider.java:365)
	at org.apache.maven.surefire.junit4.JUnit4Provider.executeWithRerun(JUnit4Provider.java:272)
	at org.apache.maven.surefire.junit4.JUnit4Provider.executeTestSet(JUnit4Provider.java:236)
	at org.apache.maven.surefire.junit4.JUnit4Provider.invoke(JUnit4Provider.java:159)
	at org.apache.maven.surefire.booter.ForkedBooter.invokeProviderInSameClassLoader(ForkedBooter.java:386)
	at org.apache.maven.surefire.booter.ForkedBooter.runSuitesInProcess(ForkedBooter.java:323)
	at org.apache.maven.surefire.booter.ForkedBooter.main(ForkedBooter.java:143)
[[1;34mINFO[m] [1;32mTests run: [0;1;32m15[m, Failures: 0, Errors: 0, Skipped: 0, Time elapsed: 0.474 s - in edu.unc.lib.dl.acl.fcrepo4.[1mObjectACLFactoryTest[m
[[1;34mINFO[m] Running edu.unc.lib.dl.acl.fcrepo4.[1mGlobalPermissionEvaluatorTest[m
[[1;34mINFO[m] [1;32mTests run: [0;1;32m14[m, Failures: 0, Errors: 0, Skipped: 0, Time elapsed: 0.025 s - in edu.unc.lib.dl.acl.fcrepo4.[1mGlobalPermissionEvaluatorTest[m
[[1;34mINFO[m] Running edu.unc.lib.dl.acl.fcrepo4.[1mInheritedPermissionEvaluatorTest[m
[[1;34mINFO[m] [1;32mTests run: [0;1;32m12[m, Failures: 0, Errors: 0, Skipped: 0, Time elapsed: 0.024 s - in edu.unc.lib.dl.acl.fcrepo4.[1mInheritedPermissionEvaluatorTest[m
[[1;34mINFO[m] Running edu.unc.lib.dl.acl.fcrepo4.[1mContentObjectAccessRestrictionValidatorTest[m
[[1;34mINFO[m] [1;32mTests run: [0;1;32m18[m, Failures: 0, Errors: 0, Skipped: 0, Time elapsed: 0.766 s - in edu.unc.lib.dl.acl.fcrepo4.[1mContentObjectAccessRestrictionValidatorTest[m
[[1;34mINFO[m] Running edu.unc.lib.dl.acl.fcrepo4.[1mObjectPermissionEvaluatorTest[m
[[1;34mINFO[m] [1;32mTests run: [0;1;32m21[m, Failures: 0, Errors: 0, Skipped: 0, Time elapsed: 0.036 s - in edu.unc.lib.dl.acl.fcrepo4.[1mObjectPermissionEvaluatorTest[m
[[1;34mINFO[m] Running edu.unc.lib.dl.acl.fcrepo4.[1mDatastreamPermissionUtilTest[m
[[1;34mINFO[m] [1;32mTests run: [0;1;32m4[m, Failures: 0, Errors: 0, Skipped: 0, Time elapsed: 0.008 s - in edu.unc.lib.dl.acl.fcrepo4.[1mDatastreamPermissionUtilTest[m
[[1;34mINFO[m] Running edu.unc.lib.dl.fcrepo4.[1mCollectionObjectTest[m
[[1;34mINFO[m] [1;32mTests run: [0;1;32m5[m, Failures: 0, Errors: 0, Skipped: 0, Time elapsed: 0.071 s - in edu.unc.lib.dl.fcrepo4.[1mCollectionObjectTest[m
[[1;34mINFO[m] Running edu.unc.lib.dl.fcrepo4.[1mAdminUnitTest[m
[[1;34mINFO[m] [1;32mTests run: [0;1;32m4[m, Failures: 0, Errors: 0, Skipped: 0, Time elapsed: 0.026 s - in edu.unc.lib.dl.fcrepo4.[1mAdminUnitTest[m
[[1;34mINFO[m] Running edu.unc.lib.dl.fcrepo4.[1mRepositoryObjectFactoryTest[m
[[1;34mINFO[m] [1;32mTests run: [0;1;32m10[m, Failures: 0, Errors: 0, Skipped: 0, Time elapsed: 0.189 s - in edu.unc.lib.dl.fcrepo4.[1mRepositoryObjectFactoryTest[m
[[1;34mINFO[m] Running edu.unc.lib.dl.fcrepo4.[1mRepositoryPIDMinterTest[m
[[1;34mINFO[m] [1;32mTests run: [0;1;32m3[m, Failures: 0, Errors: 0, Skipped: 0, Time elapsed: 0.006 s - in edu.unc.lib.dl.fcrepo4.[1mRepositoryPIDMinterTest[m
[[1;34mINFO[m] Running edu.unc.lib.dl.fcrepo4.[1mRepositoryObjectCacheLoaderTest[m
[[1;34mINFO[m] [1;32mTests run: [0;1;32m10[m, Failures: 0, Errors: 0, Skipped: 0, Time elapsed: 0.074 s - in edu.unc.lib.dl.fcrepo4.[1mRepositoryObjectCacheLoaderTest[m
[[1;34mINFO[m] Running edu.unc.lib.dl.fcrepo4.[1mBinaryObjectTest[m
[[1;34mINFO[m] [1;32mTests run: [0;1;32m8[m, Failures: 0, Errors: 0, Skipped: 0, Time elapsed: 0.031 s - in edu.unc.lib.dl.fcrepo4.[1mBinaryObjectTest[m
[[1;34mINFO[m] Running edu.unc.lib.dl.fcrepo4.[1mFolderObjectTest[m
[[1;34mINFO[m] [1;32mTests run: [0;1;32m4[m, Failures: 0, Errors: 0, Skipped: 0, Time elapsed: 0.008 s - in edu.unc.lib.dl.fcrepo4.[1mFolderObjectTest[m
[[1;34mINFO[m] Running edu.unc.lib.dl.fcrepo4.[1mRepositoryObjectLoaderTest[m
[[1;34mINFO[m] [1;32mTests run: [0;1;32m11[m, Failures: 0, Errors: 0, Skipped: 0, Time elapsed: 0.059 s - in edu.unc.lib.dl.fcrepo4.[1mRepositoryObjectLoaderTest[m
[[1;34mINFO[m] Running edu.unc.lib.dl.fcrepo4.[1mPIDsTest[m
2639 WARN  [main] e.u.l.d.fcrepo4.PIDs - Invalid qualified path fakereserved, cannot construct PID
2639 WARN  [main] e.u.l.d.fcrepo4.PIDs - Invalid path http://example.com/rest/content/95553b02-0256-4c73-b423-f12d070501e8, cannot construct PID
2640 WARN  [main] e.u.l.d.fcrepo4.PIDs - Invalid qualified path http://notmyrepo.example.com/, cannot construct PID
2645 WARN  [main] e.u.l.d.fcrepo4.PIDs - Invalid qualified path /ab/c1/23/abcd123, cannot construct PID
[[1;34mINFO[m] [1;32mTests run: [0;1;32m18[m, Failures: 0, Errors: 0, Skipped: 0, Time elapsed: 0.015 s - in edu.unc.lib.dl.fcrepo4.[1mPIDsTest[m
[[1;34mINFO[m] Running edu.unc.lib.dl.fcrepo4.[1mWorkObjectTest[m
[[1;34mINFO[m] [1;32mTests run: [0;1;32m11[m, Failures: 0, Errors: 0, Skipped: 0, Time elapsed: 0.027 s - in edu.unc.lib.dl.fcrepo4.[1mWorkObjectTest[m
[[1;34mINFO[m] Running edu.unc.lib.dl.fcrepo4.[1mTransactionalFcrepoClientTest[m
[[1;31mERROR[m] [1;31mTests [0;1mrun: [0;1m1[m, Failures: 0, [1;31mErrors: [0;1;31m1[m, Skipped: 0, Time elapsed: 0.424 s[1;31m <<< FAILURE![m - in edu.unc.lib.dl.fcrepo4.[1mTransactionalFcrepoClientTest[m
[[1;31mERROR[m] executeRequestWithTxTest(edu.unc.lib.dl.fcrepo4.TransactionalFcrepoClientTest)  Time elapsed: 0.42 s  <<< ERROR!
java.lang.NullPointerException
	at edu.unc.lib.dl.fcrepo4.TransactionalFcrepoClientTest.executeRequestWithTxTest(TransactionalFcrepoClientTest.java:96)

[[1;34mINFO[m] Running edu.unc.lib.dl.util.[1mEntityTagTest[m
[[1;34mINFO[m] [1;32mTests run: [0;1;32m3[m, Failures: 0, Errors: 0, Skipped: 0, Time elapsed: 0.003 s - in edu.unc.lib.dl.util.[1mEntityTagTest[m
[[1;34mINFO[m] Running edu.unc.lib.dl.util.[1mVocabularyHelperManagerTest[m
[[1;33mWARNING[m] [1;33mTests [0;1mrun: [0;1m3[m, Failures: 0, Errors: 0, [1;33mSkipped: [0;1;33m3[m, Time elapsed: 0.01 s - in edu.unc.lib.dl.util.[1mVocabularyHelperManagerTest[m
[[1;34mINFO[m] Running edu.unc.lib.dl.util.[1mJSONVocabularyHelperTest[m
[[1;34mINFO[m] [1;32mTests run: [0;1;32m3[m, Failures: 0, Errors: 0, Skipped: 0, Time elapsed: 0.309 s - in edu.unc.lib.dl.util.[1mJSONVocabularyHelperTest[m
[[1;34mINFO[m] Running edu.unc.lib.dl.util.[1mDerivativeServiceTest[m
[[1;34mINFO[m] [1;32mTests run: [0;1;32m4[m, Failures: 0, Errors: 0, Skipped: 0, Time elapsed: 0.027 s - in edu.unc.lib.dl.util.[1mDerivativeServiceTest[m
[[1;34mINFO[m] Running edu.unc.lib.dl.event.[1mFilePremisLoggerTest[m
[[1;34mINFO[m] [1;32mTests run: [0;1;32m4[m, Failures: 0, Errors: 0, Skipped: 0, Time elapsed: 0.069 s - in edu.unc.lib.dl.event.[1mFilePremisLoggerTest[m
[[1;34mINFO[m] Running edu.unc.lib.dl.fedora.[1mJobForwardingJMSListenerTest[m
[[1;34mINFO[m] [1;32mTests run: [0;1;32m5[m, Failures: 0, Errors: 0, Skipped: 0, Time elapsed: 0.039 s - in edu.unc.lib.dl.fedora.[1mJobForwardingJMSListenerTest[m
[[1;34mINFO[m] Running edu.unc.lib.dl.fedora.[1mFedoraDataServiceTest[m
[[1;33mWARNING[m] [1;33mTests [0;1mrun: [0;1m1[m, Failures: 0, Errors: 0, [1;33mSkipped: [0;1;33m1[m, Time elapsed: 0.001 s - in edu.unc.lib.dl.fedora.[1mFedoraDataServiceTest[m
[[1;34mINFO[m] Running edu.unc.lib.dl.fedora.[1mContentPathFactoryTest[m
[[1;34mINFO[m] [1;32mTests run: [0;1;32m3[m, Failures: 0, Errors: 0, Skipped: 0, Time elapsed: 0.657 s - in edu.unc.lib.dl.fedora.[1mContentPathFactoryTest[m
[[1;34mINFO[m] 
[[1;34mINFO[m] Results:
[[1;34mINFO[m] 
[[1;31mERROR[m] [1;31mErrors: [m
[[1;31mERROR[m] [1;31m  TransactionalFcrepoClientTest.executeRequestWithTxTest:96 » NullPointer[m
[[1;34mINFO[m] 
[[1;31mERROR[m] [1;31mTests run: 217, Failures: 0, Errors: 1, Skipped: 4[m
[[1;34mINFO[m] 
[[1;34mINFO[m] [1m------------------------------------------------------------------------[m
[[1;34mINFO[m] [1mReactor Summary:[m
[[1;34mINFO[m] 
[[1;34mINFO[m] CDR Metadata Utilities ............................. [1;32mSUCCESS[m [ 19.657 s]
[[1;34mINFO[m] security ........................................... [1;32mSUCCESS[m [  4.300 s]
[[1;34mINFO[m] Fedora Clients ..................................... [1;31mFAILURE[m [  6.375 s]
[[1;34mINFO[m] CDR Solr Search API ................................ [1;33mSKIPPED[m
[[1;34mINFO[m] CDR Common Access Components ....................... [1;33mSKIPPED[m
[[1;34mINFO[m] CDR Access ......................................... [1;33mSKIPPED[m
[[1;34mINFO[m] CDR Persistence Layer .............................. [1;33mSKIPPED[m
[[1;34mINFO[m] CDR Solr Ingest .................................... [1;33mSKIPPED[m
[[1;34mINFO[m] CDR SWORD Server ................................... [1;33mSKIPPED[m
[[1;34mINFO[m] CDR Services Webapp ................................ [1;33mSKIPPED[m
[[1;34mINFO[m] services-camel ..................................... [1;33mSKIPPED[m
[[1;34mINFO[m] CDR Administrative Interface ....................... [1;33mSKIPPED[m
[[1;34mINFO[m] deposit ............................................ [1;33mSKIPPED[m
[[1;34mINFO[m] [1m------------------------------------------------------------------------[m
[[1;34mINFO[m] [1;31mBUILD FAILURE[m
[[1;34mINFO[m] [1m------------------------------------------------------------------------[m
[[1;34mINFO[m] Total time: 31.019 s
[[1;34mINFO[m] Finished at: 2018-06-26T17:13:10Z
[[1;34mINFO[m] Final Memory: 41M/721M
[[1;34mINFO[m] [1m------------------------------------------------------------------------[m
[[1;31mERROR[m] Failed to execute goal [32morg.apache.maven.plugins:maven-surefire-plugin:2.20:test[m [1m(default-test)[m on project [36mfcrepo-clients[m: [1;31mThere are test failures.[m
[[1;31mERROR[m] [1;31m[m
[[1;31mERROR[m] [1;31mPlease refer to /home/travis/build/UNC-Libraries/Carolina-Digital-Repository/fcrepo-clients/target/surefire-reports for the individual test results.[m
[[1;31mERROR[m] [1;31mPlease refer to dump files (if any exist) [date]-jvmRun[N].dump, [date].dumpstream and [date]-jvmRun[N].dumpstream.[m
[[1;31mERROR[m] -> [1m[Help 1][m
[[1;31mERROR[m] 
[[1;31mERROR[m] To see the full stack trace of the errors, re-run Maven with the [1m-e[m switch.
[[1;31mERROR[m] Re-run Maven using the [1m-X[m switch to enable full debug logging.
[[1;31mERROR[m] 
[[1;31mERROR[m] For more information about the errors and possible solutions, please read the following articles:
[[1;31mERROR[m] [1m[Help 1][m http://cwiki.apache.org/confluence/display/MAVEN/MojoFailureException
[[1;31mERROR[m] 
[[1;31mERROR[m] After correcting the problems, you can resume the build with the command
[[1;31mERROR[m]   [1mmvn <goals> -rf :fcrepo-clients[m

travis_time:end:1b43c428:start=1530033158002472320,finish=1530033191261848241,duration=33259375921[0K
[31;1mThe command "mvn verify -pl access,access-common,admin,deposit,fcrepo-clients,metadata,persistence,security,services,services-camel,solr-ingest,solr-search,sword-server" exited with 1.[0m
travis_fold:start:cache.2[0Kstore build cache
travis_time:start:0572bfe7[0K
travis_time:end:0572bfe7:start=1530033191269278630,finish=1530033191275092723,duration=5814093[0Ktravis_time:start:0e0b62ae[0K[32;1mchange detected (content changed, file is created, or file is deleted):
/home/travis/.m2/repository/edu/unc/lib/cdr/access/4.0-SNAPSHOT/access-4.0-SNAPSHOT.war
/home/travis/.m2/repository/edu/unc/lib/cdr/access/4.0-SNAPSHOT/maven-metadata-local.xml
/home/travis/.m2/repository/edu/unc/lib/cdr/access/4.0-SNAPSHOT/_remote.repositories
/home/travis/.m2/repository/edu/unc/lib/cdr/access-common/4.0-SNAPSHOT/access-common-4.0-SNAPSHOT.jar
/home/travis/.m2/repository/edu/unc/lib/cdr/access-common/4.0-SNAPSHOT/maven-metadata-local.xml
/home/travis/.m2/repository/edu/unc/lib/cdr/access-common/4.0-SNAPSHOT/_remote.repositories
/home/travis/.m2/repository/edu/unc/lib/cdr/access-common/maven-metadata-local.xml
/home/travis/.m2/repository/edu/unc/lib/cdr/access/maven-metadata-local.xml
/home/travis/.m2/repository/edu/unc/lib/cdr/admin/4.0-SNAPSHOT/admin-4.0-SNAPSHOT.war
/home/travis/.m2/repository/edu/unc/lib/cdr/admin/4.0-SNAPSHOT/maven-metadata-local.xml
/home/travis/.m2/repository/edu/unc/lib/cdr/admin/4.0-SNAPSHOT/_remote.repositories
/home/travis/.m2/repository/edu/
[0m
[32;1m...
[0m
[32;1mchanges detected, packing new archive[0m
.
.
.
.
.
.
[32;1muploading archive[0m

travis_time:end:0e0b62ae:start=1530033191284998836,finish=1530033233138731863,duration=41853733027[0Ktravis_fold:end:cache.2[0K
Done. Your build exited with 1.
