travis_fold:start:system_info[0K[33;1mBuild system information[0m
Build language: java
Build id: ''
Job id: ''
[34m[1mBuild image provisioning date and time[0m
Thu Feb  5 15:09:33 UTC 2015
[34m[1mOperating System Details[0m
Distributor ID:	Ubuntu
Description:	Ubuntu 12.04.5 LTS
Release:	12.04
Codename:	precise
[34m[1mLinux Version[0m
3.13.0-29-generic
[34m[1mCookbooks Version[0m
a68419e https://github.com/travis-ci/travis-cookbooks/tree/a68419e
[34m[1mGCC version[0m
gcc (Ubuntu/Linaro 4.6.3-1ubuntu5) 4.6.3
Copyright (C) 2011 Free Software Foundation, Inc.
This is free software; see the source for copying conditions.  There is NO
warranty; not even for MERCHANTABILITY or FITNESS FOR A PARTICULAR PURPOSE.

[34m[1mLLVM version[0m
clang version 3.4 (tags/RELEASE_34/final)
Target: x86_64-unknown-linux-gnu
Thread model: posix
[34m[1mPre-installed Ruby versions[0m
ruby-1.9.3-p551
[34m[1mPre-installed Node.js versions[0m
v0.10.36
[34m[1mPre-installed Go versions[0m
1.4.1
[34m[1mRedis version[0m
redis-server 2.8.19
[34m[1mriak version[0m
2.0.2
[34m[1mMongoDB version[0m
MongoDB 2.4.12
[34m[1mCouchDB version[0m
couchdb 1.6.1
[34m[1mNeo4j version[0m
1.9.4
[34m[1mRabbitMQ Version[0m
3.4.3
[34m[1mElasticSearch version[0m
1.4.0
[34m[1mInstalled Sphinx versions[0m
2.0.10
2.1.9
2.2.6
[34m[1mDefault Sphinx version[0m
2.2.6
[34m[1mInstalled Firefox version[0m
firefox 31.0esr
[34m[1mPhantomJS version[0m
1.9.8
[34m[1mant -version[0m
Apache Ant(TM) version 1.8.2 compiled on December 3 2011
[34m[1mmvn -version[0m
Apache Maven 3.2.5 (12a6b3acb947671f09b81f49094c53f426d8cea1; 2014-12-14T17:29:23+00:00)
Maven home: /usr/local/maven
Java version: 1.7.0_76, vendor: Oracle Corporation
Java home: /usr/lib/jvm/java-7-oracle/jre
Default locale: en_US, platform encoding: ANSI_X3.4-1968
OS name: "linux", version: "3.13.0-29-generic", arch: "amd64", family: "unix"
travis_fold:end:system_info[0K
sed: cannot rename /etc/hosts: Device or resource busy
sed: cannot rename /etc/hosts: Device or resource busy
$ cd xetorthio/jedis
$ jdk_switcher use oraclejdk7
Switching to Oracle JDK7 (java-7-oracle), JAVA_HOME will be set to /usr/lib/jvm/java-7-oracle
$ export TERM=dumb
$ java -Xmx32m -version
java version "1.7.0_76"
Java(TM) SE Runtime Environment (build 1.7.0_76-b13)
Java HotSpot(TM) 64-Bit Server VM (build 24.76-b04, mixed mode)
$ javac -J-Xmx32m -version
javac 1.7.0_76
travis_fold:start:install[0Ktravis_time:start:0327ddc5[0K$ make travis-install
[ ! -e redis-git ] && git clone https://github.com/antirez/redis.git redis-git || true
Cloning into 'redis-git'...
make -C redis-git -j4
make[1]: Entering directory `/home/travis/build/xetorthio/jedis/redis-git'
cd src && make all
make[2]: Entering directory `/home/travis/build/xetorthio/jedis/redis-git/src'
    [34mCC[0m [33mMakefile.dep[0m
make[2]: Leaving directory `/home/travis/build/xetorthio/jedis/redis-git/src'
make[2]: Entering directory `/home/travis/build/xetorthio/jedis/redis-git/src'
rm -rf redis-server redis-sentinel redis-cli redis-benchmark redis-check-rdb redis-check-aof *.o *.gcda *.gcno *.gcov redis.info lcov-html Makefile.dep dict-benchmark
(cd ../deps && make distclean)
make[3]: Entering directory `/home/travis/build/xetorthio/jedis/redis-git/deps'
(cd hiredis && make clean) > /dev/null || true
(cd linenoise && make clean) > /dev/null || true
(cd lua && make clean) > /dev/null || true
(cd jemalloc && [ -f Makefile ] && make distclean) > /dev/null || true
(rm -f .make-*)
make[3]: Leaving directory `/home/travis/build/xetorthio/jedis/redis-git/deps'
(rm -f .make-*)
echo STD=-std=c99 -pedantic -DREDIS_STATIC='' >> .make-settings
echo WARN=-Wall -W -Wno-missing-field-initializers >> .make-settings
echo OPT=-O2 >> .make-settings
echo MALLOC=jemalloc >> .make-settings
echo CFLAGS= >> .make-settings
echo LDFLAGS= >> .make-settings
echo REDIS_CFLAGS= >> .make-settings
echo REDIS_LDFLAGS= >> .make-settings
echo PREV_FINAL_CFLAGS=-std=c99 -pedantic -DREDIS_STATIC='' -Wall -W -Wno-missing-field-initializers -O2 -g -ggdb   -I../deps/hiredis -I../deps/linenoise -I../deps/lua/src -DUSE_JEMALLOC -I../deps/jemalloc/include >> .make-settings
echo PREV_FINAL_LDFLAGS=  -g -ggdb -rdynamic >> .make-settings
(cd ../deps && make hiredis linenoise lua jemalloc)
make[3]: Entering directory `/home/travis/build/xetorthio/jedis/redis-git/deps'
(cd hiredis && make clean) > /dev/null || true
(cd linenoise && make clean) > /dev/null || true
(cd lua && make clean) > /dev/null || true
(cd jemalloc && [ -f Makefile ] && make distclean) > /dev/null || true
(rm -f .make-*)
(echo "" > .make-ldflags)
(echo "" > .make-cflags)
[32;1mMAKE[0m [37;1mhiredis[0m
cd hiredis && make static
[32;1mMAKE[0m [37;1mlinenoise[0m
cd linenoise && make
[32;1mMAKE[0m [37;1mlua[0m
make[4]: Entering directory `/home/travis/build/xetorthio/jedis/redis-git/deps/linenoise'
cd lua/src && make all CFLAGS="-O2 -Wall -DLUA_ANSI -DENABLE_CJSON_GLOBAL -DREDIS_STATIC='' " MYLDFLAGS="" AR="ar rcu"
[32;1mMAKE[0m [37;1mjemalloc[0m
cc  -Wall -Os -g  -c linenoise.c
cd jemalloc && ./configure --with-lg-quantum=3 --with-jemalloc-prefix=je_ --enable-cc-silence CFLAGS="-std=gnu99 -Wall -pipe -g3 -O3 -funroll-loops " LDFLAGS=""
make[4]: Entering directory `/home/travis/build/xetorthio/jedis/redis-git/deps/lua/src'
make[4]: Entering directory `/home/travis/build/xetorthio/jedis/redis-git/deps/hiredis'
cc -std=c99 -pedantic -c -O3 -fPIC  -Wall -W -Wstrict-prototypes -Wwrite-strings -g -ggdb  net.c
cc -O2 -Wall -DLUA_ANSI -DENABLE_CJSON_GLOBAL -DREDIS_STATIC=''    -c -o lapi.o lapi.c
cc -std=c99 -pedantic -c -O3 -fPIC  -Wall -W -Wstrict-prototypes -Wwrite-strings -g -ggdb  hiredis.c
make[4]: Leaving directory `/home/travis/build/xetorthio/jedis/redis-git/deps/linenoise'
cc -std=c99 -pedantic -c -O3 -fPIC  -Wall -W -Wstrict-prototypes -Wwrite-strings -g -ggdb  sds.c
cc -O2 -Wall -DLUA_ANSI -DENABLE_CJSON_GLOBAL -DREDIS_STATIC=''    -c -o lcode.o lcode.c
checking for xsltproc... false
checking for gcc... gcc
checking whether the C compiler works... yes
checking for C compiler default output file name... a.out
checking for suffix of executables... cc -O2 -Wall -DLUA_ANSI -DENABLE_CJSON_GLOBAL -DREDIS_STATIC=''    -c -o ldebug.o ldebug.c

checking whether we are cross compiling... no
checking for suffix of object files... o
checking whether we are using the GNU C compiler... cc -std=c99 -pedantic -c -O3 -fPIC  -Wall -W -Wstrict-prototypes -Wwrite-strings -g -ggdb  async.c
yes
checking whether gcc accepts -g... yes
checking for gcc option to accept ISO C89... none needed
checking how to run the C preprocessor... cc -O2 -Wall -DLUA_ANSI -DENABLE_CJSON_GLOBAL -DREDIS_STATIC=''    -c -o ldo.o ldo.c
cc -O2 -Wall -DLUA_ANSI -DENABLE_CJSON_GLOBAL -DREDIS_STATIC=''    -c -o ldump.o ldump.c
gcc -E
ldo.c: In function â€˜f_parserâ€™:
ldo.c:496:7: warning: unused variable â€˜câ€™ [-Wunused-variable]
checking for grep that handles long lines and -e... /bin/grep
checking for egrep... /bin/grep -E
checking for ANSI C header files... cc -O2 -Wall -DLUA_ANSI -DENABLE_CJSON_GLOBAL -DREDIS_STATIC=''    -c -o lfunc.o lfunc.c
cc -O2 -Wall -DLUA_ANSI -DENABLE_CJSON_GLOBAL -DREDIS_STATIC=''    -c -o lgc.o lgc.c
cc -O2 -Wall -DLUA_ANSI -DENABLE_CJSON_GLOBAL -DREDIS_STATIC=''    -c -o llex.o llex.c
yes
checking for sys/types.h... ar rcs libhiredis.a net.o hiredis.o sds.o async.o
make[4]: Leaving directory `/home/travis/build/xetorthio/jedis/redis-git/deps/hiredis'
cc -O2 -Wall -DLUA_ANSI -DENABLE_CJSON_GLOBAL -DREDIS_STATIC=''    -c -o lmem.o lmem.c
yes
checking for sys/stat.h... cc -O2 -Wall -DLUA_ANSI -DENABLE_CJSON_GLOBAL -DREDIS_STATIC=''    -c -o lobject.o lobject.c
yes
checking for stdlib.h... yes
checking for string.h... cc -O2 -Wall -DLUA_ANSI -DENABLE_CJSON_GLOBAL -DREDIS_STATIC=''    -c -o lopcodes.o lopcodes.c
cc -O2 -Wall -DLUA_ANSI -DENABLE_CJSON_GLOBAL -DREDIS_STATIC=''    -c -o lparser.o lparser.c
cc -O2 -Wall -DLUA_ANSI -DENABLE_CJSON_GLOBAL -DREDIS_STATIC=''    -c -o lstate.o lstate.c
yes
cc -O2 -Wall -DLUA_ANSI -DENABLE_CJSON_GLOBAL -DREDIS_STATIC=''    -c -o lstring.o lstring.c
checking for memory.h... cc -O2 -Wall -DLUA_ANSI -DENABLE_CJSON_GLOBAL -DREDIS_STATIC=''    -c -o ltable.o ltable.c
yes
cc -O2 -Wall -DLUA_ANSI -DENABLE_CJSON_GLOBAL -DREDIS_STATIC=''    -c -o ltm.o ltm.c
checking for strings.h... cc -O2 -Wall -DLUA_ANSI -DENABLE_CJSON_GLOBAL -DREDIS_STATIC=''    -c -o lundump.o lundump.c
yes
checking for inttypes.h... yes
checking for stdint.h... cc -O2 -Wall -DLUA_ANSI -DENABLE_CJSON_GLOBAL -DREDIS_STATIC=''    -c -o lvm.o lvm.c
yes
cc -O2 -Wall -DLUA_ANSI -DENABLE_CJSON_GLOBAL -DREDIS_STATIC=''    -c -o lzio.o lzio.c
checking for unistd.h... cc -O2 -Wall -DLUA_ANSI -DENABLE_CJSON_GLOBAL -DREDIS_STATIC=''    -c -o strbuf.o strbuf.c
yes
checking whether byte ordering is bigendian... cc -O2 -Wall -DLUA_ANSI -DENABLE_CJSON_GLOBAL -DREDIS_STATIC=''    -c -o fpconv.o fpconv.c
cc -O2 -Wall -DLUA_ANSI -DENABLE_CJSON_GLOBAL -DREDIS_STATIC=''    -c -o lauxlib.o lauxlib.c
cc -O2 -Wall -DLUA_ANSI -DENABLE_CJSON_GLOBAL -DREDIS_STATIC=''    -c -o lbaselib.o lbaselib.c
no
checking size of void *... 8
checking size of int... cc -O2 -Wall -DLUA_ANSI -DENABLE_CJSON_GLOBAL -DREDIS_STATIC=''    -c -o ldblib.o ldblib.c
4
cc -O2 -Wall -DLUA_ANSI -DENABLE_CJSON_GLOBAL -DREDIS_STATIC=''    -c -o liolib.o liolib.c
cc -O2 -Wall -DLUA_ANSI -DENABLE_CJSON_GLOBAL -DREDIS_STATIC=''    -c -o lmathlib.o lmathlib.c
checking size of long... 8
checking size of intmax_t... cc -O2 -Wall -DLUA_ANSI -DENABLE_CJSON_GLOBAL -DREDIS_STATIC=''    -c -o loslib.o loslib.c
cc -O2 -Wall -DLUA_ANSI -DENABLE_CJSON_GLOBAL -DREDIS_STATIC=''    -c -o ltablib.o ltablib.c
8
cc -O2 -Wall -DLUA_ANSI -DENABLE_CJSON_GLOBAL -DREDIS_STATIC=''    -c -o lstrlib.o lstrlib.c
checking build system type... cc -O2 -Wall -DLUA_ANSI -DENABLE_CJSON_GLOBAL -DREDIS_STATIC=''    -c -o loadlib.o loadlib.c
cc -O2 -Wall -DLUA_ANSI -DENABLE_CJSON_GLOBAL -DREDIS_STATIC=''    -c -o linit.o linit.c
x86_64-unknown-linux-gnu
checking host system type... x86_64-unknown-linux-gnu
checking whether pause instruction is compilable... cc -O2 -Wall -DLUA_ANSI -DENABLE_CJSON_GLOBAL -DREDIS_STATIC=''    -c -o lua_cjson.o lua_cjson.c
yes
checking for ar... ar
checking malloc.h usability... cc -O2 -Wall -DLUA_ANSI -DENABLE_CJSON_GLOBAL -DREDIS_STATIC=''    -c -o lua_struct.o lua_struct.c
yes
checking malloc.h presence... yes
checking for malloc.h... yes
checking whether malloc_usable_size definition can use const argument... no
checking whether __attribute__ syntax is compilable... cc -O2 -Wall -DLUA_ANSI -DENABLE_CJSON_GLOBAL -DREDIS_STATIC=''    -c -o lua_cmsgpack.o lua_cmsgpack.c
yes
checking whether compiler supports -fvisibility=hidden... yes
cc -O2 -Wall -DLUA_ANSI -DENABLE_CJSON_GLOBAL -DREDIS_STATIC=''    -c -o lua_bit.o lua_bit.c
checking whether compiler supports -Werror... yes
checking whether tls_model attribute is compilable... cc -O2 -Wall -DLUA_ANSI -DENABLE_CJSON_GLOBAL -DREDIS_STATIC=''    -c -o lua.o lua.c
cc -O2 -Wall -DLUA_ANSI -DENABLE_CJSON_GLOBAL -DREDIS_STATIC=''    -c -o luac.o luac.c
yes
checking whether compiler supports -Werror... yes
checking whether alloc_size attribute is compilable... yes
checking whether compiler supports -Werror... yes
checking whether format(gnu_printf, ...) attribute is compilable... cc -O2 -Wall -DLUA_ANSI -DENABLE_CJSON_GLOBAL -DREDIS_STATIC=''    -c -o print.o print.c
ar rcu liblua.a lapi.o lcode.o ldebug.o ldo.o ldump.o lfunc.o lgc.o llex.o lmem.o lobject.o lopcodes.o lparser.o lstate.o lstring.o ltable.o ltm.o lundump.o lvm.o lzio.o strbuf.o fpconv.o lauxlib.o lbaselib.o ldblib.o liolib.o lmathlib.o loslib.o ltablib.o lstrlib.o loadlib.o linit.o lua_cjson.o lua_struct.o lua_cmsgpack.o lua_bit.o	# DLL needs all object files
ranlib liblua.a
cc -o lua  lua.o liblua.a -lm 
yes
checking whether compiler supports -Werror... yes
checking whether format(printf, ...) attribute is compilable... cc -o luac  luac.o print.o liblua.a -lm 
make[4]: Leaving directory `/home/travis/build/xetorthio/jedis/redis-git/deps/lua/src'
yes
checking for a BSD-compatible install... /usr/bin/install -c
checking for ranlib... ranlib
checking for ld... /usr/bin/ld
checking for autoconf... /usr/bin/autoconf
checking for memalign... yes
checking for valloc... yes
checking configured backtracing method... N/A
checking for sbrk... yes
checking whether utrace(2) is compilable... no
checking whether valgrind is compilable... no
checking whether a program using __builtin_ffsl is compilable... yes
checking LG_PAGE... 12
checking pthread.h usability... yes
checking pthread.h presence... yes
checking for pthread.h... yes
checking for pthread_create in -lpthread... yes
checking for library containing clock_gettime... -lrt
checking for secure_getenv... no
checking for issetugid... no
checking for _malloc_thread_cleanup... no
checking for _pthread_mutex_init_calloc_cb... no
checking for TLS... yes
checking whether C11 atomics is compilable... no
checking whether atomic(9) is compilable... no
checking whether Darwin OSAtomic*() is compilable... no
checking whether madvise(2) is compilable... yes
checking whether to force 32-bit __sync_{add,sub}_and_fetch()... no
checking whether to force 64-bit __sync_{add,sub}_and_fetch()... no
checking for __builtin_clz... yes
checking whether Darwin OSSpin*() is compilable... no
checking whether glibc malloc hook is compilable... yes
checking whether glibc memalign hook is compilable... yes
checking whether pthreads adaptive mutexes is compilable... yes
checking for stdbool.h that conforms to C99... yes
checking for _Bool... yes
configure: creating ./config.status
config.status: creating Makefile
config.status: creating jemalloc.pc
config.status: creating doc/html.xsl
config.status: creating doc/manpages.xsl
config.status: creating doc/jemalloc.xml
config.status: creating include/jemalloc/jemalloc_macros.h
config.status: creating include/jemalloc/jemalloc_protos.h
config.status: creating include/jemalloc/jemalloc_typedefs.h
config.status: creating include/jemalloc/internal/jemalloc_internal.h
config.status: creating test/test.sh
config.status: creating test/include/test/jemalloc_test.h
config.status: creating config.stamp
config.status: creating bin/jemalloc-config
config.status: creating bin/jemalloc.sh
config.status: creating bin/jeprof
config.status: creating include/jemalloc/jemalloc_defs.h
config.status: creating include/jemalloc/internal/jemalloc_internal_defs.h
config.status: creating test/include/test/jemalloc_test_defs.h
config.status: executing include/jemalloc/internal/private_namespace.h commands
config.status: executing include/jemalloc/internal/private_unnamespace.h commands
config.status: executing include/jemalloc/internal/public_symbols.txt commands
config.status: executing include/jemalloc/internal/public_namespace.h commands
config.status: executing include/jemalloc/internal/public_unnamespace.h commands
config.status: executing include/jemalloc/internal/size_classes.h commands
config.status: executing include/jemalloc/jemalloc_protos_jet.h commands
config.status: executing include/jemalloc/jemalloc_rename.h commands
config.status: executing include/jemalloc/jemalloc_mangle.h commands
config.status: executing include/jemalloc/jemalloc_mangle_jet.h commands
config.status: executing include/jemalloc/jemalloc.h commands
===============================================================================
jemalloc version   : 4.0.3-0-ge9192eacf8935e29fc62fddc2701f7942b1cc02c
library revision   : 2

CONFIG             : --with-lg-quantum=3 --with-jemalloc-prefix=je_ --enable-cc-silence 'CFLAGS=-std=gnu99 -Wall -pipe -g3 -O3 -funroll-loops ' LDFLAGS=
CC                 : gcc
CFLAGS             : -std=gnu99 -Wall -pipe -g3 -O3 -funroll-loops  -fvisibility=hidden
CPPFLAGS           :  -D_GNU_SOURCE -D_REENTRANT
LDFLAGS            : 
EXTRA_LDFLAGS      : 
LIBS               :  -lpthread
TESTLIBS           : -lrt 
RPATH_EXTRA        : 

XSLTPROC           : false
XSLROOT            : 

PREFIX             : /usr/local
BINDIR             : /usr/local/bin
DATADIR            : /usr/local/share
INCLUDEDIR         : /usr/local/include
LIBDIR             : /usr/local/lib
MANDIR             : /usr/local/share/man

srcroot            : 
abs_srcroot        : /home/travis/build/xetorthio/jedis/redis-git/deps/jemalloc/
objroot            : 
abs_objroot        : /home/travis/build/xetorthio/jedis/redis-git/deps/jemalloc/

JEMALLOC_PREFIX    : je_
JEMALLOC_PRIVATE_NAMESPACE
                   : je_
install_suffix     : 
autogen            : 0
cc-silence         : 1
debug              : 0
code-coverage      : 0
stats              : 1
prof               : 0
prof-libunwind     : 0
prof-libgcc        : 0
prof-gcc           : 0
tcache             : 1
fill               : 1
utrace             : 0
valgrind           : 0
xmalloc            : 0
munmap             : 0
lazy_lock          : 0
tls                : 1
cache-oblivious    : 1
===============================================================================
cd jemalloc && make CFLAGS="-std=gnu99 -Wall -pipe -g3 -O3 -funroll-loops " LDFLAGS="" lib/libjemalloc.a
make[4]: Entering directory `/home/travis/build/xetorthio/jedis/redis-git/deps/jemalloc'
gcc -std=gnu99 -Wall -pipe -g3 -O3 -funroll-loops  -c -D_GNU_SOURCE -D_REENTRANT -Iinclude -Iinclude -o src/jemalloc.o src/jemalloc.c
gcc -std=gnu99 -Wall -pipe -g3 -O3 -funroll-loops  -c -D_GNU_SOURCE -D_REENTRANT -Iinclude -Iinclude -o src/arena.o src/arena.c
gcc -std=gnu99 -Wall -pipe -g3 -O3 -funroll-loops  -c -D_GNU_SOURCE -D_REENTRANT -Iinclude -Iinclude -o src/atomic.o src/atomic.c
gcc -std=gnu99 -Wall -pipe -g3 -O3 -funroll-loops  -c -D_GNU_SOURCE -D_REENTRANT -Iinclude -Iinclude -o src/base.o src/base.c
gcc -std=gnu99 -Wall -pipe -g3 -O3 -funroll-loops  -c -D_GNU_SOURCE -D_REENTRANT -Iinclude -Iinclude -o src/bitmap.o src/bitmap.c
gcc -std=gnu99 -Wall -pipe -g3 -O3 -funroll-loops  -c -D_GNU_SOURCE -D_REENTRANT -Iinclude -Iinclude -o src/chunk.o src/chunk.c
gcc -std=gnu99 -Wall -pipe -g3 -O3 -funroll-loops  -c -D_GNU_SOURCE -D_REENTRANT -Iinclude -Iinclude -o src/chunk_dss.o src/chunk_dss.c
gcc -std=gnu99 -Wall -pipe -g3 -O3 -funroll-loops  -c -D_GNU_SOURCE -D_REENTRANT -Iinclude -Iinclude -o src/chunk_mmap.o src/chunk_mmap.c
gcc -std=gnu99 -Wall -pipe -g3 -O3 -funroll-loops  -c -D_GNU_SOURCE -D_REENTRANT -Iinclude -Iinclude -o src/ckh.o src/ckh.c
gcc -std=gnu99 -Wall -pipe -g3 -O3 -funroll-loops  -c -D_GNU_SOURCE -D_REENTRANT -Iinclude -Iinclude -o src/ctl.o src/ctl.c
gcc -std=gnu99 -Wall -pipe -g3 -O3 -funroll-loops  -c -D_GNU_SOURCE -D_REENTRANT -Iinclude -Iinclude -o src/extent.o src/extent.c
gcc -std=gnu99 -Wall -pipe -g3 -O3 -funroll-loops  -c -D_GNU_SOURCE -D_REENTRANT -Iinclude -Iinclude -o src/hash.o src/hash.c
gcc -std=gnu99 -Wall -pipe -g3 -O3 -funroll-loops  -c -D_GNU_SOURCE -D_REENTRANT -Iinclude -Iinclude -o src/huge.o src/huge.c
gcc -std=gnu99 -Wall -pipe -g3 -O3 -funroll-loops  -c -D_GNU_SOURCE -D_REENTRANT -Iinclude -Iinclude -o src/mb.o src/mb.c
gcc -std=gnu99 -Wall -pipe -g3 -O3 -funroll-loops  -c -D_GNU_SOURCE -D_REENTRANT -Iinclude -Iinclude -o src/mutex.o src/mutex.c
gcc -std=gnu99 -Wall -pipe -g3 -O3 -funroll-loops  -c -D_GNU_SOURCE -D_REENTRANT -Iinclude -Iinclude -o src/pages.o src/pages.c
gcc -std=gnu99 -Wall -pipe -g3 -O3 -funroll-loops  -c -D_GNU_SOURCE -D_REENTRANT -Iinclude -Iinclude -o src/prof.o src/prof.c
gcc -std=gnu99 -Wall -pipe -g3 -O3 -funroll-loops  -c -D_GNU_SOURCE -D_REENTRANT -Iinclude -Iinclude -o src/quarantine.o src/quarantine.c
gcc -std=gnu99 -Wall -pipe -g3 -O3 -funroll-loops  -c -D_GNU_SOURCE -D_REENTRANT -Iinclude -Iinclude -o src/rtree.o src/rtree.c
gcc -std=gnu99 -Wall -pipe -g3 -O3 -funroll-loops  -c -D_GNU_SOURCE -D_REENTRANT -Iinclude -Iinclude -o src/stats.o src/stats.c
gcc -std=gnu99 -Wall -pipe -g3 -O3 -funroll-loops  -c -D_GNU_SOURCE -D_REENTRANT -Iinclude -Iinclude -o src/tcache.o src/tcache.c
gcc -std=gnu99 -Wall -pipe -g3 -O3 -funroll-loops  -c -D_GNU_SOURCE -D_REENTRANT -Iinclude -Iinclude -o src/util.o src/util.c
gcc -std=gnu99 -Wall -pipe -g3 -O3 -funroll-loops  -c -D_GNU_SOURCE -D_REENTRANT -Iinclude -Iinclude -o src/tsd.o src/tsd.c
ar crus lib/libjemalloc.a src/jemalloc.o src/arena.o src/atomic.o src/base.o src/bitmap.o src/chunk.o src/chunk_dss.o src/chunk_mmap.o src/ckh.o src/ctl.o src/extent.o src/hash.o src/huge.o src/mb.o src/mutex.o src/pages.o src/prof.o src/quarantine.o src/rtree.o src/stats.o src/tcache.o src/util.o src/tsd.o
make[4]: Leaving directory `/home/travis/build/xetorthio/jedis/redis-git/deps/jemalloc'
make[3]: Leaving directory `/home/travis/build/xetorthio/jedis/redis-git/deps'
    [34mCC[0m [33madlist.o[0m
    [34mCC[0m [33mquicklist.o[0m
    [34mCC[0m [33mae.o[0m
    [34mCC[0m [33manet.o[0m
    [34mCC[0m [33mdict.o[0m
    [34mCC[0m [33mserver.o[0m
    [34mCC[0m [33msds.o[0m
    [34mCC[0m [33mzmalloc.o[0m
    [34mCC[0m [33mlzf_c.o[0m
    [34mCC[0m [33mlzf_d.o[0m
    [34mCC[0m [33mpqsort.o[0m
    [34mCC[0m [33mzipmap.o[0m
    [34mCC[0m [33msha1.o[0m
    [34mCC[0m [33mziplist.o[0m
    [34mCC[0m [33mrelease.o[0m
    [34mCC[0m [33mnetworking.o[0m
    [34mCC[0m [33mutil.o[0m
    [34mCC[0m [33mobject.o[0m
    [34mCC[0m [33mdb.o[0m
    [34mCC[0m [33mreplication.o[0m
    [34mCC[0m [33mrdb.o[0m
    [34mCC[0m [33mt_string.o[0m
    [34mCC[0m [33mt_list.o[0m
    [34mCC[0m [33mt_set.o[0m
    [34mCC[0m [33mt_zset.o[0m
    [34mCC[0m [33mt_hash.o[0m
    [34mCC[0m [33mconfig.o[0m
    [34mCC[0m [33maof.o[0m
    [34mCC[0m [33mpubsub.o[0m
    [34mCC[0m [33mmulti.o[0m
    [34mCC[0m [33mdebug.o[0m
    [34mCC[0m [33msort.o[0m
    [34mCC[0m [33mintset.o[0m
    [34mCC[0m [33msyncio.o[0m
    [34mCC[0m [33mcluster.o[0m
    [34mCC[0m [33mcrc16.o[0m
    [34mCC[0m [33mendianconv.o[0m
    [34mCC[0m [33mslowlog.o[0m
    [34mCC[0m [33mscripting.o[0m
    [34mCC[0m [33mbio.o[0m
    [34mCC[0m [33mrio.o[0m
    [34mCC[0m [33mrand.o[0m
    [34mCC[0m [33mmemtest.o[0m
    [34mCC[0m [33mcrc64.o[0m
    [34mCC[0m [33mbitops.o[0m
    [34mCC[0m [33msentinel.o[0m
    [34mCC[0m [33mnotify.o[0m
    [34mCC[0m [33msetproctitle.o[0m
    [34mCC[0m [33mblocked.o[0m
    [34mCC[0m [33mhyperloglog.o[0m
    [34mCC[0m [33mlatency.o[0m
    [34mCC[0m [33msparkline.o[0m
    [34mCC[0m [33mredis-check-rdb.o[0m
    [34mCC[0m [33mgeo.o[0m
    [34mCC[0m [33mlazyfree.o[0m
    [34mCC[0m [33mmodule.o[0m
    [34mCC[0m [33mevict.o[0m
    [34mCC[0m [33mexpire.o[0m
    [34mCC[0m [33mgeohash.o[0m
    [34mCC[0m [33mgeohash_helper.o[0m
    [34mCC[0m [33mchildinfo.o[0m
    [34mCC[0m [33mredis-cli.o[0m
    [34mCC[0m [33mredis-benchmark.o[0m
    [34mCC[0m [33mredis-check-aof.o[0m
    [34;1mLINK[0m [37;1mredis-check-aof[0m
    [34;1mLINK[0m [37;1mredis-benchmark[0m
    [34;1mLINK[0m [37;1mredis-server[0m
    [34;1mINSTALL[0m [37;1mredis-sentinel[0m
    [34;1mINSTALL[0m [37;1mredis-check-rdb[0m
    [34;1mLINK[0m [37;1mredis-cli[0m

Hint: It's a good idea to run 'make test' ;)

make[2]: Leaving directory `/home/travis/build/xetorthio/jedis/redis-git/src'
make[1]: Leaving directory `/home/travis/build/xetorthio/jedis/redis-git'

travis_time:end:0327ddc5:start=1479308549156326709,finish=1479308591549701815,duration=42393375106[0Ktravis_fold:end:install[0Ktravis_time:start:0848d1dd[0K$ make test
make start
make[1]: Entering directory `/home/travis/build/xetorthio/jedis'
rm -vf /tmp/redis_cluster_node*.conf 2>/dev/null
rm dump.rdb appendonly.aof - 2>/dev/null
make[1]: [cleanup] Error 1 (ignored)
echo "$REDIS1_CONF" | redis-server -
echo "$REDIS2_CONF" | redis-server -
echo "$REDIS3_CONF" | redis-server -
echo "$REDIS4_CONF" | redis-server -
echo "$REDIS5_CONF" | redis-server -
echo "$REDIS6_CONF" | redis-server -
echo "$REDIS7_CONF" | redis-server -
echo "$REDIS8_CONF" | redis-server -
echo "$REDIS_SENTINEL1" > /tmp/sentinel1.conf && redis-server /tmp/sentinel1.conf --sentinel
echo "$REDIS_SENTINEL2" > /tmp/sentinel2.conf && redis-server /tmp/sentinel2.conf --sentinel
echo "$REDIS_SENTINEL3" > /tmp/sentinel3.conf && redis-server /tmp/sentinel3.conf --sentinel
echo "$REDIS_SENTINEL4" > /tmp/sentinel4.conf && redis-server /tmp/sentinel4.conf --sentinel
echo "$REDIS_CLUSTER_NODE1_CONF" | redis-server -
echo "$REDIS_CLUSTER_NODE2_CONF" | redis-server -
echo "$REDIS_CLUSTER_NODE3_CONF" | redis-server -
make[1]: Leaving directory `/home/travis/build/xetorthio/jedis'
sleep 2
mvn -Dtest= clean compile test
[INFO] Scanning for projects...
Downloading: http://repo.maven.apache.org/maven2/org/sonatype/oss/oss-parent/7/oss-parent-7.pom
3/5 KB   5/5 KB            Downloaded: http://repo.maven.apache.org/maven2/org/sonatype/oss/oss-parent/7/oss-parent-7.pom (5 KB at 13.5 KB/sec)
[INFO]                                                                         
[INFO] ------------------------------------------------------------------------
[INFO] Building Jedis 2.4.1-SNAPSHOT
[INFO] ------------------------------------------------------------------------
Downloading: https://repo.maven.apache.org/maven2/org/apache/maven/plugins/maven-enforcer-plugin/1.0/maven-enforcer-plugin-1.0.pom
3/7 KB   5/7 KB   7/7 KB            Downloaded: https://repo.maven.apache.org/maven2/org/apache/maven/plugins/maven-enforcer-plugin/1.0/maven-enforcer-plugin-1.0.pom (7 KB at 10.9 KB/sec)
Downloading: https://repo.maven.apache.org/maven2/org/apache/maven/enforcer/enforcer/1.0/enforcer-1.0.pom
3/12 KB   5/12 KB   8/12 KB   11/12 KB   12/12 KB              Downloaded: https://repo.maven.apache.org/maven2/org/apache/maven/enforcer/enforcer/1.0/enforcer-1.0.pom (12 KB at 70.3 KB/sec)
Downloading: https://repo.maven.apache.org/maven2/org/apache/maven/maven-parent/17/maven-parent-17.pom
3/25 KB    5/25 KB   8/25 KB   11/25 KB   13/25 KB   16/25 KB   19/25 KB   21/25 KB   24/25 KB   25/25 KB              Downloaded: https://repo.maven.apache.org/maven2/org/apache/maven/maven-parent/17/maven-parent-17.pom (25 KB at 165.5 KB/sec)
Downloading: https://repo.maven.apache.org/maven2/org/apache/apache/7/apache-7.pom
3/15 KB    5/15 KB   8/15 KB   11/15 KB   13/15 KB   15/15 KB              Downloaded: https://repo.maven.apache.org/maven2/org/apache/apache/7/apache-7.pom (15 KB at 119.4 KB/sec)
Downloading: https://repo.maven.apache.org/maven2/org/apache/maven/plugins/maven-enforcer-plugin/1.0/maven-enforcer-plugin-1.0.jar
3/22 KB    5/22 KB   8/22 KB   11/22 KB   13/22 KB   16/22 KB   19/22 KB   21/22 KB   22/22 KB              Downloaded: https://repo.maven.apache.org/maven2/org/apache/maven/plugins/maven-enforcer-plugin/1.0/maven-enforcer-plugin-1.0.jar (22 KB at 153.8 KB/sec)
Downloading: https://repo.maven.apache.org/maven2/org/apache/maven/plugins/maven-clean-plugin/2.5/maven-clean-plugin-2.5.pom
3/4 KB     4/4 KB            Downloaded: https://repo.maven.apache.org/maven2/org/apache/maven/plugins/maven-clean-plugin/2.5/maven-clean-plugin-2.5.pom (4 KB at 30.4 KB/sec)
Downloading: https://repo.maven.apache.org/maven2/org/apache/maven/plugins/maven-plugins/22/maven-plugins-22.pom
3/13 KB   5/13 KB   8/13 KB   11/13 KB   13/13 KB              Downloaded: https://repo.maven.apache.org/maven2/org/apache/maven/plugins/maven-plugins/22/maven-plugins-22.pom (13 KB at 101.1 KB/sec)
Downloading: https://repo.maven.apache.org/maven2/org/apache/maven/maven-parent/21/maven-parent-21.pom
3/26 KB    6/26 KB   9/26 KB   11/26 KB   14/26 KB   16/26 KB   19/26 KB   22/26 KB   25/26 KB   26/26 KB              Downloaded: https://repo.maven.apache.org/maven2/org/apache/maven/maven-parent/21/maven-parent-21.pom (26 KB at 214.5 KB/sec)
Downloading: https://repo.maven.apache.org/maven2/org/apache/apache/10/apache-10.pom
3/15 KB    5/15 KB   8/15 KB   11/15 KB   13/15 KB   15/15 KB              Downloaded: https://repo.maven.apache.org/maven2/org/apache/apache/10/apache-10.pom (15 KB at 74.5 KB/sec)
Downloading: https://repo.maven.apache.org/maven2/org/apache/maven/plugins/maven-clean-plugin/2.5/maven-clean-plugin-2.5.jar
3/25 KB    5/25 KB   8/25 KB   11/25 KB   13/25 KB   16/25 KB   19/25 KB   21/25 KB   24/25 KB   25/25 KB              Downloaded: https://repo.maven.apache.org/maven2/org/apache/maven/plugins/maven-clean-plugin/2.5/maven-clean-plugin-2.5.jar (25 KB at 198.8 KB/sec)
Downloading: https://repo.maven.apache.org/maven2/org/apache/maven/plugins/maven-resources-plugin/2.6/maven-resources-plugin-2.6.pom
3/8 KB     5/8 KB   8/8 KB   8/8 KB            Downloaded: https://repo.maven.apache.org/maven2/org/apache/maven/plugins/maven-resources-plugin/2.6/maven-resources-plugin-2.6.pom (8 KB at 67.2 KB/sec)
Downloading: https://repo.maven.apache.org/maven2/org/apache/maven/plugins/maven-plugins/23/maven-plugins-23.pom
3/9 KB   3/9 KB   5/9 KB   8/9 KB   9/9 KB            Downloaded: https://repo.maven.apache.org/maven2/org/apache/maven/plugins/maven-plugins/23/maven-plugins-23.pom (9 KB at 70.2 KB/sec)
Downloading: https://repo.maven.apache.org/maven2/org/apache/maven/maven-parent/22/maven-parent-22.pom
3/30 KB   5/30 KB   8/30 KB   11/30 KB   13/30 KB   16/30 KB   19/30 KB   21/30 KB   24/30 KB   27/30 KB   29/30 KB   30/30 KB              Downloaded: https://repo.maven.apache.org/maven2/org/apache/maven/maven-parent/22/maven-parent-22.pom (30 KB at 203.1 KB/sec)
Downloading: https://repo.maven.apache.org/maven2/org/apache/apache/11/apache-11.pom
3/15 KB    5/15 KB   8/15 KB   11/15 KB   13/15 KB   15/15 KB              Downloaded: https://repo.maven.apache.org/maven2/org/apache/apache/11/apache-11.pom (15 KB at 124.7 KB/sec)
Downloading: https://repo.maven.apache.org/maven2/org/apache/maven/plugins/maven-resources-plugin/2.6/maven-resources-plugin-2.6.jar
3/29 KB    5/29 KB   8/29 KB   11/29 KB   13/29 KB   16/29 KB   19/29 KB   21/29 KB   24/29 KB   27/29 KB   29/29 KB   29/29 KB              Downloaded: https://repo.maven.apache.org/maven2/org/apache/maven/plugins/maven-resources-plugin/2.6/maven-resources-plugin-2.6.jar (29 KB at 230.6 KB/sec)
Downloading: https://repo.maven.apache.org/maven2/org/apache/maven/plugins/maven-compiler-plugin/3.1/maven-compiler-plugin-3.1.pom
3/10 KB    5/10 KB   8/10 KB   10/10 KB              Downloaded: https://repo.maven.apache.org/maven2/org/apache/maven/plugins/maven-compiler-plugin/3.1/maven-compiler-plugin-3.1.pom (10 KB at 82.4 KB/sec)
Downloading: https://repo.maven.apache.org/maven2/org/apache/maven/plugins/maven-plugins/24/maven-plugins-24.pom
3/11 KB    5/11 KB   8/11 KB   11/11 KB   11/11 KB              Downloaded: https://repo.maven.apache.org/maven2/org/apache/maven/plugins/maven-plugins/24/maven-plugins-24.pom (11 KB at 89.4 KB/sec)
Downloading: https://repo.maven.apache.org/maven2/org/apache/maven/maven-parent/23/maven-parent-23.pom
3/32 KB    5/32 KB   8/32 KB   11/32 KB   13/32 KB   16/32 KB   19/32 KB   21/32 KB   24/32 KB   27/32 KB   29/32 KB   32/32 KB   32/32 KB              Downloaded: https://repo.maven.apache.org/maven2/org/apache/maven/maven-parent/23/maven-parent-23.pom (32 KB at 235.7 KB/sec)
Downloading: https://repo.maven.apache.org/maven2/org/apache/apache/13/apache-13.pom
3/14 KB    5/14 KB   8/14 KB   11/14 KB   13/14 KB   14/14 KB              Downloaded: https://repo.maven.apache.org/maven2/org/apache/apache/13/apache-13.pom (14 KB at 117.6 KB/sec)
Downloading: https://repo.maven.apache.org/maven2/org/apache/maven/plugins/maven-compiler-plugin/3.1/maven-compiler-plugin-3.1.jar
3/42 KB    5/42 KB   8/42 KB   11/42 KB   13/42 KB   16/42 KB   19/42 KB   21/42 KB   24/42 KB   27/42 KB   29/42 KB   32/42 KB   36/42 KB   40/42 KB   42/42 KB              Downloaded: https://repo.maven.apache.org/maven2/org/apache/maven/plugins/maven-compiler-plugin/3.1/maven-compiler-plugin-3.1.jar (42 KB at 325.1 KB/sec)
Downloading: https://repo.maven.apache.org/maven2/org/apache/maven/plugins/maven-surefire-plugin/2.16/maven-surefire-plugin-2.16.pom
4/5 KB     5/5 KB            Downloaded: https://repo.maven.apache.org/maven2/org/apache/maven/plugins/maven-surefire-plugin/2.16/maven-surefire-plugin-2.16.pom (5 KB at 41.0 KB/sec)
Downloading: https://repo.maven.apache.org/maven2/org/apache/maven/surefire/surefire/2.16/surefire-2.16.pom
3/19 KB   5/19 KB   8/19 KB   11/19 KB   13/19 KB   16/19 KB   19/19 KB   19/19 KB              Downloaded: https://repo.maven.apache.org/maven2/org/apache/maven/surefire/surefire/2.16/surefire-2.16.pom (19 KB at 148.8 KB/sec)
Downloading: https://repo.maven.apache.org/maven2/org/apache/maven/plugins/maven-surefire-plugin/2.16/maven-surefire-plugin-2.16.jar
3/34 KB    5/34 KB   8/34 KB   11/34 KB   13/34 KB   16/34 KB   19/34 KB   21/34 KB   24/34 KB   27/34 KB   29/34 KB   32/34 KB   34/34 KB              Downloaded: https://repo.maven.apache.org/maven2/org/apache/maven/plugins/maven-surefire-plugin/2.16/maven-surefire-plugin-2.16.jar (34 KB at 251.5 KB/sec)
Downloading: http://repo.maven.apache.org/maven2/junit/junit/4.11/junit-4.11.pom
3/3 KB              Downloaded: http://repo.maven.apache.org/maven2/junit/junit/4.11/junit-4.11.pom (3 KB at 78.9 KB/sec)
Downloading: http://repo.maven.apache.org/maven2/org/hamcrest/hamcrest-core/1.3/hamcrest-core-1.3.pom
766/766 B               Downloaded: http://repo.maven.apache.org/maven2/org/hamcrest/hamcrest-core/1.3/hamcrest-core-1.3.pom (766 B at 25.8 KB/sec)
Downloading: http://repo.maven.apache.org/maven2/org/hamcrest/hamcrest-parent/1.3/hamcrest-parent-1.3.pom
2/2 KB               Downloaded: http://repo.maven.apache.org/maven2/org/hamcrest/hamcrest-parent/1.3/hamcrest-parent-1.3.pom (2 KB at 83.7 KB/sec)
Downloading: http://repo.maven.apache.org/maven2/org/apache/commons/commons-pool2/2.0/commons-pool2-2.0.pom
3/11 KB   6/11 KB   8/11 KB   11/11 KB              Downloaded: http://repo.maven.apache.org/maven2/org/apache/commons/commons-pool2/2.0/commons-pool2-2.0.pom (11 KB at 421.3 KB/sec)
Downloading: http://repo.maven.apache.org/maven2/org/apache/commons/commons-parent/28/commons-parent-28.pom
4/49 KB    8/49 KB   12/49 KB   16/49 KB   20/49 KB   24/49 KB   28/49 KB   32/49 KB   36/49 KB   40/49 KB   44/49 KB   48/49 KB   49/49 KB              Downloaded: http://repo.maven.apache.org/maven2/org/apache/commons/commons-parent/28/commons-parent-28.pom (49 KB at 979.5 KB/sec)
Downloading: http://repo.maven.apache.org/maven2/junit/junit/4.11/junit-4.11.jar
Downloading: http://repo.maven.apache.org/maven2/org/hamcrest/hamcrest-core/1.3/hamcrest-core-1.3.jar
Downloading: http://repo.maven.apache.org/maven2/org/apache/commons/commons-pool2/2.0/commons-pool2-2.0.jar
3/105 KB   7/105 KB   11/105 KB   15/105 KB   15/105 KB   4/44 KB   15/105 KB   7/44 KB   15/105 KB   11/44 KB   15/105 KB   15/44 KB   15/105 KB   15/44 KB   15/105 KB   15/44 KB   15/105 KB   4/240 KB   15/44 KB   15/105 KB   8/240 KB   15/44 KB   15/105 KB   12/240 KB   15/44 KB   19/105 KB   12/240 KB   15/44 KB   23/105 KB   12/240 KB   15/44 KB   27/105 KB   16/240 KB   15/44 KB   31/105 KB   16/240 KB   15/44 KB   23/105 KB   16/240 KB   15/44 KB   31/105 KB   20/240 KB   19/44 KB   31/105 KB   20/240 KB   23/44 KB   31/105 KB   20/240 KB   27/44 KB   31/105 KB   20/240 KB   31/44 KB   31/105 KB   20/240 KB   35/44 KB   31/105 KB   20/240 KB   35/44 KB   35/105 KB   24/240 KB   39/44 KB   39/105 KB   24/240 KB   39/44 KB   43/105 KB   24/240 KB   35/44 KB   31/105 KB   24/240 KB   39/44 KB   43/105 KB   28/240 KB   39/44 KB   43/105 KB   32/240 KB   39/44 KB   39/105 KB   24/240 KB   43/44 KB   43/105 KB   32/240 KB   44/44 KB   43/105 KB   32/240 KB   44/44 KB   47/105 KB   32/240 KB   44/44 KB   47/105 KB   36/240 KB   44/44 KB   47/105 KB   40/240 KB   44/44 KB   47/105 KB   44/240 KB   44/44 KB   47/105 KB   47/240 KB                                      Downloaded: http://repo.maven.apache.org/maven2/org/hamcrest/hamcrest-core/1.3/hamcrest-core-1.3.jar (44 KB at 366.4 KB/sec)
47/105 KB   51/240 KB              47/105 KB   55/240 KB   47/105 KB   59/240 KB   47/105 KB   63/240 KB   47/105 KB   67/240 KB   47/105 KB   71/240 KB   47/105 KB   75/240 KB   47/105 KB   79/240 KB   47/105 KB   83/240 KB   47/105 KB   87/240 KB   47/105 KB   91/240 KB   47/105 KB   92/240 KB   51/105 KB   92/240 KB   55/105 KB   92/240 KB   59/105 KB   92/240 KB   63/105 KB   92/240 KB   67/105 KB   92/240 KB   71/105 KB   92/240 KB   75/105 KB   92/240 KB   79/105 KB   92/240 KB   83/105 KB   92/240 KB   87/105 KB   92/240 KB   91/105 KB   92/240 KB   95/105 KB   92/240 KB   99/105 KB   92/240 KB   103/105 KB   92/240 KB   105/105 KB   92/240 KB                            Downloaded: http://repo.maven.apache.org/maven2/org/apache/commons/commons-pool2/2.0/commons-pool2-2.0.jar (105 KB at 622.3 KB/sec)
96/240 KB                100/240 KB   104/240 KB   108/240 KB   112/240 KB   116/240 KB   120/240 KB   124/240 KB   128/240 KB   132/240 KB   136/240 KB   140/240 KB   141/240 KB   145/240 KB   149/240 KB   153/240 KB   157/240 KB   161/240 KB   165/240 KB   169/240 KB   173/240 KB   177/240 KB   181/240 KB   185/240 KB   189/240 KB   192/240 KB   196/240 KB   200/240 KB   204/240 KB   208/240 KB   212/240 KB   216/240 KB   220/240 KB   224/240 KB   228/240 KB   232/240 KB   236/240 KB   239/240 KB   240/240 KB                Downloaded: http://repo.maven.apache.org/maven2/junit/junit/4.11/junit-4.11.jar (240 KB at 638.1 KB/sec)
[INFO] 
[INFO] --- maven-clean-plugin:2.5:clean (default-clean) @ jedis ---
Downloading: https://repo.maven.apache.org/maven2/org/apache/maven/maven-plugin-api/2.0.6/maven-plugin-api-2.0.6.pom
2/2 KB                Downloaded: https://repo.maven.apache.org/maven2/org/apache/maven/maven-plugin-api/2.0.6/maven-plugin-api-2.0.6.pom (2 KB at 11.9 KB/sec)
Downloading: https://repo.maven.apache.org/maven2/org/apache/maven/maven/2.0.6/maven-2.0.6.pom
3/9 KB   5/9 KB   8/9 KB   9/9 KB            Downloaded: https://repo.maven.apache.org/maven2/org/apache/maven/maven/2.0.6/maven-2.0.6.pom (9 KB at 74.9 KB/sec)
Downloading: https://repo.maven.apache.org/maven2/org/apache/maven/maven-parent/5/maven-parent-5.pom
3/15 KB   5/15 KB   8/15 KB   11/15 KB   13/15 KB   15/15 KB              Downloaded: https://repo.maven.apache.org/maven2/org/apache/maven/maven-parent/5/maven-parent-5.pom (15 KB at 119.0 KB/sec)
Downloading: https://repo.maven.apache.org/maven2/org/apache/apache/3/apache-3.pom
3/4 KB     4/4 KB            Downloaded: https://repo.maven.apache.org/maven2/org/apache/apache/3/apache-3.pom (4 KB at 29.9 KB/sec)
Downloading: https://repo.maven.apache.org/maven2/org/codehaus/plexus/plexus-utils/3.0/plexus-utils-3.0.pom
3/4 KB   4/4 KB            Downloaded: https://repo.maven.apache.org/maven2/org/codehaus/plexus/plexus-utils/3.0/plexus-utils-3.0.pom (4 KB at 33.9 KB/sec)
Downloading: https://repo.maven.apache.org/maven2/org/sonatype/spice/spice-parent/16/spice-parent-16.pom
3/9 KB   5/9 KB   8/9 KB   9/9 KB            Downloaded: https://repo.maven.apache.org/maven2/org/sonatype/spice/spice-parent/16/spice-parent-16.pom (9 KB at 64.3 KB/sec)
Downloading: https://repo.maven.apache.org/maven2/org/sonatype/forge/forge-parent/5/forge-parent-5.pom
3/9 KB   5/9 KB   8/9 KB   9/9 KB            Downloaded: https://repo.maven.apache.org/maven2/org/sonatype/forge/forge-parent/5/forge-parent-5.pom (9 KB at 69.8 KB/sec)
Downloading: https://repo.maven.apache.org/maven2/org/codehaus/plexus/plexus-utils/3.0/plexus-utils-3.0.jar
3/221 KB   5/221 KB   8/221 KB   11/221 KB   13/221 KB   16/221 KB   19/221 KB   21/221 KB   24/221 KB   27/221 KB   29/221 KB   32/221 KB   36/221 KB   40/221 KB   44/221 KB   48/221 KB   52/221 KB   56/221 KB   60/221 KB   64/221 KB   68/221 KB   72/221 KB   76/221 KB   80/221 KB   84/221 KB   88/221 KB   92/221 KB   96/221 KB   100/221 KB   104/221 KB   108/221 KB   112/221 KB   116/221 KB   120/221 KB   124/221 KB   128/221 KB   132/221 KB   136/221 KB   140/221 KB   144/221 KB   148/221 KB   152/221 KB   156/221 KB   160/221 KB   164/221 KB   168/221 KB   172/221 KB   176/221 KB   180/221 KB   184/221 KB   188/221 KB   192/221 KB   196/221 KB   200/221 KB   204/221 KB   208/221 KB   212/221 KB   216/221 KB   220/221 KB   221/221 KB                Downloaded: https://repo.maven.apache.org/maven2/org/codehaus/plexus/plexus-utils/3.0/plexus-utils-3.0.jar (221 KB at 1143.9 KB/sec)
[INFO] 
[INFO] --- maven-enforcer-plugin:1.0:enforce (enforce-maven) @ jedis ---
Downloading: https://repo.maven.apache.org/maven2/org/apache/maven/maven-artifact/2.0.9/maven-artifact-2.0.9.pom
2/2 KB                Downloaded: https://repo.maven.apache.org/maven2/org/apache/maven/maven-artifact/2.0.9/maven-artifact-2.0.9.pom (2 KB at 14.4 KB/sec)
Downloading: https://repo.maven.apache.org/maven2/org/apache/maven/maven/2.0.9/maven-2.0.9.pom
3/19 KB   5/19 KB   8/19 KB   11/19 KB   13/19 KB   16/19 KB   19/19 KB   19/19 KB              Downloaded: https://repo.maven.apache.org/maven2/org/apache/maven/maven/2.0.9/maven-2.0.9.pom (19 KB at 142.0 KB/sec)
Downloading: https://repo.maven.apache.org/maven2/org/apache/maven/maven-parent/8/maven-parent-8.pom
3/24 KB    5/24 KB   8/24 KB   11/24 KB   13/24 KB   16/24 KB   19/24 KB   21/24 KB   24/24 KB   24/24 KB              Downloaded: https://repo.maven.apache.org/maven2/org/apache/maven/maven-parent/8/maven-parent-8.pom (24 KB at 184.1 KB/sec)
Downloading: https://repo.maven.apache.org/maven2/org/apache/apache/4/apache-4.pom
3/5 KB     5/5 KB            Downloaded: https://repo.maven.apache.org/maven2/org/apache/apache/4/apache-4.pom (5 KB at 40.3 KB/sec)
Downloading: https://repo.maven.apache.org/maven2/org/codehaus/plexus/plexus-utils/1.5.8/plexus-utils-1.5.8.pom
3/8 KB   5/8 KB   8/8 KB   8/8 KB            Downloaded: https://repo.maven.apache.org/maven2/org/codehaus/plexus/plexus-utils/1.5.8/plexus-utils-1.5.8.pom (8 KB at 72.2 KB/sec)
Downloading: https://repo.maven.apache.org/maven2/org/codehaus/plexus/plexus/2.0.2/plexus-2.0.2.pom
3/12 KB   5/12 KB   8/12 KB   11/12 KB   12/12 KB              Downloaded: https://repo.maven.apache.org/maven2/org/codehaus/plexus/plexus/2.0.2/plexus-2.0.2.pom (12 KB at 101.2 KB/sec)
Downloading: https://repo.maven.apache.org/maven2/org/apache/maven/maven-plugin-api/2.0.9/maven-plugin-api-2.0.9.pom
2/2 KB              Downloaded: https://repo.maven.apache.org/maven2/org/apache/maven/maven-plugin-api/2.0.9/maven-plugin-api-2.0.9.pom (2 KB at 13.1 KB/sec)
Downloading: https://repo.maven.apache.org/maven2/org/apache/maven/maven-project/2.0.9/maven-project-2.0.9.pom
3/3 KB   3/3 KB            Downloaded: https://repo.maven.apache.org/maven2/org/apache/maven/maven-project/2.0.9/maven-project-2.0.9.pom (3 KB at 21.0 KB/sec)
Downloading: https://repo.maven.apache.org/maven2/org/apache/maven/maven-settings/2.0.9/maven-settings-2.0.9.pom
3/3 KB            Downloaded: https://repo.maven.apache.org/maven2/org/apache/maven/maven-settings/2.0.9/maven-settings-2.0.9.pom (3 KB at 17.6 KB/sec)
Downloading: https://repo.maven.apache.org/maven2/org/apache/maven/maven-model/2.0.9/maven-model-2.0.9.pom
3/4 KB   4/4 KB            Downloaded: https://repo.maven.apache.org/maven2/org/apache/maven/maven-model/2.0.9/maven-model-2.0.9.pom (4 KB at 24.3 KB/sec)
Downloading: https://repo.maven.apache.org/maven2/org/codehaus/plexus/plexus-container-default/1.0-alpha-9-stable-1/plexus-container-default-1.0-alpha-9-stable-1.pom
3/4 KB   4/4 KB            Downloaded: https://repo.maven.apache.org/maven2/org/codehaus/plexus/plexus-container-default/1.0-alpha-9-stable-1/plexus-container-default-1.0-alpha-9-stable-1.pom (4 KB at 33.8 KB/sec)
Downloading: https://repo.maven.apache.org/maven2/org/codehaus/plexus/plexus-containers/1.0.3/plexus-containers-1.0.3.pom
492/492 B               Downloaded: https://repo.maven.apache.org/maven2/org/codehaus/plexus/plexus-containers/1.0.3/plexus-containers-1.0.3.pom (492 B at 4.1 KB/sec)
Downloading: https://repo.maven.apache.org/maven2/org/codehaus/plexus/plexus/1.0.4/plexus-1.0.4.pom
3/6 KB      5/6 KB   6/6 KB            Downloaded: https://repo.maven.apache.org/maven2/org/codehaus/plexus/plexus/1.0.4/plexus-1.0.4.pom (6 KB at 48.7 KB/sec)
Downloading: https://repo.maven.apache.org/maven2/junit/junit/3.8.2/junit-3.8.2.pom
747/747 B               Downloaded: https://repo.maven.apache.org/maven2/junit/junit/3.8.2/junit-3.8.2.pom (747 B at 6.4 KB/sec)
Downloading: https://repo.maven.apache.org/maven2/classworlds/classworlds/1.1-alpha-2/classworlds-1.1-alpha-2.pom
3/4 KB      4/4 KB            Downloaded: https://repo.maven.apache.org/maven2/classworlds/classworlds/1.1-alpha-2/classworlds-1.1-alpha-2.pom (4 KB at 25.7 KB/sec)
Downloading: https://repo.maven.apache.org/maven2/org/apache/maven/maven-profile/2.0.9/maven-profile-2.0.9.pom
3/3 KB            Downloaded: https://repo.maven.apache.org/maven2/org/apache/maven/maven-profile/2.0.9/maven-profile-2.0.9.pom (3 KB at 16.1 KB/sec)
Downloading: https://repo.maven.apache.org/maven2/org/apache/maven/maven-artifact-manager/2.0.9/maven-artifact-manager-2.0.9.pom
3/3 KB   3/3 KB            Downloaded: https://repo.maven.apache.org/maven2/org/apache/maven/maven-artifact-manager/2.0.9/maven-artifact-manager-2.0.9.pom (3 KB at 24.0 KB/sec)
Downloading: https://repo.maven.apache.org/maven2/org/apache/maven/maven-repository-metadata/2.0.9/maven-repository-metadata-2.0.9.pom
2/2 KB            Downloaded: https://repo.maven.apache.org/maven2/org/apache/maven/maven-repository-metadata/2.0.9/maven-repository-metadata-2.0.9.pom (2 KB at 15.1 KB/sec)
Downloading: https://repo.maven.apache.org/maven2/org/apache/maven/maven-plugin-registry/2.0.9/maven-plugin-registry-2.0.9.pom
2/2 KB            Downloaded: https://repo.maven.apache.org/maven2/org/apache/maven/maven-plugin-registry/2.0.9/maven-plugin-registry-2.0.9.pom (2 KB at 17.2 KB/sec)
Downloading: https://repo.maven.apache.org/maven2/org/apache/maven/maven-core/2.0.9/maven-core-2.0.9.pom
3/8 KB   5/8 KB   8/8 KB   8/8 KB            Downloaded: https://repo.maven.apache.org/maven2/org/apache/maven/maven-core/2.0.9/maven-core-2.0.9.pom (8 KB at 63.4 KB/sec)
Downloading: https://repo.maven.apache.org/maven2/org/apache/maven/maven-plugin-parameter-documenter/2.0.9/maven-plugin-parameter-documenter-2.0.9.pom
2/2 KB            Downloaded: https://repo.maven.apache.org/maven2/org/apache/maven/maven-plugin-parameter-documenter/2.0.9/maven-plugin-parameter-documenter-2.0.9.pom (2 KB at 17.3 KB/sec)
Downloading: https://repo.maven.apache.org/maven2/org/apache/maven/reporting/maven-reporting-api/2.0.9/maven-reporting-api-2.0.9.pom
2/2 KB            Downloaded: https://repo.maven.apache.org/maven2/org/apache/maven/reporting/maven-reporting-api/2.0.9/maven-reporting-api-2.0.9.pom (2 KB at 15.7 KB/sec)
Downloading: https://repo.maven.apache.org/maven2/org/apache/maven/reporting/maven-reporting/2.0.9/maven-reporting-2.0.9.pom
2/2 KB            Downloaded: https://repo.maven.apache.org/maven2/org/apache/maven/reporting/maven-reporting/2.0.9/maven-reporting-2.0.9.pom (2 KB at 11.3 KB/sec)
Downloading: https://repo.maven.apache.org/maven2/org/apache/maven/doxia/doxia-sink-api/1.0-alpha-10/doxia-sink-api-1.0-alpha-10.pom
2/2 KB            Downloaded: https://repo.maven.apache.org/maven2/org/apache/maven/doxia/doxia-sink-api/1.0-alpha-10/doxia-sink-api-1.0-alpha-10.pom (2 KB at 11.3 KB/sec)
Downloading: https://repo.maven.apache.org/maven2/org/apache/maven/doxia/doxia/1.0-alpha-10/doxia-1.0-alpha-10.pom
3/9 KB   5/9 KB   8/9 KB   9/9 KB            Downloaded: https://repo.maven.apache.org/maven2/org/apache/maven/doxia/doxia/1.0-alpha-10/doxia-1.0-alpha-10.pom (9 KB at 77.1 KB/sec)
Downloading: https://repo.maven.apache.org/maven2/org/apache/maven/maven-parent/6/maven-parent-6.pom
3/20 KB   6/20 KB   9/20 KB   11/20 KB   14/20 KB   16/20 KB   19/20 KB   20/20 KB              Downloaded: https://repo.maven.apache.org/maven2/org/apache/maven/maven-parent/6/maven-parent-6.pom (20 KB at 159.2 KB/sec)
Downloading: https://repo.maven.apache.org/maven2/org/apache/maven/maven-error-diagnostics/2.0.9/maven-error-diagnostics-2.0.9.pom
2/2 KB              Downloaded: https://repo.maven.apache.org/maven2/org/apache/maven/maven-error-diagnostics/2.0.9/maven-error-diagnostics-2.0.9.pom (2 KB at 14.8 KB/sec)
Downloading: https://repo.maven.apache.org/maven2/commons-cli/commons-cli/1.0/commons-cli-1.0.pom
3/3 KB   3/3 KB            Downloaded: https://repo.maven.apache.org/maven2/commons-cli/commons-cli/1.0/commons-cli-1.0.pom (3 KB at 17.1 KB/sec)
Downloading: https://repo.maven.apache.org/maven2/org/apache/maven/maven-plugin-descriptor/2.0.9/maven-plugin-descriptor-2.0.9.pom
3/3 KB            Downloaded: https://repo.maven.apache.org/maven2/org/apache/maven/maven-plugin-descriptor/2.0.9/maven-plugin-descriptor-2.0.9.pom (3 KB at 17.3 KB/sec)
Downloading: https://repo.maven.apache.org/maven2/org/codehaus/plexus/plexus-interactivity-api/1.0-alpha-4/plexus-interactivity-api-1.0-alpha-4.pom
3/7 KB   5/7 KB   7/7 KB            Downloaded: https://repo.maven.apache.org/maven2/org/codehaus/plexus/plexus-interactivity-api/1.0-alpha-4/plexus-interactivity-api-1.0-alpha-4.pom (7 KB at 63.5 KB/sec)
Downloading: https://repo.maven.apache.org/maven2/org/apache/maven/maven-monitor/2.0.9/maven-monitor-2.0.9.pom
2/2 KB            Downloaded: https://repo.maven.apache.org/maven2/org/apache/maven/maven-monitor/2.0.9/maven-monitor-2.0.9.pom (2 KB at 10.9 KB/sec)
Downloading: https://repo.maven.apache.org/maven2/classworlds/classworlds/1.1/classworlds-1.1.pom
3/4 KB   4/4 KB            Downloaded: https://repo.maven.apache.org/maven2/classworlds/classworlds/1.1/classworlds-1.1.pom (4 KB at 28.7 KB/sec)
Downloading: https://repo.maven.apache.org/maven2/commons-lang/commons-lang/2.3/commons-lang-2.3.pom
3/11 KB   5/11 KB   8/11 KB   11/11 KB   11/11 KB              Downloaded: https://repo.maven.apache.org/maven2/commons-lang/commons-lang/2.3/commons-lang-2.3.pom (11 KB at 90.5 KB/sec)
Downloading: https://repo.maven.apache.org/maven2/org/apache/maven/enforcer/enforcer-api/1.0/enforcer-api-1.0.pom
3/4 KB     4/4 KB            Downloaded: https://repo.maven.apache.org/maven2/org/apache/maven/enforcer/enforcer-api/1.0/enforcer-api-1.0.pom (4 KB at 28.8 KB/sec)
Downloading: https://repo.maven.apache.org/maven2/org/codehaus/plexus/plexus-container-default/1.0-alpha-9/plexus-container-default-1.0-alpha-9.pom
2/2 KB            Downloaded: https://repo.maven.apache.org/maven2/org/codehaus/plexus/plexus-container-default/1.0-alpha-9/plexus-container-default-1.0-alpha-9.pom (2 KB at 11.0 KB/sec)
Downloading: https://repo.maven.apache.org/maven2/org/apache/maven/enforcer/enforcer-rules/1.0/enforcer-rules-1.0.pom
3/5 KB   5/5 KB            Downloaded: https://repo.maven.apache.org/maven2/org/apache/maven/enforcer/enforcer-rules/1.0/enforcer-rules-1.0.pom (5 KB at 37.0 KB/sec)
Downloading: https://repo.maven.apache.org/maven2/org/apache/maven/shared/maven-common-artifact-filters/1.2/maven-common-artifact-filters-1.2.pom
3/5 KB   5/5 KB            Downloaded: https://repo.maven.apache.org/maven2/org/apache/maven/shared/maven-common-artifact-filters/1.2/maven-common-artifact-filters-1.2.pom (5 KB at 39.1 KB/sec)
Downloading: https://repo.maven.apache.org/maven2/org/apache/maven/shared/maven-shared-components/11/maven-shared-components-11.pom
3/9 KB   5/9 KB   8/9 KB   9/9 KB            Downloaded: https://repo.maven.apache.org/maven2/org/apache/maven/shared/maven-shared-components/11/maven-shared-components-11.pom (9 KB at 69.6 KB/sec)
Downloading: https://repo.maven.apache.org/maven2/org/apache/maven/maven-parent/11/maven-parent-11.pom
3/32 KB   5/32 KB   8/32 KB   11/32 KB   13/32 KB   16/32 KB   19/32 KB   21/32 KB   24/32 KB   27/32 KB   29/32 KB   32/32 KB   32/32 KB              Downloaded: https://repo.maven.apache.org/maven2/org/apache/maven/maven-parent/11/maven-parent-11.pom (32 KB at 255.2 KB/sec)
Downloading: https://repo.maven.apache.org/maven2/org/apache/apache/5/apache-5.pom
3/5 KB     5/5 KB            Downloaded: https://repo.maven.apache.org/maven2/org/apache/apache/5/apache-5.pom (5 KB at 36.7 KB/sec)
Downloading: https://repo.maven.apache.org/maven2/org/apache/maven/maven-model/2.0.8/maven-model-2.0.8.pom
3/4 KB   4/4 KB            Downloaded: https://repo.maven.apache.org/maven2/org/apache/maven/maven-model/2.0.8/maven-model-2.0.8.pom (4 KB at 24.3 KB/sec)
Downloading: https://repo.maven.apache.org/maven2/org/apache/maven/maven/2.0.8/maven-2.0.8.pom
3/12 KB   5/12 KB   8/12 KB   11/12 KB   12/12 KB              Downloaded: https://repo.maven.apache.org/maven2/org/apache/maven/maven/2.0.8/maven-2.0.8.pom (12 KB at 103.6 KB/sec)
Downloading: https://repo.maven.apache.org/maven2/org/apache/maven/shared/maven-plugin-testing-harness/1.1/maven-plugin-testing-harness-1.1.pom
3/7 KB     5/7 KB   7/7 KB            Downloaded: https://repo.maven.apache.org/maven2/org/apache/maven/shared/maven-plugin-testing-harness/1.1/maven-plugin-testing-harness-1.1.pom (7 KB at 46.9 KB/sec)
Downloading: https://repo.maven.apache.org/maven2/org/apache/maven/shared/maven-shared-components/7/maven-shared-components-7.pom
3/3 KB   3/3 KB            Downloaded: https://repo.maven.apache.org/maven2/org/apache/maven/shared/maven-shared-components/7/maven-shared-components-7.pom (3 KB at 22.7 KB/sec)
Downloading: https://repo.maven.apache.org/maven2/org/codehaus/plexus/plexus-archiver/1.0-alpha-7/plexus-archiver-1.0-alpha-7.pom
2/2 KB            Downloaded: https://repo.maven.apache.org/maven2/org/codehaus/plexus/plexus-archiver/1.0-alpha-7/plexus-archiver-1.0-alpha-7.pom (2 KB at 7.7 KB/sec)
Downloading: https://repo.maven.apache.org/maven2/org/codehaus/plexus/plexus-components/1.1.6/plexus-components-1.1.6.pom
2/2 KB            Downloaded: https://repo.maven.apache.org/maven2/org/codehaus/plexus/plexus-components/1.1.6/plexus-components-1.1.6.pom (2 KB at 16.0 KB/sec)
Downloading: https://repo.maven.apache.org/maven2/org/codehaus/plexus/plexus/1.0.8/plexus-1.0.8.pom
3/8 KB   5/8 KB   8/8 KB            Downloaded: https://repo.maven.apache.org/maven2/org/codehaus/plexus/plexus/1.0.8/plexus-1.0.8.pom (8 KB at 57.9 KB/sec)
Downloading: https://repo.maven.apache.org/maven2/org/codehaus/plexus/plexus-container-default/1.0-alpha-8/plexus-container-default-1.0-alpha-8.pom
3/8 KB   5/8 KB   8/8 KB            Downloaded: https://repo.maven.apache.org/maven2/org/codehaus/plexus/plexus-container-default/1.0-alpha-8/plexus-container-default-1.0-alpha-8.pom (8 KB at 61.1 KB/sec)
Downloading: https://repo.maven.apache.org/maven2/org/beanshell/bsh/2.0b4/bsh-2.0b4.pom
2/2 KB            Downloaded: https://repo.maven.apache.org/maven2/org/beanshell/bsh/2.0b4/bsh-2.0b4.pom (2 KB at 10.2 KB/sec)
Downloading: https://repo.maven.apache.org/maven2/org/beanshell/beanshell/2.0b4/beanshell-2.0b4.pom
2/2 KB            Downloaded: https://repo.maven.apache.org/maven2/org/beanshell/beanshell/2.0b4/beanshell-2.0b4.pom (2 KB at 12.7 KB/sec)
Downloading: https://repo.maven.apache.org/maven2/org/apache/maven/shared/maven-dependency-tree/1.2/maven-dependency-tree-1.2.pom
3/4 KB   4/4 KB            Downloaded: https://repo.maven.apache.org/maven2/org/apache/maven/shared/maven-dependency-tree/1.2/maven-dependency-tree-1.2.pom (4 KB at 30.4 KB/sec)
Downloading: https://repo.maven.apache.org/maven2/org/apache/maven/shared/maven-shared-components/9/maven-shared-components-9.pom
3/4 KB   4/4 KB            Downloaded: https://repo.maven.apache.org/maven2/org/apache/maven/shared/maven-shared-components/9/maven-shared-components-9.pom (4 KB at 28.0 KB/sec)
Downloading: https://repo.maven.apache.org/maven2/org/codehaus/plexus/plexus-i18n/1.0-beta-6/plexus-i18n-1.0-beta-6.pom
771/771 B               Downloaded: https://repo.maven.apache.org/maven2/org/codehaus/plexus/plexus-i18n/1.0-beta-6/plexus-i18n-1.0-beta-6.pom (771 B at 6.3 KB/sec)
Downloading: https://repo.maven.apache.org/maven2/org/codehaus/plexus/plexus-components/1.1.4/plexus-components-1.1.4.pom
2/3 KB      3/3 KB            Downloaded: https://repo.maven.apache.org/maven2/org/codehaus/plexus/plexus-components/1.1.4/plexus-components-1.1.4.pom (3 KB at 18.6 KB/sec)
Downloading: https://repo.maven.apache.org/maven2/org/apache/maven/reporting/maven-reporting-api/2.0.9/maven-reporting-api-2.0.9.jar
Downloading: https://repo.maven.apache.org/maven2/org/apache/maven/doxia/doxia-sink-api/1.0-alpha-10/doxia-sink-api-1.0-alpha-10.jar
Downloading: https://repo.maven.apache.org/maven2/commons-cli/commons-cli/1.0/commons-cli-1.0.jar
Downloading: https://repo.maven.apache.org/maven2/org/codehaus/plexus/plexus-interactivity-api/1.0-alpha-4/plexus-interactivity-api-1.0-alpha-4.jar
Downloading: https://repo.maven.apache.org/maven2/org/codehaus/plexus/plexus-utils/1.5.8/plexus-utils-1.5.8.jar
3/10 KB   5/10 KB   8/10 KB   10/10 KB              Downloaded: https://repo.maven.apache.org/maven2/org/apache/maven/reporting/maven-reporting-api/2.0.9/maven-reporting-api-2.0.9.jar (10 KB at 73.9 KB/sec)
Downloading: https://repo.maven.apache.org/maven2/commons-lang/commons-lang/2.3/commons-lang-2.3.jar
3/30 KB    5/30 KB   8/30 KB   11/30 KB   13/30 KB   16/30 KB   16/30 KB   3/240 KB   16/30 KB   5/240 KB   19/30 KB   8/240 KB   19/30 KB   8/240 KB   3/262 KB   19/30 KB   11/240 KB   5/262 KB   19/30 KB   11/240 KB   8/262 KB   19/30 KB   5/240 KB   21/30 KB   11/240 KB   8/262 KB   24/30 KB   11/240 KB   8/262 KB   27/30 KB   11/240 KB   8/262 KB   29/30 KB   11/240 KB   8/262 KB   3/10 KB   29/30 KB   11/240 KB   8/262 KB   5/10 KB   30/30 KB   11/240 KB   8/262 KB   8/10 KB   30/30 KB   11/240 KB   11/262 KB   10/10 KB   30/30 KB   11/240 KB   11/262 KB   3/14 KB   19/30 KB   11/240 KB   3/262 KB   10/10 KB   30/30 KB   13/240 KB   11/262 KB   3/14 KB   5/10 KB   30/30 KB   11/240 KB   11/262 KB   10/10 KB   30/30 KB   13/240 KB   13/262 KB   3/14 KB   10/10 KB   30/30 KB   13/240 KB   16/262 KB   3/14 KB   10/10 KB   30/30 KB   16/240 KB   19/262 KB   3/14 KB   3/10 KB   30/30 KB   11/240 KB   8/262 KB   8/10 KB   30/30 KB   16/240 KB   19/262 KB   3/14 KB    10/10 KB   30/30 KB   16/240 KB   19/262 KB   5/14 KB   10/10 KB   30/30 KB   16/240 KB   21/262 KB   8/14 KB   10/10 KB   30/30 KB   16/240 KB   21/262 KB   11/14 KB   10/10 KB   30/30 KB   16/240 KB   21/262 KB   13/14 KB   10/10 KB   30/30 KB   16/240 KB   21/262 KB   14/14 KB   10/10 KB   30/30 KB   16/240 KB   16/262 KB   3/14 KB   10/10 KB   30/30 KB   19/240 KB   21/262 KB   14/14 KB   10/10 KB   30/30 KB   21/240 KB   21/262 KB   14/14 KB   10/10 KB   30/30 KB   16/240 KB   21/262 KB   5/14 KB   10/10 KB   30/30 KB   21/240 KB   24/262 KB   14/14 KB   10/10 KB   30/30 KB   21/240 KB   27/262 KB   14/14 KB   10/10 KB   30/30 KB   24/240 KB   29/262 KB   14/14 KB   10/10 KB   30/30 KB   24/240 KB   27/262 KB   14/14 KB   10/10 KB   30/30 KB   27/240 KB   29/262 KB   14/14 KB   10/10 KB   30/30 KB   29/240 KB   29/262 KB   14/14 KB   10/10 KB   30/30 KB   32/240 KB   29/262 KB   14/14 KB   10/10 KB   30/30 KB   36/240 KB   32/262 KB   14/14 KB   10/10 KB   30/30 KB   40/240 KB   32/262 KB   14/14 KB   10/10 KB   30/30 KB   32/240 KB   32/262 KB   14/14 KB   10/10 KB   30/30 KB   40/240 KB   36/262 KB   14/14 KB   10/10 KB   30/30 KB   44/240 KB   40/262 KB   14/14 KB   10/10 KB   30/30 KB   44/240 KB   44/262 KB   14/14 KB   10/10 KB   30/30 KB   44/240 KB   48/262 KB   14/14 KB   10/10 KB   30/30 KB   44/240 KB   52/262 KB   14/14 KB   10/10 KB   30/30 KB   44/240 KB   56/262 KB   14/14 KB   10/10 KB   30/30 KB   44/240 KB   60/262 KB   14/14 KB   10/10 KB   30/30 KB   44/240 KB   64/262 KB   14/14 KB   10/10 KB   30/30 KB   44/240 KB   36/262 KB   14/14 KB   10/10 KB   30/30 KB   48/240 KB   64/262 KB   14/14 KB   10/10 KB   30/30 KB   52/240 KB   64/262 KB   14/14 KB   10/10 KB   30/30 KB   56/240 KB   64/262 KB   14/14 KB   10/10 KB   30/30 KB   60/240 KB   64/262 KB   14/14 KB   10/10 KB   30/30 KB   64/240 KB   64/262 KB   14/14 KB   10/10 KB   30/30 KB   68/240 KB   64/262 KB   14/14 KB   10/10 KB   30/30 KB   72/240 KB   64/262 KB   14/14 KB   10/10 KB   30/30 KB   76/240 KB   64/262 KB   14/14 KB   10/10 KB   30/30 KB   80/240 KB   64/262 KB   14/14 KB   10/10 KB   30/30 KB   84/240 KB   68/262 KB   14/14 KB   10/10 KB   30/30 KB   88/240 KB   68/262 KB   14/14 KB   10/10 KB   30/30 KB   92/240 KB   68/262 KB   14/14 KB   10/10 KB   30/30 KB   96/240 KB   68/262 KB   14/14 KB   10/10 KB   30/30 KB   100/240 KB   68/262 KB   14/14 KB   10/10 KB   30/30 KB   80/240 KB   68/262 KB   14/14 KB   10/10 KB   30/30 KB   100/240 KB   72/262 KB   14/14 KB   10/10 KB   30/30 KB   100/240 KB   76/262 KB   14/14 KB   10/10 KB   30/30 KB   100/240 KB   80/262 KB   14/14 KB   10/10 KB   30/30 KB   100/240 KB   84/262 KB   14/14 KB   10/10 KB   30/30 KB   100/240 KB   88/262 KB   14/14 KB   10/10 KB   30/30 KB   104/240 KB   88/262 KB   14/14 KB   10/10 KB   30/30 KB   108/240 KB   92/262 KB   14/14 KB   10/10 KB   30/30 KB   104/240 KB   92/262 KB   14/14 KB   10/10 KB   30/30 KB   108/240 KB   96/262 KB   14/14 KB   10/10 KB   30/30 KB   108/240 KB   100/262 KB   14/14 KB                                                              Downloaded: https://repo.maven.apache.org/maven2/commons-cli/commons-cli/1.0/commons-cli-1.0.jar (30 KB at 111.0 KB/sec)
Downloading: https://repo.maven.apache.org/maven2/org/apache/maven/enforcer/enforcer-api/1.0/enforcer-api-1.0.jar
                                                           Downloaded: https://repo.maven.apache.org/maven2/org/apache/maven/doxia/doxia-sink-api/1.0-alpha-10/doxia-sink-api-1.0-alpha-10.jar (10 KB at 36.0 KB/sec)
Downloading: https://repo.maven.apache.org/maven2/org/apache/maven/enforcer/enforcer-rules/1.0/enforcer-rules-1.0.jar
10/10 KB   30/30 KB   112/240 KB   100/262 KB   14/14 KB   116/240 KB   100/262 KB   14/14 KB                         120/240 KB   104/262 KB   14/14 KB   124/240 KB   104/262 KB   14/14 KB   128/240 KB   104/262 KB   14/14 KB   132/240 KB   104/262 KB   14/14 KB   136/240 KB   104/262 KB   14/14 KB   140/240 KB   104/262 KB   14/14 KB   144/240 KB   104/262 KB   14/14 KB   148/240 KB   104/262 KB   14/14 KB   152/240 KB   104/262 KB   14/14 KB   116/240 KB   104/262 KB   14/14 KB   152/240 KB   108/262 KB   14/14 KB   152/240 KB   112/262 KB   14/14 KB   152/240 KB   116/262 KB   14/14 KB   152/240 KB   120/262 KB   14/14 KB   152/240 KB   124/262 KB   14/14 KB   152/240 KB   128/262 KB   14/14 KB   152/240 KB   132/262 KB   14/14 KB   156/240 KB   136/262 KB   156/240 KB   140/262 KB   156/240 KB   144/262 KB   156/240 KB   148/262 KB   156/240 KB   152/262 KB   156/240 KB   156/262 KB   156/240 KB   132/262 KB                                                   Downloaded: https://repo.maven.apache.org/maven2/org/codehaus/plexus/plexus-interactivity-api/1.0-alpha-4/plexus-interactivity-api-1.0-alpha-4.jar (14 KB at 45.1 KB/sec)
Downloading: https://repo.maven.apache.org/maven2/org/apache/maven/shared/maven-common-artifact-filters/1.2/maven-common-artifact-filters-1.2.jar
160/240 KB   156/262 KB   164/240 KB   156/262 KB   168/240 KB   156/262 KB   172/240 KB   156/262 KB   176/240 KB   156/262 KB   180/240 KB   156/262 KB   184/240 KB   156/262 KB   188/240 KB   160/262 KB   192/240 KB   160/262 KB   196/240 KB   160/262 KB   200/240 KB   160/262 KB   204/240 KB   160/262 KB   184/240 KB   160/262 KB   204/240 KB   164/262 KB   204/240 KB   168/262 KB   204/240 KB   172/262 KB   204/240 KB   176/262 KB   204/240 KB   180/262 KB   208/240 KB   184/262 KB   208/240 KB   188/262 KB   208/240 KB   180/262 KB   212/240 KB   192/262 KB   216/240 KB   192/262 KB   220/240 KB   192/262 KB   224/240 KB   192/262 KB   228/240 KB   192/262 KB   232/240 KB   192/262 KB   236/240 KB   192/262 KB   240/240 KB   192/262 KB   240/240 KB   192/262 KB   208/240 KB   192/262 KB   240/240 KB   196/262 KB   240/240 KB   200/262 KB   240/240 KB   204/262 KB   240/240 KB   208/262 KB   240/240 KB   212/262 KB   240/240 KB   216/262 KB   240/240 KB   220/262 KB   240/240 KB   224/262 KB   240/240 KB   228/262 KB   240/240 KB   232/262 KB   240/240 KB   236/262 KB   240/240 KB   240/262 KB   240/240 KB   244/262 KB   3/10 KB   3/60 KB   240/240 KB   244/262 KB   3/10 KB   240/240 KB   244/262 KB   5/10 KB   5/60 KB   240/240 KB   244/262 KB   8/10 KB   5/60 KB   240/240 KB   244/262 KB   10/10 KB   5/60 KB   240/240 KB   244/262 KB   3/10 KB   5/60 KB   240/240 KB   244/262 KB   10/10 KB   8/60 KB   240/240 KB   244/262 KB   10/10 KB   11/60 KB   240/240 KB   244/262 KB   10/10 KB   13/60 KB   240/240 KB   244/262 KB   10/10 KB   16/60 KB   240/240 KB   244/262 KB   10/10 KB   19/60 KB   240/240 KB   244/262 KB   10/10 KB   21/60 KB   240/240 KB   244/262 KB   10/10 KB   24/60 KB   240/240 KB   244/262 KB   10/10 KB   27/60 KB   240/240 KB   244/262 KB   10/10 KB   29/60 KB   240/240 KB   244/262 KB   10/10 KB   32/60 KB   240/240 KB   248/262 KB   10/10 KB   36/60 KB   240/240 KB   248/262 KB   10/10 KB   40/60 KB   240/240 KB   248/262 KB   10/10 KB   44/60 KB   240/240 KB   248/262 KB   10/10 KB   48/60 KB   240/240 KB   248/262 KB   10/10 KB   29/60 KB   240/240 KB   248/262 KB   10/10 KB   48/60 KB   240/240 KB   3/31 KB   252/262 KB   10/10 KB   48/60 KB   240/240 KB   3/31 KB   252/262 KB   10/10 KB   48/60 KB   240/240 KB   5/31 KB   252/262 KB   10/10 KB   48/60 KB   240/240 KB   8/31 KB   252/262 KB   10/10 KB   48/60 KB   240/240 KB   11/31 KB   256/262 KB   10/10 KB   48/60 KB   240/240 KB   13/31 KB   256/262 KB   10/10 KB   48/60 KB   240/240 KB   13/31 KB   256/262 KB   10/10 KB   48/60 KB   240/240 KB   13/31 KB   260/262 KB   10/10 KB   48/60 KB   240/240 KB   16/31 KB   262/262 KB   10/10 KB   48/60 KB   240/240 KB   16/31 KB   260/262 KB   10/10 KB   48/60 KB   240/240 KB   19/31 KB   262/262 KB   10/10 KB   48/60 KB   240/240 KB   21/31 KB   262/262 KB   10/10 KB   48/60 KB   240/240 KB   24/31 KB   262/262 KB   10/10 KB   52/60 KB   240/240 KB   27/31 KB   262/262 KB   10/10 KB   52/60 KB   240/240 KB   27/31 KB   262/262 KB   10/10 KB   56/60 KB   240/240 KB   27/31 KB   262/262 KB   10/10 KB   60/60 KB   240/240 KB   27/31 KB   262/262 KB   10/10 KB   60/60 KB   240/240 KB   29/31 KB   262/262 KB   10/10 KB   60/60 KB   240/240 KB   29/31 KB   262/262 KB   10/10 KB   60/60 KB   240/240 KB   31/31 KB   262/262 KB                                                              Downloaded: https://repo.maven.apache.org/maven2/commons-lang/commons-lang/2.3/commons-lang-2.3.jar (240 KB at 647.4 KB/sec)
Downloading: https://repo.maven.apache.org/maven2/org/beanshell/bsh/2.0b4/bsh-2.0b4.jar
                                                           Downloaded: https://repo.maven.apache.org/maven2/org/apache/maven/enforcer/enforcer-api/1.0/enforcer-api-1.0.jar (10 KB at 25.1 KB/sec)
Downloading: https://repo.maven.apache.org/maven2/org/apache/maven/shared/maven-dependency-tree/1.2/maven-dependency-tree-1.2.jar
                                                           Downloaded: https://repo.maven.apache.org/maven2/org/codehaus/plexus/plexus-utils/1.5.8/plexus-utils-1.5.8.jar (262 KB at 652.3 KB/sec)
Downloading: https://repo.maven.apache.org/maven2/org/codehaus/plexus/plexus-i18n/1.0-beta-6/plexus-i18n-1.0-beta-6.jar
                                                           Downloaded: https://repo.maven.apache.org/maven2/org/apache/maven/shared/maven-common-artifact-filters/1.2/maven-common-artifact-filters-1.2.jar (31 KB at 75.4 KB/sec)
                                                           Downloaded: https://repo.maven.apache.org/maven2/org/apache/maven/enforcer/enforcer-rules/1.0/enforcer-rules-1.0.jar (60 KB at 143.8 KB/sec)
4/276 KB                                                   8/276 KB   12/276 KB   16/276 KB   20/276 KB   24/276 KB   28/276 KB   32/276 KB   36/276 KB   40/276 KB   44/276 KB   48/276 KB   52/276 KB   56/276 KB   60/276 KB   64/276 KB   3/34 KB   64/276 KB   5/34 KB   64/276 KB   8/34 KB   64/276 KB   11/34 KB   64/276 KB   13/34 KB   64/276 KB   16/34 KB   64/276 KB   19/34 KB   64/276 KB   19/34 KB   68/276 KB   21/34 KB   68/276 KB   21/34 KB   72/276 KB   24/34 KB   72/276 KB   24/34 KB   76/276 KB   27/34 KB   76/276 KB   29/34 KB   76/276 KB   32/34 KB   76/276 KB   34/34 KB   76/276 KB   34/34 KB   80/276 KB   34/34 KB   84/276 KB   34/34 KB   88/276 KB   34/34 KB   92/276 KB   34/34 KB   96/276 KB   34/34 KB   100/276 KB   34/34 KB   104/276 KB   34/34 KB   108/276 KB   34/34 KB   108/276 KB   4/12 KB   34/34 KB   108/276 KB   8/12 KB   34/34 KB   108/276 KB   12/12 KB   34/34 KB   108/276 KB   12/12 KB   34/34 KB   112/276 KB   12/12 KB   34/34 KB   116/276 KB   12/12 KB   34/34 KB   120/276 KB   12/12 KB   34/34 KB   124/276 KB   12/12 KB   34/34 KB   128/276 KB   12/12 KB   34/34 KB   132/276 KB   12/12 KB   34/34 KB   136/276 KB   12/12 KB   34/34 KB   140/276 KB   12/12 KB   34/34 KB   144/276 KB   12/12 KB   34/34 KB   148/276 KB   12/12 KB   34/34 KB   152/276 KB   12/12 KB   34/34 KB   156/276 KB   12/12 KB   34/34 KB   160/276 KB   12/12 KB   34/34 KB   164/276 KB   12/12 KB   34/34 KB   168/276 KB   12/12 KB   34/34 KB   172/276 KB   12/12 KB   34/34 KB   176/276 KB   12/12 KB   34/34 KB   180/276 KB   12/12 KB   34/34 KB   184/276 KB   12/12 KB   34/34 KB   188/276 KB   12/12 KB   34/34 KB   192/276 KB   12/12 KB   34/34 KB   196/276 KB   12/12 KB   34/34 KB   200/276 KB   12/12 KB   34/34 KB   204/276 KB   12/12 KB   34/34 KB   208/276 KB   12/12 KB   34/34 KB   212/276 KB   12/12 KB   34/34 KB   216/276 KB   12/12 KB   34/34 KB   220/276 KB   12/12 KB   34/34 KB   224/276 KB   12/12 KB   34/34 KB   228/276 KB   12/12 KB   34/34 KB   232/276 KB   12/12 KB   34/34 KB   236/276 KB   12/12 KB   34/34 KB   240/276 KB   12/12 KB   34/34 KB   244/276 KB   12/12 KB   34/34 KB   248/276 KB   12/12 KB   34/34 KB   252/276 KB   12/12 KB   34/34 KB   256/276 KB   12/12 KB   34/34 KB   260/276 KB   12/12 KB   34/34 KB   264/276 KB   12/12 KB   34/34 KB   268/276 KB   12/12 KB   34/34 KB   272/276 KB   12/12 KB   34/34 KB   276/276 KB   12/12 KB                                      Downloaded: https://repo.maven.apache.org/maven2/org/apache/maven/shared/maven-dependency-tree/1.2/maven-dependency-tree-1.2.jar (34 KB at 68.2 KB/sec)
                                   Downloaded: https://repo.maven.apache.org/maven2/org/codehaus/plexus/plexus-i18n/1.0-beta-6/plexus-i18n-1.0-beta-6.jar (12 KB at 23.3 KB/sec)
                                   Downloaded: https://repo.maven.apache.org/maven2/org/beanshell/bsh/2.0b4/bsh-2.0b4.jar (276 KB at 523.0 KB/sec)
[INFO] 
[INFO] --- maven-resources-plugin:2.6:resources (default-resources) @ jedis ---
Downloading: https://repo.maven.apache.org/maven2/org/apache/maven/maven-project/2.0.6/maven-project-2.0.6.pom
3/3 KB                             3/3 KB            Downloaded: https://repo.maven.apache.org/maven2/org/apache/maven/maven-project/2.0.6/maven-project-2.0.6.pom (3 KB at 21.3 KB/sec)
Downloading: https://repo.maven.apache.org/maven2/org/apache/maven/maven-settings/2.0.6/maven-settings-2.0.6.pom
2/2 KB            Downloaded: https://repo.maven.apache.org/maven2/org/apache/maven/maven-settings/2.0.6/maven-settings-2.0.6.pom (2 KB at 17.1 KB/sec)
Downloading: https://repo.maven.apache.org/maven2/org/apache/maven/maven-model/2.0.6/maven-model-2.0.6.pom
3/3 KB   3/3 KB            Downloaded: https://repo.maven.apache.org/maven2/org/apache/maven/maven-model/2.0.6/maven-model-2.0.6.pom (3 KB at 24.6 KB/sec)
Downloading: https://repo.maven.apache.org/maven2/org/codehaus/plexus/plexus-utils/1.4.1/plexus-utils-1.4.1.pom
2/2 KB            Downloaded: https://repo.maven.apache.org/maven2/org/codehaus/plexus/plexus-utils/1.4.1/plexus-utils-1.4.1.pom (2 KB at 14.9 KB/sec)
Downloading: https://repo.maven.apache.org/maven2/org/codehaus/plexus/plexus/1.0.11/plexus-1.0.11.pom
3/9 KB   5/9 KB   8/9 KB   9/9 KB            Downloaded: https://repo.maven.apache.org/maven2/org/codehaus/plexus/plexus/1.0.11/plexus-1.0.11.pom (9 KB at 73.6 KB/sec)
Downloading: https://repo.maven.apache.org/maven2/junit/junit/3.8.1/junit-3.8.1.pom
998/998 B               Downloaded: https://repo.maven.apache.org/maven2/junit/junit/3.8.1/junit-3.8.1.pom (998 B at 9.2 KB/sec)
Downloading: https://repo.maven.apache.org/maven2/org/codehaus/plexus/plexus-utils/1.0.4/plexus-utils-1.0.4.pom
3/7 KB      5/7 KB   7/7 KB            Downloaded: https://repo.maven.apache.org/maven2/org/codehaus/plexus/plexus-utils/1.0.4/plexus-utils-1.0.4.pom (7 KB at 59.8 KB/sec)
Downloading: https://repo.maven.apache.org/maven2/org/apache/maven/maven-profile/2.0.6/maven-profile-2.0.6.pom
2/2 KB            Downloaded: https://repo.maven.apache.org/maven2/org/apache/maven/maven-profile/2.0.6/maven-profile-2.0.6.pom (2 KB at 17.1 KB/sec)
Downloading: https://repo.maven.apache.org/maven2/org/apache/maven/maven-artifact-manager/2.0.6/maven-artifact-manager-2.0.6.pom
3/3 KB   3/3 KB            Downloaded: https://repo.maven.apache.org/maven2/org/apache/maven/maven-artifact-manager/2.0.6/maven-artifact-manager-2.0.6.pom (3 KB at 22.1 KB/sec)
Downloading: https://repo.maven.apache.org/maven2/org/apache/maven/maven-repository-metadata/2.0.6/maven-repository-metadata-2.0.6.pom
2/2 KB            Downloaded: https://repo.maven.apache.org/maven2/org/apache/maven/maven-repository-metadata/2.0.6/maven-repository-metadata-2.0.6.pom (2 KB at 15.4 KB/sec)
Downloading: https://repo.maven.apache.org/maven2/org/apache/maven/maven-artifact/2.0.6/maven-artifact-2.0.6.pom
2/2 KB            Downloaded: https://repo.maven.apache.org/maven2/org/apache/maven/maven-artifact/2.0.6/maven-artifact-2.0.6.pom (2 KB at 13.3 KB/sec)
Downloading: https://repo.maven.apache.org/maven2/org/apache/maven/maven-plugin-registry/2.0.6/maven-plugin-registry-2.0.6.pom
2/2 KB            Downloaded: https://repo.maven.apache.org/maven2/org/apache/maven/maven-plugin-registry/2.0.6/maven-plugin-registry-2.0.6.pom (2 KB at 17.3 KB/sec)
Downloading: https://repo.maven.apache.org/maven2/org/apache/maven/maven-core/2.0.6/maven-core-2.0.6.pom
3/7 KB   5/7 KB   7/7 KB            Downloaded: https://repo.maven.apache.org/maven2/org/apache/maven/maven-core/2.0.6/maven-core-2.0.6.pom (7 KB at 58.0 KB/sec)
Downloading: https://repo.maven.apache.org/maven2/org/apache/maven/maven-plugin-parameter-documenter/2.0.6/maven-plugin-parameter-documenter-2.0.6.pom
2/2 KB            Downloaded: https://repo.maven.apache.org/maven2/org/apache/maven/maven-plugin-parameter-documenter/2.0.6/maven-plugin-parameter-documenter-2.0.6.pom (2 KB at 17.3 KB/sec)
Downloading: https://repo.maven.apache.org/maven2/org/apache/maven/reporting/maven-reporting-api/2.0.6/maven-reporting-api-2.0.6.pom
2/2 KB            Downloaded: https://repo.maven.apache.org/maven2/org/apache/maven/reporting/maven-reporting-api/2.0.6/maven-reporting-api-2.0.6.pom (2 KB at 14.4 KB/sec)
Downloading: https://repo.maven.apache.org/maven2/org/apache/maven/reporting/maven-reporting/2.0.6/maven-reporting-2.0.6.pom
2/2 KB            Downloaded: https://repo.maven.apache.org/maven2/org/apache/maven/reporting/maven-reporting/2.0.6/maven-reporting-2.0.6.pom (2 KB at 13.3 KB/sec)
Downloading: https://repo.maven.apache.org/maven2/org/apache/maven/doxia/doxia-sink-api/1.0-alpha-7/doxia-sink-api-1.0-alpha-7.pom
424/424 B               Downloaded: https://repo.maven.apache.org/maven2/org/apache/maven/doxia/doxia-sink-api/1.0-alpha-7/doxia-sink-api-1.0-alpha-7.pom (424 B at 3.7 KB/sec)
Downloading: https://repo.maven.apache.org/maven2/org/apache/maven/doxia/doxia/1.0-alpha-7/doxia-1.0-alpha-7.pom
3/4 KB      4/4 KB            Downloaded: https://repo.maven.apache.org/maven2/org/apache/maven/doxia/doxia/1.0-alpha-7/doxia-1.0-alpha-7.pom (4 KB at 33.2 KB/sec)
Downloading: https://repo.maven.apache.org/maven2/org/apache/maven/maven-error-diagnostics/2.0.6/maven-error-diagnostics-2.0.6.pom
2/2 KB            Downloaded: https://repo.maven.apache.org/maven2/org/apache/maven/maven-error-diagnostics/2.0.6/maven-error-diagnostics-2.0.6.pom (2 KB at 14.9 KB/sec)
Downloading: https://repo.maven.apache.org/maven2/org/apache/maven/maven-plugin-descriptor/2.0.6/maven-plugin-descriptor-2.0.6.pom
2/2 KB            Downloaded: https://repo.maven.apache.org/maven2/org/apache/maven/maven-plugin-descriptor/2.0.6/maven-plugin-descriptor-2.0.6.pom (2 KB at 17.4 KB/sec)
Downloading: https://repo.maven.apache.org/maven2/org/apache/maven/maven-monitor/2.0.6/maven-monitor-2.0.6.pom
2/2 KB            Downloaded: https://repo.maven.apache.org/maven2/org/apache/maven/maven-monitor/2.0.6/maven-monitor-2.0.6.pom (2 KB at 11.6 KB/sec)
Downloading: https://repo.maven.apache.org/maven2/org/codehaus/plexus/plexus-utils/2.0.5/plexus-utils-2.0.5.pom
3/4 KB   4/4 KB            Downloaded: https://repo.maven.apache.org/maven2/org/codehaus/plexus/plexus-utils/2.0.5/plexus-utils-2.0.5.pom (4 KB at 28.3 KB/sec)
Downloading: https://repo.maven.apache.org/maven2/org/codehaus/plexus/plexus/2.0.6/plexus-2.0.6.pom
3/17 KB   6/17 KB   9/17 KB   11/17 KB   14/17 KB   16/17 KB   17/17 KB              Downloaded: https://repo.maven.apache.org/maven2/org/codehaus/plexus/plexus/2.0.6/plexus-2.0.6.pom (17 KB at 138.7 KB/sec)
Downloading: https://repo.maven.apache.org/maven2/org/apache/maven/shared/maven-filtering/1.1/maven-filtering-1.1.pom
3/6 KB     5/6 KB   6/6 KB            Downloaded: https://repo.maven.apache.org/maven2/org/apache/maven/shared/maven-filtering/1.1/maven-filtering-1.1.pom (6 KB at 49.2 KB/sec)
Downloading: https://repo.maven.apache.org/maven2/org/apache/maven/shared/maven-shared-components/17/maven-shared-components-17.pom
3/9 KB   5/9 KB   8/9 KB   9/9 KB            Downloaded: https://repo.maven.apache.org/maven2/org/apache/maven/shared/maven-shared-components/17/maven-shared-components-17.pom (9 KB at 72.0 KB/sec)
Downloading: https://repo.maven.apache.org/maven2/org/codehaus/plexus/plexus-utils/1.5.15/plexus-utils-1.5.15.pom
3/7 KB   5/7 KB   7/7 KB            Downloaded: https://repo.maven.apache.org/maven2/org/codehaus/plexus/plexus-utils/1.5.15/plexus-utils-1.5.15.pom (7 KB at 53.5 KB/sec)
Downloading: https://repo.maven.apache.org/maven2/org/codehaus/plexus/plexus-interpolation/1.12/plexus-interpolation-1.12.pom
889/889 B               Downloaded: https://repo.maven.apache.org/maven2/org/codehaus/plexus/plexus-interpolation/1.12/plexus-interpolation-1.12.pom (889 B at 6.9 KB/sec)
Downloading: https://repo.maven.apache.org/maven2/org/codehaus/plexus/plexus-components/1.1.14/plexus-components-1.1.14.pom
3/6 KB      5/6 KB   6/6 KB            Downloaded: https://repo.maven.apache.org/maven2/org/codehaus/plexus/plexus-components/1.1.14/plexus-components-1.1.14.pom (6 KB at 51.4 KB/sec)
Downloading: https://repo.maven.apache.org/maven2/org/sonatype/plexus/plexus-build-api/0.0.4/plexus-build-api-0.0.4.pom
3/3 KB   3/3 KB            Downloaded: https://repo.maven.apache.org/maven2/org/sonatype/plexus/plexus-build-api/0.0.4/plexus-build-api-0.0.4.pom (3 KB at 24.1 KB/sec)
Downloading: https://repo.maven.apache.org/maven2/org/sonatype/spice/spice-parent/10/spice-parent-10.pom
3/3 KB   3/3 KB            Downloaded: https://repo.maven.apache.org/maven2/org/sonatype/spice/spice-parent/10/spice-parent-10.pom (3 KB at 23.9 KB/sec)
Downloading: https://repo.maven.apache.org/maven2/org/sonatype/forge/forge-parent/3/forge-parent-3.pom
3/5 KB   5/5 KB   5/5 KB            Downloaded: https://repo.maven.apache.org/maven2/org/sonatype/forge/forge-parent/3/forge-parent-3.pom (5 KB at 40.6 KB/sec)
Downloading: https://repo.maven.apache.org/maven2/org/codehaus/plexus/plexus-interpolation/1.13/plexus-interpolation-1.13.pom
890/890 B               Downloaded: https://repo.maven.apache.org/maven2/org/codehaus/plexus/plexus-interpolation/1.13/plexus-interpolation-1.13.pom (890 B at 8.1 KB/sec)
Downloading: https://repo.maven.apache.org/maven2/org/codehaus/plexus/plexus-components/1.1.15/plexus-components-1.1.15.pom
3/3 KB      3/3 KB            Downloaded: https://repo.maven.apache.org/maven2/org/codehaus/plexus/plexus-components/1.1.15/plexus-components-1.1.15.pom (3 KB at 24.6 KB/sec)
Downloading: https://repo.maven.apache.org/maven2/org/codehaus/plexus/plexus/2.0.3/plexus-2.0.3.pom
3/16 KB   5/16 KB   8/16 KB   11/16 KB   13/16 KB   16/16 KB              Downloaded: https://repo.maven.apache.org/maven2/org/codehaus/plexus/plexus/2.0.3/plexus-2.0.3.pom (16 KB at 118.9 KB/sec)
Downloading: https://repo.maven.apache.org/maven2/org/apache/maven/reporting/maven-reporting-api/2.0.6/maven-reporting-api-2.0.6.jar
Downloading: https://repo.maven.apache.org/maven2/org/apache/maven/doxia/doxia-sink-api/1.0-alpha-7/doxia-sink-api-1.0-alpha-7.jar
Downloading: https://repo.maven.apache.org/maven2/junit/junit/3.8.1/junit-3.8.1.jar
Downloading: https://repo.maven.apache.org/maven2/org/codehaus/plexus/plexus-utils/2.0.5/plexus-utils-2.0.5.jar
Downloading: https://repo.maven.apache.org/maven2/org/apache/maven/shared/maven-filtering/1.1/maven-filtering-1.1.jar
3/119 KB   5/119 KB   5/119 KB   3/10 KB   3/43 KB   8/119 KB   5/10 KB   3/43 KB   8/119 KB   8/10 KB   3/43 KB   8/119 KB   10/10 KB   3/6 KB   3/218 KB   3/43 KB   8/119 KB   10/10 KB   5/6 KB   3/218 KB   3/43 KB   8/119 KB   10/10 KB   8/119 KB   3/10 KB   5/6 KB   3/218 KB   3/43 KB   11/119 KB   10/10 KB   5/6 KB   3/218 KB   3/43 KB   13/119 KB   10/10 KB   5/6 KB   3/218 KB   3/43 KB   16/119 KB   10/10 KB   5/6 KB   3/218 KB   3/43 KB   19/119 KB   10/10 KB   5/6 KB   3/218 KB   3/43 KB   21/119 KB   10/10 KB   5/6 KB   3/218 KB   3/43 KB   24/119 KB   10/10 KB   5/6 KB   3/218 KB   3/43 KB   27/119 KB   10/10 KB   5/6 KB   3/218 KB   3/43 KB   29/119 KB   10/10 KB   5/6 KB   3/218 KB   3/43 KB   32/119 KB   10/10 KB   3/43 KB   8/119 KB   3/10 KB   3/218 KB   3/43 KB   8/119 KB   10/10 KB   5/6 KB   5/218 KB   3/43 KB   32/119 KB   10/10 KB   5/6 KB   8/218 KB   3/43 KB   32/119 KB   10/10 KB   5/6 KB   11/218 KB   5/43 KB   32/119 KB   10/10 KB   6/6 KB   13/218 KB   5/43 KB   32/119 KB   10/10 KB   5/6 KB   8/218 KB   5/43 KB   32/119 KB   10/10 KB   6/6 KB   13/218 KB   8/43 KB   36/119 KB   10/10 KB   6/6 KB   13/218 KB   11/43 KB   36/119 KB   10/10 KB   6/6 KB   16/218 KB   13/43 KB   36/119 KB   10/10 KB   6/6 KB   16/218 KB   16/43 KB   36/119 KB   10/10 KB   6/6 KB   13/218 KB   5/43 KB   36/119 KB   10/10 KB   6/6 KB   16/218 KB   16/43 KB   40/119 KB   10/10 KB   6/6 KB   16/218 KB   16/43 KB   44/119 KB   10/10 KB   6/6 KB   16/218 KB   19/43 KB   48/119 KB   10/10 KB   6/6 KB   11/218 KB   5/43 KB   32/119 KB   10/10 KB   6/6 KB   16/218 KB   19/43 KB   44/119 KB   10/10 KB   6/6 KB   16/218 KB   21/43 KB   48/119 KB   10/10 KB   6/6 KB   16/218 KB   24/43 KB   52/119 KB   10/10 KB   6/6 KB   16/218 KB   11/43 KB   36/119 KB   10/10 KB   6/6 KB   19/218 KB   24/43 KB   52/119 KB   10/10 KB   6/6 KB   21/218 KB   24/43 KB   52/119 KB   10/10 KB   6/6 KB   24/218 KB   24/43 KB   52/119 KB   10/10 KB   6/6 KB   27/218 KB   24/43 KB   52/119 KB   10/10 KB   6/6 KB   29/218 KB   24/43 KB   52/119 KB   10/10 KB   6/6 KB   32/218 KB   27/43 KB   52/119 KB   10/10 KB   6/6 KB   36/218 KB   27/43 KB   52/119 KB   10/10 KB   6/6 KB   40/218 KB   27/43 KB   52/119 KB   10/10 KB   6/6 KB   16/218 KB   21/43 KB   52/119 KB   10/10 KB   6/6 KB   40/218 KB   27/43 KB   56/119 KB   10/10 KB   6/6 KB   40/218 KB   27/43 KB   60/119 KB   10/10 KB   6/6 KB   40/218 KB   27/43 KB   64/119 KB   10/10 KB   6/6 KB   40/218 KB   27/43 KB   68/119 KB   10/10 KB   6/6 KB   40/218 KB   27/43 KB   72/119 KB   10/10 KB   6/6 KB   44/218 KB   27/43 KB   76/119 KB   10/10 KB   6/6 KB   29/218 KB   27/43 KB   52/119 KB   10/10 KB   6/6 KB   44/218 KB   29/43 KB   76/119 KB   10/10 KB   6/6 KB   44/218 KB   32/43 KB   76/119 KB   10/10 KB   6/6 KB   44/218 KB   36/43 KB   76/119 KB   10/10 KB   6/6 KB   44/218 KB   40/43 KB   76/119 KB   10/10 KB   6/6 KB   44/218 KB   43/43 KB   76/119 KB   10/10 KB   6/6 KB   44/218 KB   27/43 KB   72/119 KB   10/10 KB   6/6 KB   48/218 KB   43/43 KB   80/119 KB   10/10 KB   6/6 KB   52/218 KB   43/43 KB   80/119 KB   10/10 KB   6/6 KB   56/218 KB   43/43 KB   80/119 KB   10/10 KB   6/6 KB   60/218 KB   43/43 KB   80/119 KB   10/10 KB   6/6 KB   64/218 KB   43/43 KB   80/119 KB   10/10 KB   6/6 KB   44/218 KB   43/43 KB   80/119 KB   10/10 KB   6/6 KB   64/218 KB   43/43 KB   84/119 KB   10/10 KB   6/6 KB   64/218 KB   43/43 KB   88/119 KB   10/10 KB   6/6 KB   64/218 KB   43/43 KB   92/119 KB   10/10 KB   6/6 KB   64/218 KB   43/43 KB   96/119 KB   10/10 KB   6/6 KB   64/218 KB   43/43 KB   100/119 KB   10/10 KB   6/6 KB   68/218 KB   43/43 KB   104/119 KB   10/10 KB   6/6 KB   68/218 KB   43/43 KB   108/119 KB   10/10 KB   6/6 KB   68/218 KB   43/43 KB   112/119 KB   10/10 KB   6/6 KB   68/218 KB   43/43 KB   116/119 KB   10/10 KB   6/6 KB   68/218 KB   43/43 KB   119/119 KB   10/10 KB   6/6 KB   68/218 KB   43/43 KB   100/119 KB   10/10 KB   6/6 KB   72/218 KB   43/43 KB   119/119 KB   10/10 KB   6/6 KB   76/218 KB   43/43 KB   119/119 KB   10/10 KB                                                           Downloaded: https://repo.maven.apache.org/maven2/org/apache/maven/reporting/maven-reporting-api/2.0.6/maven-reporting-api-2.0.6.jar (10 KB at 60.7 KB/sec)
Downloading: https://repo.maven.apache.org/maven2/org/sonatype/plexus/plexus-build-api/0.0.4/plexus-build-api-0.0.4.jar
                                                        Downloaded: https://repo.maven.apache.org/maven2/org/apache/maven/doxia/doxia-sink-api/1.0-alpha-7/doxia-sink-api-1.0-alpha-7.jar (6 KB at 33.5 KB/sec)
Downloading: https://repo.maven.apache.org/maven2/org/codehaus/plexus/plexus-interpolation/1.13/plexus-interpolation-1.13.jar
6/6 KB   80/218 KB   43/43 KB   119/119 KB              84/218 KB   43/43 KB   119/119 KB            88/218 KB   43/43 KB   119/119 KB   92/218 KB   43/43 KB   119/119 KB   96/218 KB   43/43 KB   119/119 KB   100/218 KB   43/43 KB   119/119 KB   104/218 KB   43/43 KB   119/119 KB   108/218 KB   43/43 KB   119/119 KB   112/218 KB   43/43 KB   119/119 KB   116/218 KB   43/43 KB   119/119 KB   120/218 KB   43/43 KB   119/119 KB   124/218 KB   43/43 KB   119/119 KB   128/218 KB   43/43 KB   119/119 KB   132/218 KB   43/43 KB   119/119 KB   136/218 KB   43/43 KB   119/119 KB   140/218 KB   43/43 KB   119/119 KB   144/218 KB   43/43 KB   119/119 KB   148/218 KB   43/43 KB   119/119 KB   152/218 KB   43/43 KB   119/119 KB   156/218 KB   43/43 KB   119/119 KB   160/218 KB   43/43 KB   119/119 KB   164/218 KB   43/43 KB   119/119 KB   168/218 KB   43/43 KB   119/119 KB   172/218 KB   43/43 KB   119/119 KB   176/218 KB   43/43 KB   119/119 KB                                        Downloaded: https://repo.maven.apache.org/maven2/org/apache/maven/shared/maven-filtering/1.1/maven-filtering-1.1.jar (43 KB at 227.5 KB/sec)
180/218 KB   119/119 KB              184/218 KB   119/119 KB   188/218 KB   119/119 KB   192/218 KB   119/119 KB   196/218 KB   119/119 KB   200/218 KB   119/119 KB   204/218 KB   119/119 KB   208/218 KB   119/119 KB   212/218 KB   119/119 KB   216/218 KB   119/119 KB   218/218 KB   119/119 KB   3/7 KB   218/218 KB   119/119 KB   5/7 KB   218/218 KB   119/119 KB   7/7 KB   218/218 KB   119/119 KB   3/60 KB   7/7 KB   218/218 KB   119/119 KB   5/60 KB   7/7 KB   218/218 KB   119/119 KB   8/60 KB   7/7 KB   218/218 KB   119/119 KB   11/60 KB   7/7 KB   218/218 KB   119/119 KB   13/60 KB   7/7 KB   218/218 KB   119/119 KB   16/60 KB   7/7 KB   218/218 KB   119/119 KB   19/60 KB   7/7 KB   218/218 KB   119/119 KB   21/60 KB   7/7 KB   218/218 KB   119/119 KB   24/60 KB   7/7 KB   218/218 KB   119/119 KB   27/60 KB   7/7 KB   218/218 KB   119/119 KB   29/60 KB   7/7 KB   218/218 KB   119/119 KB   32/60 KB   7/7 KB   218/218 KB   119/119 KB   36/60 KB   7/7 KB   218/218 KB   119/119 KB   40/60 KB   7/7 KB   218/218 KB   119/119 KB   44/60 KB   7/7 KB   218/218 KB   119/119 KB   48/60 KB   7/7 KB   218/218 KB   119/119 KB                                                 Downloaded: https://repo.maven.apache.org/maven2/junit/junit/3.8.1/junit-3.8.1.jar (119 KB at 503.1 KB/sec)
52/60 KB   7/7 KB   218/218 KB   119/119 KB   56/60 KB   7/7 KB   218/218 KB                60/60 KB   7/7 KB   218/218 KB   60/60 KB   7/7 KB   218/218 KB                                    Downloaded: https://repo.maven.apache.org/maven2/org/codehaus/plexus/plexus-utils/2.0.5/plexus-utils-2.0.5.jar (218 KB at 861.4 KB/sec)
                                 Downloaded: https://repo.maven.apache.org/maven2/org/sonatype/plexus/plexus-build-api/0.0.4/plexus-build-api-0.0.4.jar (7 KB at 25.2 KB/sec)
                                 Downloaded: https://repo.maven.apache.org/maven2/org/codehaus/plexus/plexus-interpolation/1.13/plexus-interpolation-1.13.jar (60 KB at 212.2 KB/sec)
[INFO] Using 'UTF-8' encoding to copy filtered resources.
[INFO] skip non existing resourceDirectory /home/travis/build/xetorthio/jedis/src/main/resources
[INFO] 
[INFO] --- maven-compiler-plugin:3.1:compile (default-compile) @ jedis ---
Downloading: https://repo.maven.apache.org/maven2/org/codehaus/plexus/plexus-utils/1.5.1/plexus-utils-1.5.1.pom
3/3 KB                                    Downloaded: https://repo.maven.apache.org/maven2/org/codehaus/plexus/plexus-utils/1.5.1/plexus-utils-1.5.1.pom (3 KB at 18.5 KB/sec)
Downloading: https://repo.maven.apache.org/maven2/org/apache/maven/maven-toolchain/1.0/maven-toolchain-1.0.pom
3/4 KB   4/4 KB            Downloaded: https://repo.maven.apache.org/maven2/org/apache/maven/maven-toolchain/1.0/maven-toolchain-1.0.pom (4 KB at 29.5 KB/sec)
Downloading: https://repo.maven.apache.org/maven2/org/apache/maven/shared/maven-shared-utils/0.1/maven-shared-utils-0.1.pom
3/4 KB   4/4 KB            Downloaded: https://repo.maven.apache.org/maven2/org/apache/maven/shared/maven-shared-utils/0.1/maven-shared-utils-0.1.pom (4 KB at 34.1 KB/sec)
Downloading: https://repo.maven.apache.org/maven2/org/apache/maven/shared/maven-shared-components/18/maven-shared-components-18.pom
3/5 KB   5/5 KB   5/5 KB            Downloaded: https://repo.maven.apache.org/maven2/org/apache/maven/shared/maven-shared-components/18/maven-shared-components-18.pom (5 KB at 44.2 KB/sec)
Downloading: https://repo.maven.apache.org/maven2/com/google/code/findbugs/jsr305/2.0.1/jsr305-2.0.1.pom
965/965 B               Downloaded: https://repo.maven.apache.org/maven2/com/google/code/findbugs/jsr305/2.0.1/jsr305-2.0.1.pom (965 B at 8.6 KB/sec)
Downloading: https://repo.maven.apache.org/maven2/org/apache/maven/shared/maven-shared-incremental/1.1/maven-shared-incremental-1.1.pom
3/5 KB      5/5 KB            Downloaded: https://repo.maven.apache.org/maven2/org/apache/maven/shared/maven-shared-incremental/1.1/maven-shared-incremental-1.1.pom (5 KB at 42.1 KB/sec)
Downloading: https://repo.maven.apache.org/maven2/org/apache/maven/shared/maven-shared-components/19/maven-shared-components-19.pom
3/7 KB   5/7 KB   7/7 KB            Downloaded: https://repo.maven.apache.org/maven2/org/apache/maven/shared/maven-shared-components/19/maven-shared-components-19.pom (7 KB at 53.1 KB/sec)
Downloading: https://repo.maven.apache.org/maven2/org/apache/maven/maven-plugin-api/2.2.1/maven-plugin-api-2.2.1.pom
2/2 KB            Downloaded: https://repo.maven.apache.org/maven2/org/apache/maven/maven-plugin-api/2.2.1/maven-plugin-api-2.2.1.pom (2 KB at 13.2 KB/sec)
Downloading: https://repo.maven.apache.org/maven2/org/apache/maven/maven/2.2.1/maven-2.2.1.pom
3/22 KB   5/22 KB   8/22 KB   11/22 KB   13/22 KB   16/22 KB   19/22 KB   21/22 KB   22/22 KB              Downloaded: https://repo.maven.apache.org/maven2/org/apache/maven/maven/2.2.1/maven-2.2.1.pom (22 KB at 163.3 KB/sec)
Downloading: https://repo.maven.apache.org/maven2/org/apache/maven/maven-core/2.2.1/maven-core-2.2.1.pom
3/12 KB    5/12 KB   8/12 KB   11/12 KB   12/12 KB              Downloaded: https://repo.maven.apache.org/maven2/org/apache/maven/maven-core/2.2.1/maven-core-2.2.1.pom (12 KB at 102.3 KB/sec)
Downloading: https://repo.maven.apache.org/maven2/org/apache/maven/maven-settings/2.2.1/maven-settings-2.2.1.pom
3/3 KB              Downloaded: https://repo.maven.apache.org/maven2/org/apache/maven/maven-settings/2.2.1/maven-settings-2.2.1.pom (3 KB at 18.7 KB/sec)
Downloading: https://repo.maven.apache.org/maven2/org/apache/maven/maven-model/2.2.1/maven-model-2.2.1.pom
3/4 KB   4/4 KB            Downloaded: https://repo.maven.apache.org/maven2/org/apache/maven/maven-model/2.2.1/maven-model-2.2.1.pom (4 KB at 28.3 KB/sec)
Downloading: https://repo.maven.apache.org/maven2/org/codehaus/plexus/plexus-interpolation/1.11/plexus-interpolation-1.11.pom
889/889 B               Downloaded: https://repo.maven.apache.org/maven2/org/codehaus/plexus/plexus-interpolation/1.11/plexus-interpolation-1.11.pom (889 B at 8.0 KB/sec)
Downloading: https://repo.maven.apache.org/maven2/org/apache/maven/maven-plugin-parameter-documenter/2.2.1/maven-plugin-parameter-documenter-2.2.1.pom
2/2 KB               Downloaded: https://repo.maven.apache.org/maven2/org/apache/maven/maven-plugin-parameter-documenter/2.2.1/maven-plugin-parameter-documenter-2.2.1.pom (2 KB at 17.2 KB/sec)
Downloading: https://repo.maven.apache.org/maven2/org/slf4j/slf4j-jdk14/1.5.6/slf4j-jdk14-1.5.6.pom
2/2 KB            Downloaded: https://repo.maven.apache.org/maven2/org/slf4j/slf4j-jdk14/1.5.6/slf4j-jdk14-1.5.6.pom (2 KB at 17.0 KB/sec)
Downloading: https://repo.maven.apache.org/maven2/org/slf4j/slf4j-parent/1.5.6/slf4j-parent-1.5.6.pom
3/8 KB   5/8 KB   8/8 KB   8/8 KB            Downloaded: https://repo.maven.apache.org/maven2/org/slf4j/slf4j-parent/1.5.6/slf4j-parent-1.5.6.pom (8 KB at 70.3 KB/sec)
Downloading: https://repo.maven.apache.org/maven2/org/slf4j/slf4j-api/1.5.6/slf4j-api-1.5.6.pom
3/3 KB   3/3 KB            Downloaded: https://repo.maven.apache.org/maven2/org/slf4j/slf4j-api/1.5.6/slf4j-api-1.5.6.pom (3 KB at 26.3 KB/sec)
Downloading: https://repo.maven.apache.org/maven2/org/slf4j/jcl-over-slf4j/1.5.6/jcl-over-slf4j-1.5.6.pom
3/3 KB   3/3 KB            Downloaded: https://repo.maven.apache.org/maven2/org/slf4j/jcl-over-slf4j/1.5.6/jcl-over-slf4j-1.5.6.pom (3 KB at 18.1 KB/sec)
Downloading: https://repo.maven.apache.org/maven2/org/apache/maven/maven-profile/2.2.1/maven-profile-2.2.1.pom
3/3 KB   3/3 KB            Downloaded: https://repo.maven.apache.org/maven2/org/apache/maven/maven-profile/2.2.1/maven-profile-2.2.1.pom (3 KB at 18.3 KB/sec)
Downloading: https://repo.maven.apache.org/maven2/org/apache/maven/maven-artifact/2.2.1/maven-artifact-2.2.1.pom
2/2 KB            Downloaded: https://repo.maven.apache.org/maven2/org/apache/maven/maven-artifact/2.2.1/maven-artifact-2.2.1.pom (2 KB at 15.0 KB/sec)
Downloading: https://repo.maven.apache.org/maven2/org/apache/maven/maven-repository-metadata/2.2.1/maven-repository-metadata-2.2.1.pom
2/2 KB            Downloaded: https://repo.maven.apache.org/maven2/org/apache/maven/maven-repository-metadata/2.2.1/maven-repository-metadata-2.2.1.pom (2 KB at 16.5 KB/sec)
Downloading: https://repo.maven.apache.org/maven2/org/apache/maven/maven-error-diagnostics/2.2.1/maven-error-diagnostics-2.2.1.pom
2/2 KB            Downloaded: https://repo.maven.apache.org/maven2/org/apache/maven/maven-error-diagnostics/2.2.1/maven-error-diagnostics-2.2.1.pom (2 KB at 15.6 KB/sec)
Downloading: https://repo.maven.apache.org/maven2/org/apache/maven/maven-project/2.2.1/maven-project-2.2.1.pom
3/3 KB   3/3 KB            Downloaded: https://repo.maven.apache.org/maven2/org/apache/maven/maven-project/2.2.1/maven-project-2.2.1.pom (3 KB at 23.1 KB/sec)
Downloading: https://repo.maven.apache.org/maven2/org/apache/maven/maven-artifact-manager/2.2.1/maven-artifact-manager-2.2.1.pom
3/4 KB   4/4 KB            Downloaded: https://repo.maven.apache.org/maven2/org/apache/maven/maven-artifact-manager/2.2.1/maven-artifact-manager-2.2.1.pom (4 KB at 27.1 KB/sec)
Downloading: https://repo.maven.apache.org/maven2/backport-util-concurrent/backport-util-concurrent/3.1/backport-util-concurrent-3.1.pom
880/880 B               Downloaded: https://repo.maven.apache.org/maven2/backport-util-concurrent/backport-util-concurrent/3.1/backport-util-concurrent-3.1.pom (880 B at 7.7 KB/sec)
Downloading: https://repo.maven.apache.org/maven2/org/apache/maven/maven-plugin-registry/2.2.1/maven-plugin-registry-2.2.1.pom
2/2 KB               Downloaded: https://repo.maven.apache.org/maven2/org/apache/maven/maven-plugin-registry/2.2.1/maven-plugin-registry-2.2.1.pom (2 KB at 17.4 KB/sec)
Downloading: https://repo.maven.apache.org/maven2/org/apache/maven/maven-plugin-descriptor/2.2.1/maven-plugin-descriptor-2.2.1.pom
3/3 KB            Downloaded: https://repo.maven.apache.org/maven2/org/apache/maven/maven-plugin-descriptor/2.2.1/maven-plugin-descriptor-2.2.1.pom (3 KB at 17.7 KB/sec)
Downloading: https://repo.maven.apache.org/maven2/org/apache/maven/maven-monitor/2.2.1/maven-monitor-2.2.1.pom
2/2 KB            Downloaded: https://repo.maven.apache.org/maven2/org/apache/maven/maven-monitor/2.2.1/maven-monitor-2.2.1.pom (2 KB at 11.4 KB/sec)
Downloading: https://repo.maven.apache.org/maven2/org/sonatype/plexus/plexus-sec-dispatcher/1.3/plexus-sec-dispatcher-1.3.pom
3/3 KB   3/3 KB            Downloaded: https://repo.maven.apache.org/maven2/org/sonatype/plexus/plexus-sec-dispatcher/1.3/plexus-sec-dispatcher-1.3.pom (3 KB at 26.8 KB/sec)
Downloading: https://repo.maven.apache.org/maven2/org/sonatype/spice/spice-parent/12/spice-parent-12.pom
3/7 KB   5/7 KB   7/7 KB            Downloaded: https://repo.maven.apache.org/maven2/org/sonatype/spice/spice-parent/12/spice-parent-12.pom (7 KB at 60.4 KB/sec)
Downloading: https://repo.maven.apache.org/maven2/org/sonatype/forge/forge-parent/4/forge-parent-4.pom
3/9 KB   5/9 KB   8/9 KB   9/9 KB            Downloaded: https://repo.maven.apache.org/maven2/org/sonatype/forge/forge-parent/4/forge-parent-4.pom (9 KB at 75.2 KB/sec)
Downloading: https://repo.maven.apache.org/maven2/org/codehaus/plexus/plexus-utils/1.5.5/plexus-utils-1.5.5.pom
3/6 KB   5/6 KB   6/6 KB            Downloaded: https://repo.maven.apache.org/maven2/org/codehaus/plexus/plexus-utils/1.5.5/plexus-utils-1.5.5.pom (6 KB at 46.5 KB/sec)
Downloading: https://repo.maven.apache.org/maven2/org/sonatype/plexus/plexus-cipher/1.4/plexus-cipher-1.4.pom
3/3 KB            Downloaded: https://repo.maven.apache.org/maven2/org/sonatype/plexus/plexus-cipher/1.4/plexus-cipher-1.4.pom (3 KB at 18.8 KB/sec)
Downloading: https://repo.maven.apache.org/maven2/org/codehaus/plexus/plexus-component-annotations/1.5.5/plexus-component-annotations-1.5.5.pom
815/815 B               Downloaded: https://repo.maven.apache.org/maven2/org/codehaus/plexus/plexus-component-annotations/1.5.5/plexus-component-annotations-1.5.5.pom (815 B at 6.7 KB/sec)
Downloading: https://repo.maven.apache.org/maven2/org/codehaus/plexus/plexus-containers/1.5.5/plexus-containers-1.5.5.pom
3/5 KB      5/5 KB            Downloaded: https://repo.maven.apache.org/maven2/org/codehaus/plexus/plexus-containers/1.5.5/plexus-containers-1.5.5.pom (5 KB at 34.8 KB/sec)
Downloading: https://repo.maven.apache.org/maven2/org/codehaus/plexus/plexus/2.0.7/plexus-2.0.7.pom
3/17 KB   5/17 KB   8/17 KB   11/17 KB   13/17 KB   16/17 KB   17/17 KB              Downloaded: https://repo.maven.apache.org/maven2/org/codehaus/plexus/plexus/2.0.7/plexus-2.0.7.pom (17 KB at 148.2 KB/sec)
Downloading: https://repo.maven.apache.org/maven2/org/codehaus/plexus/plexus-compiler-api/2.2/plexus-compiler-api-2.2.pom
865/865 B               Downloaded: https://repo.maven.apache.org/maven2/org/codehaus/plexus/plexus-compiler-api/2.2/plexus-compiler-api-2.2.pom (865 B at 7.7 KB/sec)
Downloading: https://repo.maven.apache.org/maven2/org/codehaus/plexus/plexus-compiler/2.2/plexus-compiler-2.2.pom
3/4 KB      4/4 KB            Downloaded: https://repo.maven.apache.org/maven2/org/codehaus/plexus/plexus-compiler/2.2/plexus-compiler-2.2.pom (4 KB at 30.2 KB/sec)
Downloading: https://repo.maven.apache.org/maven2/org/codehaus/plexus/plexus-components/1.3.1/plexus-components-1.3.1.pom
3/3 KB   3/3 KB            Downloaded: https://repo.maven.apache.org/maven2/org/codehaus/plexus/plexus-components/1.3.1/plexus-components-1.3.1.pom (3 KB at 28.5 KB/sec)
Downloading: https://repo.maven.apache.org/maven2/org/codehaus/plexus/plexus/3.3.1/plexus-3.3.1.pom
3/20 KB   5/20 KB   8/20 KB   11/20 KB   13/20 KB   16/20 KB   19/20 KB   20/20 KB              Downloaded: https://repo.maven.apache.org/maven2/org/codehaus/plexus/plexus/3.3.1/plexus-3.3.1.pom (20 KB at 158.5 KB/sec)
Downloading: https://repo.maven.apache.org/maven2/org/sonatype/spice/spice-parent/17/spice-parent-17.pom
3/7 KB     5/7 KB   7/7 KB            Downloaded: https://repo.maven.apache.org/maven2/org/sonatype/spice/spice-parent/17/spice-parent-17.pom (7 KB at 57.4 KB/sec)
Downloading: https://repo.maven.apache.org/maven2/org/sonatype/forge/forge-parent/10/forge-parent-10.pom
3/14 KB   5/14 KB   8/14 KB   11/14 KB   13/14 KB   14/14 KB              Downloaded: https://repo.maven.apache.org/maven2/org/sonatype/forge/forge-parent/10/forge-parent-10.pom (14 KB at 111.3 KB/sec)
Downloading: https://repo.maven.apache.org/maven2/org/codehaus/plexus/plexus-utils/3.0.8/plexus-utils-3.0.8.pom
3/4 KB     4/4 KB            Downloaded: https://repo.maven.apache.org/maven2/org/codehaus/plexus/plexus-utils/3.0.8/plexus-utils-3.0.8.pom (4 KB at 27.2 KB/sec)
Downloading: https://repo.maven.apache.org/maven2/org/codehaus/plexus/plexus/3.2/plexus-3.2.pom
3/19 KB   5/19 KB   8/19 KB   11/19 KB   13/19 KB   16/19 KB   19/19 KB   19/19 KB              Downloaded: https://repo.maven.apache.org/maven2/org/codehaus/plexus/plexus/3.2/plexus-3.2.pom (19 KB at 156.5 KB/sec)
Downloading: https://repo.maven.apache.org/maven2/org/codehaus/plexus/plexus-compiler-manager/2.2/plexus-compiler-manager-2.2.pom
690/690 B               Downloaded: https://repo.maven.apache.org/maven2/org/codehaus/plexus/plexus-compiler-manager/2.2/plexus-compiler-manager-2.2.pom (690 B at 6.5 KB/sec)
Downloading: https://repo.maven.apache.org/maven2/org/codehaus/plexus/plexus-compiler-javac/2.2/plexus-compiler-javac-2.2.pom
769/769 B               Downloaded: https://repo.maven.apache.org/maven2/org/codehaus/plexus/plexus-compiler-javac/2.2/plexus-compiler-javac-2.2.pom (769 B at 6.8 KB/sec)
Downloading: https://repo.maven.apache.org/maven2/org/codehaus/plexus/plexus-compilers/2.2/plexus-compilers-2.2.pom
2/2 KB               Downloaded: https://repo.maven.apache.org/maven2/org/codehaus/plexus/plexus-compilers/2.2/plexus-compilers-2.2.pom (2 KB at 11.4 KB/sec)
Downloading: https://repo.maven.apache.org/maven2/org/codehaus/plexus/plexus-container-default/1.5.5/plexus-container-default-1.5.5.pom
3/3 KB   3/3 KB            Downloaded: https://repo.maven.apache.org/maven2/org/codehaus/plexus/plexus-container-default/1.5.5/plexus-container-default-1.5.5.pom (3 KB at 23.2 KB/sec)
Downloading: https://repo.maven.apache.org/maven2/org/codehaus/plexus/plexus-utils/1.4.5/plexus-utils-1.4.5.pom
3/3 KB   3/3 KB            Downloaded: https://repo.maven.apache.org/maven2/org/codehaus/plexus/plexus-utils/1.4.5/plexus-utils-1.4.5.pom (3 KB at 20.9 KB/sec)
Downloading: https://repo.maven.apache.org/maven2/org/codehaus/plexus/plexus-classworlds/2.2.2/plexus-classworlds-2.2.2.pom
3/4 KB   4/4 KB            Downloaded: https://repo.maven.apache.org/maven2/org/codehaus/plexus/plexus-classworlds/2.2.2/plexus-classworlds-2.2.2.pom (4 KB at 36.8 KB/sec)
Downloading: https://repo.maven.apache.org/maven2/org/apache/xbean/xbean-reflect/3.4/xbean-reflect-3.4.pom
3/3 KB   3/3 KB            Downloaded: https://repo.maven.apache.org/maven2/org/apache/xbean/xbean-reflect/3.4/xbean-reflect-3.4.pom (3 KB at 24.5 KB/sec)
Downloading: https://repo.maven.apache.org/maven2/org/apache/xbean/xbean/3.4/xbean-3.4.pom
3/19 KB   5/19 KB   8/19 KB   11/19 KB   13/19 KB   16/19 KB   19/19 KB   19/19 KB              Downloaded: https://repo.maven.apache.org/maven2/org/apache/xbean/xbean/3.4/xbean-3.4.pom (19 KB at 153.4 KB/sec)
Downloading: https://repo.maven.apache.org/maven2/log4j/log4j/1.2.12/log4j-1.2.12.pom
145/145 B               Downloaded: https://repo.maven.apache.org/maven2/log4j/log4j/1.2.12/log4j-1.2.12.pom (145 B at 1.3 KB/sec)
Downloading: https://repo.maven.apache.org/maven2/commons-logging/commons-logging-api/1.1/commons-logging-api-1.1.pom
3/6 KB      5/6 KB   6/6 KB            Downloaded: https://repo.maven.apache.org/maven2/commons-logging/commons-logging-api/1.1/commons-logging-api-1.1.pom (6 KB at 46.2 KB/sec)
Downloading: https://repo.maven.apache.org/maven2/com/google/collections/google-collections/1.0/google-collections-1.0.pom
3/3 KB   3/3 KB            Downloaded: https://repo.maven.apache.org/maven2/com/google/collections/google-collections/1.0/google-collections-1.0.pom (3 KB at 21.6 KB/sec)
Downloading: https://repo.maven.apache.org/maven2/com/google/google/1/google-1.pom
2/2 KB            Downloaded: https://repo.maven.apache.org/maven2/com/google/google/1/google-1.pom (2 KB at 13.8 KB/sec)
Downloading: https://repo.maven.apache.org/maven2/org/codehaus/plexus/plexus-utils/1.5.1/plexus-utils-1.5.1.jar
Downloading: https://repo.maven.apache.org/maven2/org/apache/maven/shared/maven-shared-utils/0.1/maven-shared-utils-0.1.jar
Downloading: https://repo.maven.apache.org/maven2/com/google/code/findbugs/jsr305/2.0.1/jsr305-2.0.1.jar
Downloading: https://repo.maven.apache.org/maven2/org/apache/maven/shared/maven-shared-incremental/1.1/maven-shared-incremental-1.1.jar
Downloading: https://repo.maven.apache.org/maven2/org/codehaus/plexus/plexus-component-annotations/1.5.5/plexus-component-annotations-1.5.5.jar
3/32 KB   5/32 KB   3/206 KB   3/5 KB   3/14 KB   3/151 KB   8/32 KB   3/206 KB   3/5 KB   3/14 KB   3/151 KB   11/32 KB   3/206 KB   3/5 KB   3/14 KB   3/151 KB   13/32 KB   3/206 KB   3/5 KB   3/14 KB   3/151 KB   16/32 KB   3/206 KB   3/5 KB   3/14 KB   3/151 KB   19/32 KB   3/206 KB   3/5 KB   3/14 KB   3/151 KB   3/32 KB   3/206 KB   3/5 KB   3/14 KB   3/151 KB   3/32 KB   3/206 KB   3/14 KB   3/151 KB   3/32 KB   3/206 KB   3/14 KB   3/32 KB   3/14 KB   19/32 KB   3/206 KB   3/5 KB   5/14 KB   3/151 KB   19/32 KB   5/206 KB   3/5 KB   8/14 KB   5/151 KB   19/32 KB   5/206 KB   3/5 KB   11/14 KB   5/151 KB   19/32 KB   5/206 KB   3/5 KB   5/14 KB   5/151 KB   19/32 KB   8/206 KB   3/5 KB   13/14 KB   5/151 KB   19/32 KB   3/206 KB   3/5 KB   5/14 KB   5/151 KB   19/32 KB   8/206 KB   3/5 KB   13/14 KB   8/151 KB   19/32 KB   5/206 KB   3/5 KB   13/14 KB   5/151 KB   19/32 KB   11/206 KB   5/5 KB   14/14 KB   8/151 KB   19/32 KB   11/206 KB   5/5 KB   13/14 KB   8/151 KB   19/32 KB   11/206 KB   3/5 KB   13/14 KB   8/151 KB   19/32 KB   13/206 KB   5/5 KB   14/14 KB   11/151 KB   19/32 KB   16/206 KB   5/5 KB   14/14 KB   11/151 KB   19/32 KB   11/206 KB   5/5 KB   14/14 KB   11/151 KB   19/32 KB   16/206 KB   5/5 KB   14/14 KB   13/151 KB   19/32 KB   16/206 KB   5/5 KB   14/14 KB   16/151 KB   19/32 KB   19/206 KB   5/5 KB   14/14 KB   19/151 KB   21/32 KB   19/206 KB   5/5 KB   14/14 KB   21/151 KB   19/32 KB   19/206 KB   5/5 KB   14/14 KB   16/151 KB   21/32 KB   21/206 KB   5/5 KB   14/14 KB   21/151 KB   21/32 KB   24/206 KB   5/5 KB   14/14 KB   21/151 KB   21/32 KB   27/206 KB   5/5 KB   14/14 KB   21/151 KB   21/32 KB   29/206 KB   5/5 KB   14/14 KB   21/151 KB   21/32 KB   32/206 KB   5/5 KB   14/14 KB   24/151 KB   21/32 KB   36/206 KB   5/5 KB   14/14 KB   24/151 KB   21/32 KB   19/206 KB   5/5 KB   14/14 KB   19/151 KB   24/32 KB   36/206 KB   5/5 KB   14/14 KB   24/151 KB   27/32 KB   36/206 KB   5/5 KB   14/14 KB   24/151 KB   29/32 KB   36/206 KB   5/5 KB   14/14 KB   24/151 KB   21/32 KB   29/206 KB   5/5 KB   14/14 KB   24/151 KB   29/32 KB   36/206 KB   5/5 KB   14/14 KB   27/151 KB   29/32 KB   36/206 KB   5/5 KB   14/14 KB   29/151 KB   32/32 KB   36/206 KB   5/5 KB   14/14 KB   29/151 KB   32/32 KB   36/206 KB   5/5 KB   14/14 KB   32/151 KB   32/32 KB   36/206 KB   5/5 KB   14/14 KB   36/151 KB   32/32 KB   40/206 KB   5/5 KB   14/14 KB   40/151 KB   32/32 KB   40/206 KB   5/5 KB   14/14 KB   44/151 KB   32/32 KB   40/206 KB   5/5 KB   14/14 KB   48/151 KB   32/32 KB   40/206 KB   5/5 KB   14/14 KB   52/151 KB   32/32 KB   40/206 KB   5/5 KB   14/14 KB   36/151 KB   32/32 KB   44/206 KB   5/5 KB   14/14 KB   52/151 KB   32/32 KB   48/206 KB   5/5 KB   14/14 KB   52/151 KB   32/32 KB   52/206 KB   5/5 KB   14/14 KB   52/151 KB   32/32 KB   56/206 KB   5/5 KB   14/14 KB   52/151 KB   32/32 KB   60/206 KB   5/5 KB   14/14 KB   56/151 KB   32/32 KB   56/206 KB   5/5 KB   14/14 KB   56/151 KB   32/32 KB   60/206 KB   5/5 KB   14/14 KB   60/151 KB   32/32 KB   60/206 KB   5/5 KB   14/14 KB   64/151 KB   32/32 KB   60/206 KB   5/5 KB   14/14 KB   68/151 KB   32/32 KB   64/206 KB   5/5 KB   14/14 KB   72/151 KB   32/32 KB   64/206 KB   5/5 KB   14/14 KB   76/151 KB   32/32 KB   64/206 KB   5/5 KB   14/14 KB   80/151 KB   32/32 KB   64/206 KB   5/5 KB   14/14 KB   68/151 KB   32/32 KB   68/206 KB   5/5 KB   14/14 KB   80/151 KB   32/32 KB   72/206 KB   5/5 KB   14/14 KB   80/151 KB   32/32 KB   72/206 KB   5/5 KB   14/14 KB   84/151 KB   32/32 KB   76/206 KB   5/5 KB   14/14 KB   88/151 KB   32/32 KB   76/206 KB   5/5 KB   14/14 KB   84/151 KB   32/32 KB   80/206 KB   5/5 KB   14/14 KB   88/151 KB   32/32 KB   84/206 KB   5/5 KB   14/14 KB   88/151 KB   32/32 KB   88/206 KB   5/5 KB   14/14 KB   92/151 KB   32/32 KB   84/206 KB   5/5 KB   14/14 KB   92/151 KB   32/32 KB   88/206 KB   5/5 KB   14/14 KB   96/151 KB   32/32 KB   88/206 KB   5/5 KB   14/14 KB   100/151 KB   32/32 KB   92/206 KB   5/5 KB   14/14 KB   104/151 KB   32/32 KB   92/206 KB   5/5 KB   14/14 KB   108/151 KB   32/32 KB   92/206 KB   5/5 KB   14/14 KB   112/151 KB   32/32 KB   92/206 KB   5/5 KB   14/14 KB   116/151 KB   32/32 KB   92/206 KB   5/5 KB   14/14 KB   100/151 KB   32/32 KB   96/206 KB   5/5 KB   14/14 KB   116/151 KB   32/32 KB   100/206 KB   5/5 KB   14/14 KB   116/151 KB   32/32 KB   104/206 KB   5/5 KB   14/14 KB   116/151 KB   32/32 KB   108/206 KB   5/5 KB   14/14 KB   116/151 KB   32/32 KB   112/206 KB   5/5 KB   14/14 KB   116/151 KB   32/32 KB   112/206 KB   5/5 KB   14/14 KB   120/151 KB   32/32 KB   116/206 KB   5/5 KB   14/14 KB   124/151 KB   32/32 KB   116/206 KB   5/5 KB   14/14 KB   128/151 KB   32/32 KB   116/206 KB   5/5 KB   14/14 KB   132/151 KB   32/32 KB   116/206 KB   5/5 KB   14/14 KB   136/151 KB   32/32 KB   116/206 KB   5/5 KB   14/14 KB   140/151 KB   32/32 KB   116/206 KB   5/5 KB   14/14 KB   120/151 KB   32/32 KB   120/206 KB   5/5 KB   14/14 KB   140/151 KB   32/32 KB   124/206 KB   5/5 KB   14/14 KB   140/151 KB   32/32 KB   128/206 KB   5/5 KB   14/14 KB   140/151 KB   32/32 KB   132/206 KB   5/5 KB   14/14 KB   140/151 KB   32/32 KB   136/206 KB   5/5 KB   14/14 KB   144/151 KB   32/32 KB   132/206 KB   5/5 KB   14/14 KB   144/151 KB   32/32 KB   136/206 KB   5/5 KB   14/14 KB   148/151 KB   32/32 KB   140/206 KB   5/5 KB   14/14 KB   148/151 KB   32/32 KB   144/206 KB   5/5 KB   14/14 KB   151/151 KB   32/32 KB   140/206 KB   5/5 KB   14/14 KB   151/151 KB   32/32 KB   148/206 KB   5/5 KB   14/14 KB   151/151 KB   32/32 KB   152/206 KB   5/5 KB   14/14 KB   151/151 KB   32/32 KB   156/206 KB   5/5 KB   14/14 KB   151/151 KB                                                            Downloaded: https://repo.maven.apache.org/maven2/org/apache/maven/shared/maven-shared-incremental/1.1/maven-shared-incremental-1.1.jar (14 KB at 81.6 KB/sec)
                                                         Downloaded: https://repo.maven.apache.org/maven2/org/codehaus/plexus/plexus-component-annotations/1.5.5/plexus-component-annotations-1.5.5.jar (5 KB at 25.5 KB/sec)
Downloading: https://repo.maven.apache.org/maven2/org/codehaus/plexus/plexus-compiler-api/2.2/plexus-compiler-api-2.2.jar
Downloading: https://repo.maven.apache.org/maven2/org/codehaus/plexus/plexus-compiler-manager/2.2/plexus-compiler-manager-2.2.jar
32/32 KB   160/206 KB   151/151 KB                       32/32 KB   164/206 KB   151/151 KB   32/32 KB   168/206 KB   151/151 KB   32/32 KB   172/206 KB   151/151 KB   32/32 KB   176/206 KB   151/151 KB   32/32 KB   180/206 KB   151/151 KB   32/32 KB   184/206 KB   151/151 KB   32/32 KB   188/206 KB   151/151 KB   32/32 KB   192/206 KB   151/151 KB   32/32 KB   196/206 KB   151/151 KB   32/32 KB   200/206 KB   151/151 KB   32/32 KB   204/206 KB   151/151 KB   32/32 KB   206/206 KB   151/151 KB                                        Downloaded: https://repo.maven.apache.org/maven2/com/google/code/findbugs/jsr305/2.0.1/jsr305-2.0.1.jar (32 KB at 173.8 KB/sec)
Downloading: https://repo.maven.apache.org/maven2/org/codehaus/plexus/plexus-compiler-javac/2.2/plexus-compiler-javac-2.2.jar
206/206 KB   151/151 KB   3/5 KB     206/206 KB   3/25 KB   5/5 KB                                                             Downloaded: https://repo.maven.apache.org/maven2/org/apache/maven/shared/maven-shared-utils/0.1/maven-shared-utils-0.1.jar (151 KB at 670.7 KB/sec)
206/206 KB   3/25 KB   151/151 KB   3/5 KB   206/206 KB   5/25 KB   5/5 KB   206/206 KB   8/25 KB   5/5 KB   206/206 KB   11/25 KB   5/5 KB   206/206 KB   3/19 KB   13/25 KB   5/5 KB   206/206 KB   3/19 KB   16/25 KB   5/5 KB   206/206 KB   3/19 KB   19/25 KB   5/5 KB   206/206 KB   3/19 KB   21/25 KB   5/5 KB   Downloading: https://repo.maven.apache.org/maven2/org/apache/xbean/xbean-reflect/3.4/xbean-reflect-3.4.jar
206/206 KB   3/19 KB   11/25 KB   5/5 KB   5/19 KB   21/25 KB   5/5 KB                8/19 KB   21/25 KB   5/5 KB   11/19 KB   24/25 KB   5/5 KB   13/19 KB   24/25 KB   5/5 KB   16/19 KB   24/25 KB   5/5 KB   19/19 KB   24/25 KB   5/5 KB   19/19 KB   24/25 KB   5/5 KB                                              Downloaded: https://repo.maven.apache.org/maven2/org/codehaus/plexus/plexus-utils/1.5.1/plexus-utils-1.5.1.jar (206 KB at 826.3 KB/sec)
8/19 KB   24/25 KB   5/5 KB   19/19 KB   25/25 KB   5/5 KB   Downloading: https://repo.maven.apache.org/maven2/log4j/log4j/1.2.12/log4j-1.2.12.jar
                               Downloaded: https://repo.maven.apache.org/maven2/org/codehaus/plexus/plexus-compiler-manager/2.2/plexus-compiler-manager-2.2.jar (5 KB at 16.0 KB/sec)
Downloading: https://repo.maven.apache.org/maven2/commons-logging/commons-logging-api/1.1/commons-logging-api-1.1.jar
4/131 KB   19/19 KB   25/25 KB   8/131 KB   19/19 KB   25/25 KB   12/131 KB   19/19 KB   25/25 KB   16/131 KB   19/19 KB   25/25 KB   20/131 KB   19/19 KB   25/25 KB   24/131 KB   19/19 KB   25/25 KB   28/131 KB   19/19 KB   25/25 KB   32/131 KB   19/19 KB   25/25 KB   36/131 KB   19/19 KB   25/25 KB   40/131 KB   19/19 KB   25/25 KB   44/131 KB   19/19 KB   25/25 KB   48/131 KB   19/19 KB   25/25 KB                                     Downloaded: https://repo.maven.apache.org/maven2/org/codehaus/plexus/plexus-compiler-api/2.2/plexus-compiler-api-2.2.jar (25 KB at 80.8 KB/sec)
Downloading: https://repo.maven.apache.org/maven2/com/google/collections/google-collections/1.0/google-collections-1.0.jar
3/350 KB   48/131 KB   19/19 KB                                     Downloaded: https://repo.maven.apache.org/maven2/org/codehaus/plexus/plexus-compiler-javac/2.2/plexus-compiler-javac-2.2.jar (19 KB at 59.6 KB/sec)
5/350 KB   48/131 KB              Downloading: https://repo.maven.apache.org/maven2/junit/junit/3.8.2/junit-3.8.2.jar
8/350 KB   48/131 KB   11/350 KB   48/131 KB   13/350 KB   48/131 KB   16/350 KB   52/131 KB   13/350 KB   52/131 KB   16/350 KB   56/131 KB   16/350 KB   3/44 KB   56/131 KB   16/350 KB   5/44 KB   56/131 KB   16/350 KB   8/44 KB   56/131 KB   16/350 KB   11/44 KB   56/131 KB   16/350 KB   13/44 KB   56/131 KB   16/350 KB   16/44 KB   56/131 KB   16/350 KB   19/44 KB   56/131 KB   16/350 KB   21/44 KB   60/131 KB   19/350 KB   24/44 KB   60/131 KB   19/350 KB   27/44 KB   60/131 KB   19/350 KB   29/44 KB   60/131 KB   16/350 KB   19/44 KB   60/131 KB   19/350 KB   29/44 KB   64/131 KB   19/350 KB   29/44 KB   68/131 KB   19/350 KB   29/44 KB   72/131 KB   19/350 KB   29/44 KB   76/131 KB   19/350 KB   29/44 KB   80/131 KB   19/350 KB   29/44 KB   84/131 KB   19/350 KB   32/44 KB   88/131 KB   19/350 KB   21/44 KB   60/131 KB   21/350 KB   32/44 KB   88/131 KB   24/350 KB   32/44 KB   88/131 KB   27/350 KB   32/44 KB   88/131 KB   29/350 KB   32/44 KB   88/131 KB   32/350 KB   32/44 KB   92/131 KB   19/350 KB   32/44 KB   84/131 KB   32/350 KB   36/44 KB   92/131 KB   29/350 KB   32/44 KB   92/131 KB   32/350 KB   40/44 KB   96/131 KB   32/350 KB   40/44 KB   100/131 KB   36/350 KB   40/44 KB   104/131 KB   36/350 KB   40/44 KB   108/131 KB   36/350 KB   40/44 KB   112/131 KB   36/350 KB   40/44 KB   100/131 KB   40/350 KB   40/44 KB   112/131 KB   44/350 KB   40/44 KB   112/131 KB   48/350 KB   40/44 KB   112/131 KB   32/350 KB   40/44 KB   100/131 KB   48/350 KB   44/44 KB   112/131 KB   48/350 KB   44/44 KB   112/131 KB   48/350 KB   44/44 KB   116/131 KB   52/350 KB   44/44 KB   120/131 KB   52/350 KB   44/44 KB   124/131 KB   52/350 KB   44/44 KB   128/131 KB   52/350 KB   44/44 KB   131/131 KB   52/350 KB   44/44 KB   116/131 KB   56/350 KB   44/44 KB   131/131 KB   60/350 KB   44/44 KB   131/131 KB   64/350 KB   44/44 KB   131/131 KB   68/350 KB   44/44 KB   131/131 KB   72/350 KB   44/44 KB   131/131 KB   76/350 KB   44/44 KB   131/131 KB   80/350 KB   44/44 KB   131/131 KB   84/350 KB   44/44 KB   131/131 KB   88/350 KB   44/44 KB   131/131 KB   92/350 KB   44/44 KB   131/131 KB   96/350 KB   44/44 KB   131/131 KB   100/350 KB   44/44 KB   131/131 KB   104/350 KB   44/44 KB   131/131 KB   108/350 KB   44/44 KB   131/131 KB   112/350 KB   44/44 KB   131/131 KB   116/350 KB   44/44 KB   131/131 KB   120/350 KB   44/44 KB   131/131 KB   124/350 KB   44/44 KB   131/131 KB   128/350 KB   44/44 KB   131/131 KB   132/350 KB   44/44 KB   131/131 KB   136/350 KB   44/44 KB   131/131 KB   140/350 KB   44/44 KB   131/131 KB   144/350 KB   44/44 KB   131/131 KB   144/350 KB   3/625 KB   44/44 KB   131/131 KB   144/350 KB   5/625 KB   44/44 KB   131/131 KB   144/350 KB   8/625 KB   44/44 KB   131/131 KB   144/350 KB   11/625 KB   44/44 KB   131/131 KB   144/350 KB   13/625 KB   44/44 KB   131/131 KB   144/350 KB   16/625 KB   44/44 KB   131/131 KB   144/350 KB   19/625 KB   44/44 KB   131/131 KB   144/350 KB   21/625 KB   44/44 KB   131/131 KB   144/350 KB   24/625 KB   44/44 KB   131/131 KB   144/350 KB   24/625 KB   44/44 KB   131/131 KB   3/118 KB   144/350 KB   24/625 KB   44/44 KB   131/131 KB   5/118 KB   144/350 KB   24/625 KB   44/44 KB   131/131 KB   8/118 KB   144/350 KB   24/625 KB   44/44 KB   131/131 KB   11/118 KB   144/350 KB   24/625 KB   44/44 KB   131/131 KB   13/118 KB   144/350 KB   24/625 KB   44/44 KB   131/131 KB   16/118 KB   144/350 KB   24/625 KB   44/44 KB   131/131 KB   19/118 KB   144/350 KB   24/625 KB   44/44 KB   131/131 KB   21/118 KB   144/350 KB   24/625 KB   44/44 KB   131/131 KB   24/118 KB   144/350 KB   24/625 KB   44/44 KB   131/131 KB   27/118 KB   144/350 KB   24/625 KB   44/44 KB   131/131 KB   29/118 KB   144/350 KB   24/625 KB   44/44 KB   131/131 KB   32/118 KB   144/350 KB   24/625 KB   44/44 KB   131/131 KB   36/118 KB   148/350 KB   27/625 KB   44/44 KB   131/131 KB   40/118 KB   148/350 KB   27/625 KB   44/44 KB   131/131 KB   44/118 KB   148/350 KB   27/625 KB   44/44 KB   131/131 KB   48/118 KB   148/350 KB   27/625 KB   44/44 KB   131/131 KB   52/118 KB   148/350 KB   27/625 KB   44/44 KB   131/131 KB   56/118 KB   148/350 KB   27/625 KB   44/44 KB   131/131 KB   60/118 KB   148/350 KB   27/625 KB   44/44 KB   131/131 KB   64/118 KB   148/350 KB   27/625 KB   44/44 KB   131/131 KB   36/118 KB   148/350 KB   24/625 KB   44/44 KB   131/131 KB   36/118 KB   152/350 KB   27/625 KB   44/44 KB   131/131 KB   64/118 KB   156/350 KB   27/625 KB   44/44 KB   131/131 KB   64/118 KB   160/350 KB   29/625 KB   44/44 KB   131/131 KB   64/118 KB   156/350 KB   29/625 KB   44/44 KB   131/131 KB   64/118 KB   164/350 KB   29/625 KB   44/44 KB   131/131 KB   64/118 KB   168/350 KB   29/625 KB   44/44 KB   131/131 KB   64/118 KB   172/350 KB   29/625 KB   44/44 KB   131/131 KB   64/118 KB   176/350 KB   32/625 KB   44/44 KB   131/131 KB   64/118 KB   176/350 KB   29/625 KB   44/44 KB   131/131 KB   64/118 KB   180/350 KB   32/625 KB   44/44 KB   131/131 KB   64/118 KB   184/350 KB   36/625 KB   44/44 KB   131/131 KB   68/118 KB   188/350 KB   36/625 KB   44/44 KB   131/131 KB   68/118 KB   192/350 KB   36/625 KB   44/44 KB   131/131 KB   68/118 KB   196/350 KB   36/625 KB   131/131 KB   68/118 KB              200/350 KB   36/625 KB   131/131 KB   68/118 KB   204/350 KB   36/625 KB   131/131 KB   68/118 KB   208/350 KB   36/625 KB   131/131 KB   68/118 KB   180/350 KB   36/625 KB   44/44 KB   131/131 KB   68/118 KB   208/350 KB   40/625 KB   131/131 KB   68/118 KB   180/350 KB   32/625 KB   44/44 KB   131/131 KB   68/118 KB                                                                Downloaded: https://repo.maven.apache.org/maven2/commons-logging/commons-logging-api/1.1/commons-logging-api-1.1.jar (44 KB at 106.2 KB/sec)
208/350 KB   40/625 KB   131/131 KB   72/118 KB   208/350 KB   40/625 KB   131/131 KB   76/118 KB   208/350 KB   40/625 KB   131/131 KB   80/118 KB   208/350 KB   40/625 KB   131/131 KB   84/118 KB   208/350 KB   44/625 KB   131/131 KB   88/118 KB   208/350 KB   44/625 KB   131/131 KB   92/118 KB   208/350 KB   44/625 KB   131/131 KB   84/118 KB   208/350 KB   48/625 KB   131/131 KB   92/118 KB   208/350 KB   52/625 KB   131/131 KB   92/118 KB   208/350 KB   56/625 KB   131/131 KB   92/118 KB   212/350 KB   60/625 KB   131/131 KB   92/118 KB   212/350 KB   64/625 KB   131/131 KB   92/118 KB   212/350 KB   56/625 KB   131/131 KB   92/118 KB   216/350 KB   68/625 KB   131/131 KB   96/118 KB   220/350 KB   68/625 KB   131/131 KB   96/118 KB   224/350 KB   68/625 KB   131/131 KB   96/118 KB   228/350 KB   68/625 KB   96/118 KB                232/350 KB   68/625 KB   96/118 KB   212/350 KB   64/625 KB   131/131 KB   96/118 KB   232/350 KB   68/625 KB   100/118 KB   232/350 KB   68/625 KB   104/118 KB   232/350 KB   68/625 KB   108/118 KB   232/350 KB   68/625 KB   112/118 KB   232/350 KB   68/625 KB   116/118 KB   236/350 KB   68/625 KB   118/118 KB   212/350 KB   68/625 KB   131/131 KB   96/118 KB                                                     Downloaded: https://repo.maven.apache.org/maven2/org/apache/xbean/xbean-reflect/3.4/xbean-reflect-3.4.jar (131 KB at 306.8 KB/sec)
236/350 KB   72/625 KB   118/118 KB   236/350 KB   76/625 KB   118/118 KB   236/350 KB   80/625 KB   118/118 KB   236/350 KB   84/625 KB   118/118 KB   236/350 KB   88/625 KB   118/118 KB   236/350 KB   68/625 KB   116/118 KB   240/350 KB   88/625 KB   118/118 KB   244/350 KB   88/625 KB   118/118 KB   248/350 KB   88/625 KB   118/118 KB   252/350 KB   88/625 KB   118/118 KB   256/350 KB   88/625 KB   118/118 KB   260/350 KB   88/625 KB   118/118 KB   264/350 KB   92/625 KB   118/118 KB   268/350 KB   92/625 KB   118/118 KB   272/350 KB   92/625 KB   118/118 KB   276/350 KB   92/625 KB   118/118 KB   280/350 KB   92/625 KB   118/118 KB   284/350 KB   92/625 KB   118/118 KB   288/350 KB   92/625 KB   118/118 KB   292/350 KB   92/625 KB   118/118 KB   260/350 KB   92/625 KB   118/118 KB   292/350 KB   96/625 KB   118/118 KB   292/350 KB   100/625 KB   118/118 KB   292/350 KB   104/625 KB   118/118 KB   292/350 KB   108/625 KB   118/118 KB   292/350 KB   112/625 KB   118/118 KB   296/350 KB   112/625 KB   118/118 KB   300/350 KB   112/625 KB   118/118 KB   304/350 KB   116/625 KB   118/118 KB   308/350 KB   116/625 KB   118/118 KB   312/350 KB   116/625 KB   118/118 KB   316/350 KB   116/625 KB   118/118 KB   320/350 KB   116/625 KB   118/118 KB   300/350 KB   116/625 KB   118/118 KB   320/350 KB   120/625 KB   118/118 KB   320/350 KB   124/625 KB   118/118 KB   320/350 KB   128/625 KB   118/118 KB   320/350 KB   132/625 KB   118/118 KB   324/350 KB   136/625 KB   118/118 KB   324/350 KB   140/625 KB   118/118 KB   324/350 KB   144/625 KB   118/118 KB   324/350 KB   132/625 KB   118/118 KB   328/350 KB   144/625 KB   118/118 KB   332/350 KB   144/625 KB   118/118 KB   336/350 KB   144/625 KB   118/118 KB   340/350 KB   144/625 KB   118/118 KB   344/350 KB   144/625 KB   118/118 KB   348/350 KB   144/625 KB   118/118 KB   350/350 KB   144/625 KB   118/118 KB   350/350 KB   148/625 KB   118/118 KB   350/350 KB   152/625 KB   118/118 KB   350/350 KB   156/625 KB   118/118 KB   350/350 KB   160/625 KB   118/118 KB   350/350 KB   164/625 KB   118/118 KB   350/350 KB   168/625 KB   118/118 KB   350/350 KB   172/625 KB   118/118 KB   350/350 KB   176/625 KB   118/118 KB   350/350 KB   180/625 KB   118/118 KB   350/350 KB   184/625 KB   118/118 KB   350/350 KB   188/625 KB   118/118 KB   350/350 KB   192/625 KB   118/118 KB   350/350 KB   196/625 KB   118/118 KB   350/350 KB   200/625 KB   118/118 KB   350/350 KB   204/625 KB   118/118 KB   350/350 KB   208/625 KB   118/118 KB   350/350 KB   212/625 KB   118/118 KB   350/350 KB   216/625 KB   118/118 KB   350/350 KB   220/625 KB   118/118 KB   350/350 KB   224/625 KB   118/118 KB   350/350 KB   228/625 KB   118/118 KB   350/350 KB   232/625 KB   118/118 KB   350/350 KB   236/625 KB   118/118 KB   350/350 KB   240/625 KB   118/118 KB   350/350 KB   244/625 KB   118/118 KB   350/350 KB   248/625 KB   118/118 KB   350/350 KB   252/625 KB   118/118 KB   350/350 KB   256/625 KB   118/118 KB   350/350 KB   260/625 KB   118/118 KB   350/350 KB   264/625 KB   118/118 KB   350/350 KB   268/625 KB   118/118 KB   350/350 KB   272/625 KB   118/118 KB   350/350 KB   276/625 KB   118/118 KB   350/350 KB   280/625 KB   118/118 KB   350/350 KB   284/625 KB   118/118 KB   350/350 KB   288/625 KB   118/118 KB   350/350 KB   292/625 KB   118/118 KB   350/350 KB   296/625 KB   118/118 KB   350/350 KB   300/625 KB   118/118 KB   350/350 KB   304/625 KB   118/118 KB   350/350 KB   308/625 KB   118/118 KB   350/350 KB   312/625 KB   118/118 KB   350/350 KB   316/625 KB   118/118 KB   350/350 KB   320/625 KB   118/118 KB   350/350 KB   324/625 KB   118/118 KB   350/350 KB   328/625 KB   118/118 KB   350/350 KB   332/625 KB   118/118 KB   350/350 KB   336/625 KB   118/118 KB   350/350 KB   340/625 KB   118/118 KB   350/350 KB   344/625 KB   118/118 KB   350/350 KB   348/625 KB   118/118 KB   350/350 KB   352/625 KB   118/118 KB   350/350 KB   356/625 KB   118/118 KB   350/350 KB   360/625 KB   118/118 KB   350/350 KB   364/625 KB   118/118 KB   350/350 KB   368/625 KB   118/118 KB   350/350 KB   372/625 KB   118/118 KB   350/350 KB   376/625 KB   118/118 KB   350/350 KB   380/625 KB   118/118 KB   350/350 KB   384/625 KB   118/118 KB   350/350 KB   388/625 KB   118/118 KB                                          Downloaded: https://repo.maven.apache.org/maven2/junit/junit/3.8.2/junit-3.8.2.jar (118 KB at 243.4 KB/sec)
350/350 KB   392/625 KB                350/350 KB   396/625 KB   350/350 KB   400/625 KB   350/350 KB   404/625 KB   350/350 KB   408/625 KB   350/350 KB   412/625 KB   350/350 KB   416/625 KB   350/350 KB   420/625 KB   350/350 KB   424/625 KB   350/350 KB   428/625 KB   350/350 KB   432/625 KB   350/350 KB   436/625 KB   350/350 KB   440/625 KB   350/350 KB   444/625 KB   350/350 KB   448/625 KB   350/350 KB   452/625 KB   350/350 KB   456/625 KB   350/350 KB   460/625 KB   350/350 KB   464/625 KB   350/350 KB   468/625 KB   350/350 KB   472/625 KB   350/350 KB   476/625 KB   350/350 KB   480/625 KB   350/350 KB   484/625 KB   350/350 KB   488/625 KB   350/350 KB   492/625 KB   350/350 KB   496/625 KB   350/350 KB   500/625 KB   350/350 KB   504/625 KB   350/350 KB   508/625 KB   350/350 KB   512/625 KB   350/350 KB   516/625 KB   350/350 KB   520/625 KB   350/350 KB   524/625 KB   350/350 KB   528/625 KB   350/350 KB   532/625 KB   350/350 KB   536/625 KB   350/350 KB   540/625 KB   350/350 KB   544/625 KB   350/350 KB   548/625 KB   350/350 KB   552/625 KB   350/350 KB   556/625 KB   350/350 KB   560/625 KB   350/350 KB   564/625 KB   350/350 KB   568/625 KB                             Downloaded: https://repo.maven.apache.org/maven2/log4j/log4j/1.2.12/log4j-1.2.12.jar (350 KB at 693.8 KB/sec)
572/625 KB                576/625 KB   580/625 KB   584/625 KB   588/625 KB   592/625 KB   596/625 KB   600/625 KB   604/625 KB   608/625 KB   612/625 KB   616/625 KB   620/625 KB   624/625 KB   625/625 KB                Downloaded: https://repo.maven.apache.org/maven2/com/google/collections/google-collections/1.0/google-collections-1.0.jar (625 KB at 1115.4 KB/sec)
[INFO] Changes detected - recompiling the module!
[INFO] Compiling 78 source files to /home/travis/build/xetorthio/jedis/target/classes
[WARNING] /home/travis/build/xetorthio/jedis/src/main/java/redis/clients/jedis/Jedis.java: /home/travis/build/xetorthio/jedis/src/main/java/redis/clients/jedis/Jedis.java uses unchecked or unsafe operations.
[WARNING] /home/travis/build/xetorthio/jedis/src/main/java/redis/clients/jedis/Jedis.java: Recompile with -Xlint:unchecked for details.
[INFO] 
[INFO] --- maven-enforcer-plugin:1.0:enforce (enforce-maven) @ jedis ---
[INFO] 
[INFO] --- maven-resources-plugin:2.6:resources (default-resources) @ jedis ---
[INFO] Using 'UTF-8' encoding to copy filtered resources.
[INFO] skip non existing resourceDirectory /home/travis/build/xetorthio/jedis/src/main/resources
[INFO] 
[INFO] --- maven-compiler-plugin:3.1:compile (default-compile) @ jedis ---
[INFO] Nothing to compile - all classes are up to date
[INFO] 
[INFO] --- maven-resources-plugin:2.6:testResources (default-testResources) @ jedis ---
[INFO] Using 'UTF-8' encoding to copy filtered resources.
[INFO] Copying 1 resource
[INFO] 
[INFO] --- maven-compiler-plugin:3.1:testCompile (default-testCompile) @ jedis ---
[INFO] Changes detected - recompiling the module!
[INFO] Compiling 41 source files to /home/travis/build/xetorthio/jedis/target/test-classes
[WARNING] /home/travis/build/xetorthio/jedis/src/test/java/redis/clients/jedis/tests/ShardedJedisTest.java: /home/travis/build/xetorthio/jedis/src/test/java/redis/clients/jedis/tests/ShardedJedisTest.java uses or overrides a deprecated API.
[WARNING] /home/travis/build/xetorthio/jedis/src/test/java/redis/clients/jedis/tests/ShardedJedisTest.java: Recompile with -Xlint:deprecation for details.
[WARNING] /home/travis/build/xetorthio/jedis/src/test/java/redis/clients/jedis/tests/commands/ScriptingCommandsTest.java: /home/travis/build/xetorthio/jedis/src/test/java/redis/clients/jedis/tests/commands/ScriptingCommandsTest.java uses unchecked or unsafe operations.
[WARNING] /home/travis/build/xetorthio/jedis/src/test/java/redis/clients/jedis/tests/commands/ScriptingCommandsTest.java: Recompile with -Xlint:unchecked for details.
[INFO] 
[INFO] --- maven-surefire-plugin:2.16:test (default-test) @ jedis ---
Downloading: https://repo.maven.apache.org/maven2/org/apache/maven/surefire/maven-surefire-common/2.16/maven-surefire-common-2.16.pom
3/6 KB       5/6 KB   6/6 KB            Downloaded: https://repo.maven.apache.org/maven2/org/apache/maven/surefire/maven-surefire-common/2.16/maven-surefire-common-2.16.pom (6 KB at 50.9 KB/sec)
Downloading: https://repo.maven.apache.org/maven2/org/apache/maven/plugin-tools/maven-plugin-annotations/3.2/maven-plugin-annotations-3.2.pom
2/2 KB            Downloaded: https://repo.maven.apache.org/maven2/org/apache/maven/plugin-tools/maven-plugin-annotations/3.2/maven-plugin-annotations-3.2.pom (2 KB at 15.2 KB/sec)
Downloading: https://repo.maven.apache.org/maven2/org/apache/maven/plugin-tools/maven-plugin-tools/3.2/maven-plugin-tools-3.2.pom
3/17 KB   5/17 KB   8/17 KB   11/17 KB   13/17 KB   16/17 KB   17/17 KB              Downloaded: https://repo.maven.apache.org/maven2/org/apache/maven/plugin-tools/maven-plugin-tools/3.2/maven-plugin-tools-3.2.pom (17 KB at 138.0 KB/sec)
Downloading: https://repo.maven.apache.org/maven2/org/apache/maven/surefire/surefire-api/2.16/surefire-api-2.16.pom
3/3 KB     3/3 KB            Downloaded: https://repo.maven.apache.org/maven2/org/apache/maven/surefire/surefire-api/2.16/surefire-api-2.16.pom (3 KB at 19.5 KB/sec)
Downloading: https://repo.maven.apache.org/maven2/org/apache/maven/surefire/surefire-booter/2.16/surefire-booter-2.16.pom
3/3 KB   3/3 KB            Downloaded: https://repo.maven.apache.org/maven2/org/apache/maven/surefire/surefire-booter/2.16/surefire-booter-2.16.pom (3 KB at 23.4 KB/sec)
Downloading: https://repo.maven.apache.org/maven2/org/apache/maven/maven-toolchain/2.0.9/maven-toolchain-2.0.9.pom
3/4 KB   4/4 KB            Downloaded: https://repo.maven.apache.org/maven2/org/apache/maven/maven-toolchain/2.0.9/maven-toolchain-2.0.9.pom (4 KB at 30.0 KB/sec)
Downloading: https://repo.maven.apache.org/maven2/org/apache/commons/commons-lang3/3.1/commons-lang3-3.1.pom
3/17 KB   5/17 KB   8/17 KB   11/17 KB   13/17 KB   16/17 KB   17/17 KB              Downloaded: https://repo.maven.apache.org/maven2/org/apache/commons/commons-lang3/3.1/commons-lang3-3.1.pom (17 KB at 155.4 KB/sec)
Downloading: https://repo.maven.apache.org/maven2/org/apache/commons/commons-parent/22/commons-parent-22.pom
3/41 KB    5/41 KB   8/41 KB   11/41 KB   13/41 KB   16/41 KB   19/41 KB   21/41 KB   24/41 KB   27/41 KB   29/41 KB   32/41 KB   36/41 KB   40/41 KB   41/41 KB              Downloaded: https://repo.maven.apache.org/maven2/org/apache/commons/commons-parent/22/commons-parent-22.pom (41 KB at 312.5 KB/sec)
Downloading: https://repo.maven.apache.org/maven2/org/apache/apache/9/apache-9.pom
4/15 KB    8/15 KB   12/15 KB   15/15 KB              Downloaded: https://repo.maven.apache.org/maven2/org/apache/apache/9/apache-9.pom (15 KB at 122.4 KB/sec)
Downloading: https://repo.maven.apache.org/maven2/org/apache/maven/surefire/maven-surefire-common/2.16/maven-surefire-common-2.16.jar
Downloading: https://repo.maven.apache.org/maven2/org/apache/maven/surefire/surefire-booter/2.16/surefire-booter-2.16.jar
Downloading: https://repo.maven.apache.org/maven2/org/apache/commons/commons-lang3/3.1/commons-lang3-3.1.jar
Downloading: https://repo.maven.apache.org/maven2/org/apache/maven/surefire/surefire-api/2.16/surefire-api-2.16.jar
Downloading: https://repo.maven.apache.org/maven2/org/apache/maven/plugin-tools/maven-plugin-annotations/3.2/maven-plugin-annotations-3.2.jar
3/39 KB    4/259 KB   3/309 KB   5/39 KB   3/146 KB   4/259 KB   3/309 KB   8/39 KB   3/146 KB   4/259 KB   3/309 KB   11/39 KB   3/146 KB   4/259 KB   3/309 KB   13/39 KB   3/146 KB   4/259 KB   3/309 KB   3/39 KB   3/146 KB   4/259 KB   5/309 KB   3/15 KB   13/39 KB   3/146 KB   4/259 KB   3/39 KB   3/146 KB   4/259 KB   3/39 KB   8/259 KB   5/309 KB   3/15 KB   16/39 KB   3/146 KB   12/259 KB   5/309 KB   3/15 KB   16/39 KB   3/146 KB   16/259 KB   5/309 KB   3/15 KB   16/39 KB   3/146 KB   20/259 KB   5/309 KB   3/15 KB   16/39 KB   3/146 KB   24/259 KB   5/309 KB   3/15 KB   16/39 KB   3/146 KB   28/259 KB   5/309 KB   3/15 KB   16/39 KB   3/146 KB   32/259 KB   5/309 KB   3/15 KB   16/39 KB   3/146 KB   36/259 KB   5/309 KB   3/15 KB   16/39 KB   3/146 KB   40/259 KB   5/309 KB   3/15 KB   16/39 KB   5/146 KB   44/259 KB   5/309 KB   3/15 KB   16/39 KB   5/146 KB   4/259 KB   5/309 KB   3/15 KB   16/39 KB   3/146 KB   44/259 KB   8/309 KB   3/15 KB   19/39 KB   5/146 KB   48/259 KB   8/309 KB   3/15 KB   21/39 KB   5/146 KB   48/259 KB   8/309 KB   3/15 KB   24/39 KB   5/146 KB   4/259 KB   3/309 KB   3/15 KB   13/39 KB   3/146 KB   48/259 KB   8/309 KB   5/15 KB   24/39 KB   5/146 KB   48/259 KB   8/309 KB   3/15 KB   19/39 KB   5/146 KB   52/259 KB   8/309 KB   5/15 KB   24/39 KB   5/146 KB   56/259 KB   8/309 KB   8/15 KB   24/39 KB   5/146 KB   60/259 KB   8/309 KB   8/15 KB   27/39 KB   5/146 KB   64/259 KB   8/309 KB   8/15 KB   27/39 KB   5/146 KB   44/259 KB   8/309 KB   3/15 KB   16/39 KB   5/146 KB   64/259 KB   11/309 KB   8/15 KB   27/39 KB   5/146 KB   36/259 KB   5/309 KB   3/15 KB   16/39 KB   5/146 KB   64/259 KB   11/309 KB   8/15 KB   27/39 KB   8/146 KB   64/259 KB   11/309 KB   8/15 KB   27/39 KB   11/146 KB   64/259 KB   11/309 KB   8/15 KB   27/39 KB   13/146 KB   64/259 KB   11/309 KB   8/15 KB   27/39 KB   16/146 KB   64/259 KB   13/309 KB   8/15 KB   27/39 KB   19/146 KB   64/259 KB   13/309 KB   8/15 KB   27/39 KB   21/146 KB   64/259 KB   13/309 KB   8/15 KB   27/39 KB   24/146 KB   56/259 KB   8/309 KB   8/15 KB   27/39 KB   5/146 KB   64/259 KB   13/309 KB   8/15 KB   29/39 KB   24/146 KB   64/259 KB   13/309 KB   8/15 KB   32/39 KB   24/146 KB   68/259 KB   13/309 KB   8/15 KB   35/39 KB   27/146 KB   52/259 KB   8/309 KB   8/15 KB   24/39 KB   5/146 KB   68/259 KB   13/309 KB   11/15 KB   35/39 KB   27/146 KB   68/259 KB   13/309 KB   13/15 KB   35/39 KB   27/146 KB   68/259 KB   13/309 KB   15/15 KB   35/39 KB   27/146 KB   68/259 KB   13/309 KB   8/15 KB   32/39 KB   27/146 KB   68/259 KB   13/309 KB   15/15 KB   35/39 KB   29/146 KB   68/259 KB   13/309 KB   15/15 KB   35/39 KB   32/146 KB   68/259 KB   13/309 KB   15/15 KB   37/39 KB   36/146 KB   68/259 KB   13/309 KB   15/15 KB   37/39 KB   40/146 KB   68/259 KB   13/309 KB   8/15 KB   32/39 KB   24/146 KB   72/259 KB   13/309 KB   15/15 KB   37/39 KB   40/146 KB   64/259 KB   13/309 KB   8/15 KB   27/39 KB   16/146 KB   72/259 KB   16/309 KB   15/15 KB   37/39 KB   40/146 KB   72/259 KB   19/309 KB   15/15 KB   37/39 KB   40/146 KB   72/259 KB   21/309 KB   15/15 KB   37/39 KB   40/146 KB   72/259 KB   24/309 KB   15/15 KB   37/39 KB   40/146 KB   72/259 KB   27/309 KB   15/15 KB   37/39 KB   40/146 KB   76/259 KB   29/309 KB   15/15 KB   37/39 KB   40/146 KB   76/259 KB   32/309 KB   15/15 KB   37/39 KB   40/146 KB   76/259 KB   36/309 KB   15/15 KB   37/39 KB   40/146 KB   76/259 KB   40/309 KB   15/15 KB   37/39 KB   44/146 KB   76/259 KB   44/309 KB   15/15 KB   37/39 KB   44/146 KB   68/259 KB   13/309 KB   15/15 KB   37/39 KB   32/146 KB   76/259 KB   44/309 KB   15/15 KB   39/39 KB   44/146 KB   76/259 KB   36/309 KB   15/15 KB   37/39 KB   44/146 KB   76/259 KB   27/309 KB   15/15 KB   37/39 KB   40/146 KB   80/259 KB   44/309 KB   15/15 KB   39/39 KB   44/146 KB   84/259 KB   44/309 KB   15/15 KB   39/39 KB   44/146 KB   88/259 KB   44/309 KB   15/15 KB   39/39 KB   44/146 KB   92/259 KB   44/309 KB   15/15 KB   39/39 KB   48/146 KB   96/259 KB   44/309 KB   15/15 KB   39/39 KB   48/146 KB   100/259 KB   44/309 KB   15/15 KB   39/39 KB   48/146 KB   104/259 KB   48/309 KB   15/15 KB   39/39 KB   48/146 KB   108/259 KB   48/309 KB   15/15 KB   39/39 KB   48/146 KB   112/259 KB   48/309 KB   15/15 KB   39/39 KB   48/146 KB   88/259 KB   44/309 KB   15/15 KB   39/39 KB   48/146 KB   112/259 KB   48/309 KB   15/15 KB   39/39 KB   52/146 KB   112/259 KB   48/309 KB   15/15 KB   39/39 KB   56/146 KB   112/259 KB   48/309 KB   15/15 KB   39/39 KB   60/146 KB   100/259 KB   48/309 KB   15/15 KB   39/39 KB   48/146 KB   112/259 KB   48/309 KB   15/15 KB   39/39 KB   64/146 KB   112/259 KB   52/309 KB   15/15 KB   39/39 KB   64/146 KB   112/259 KB   56/309 KB   15/15 KB   39/39 KB   64/146 KB   112/259 KB   60/309 KB   15/15 KB   39/39 KB   64/146 KB   112/259 KB   64/309 KB   15/15 KB   39/39 KB   64/146 KB   112/259 KB   68/309 KB   15/15 KB   39/39 KB   68/146 KB   116/259 KB   72/309 KB   15/15 KB   39/39 KB   68/146 KB   112/259 KB   64/309 KB   15/15 KB   39/39 KB   68/146 KB   116/259 KB   72/309 KB   15/15 KB   39/39 KB   72/146 KB   116/259 KB   68/309 KB   15/15 KB   39/39 KB   68/146 KB   120/259 KB   72/309 KB   15/15 KB   39/39 KB   76/146 KB   116/259 KB   72/309 KB   15/15 KB   39/39 KB   76/146 KB   120/259 KB   72/309 KB   15/15 KB   39/39 KB   80/146 KB   124/259 KB   76/309 KB   15/15 KB   39/39 KB   84/146 KB   124/259 KB   76/309 KB   15/15 KB   39/39 KB   88/146 KB   124/259 KB   72/309 KB   15/15 KB   39/39 KB   80/146 KB   128/259 KB   76/309 KB   15/15 KB   39/39 KB   88/146 KB   132/259 KB   76/309 KB   15/15 KB   39/39 KB   88/146 KB   136/259 KB   76/309 KB   15/15 KB   39/39 KB   88/146 KB   140/259 KB   76/309 KB   15/15 KB   39/39 KB   92/146 KB   144/259 KB   76/309 KB   15/15 KB   39/39 KB   92/146 KB   148/259 KB   76/309 KB   15/15 KB   39/39 KB   92/146 KB   124/259 KB   76/309 KB   15/15 KB   39/39 KB   80/146 KB   148/259 KB   80/309 KB   15/15 KB   39/39 KB   92/146 KB   148/259 KB   84/309 KB   15/15 KB   39/39 KB   92/146 KB   148/259 KB   88/309 KB   15/15 KB   39/39 KB   92/146 KB   148/259 KB   92/309 KB   15/15 KB   39/39 KB   92/146 KB   136/259 KB   76/309 KB   15/15 KB   39/39 KB   92/146 KB   148/259 KB   92/309 KB   15/15 KB   39/39 KB   96/146 KB   148/259 KB   96/309 KB   15/15 KB   39/39 KB   96/146 KB   148/259 KB   100/309 KB   15/15 KB   39/39 KB   100/146 KB   152/259 KB   104/309 KB   15/15 KB   39/39 KB   100/146 KB   152/259 KB   108/309 KB   15/15 KB   39/39 KB   100/146 KB   152/259 KB   112/309 KB   15/15 KB   39/39 KB   100/146 KB   148/259 KB   96/309 KB   15/15 KB   39/39 KB   100/146 KB   152/259 KB   112/309 KB   15/15 KB   39/39 KB   104/146 KB   152/259 KB   112/309 KB   15/15 KB   39/39 KB   108/146 KB   152/259 KB   112/309 KB   15/15 KB   39/39 KB   112/146 KB   152/259 KB   112/309 KB   15/15 KB   39/39 KB   116/146 KB   152/259 KB   100/309 KB   15/15 KB   39/39 KB   100/146 KB   156/259 KB   116/309 KB   15/15 KB   39/39 KB   116/146 KB   160/259 KB   116/309 KB   15/15 KB   39/39 KB   116/146 KB   164/259 KB   116/309 KB   15/15 KB   39/39 KB   116/146 KB   168/259 KB   116/309 KB   15/15 KB   39/39 KB   116/146 KB   172/259 KB   116/309 KB   15/15 KB   39/39 KB   120/146 KB   152/259 KB   116/309 KB   15/15 KB   39/39 KB   116/146 KB   176/259 KB   120/309 KB   15/15 KB   39/39 KB   120/146 KB   168/259 KB   116/309 KB   15/15 KB   39/39 KB   120/146 KB   176/259 KB   120/309 KB   15/15 KB   39/39 KB   124/146 KB   176/259 KB   124/309 KB   15/15 KB   39/39 KB   128/146 KB   176/259 KB   124/309 KB   15/15 KB   39/39 KB   132/146 KB   176/259 KB   124/309 KB   15/15 KB   39/39 KB   136/146 KB   176/259 KB   124/309 KB   39/39 KB   140/146 KB              176/259 KB   124/309 KB   15/15 KB   39/39 KB   124/146 KB                                                                Downloaded: https://repo.maven.apache.org/maven2/org/apache/maven/plugin-tools/maven-plugin-annotations/3.2/maven-plugin-annotations-3.2.jar (15 KB at 84.1 KB/sec)
176/259 KB   128/309 KB   39/39 KB   140/146 KB   176/259 KB   116/309 KB   15/15 KB   39/39 KB   128/146 KB   180/259 KB   128/309 KB   39/39 KB   140/146 KB   184/259 KB   132/309 KB   39/39 KB   140/146 KB   188/259 KB   132/309 KB   39/39 KB   140/146 KB   192/259 KB   132/309 KB   39/39 KB   144/146 KB   180/259 KB   132/309 KB   39/39 KB   140/146 KB   192/259 KB   136/309 KB   39/39 KB   144/146 KB   192/259 KB   140/309 KB   39/39 KB   144/146 KB   192/259 KB   144/309 KB   39/39 KB   144/146 KB   192/259 KB   148/309 KB   39/39 KB   144/146 KB   196/259 KB   152/309 KB   39/39 KB   144/146 KB   196/259 KB   156/309 KB   39/39 KB   144/146 KB   196/259 KB   160/309 KB   39/39 KB   144/146 KB   196/259 KB   164/309 KB   39/39 KB   144/146 KB   188/259 KB   132/309 KB   39/39 KB   144/146 KB   196/259 KB   164/309 KB   39/39 KB   146/146 KB   196/259 KB   148/309 KB   39/39 KB   144/146 KB   200/259 KB   164/309 KB   39/39 KB   146/146 KB   204/259 KB   164/309 KB   39/39 KB   146/146 KB   208/259 KB   164/309 KB   39/39 KB   146/146 KB   212/259 KB   164/309 KB   39/39 KB   146/146 KB   212/259 KB   168/309 KB   146/146 KB                                                                Downloaded: https://repo.maven.apache.org/maven2/org/apache/maven/surefire/surefire-booter/2.16/surefire-booter-2.16.jar (39 KB at 196.4 KB/sec)
216/259 KB   172/309 KB   146/146 KB   216/259 KB   176/309 KB   146/146 KB   216/259 KB   168/309 KB   146/146 KB   220/259 KB   176/309 KB   146/146 KB   224/259 KB   176/309 KB   146/146 KB   228/259 KB   176/309 KB   146/146 KB   232/259 KB   180/309 KB   146/146 KB   228/259 KB   180/309 KB   146/146 KB   232/259 KB   184/309 KB   146/146 KB   232/259 KB   188/309 KB   146/146 KB   232/259 KB   192/309 KB   146/146 KB   236/259 KB   196/309 KB   146/146 KB   236/259 KB   192/309 KB   146/146 KB   240/259 KB   196/309 KB   146/146 KB   244/259 KB   196/309 KB   146/146 KB   248/259 KB   200/309 KB   146/146 KB   252/259 KB   200/309 KB   146/146 KB   256/259 KB   200/309 KB   146/146 KB   259/259 KB   200/309 KB   146/146 KB   244/259 KB   200/309 KB   146/146 KB   259/259 KB   204/309 KB   146/146 KB   259/259 KB   208/309 KB   146/146 KB   259/259 KB   212/309 KB   146/146 KB   259/259 KB   216/309 KB   146/146 KB   259/259 KB   220/309 KB   146/146 KB   259/259 KB   224/309 KB   146/146 KB   259/259 KB   228/309 KB   146/146 KB   259/259 KB   232/309 KB   146/146 KB   259/259 KB   236/309 KB   146/146 KB   259/259 KB   240/309 KB   146/146 KB   259/259 KB   244/309 KB   146/146 KB   259/259 KB   248/309 KB   146/146 KB   259/259 KB   252/309 KB   146/146 KB   259/259 KB   256/309 KB   146/146 KB   259/259 KB   260/309 KB   146/146 KB   259/259 KB   264/309 KB   146/146 KB   259/259 KB   268/309 KB   146/146 KB   259/259 KB   272/309 KB   146/146 KB   259/259 KB   276/309 KB   146/146 KB   259/259 KB   280/309 KB   146/146 KB   259/259 KB   284/309 KB   146/146 KB   259/259 KB   288/309 KB   146/146 KB   259/259 KB   292/309 KB   146/146 KB   259/259 KB   296/309 KB   146/146 KB   259/259 KB   300/309 KB   146/146 KB   259/259 KB   304/309 KB   146/146 KB   259/259 KB   308/309 KB   146/146 KB   259/259 KB   309/309 KB   146/146 KB                                          Downloaded: https://repo.maven.apache.org/maven2/org/apache/maven/surefire/surefire-api/2.16/surefire-api-2.16.jar (146 KB at 603.1 KB/sec)
                                       Downloaded: https://repo.maven.apache.org/maven2/org/apache/maven/surefire/maven-surefire-common/2.16/maven-surefire-common-2.16.jar (259 KB at 989.5 KB/sec)
                                       Downloaded: https://repo.maven.apache.org/maven2/org/apache/commons/commons-lang3/3.1/commons-lang3-3.1.jar (309 KB at 1142.2 KB/sec)
[INFO] Surefire report directory: /home/travis/build/xetorthio/jedis/target/surefire-reports
Downloading: https://repo.maven.apache.org/maven2/org/apache/maven/surefire/surefire-junit4/2.16/surefire-junit4-2.16.pom
3/3 KB                                 3/3 KB            Downloaded: https://repo.maven.apache.org/maven2/org/apache/maven/surefire/surefire-junit4/2.16/surefire-junit4-2.16.pom (3 KB at 19.9 KB/sec)
Downloading: https://repo.maven.apache.org/maven2/org/apache/maven/surefire/surefire-providers/2.16/surefire-providers-2.16.pom
3/3 KB   3/3 KB            Downloaded: https://repo.maven.apache.org/maven2/org/apache/maven/surefire/surefire-providers/2.16/surefire-providers-2.16.pom (3 KB at 18.6 KB/sec)
Downloading: https://repo.maven.apache.org/maven2/org/apache/maven/surefire/surefire-junit4/2.16/surefire-junit4-2.16.jar
3/63 KB   5/63 KB   8/63 KB   11/63 KB   13/63 KB   16/63 KB   19/63 KB   21/63 KB   24/63 KB   27/63 KB   29/63 KB   32/63 KB   36/63 KB   40/63 KB   44/63 KB   48/63 KB   52/63 KB   56/63 KB   60/63 KB   63/63 KB              Downloaded: https://repo.maven.apache.org/maven2/org/apache/maven/surefire/surefire-junit4/2.16/surefire-junit4-2.16.jar (63 KB at 490.8 KB/sec)

-------------------------------------------------------
 T E S T S
-------------------------------------------------------
Running redis.clients.jedis.tests.ShardedJedisPipelineTest
Tests run: 4, Failures: 0, Errors: 0, Skipped: 0, Time elapsed: 0.162 sec - in redis.clients.jedis.tests.ShardedJedisPipelineTest
Running redis.clients.jedis.tests.ShardedJedisTest
Tests run: 9, Failures: 0, Errors: 0, Skipped: 0, Time elapsed: 0.27 sec - in redis.clients.jedis.tests.ShardedJedisTest
Running redis.clients.jedis.tests.JedisTest
Tests run: 9, Failures: 0, Errors: 0, Skipped: 0, Time elapsed: 2.065 sec - in redis.clients.jedis.tests.JedisTest
Running redis.clients.jedis.tests.ShardedJedisPoolTest
Tests run: 10, Failures: 0, Errors: 0, Skipped: 0, Time elapsed: 0.572 sec - in redis.clients.jedis.tests.ShardedJedisPoolTest
Running redis.clients.jedis.tests.commands.ClusterCommandsTest
Tests run: 9, Failures: 0, Errors: 0, Skipped: 0, Time elapsed: 0.872 sec - in redis.clients.jedis.tests.commands.ClusterCommandsTest
Running redis.clients.jedis.tests.commands.ListCommandsTest
Tests run: 18, Failures: 0, Errors: 0, Skipped: 0, Time elapsed: 2.465 sec - in redis.clients.jedis.tests.commands.ListCommandsTest
Running redis.clients.jedis.tests.commands.VariadicCommandsTest
Tests run: 6, Failures: 0, Errors: 0, Skipped: 0, Time elapsed: 0.016 sec - in redis.clients.jedis.tests.commands.VariadicCommandsTest
Running redis.clients.jedis.tests.commands.HashesCommandsTest
Tests run: 15, Failures: 0, Errors: 0, Skipped: 0, Time elapsed: 0.082 sec - in redis.clients.jedis.tests.commands.HashesCommandsTest
Running redis.clients.jedis.tests.commands.StringValuesCommandsTest
Tests run: 22, Failures: 0, Errors: 0, Skipped: 0, Time elapsed: 0.042 sec - in redis.clients.jedis.tests.commands.StringValuesCommandsTest
Running redis.clients.jedis.tests.commands.BinaryValuesCommandsTest
Tests run: 24, Failures: 0, Errors: 0, Skipped: 0, Time elapsed: 0.077 sec - in redis.clients.jedis.tests.commands.BinaryValuesCommandsTest
Running redis.clients.jedis.tests.commands.SortingCommandsTest
Tests run: 7, Failures: 0, Errors: 0, Skipped: 0, Time elapsed: 0.017 sec - in redis.clients.jedis.tests.commands.SortingCommandsTest
Running redis.clients.jedis.tests.commands.ObjectCommandsTest
Tests run: 3, Failures: 1, Errors: 0, Skipped: 0, Time elapsed: 0.016 sec <<< FAILURE! - in redis.clients.jedis.tests.commands.ObjectCommandsTest
objectEncoding(redis.clients.jedis.tests.commands.ObjectCommandsTest)  Time elapsed: 0.006 sec  <<< FAILURE!
org.junit.ComparisonFailure: expected:<[zip]list> but was:<[quick]list>
	at org.junit.Assert.assertEquals(Assert.java:115)
	at org.junit.Assert.assertEquals(Assert.java:144)
	at redis.clients.jedis.tests.commands.ObjectCommandsTest.objectEncoding(ObjectCommandsTest.java:28)

Running redis.clients.jedis.tests.commands.ScriptingCommandsTest
Tests run: 16, Failures: 0, Errors: 0, Skipped: 0, Time elapsed: 0.03 sec - in redis.clients.jedis.tests.commands.ScriptingCommandsTest
Running redis.clients.jedis.tests.commands.SlowlogCommandsTest
Tests run: 1, Failures: 0, Errors: 0, Skipped: 0, Time elapsed: 0.021 sec - in redis.clients.jedis.tests.commands.SlowlogCommandsTest
Running redis.clients.jedis.tests.commands.SetCommandsTest
Tests run: 17, Failures: 0, Errors: 0, Skipped: 0, Time elapsed: 0.054 sec - in redis.clients.jedis.tests.commands.SetCommandsTest
Running redis.clients.jedis.tests.commands.PublishSubscribeCommandsTest
make: *** [test] Killed

travis_time:end:0848d1dd:start=1479308591554390856,finish=1479308643582111959,duration=52027721103[0K
[31;1mThe command "make test" exited with 2.[0m

Done. Your build exited with 1.
