travis_fold:start:system_info[0K[33;1mBuild system information[0m
Build language: java
Build id: ''
Job id: ''
[34m[1mBuild image provisioning date and time[0m
Thu Feb  5 15:09:33 UTC 2015
[34m[1mOperating System Details[0m
Distributor ID:	Ubuntu
Description:	Ubuntu 12.04.5 LTS
Release:	12.04
Codename:	precise
[34m[1mLinux Version[0m
3.13.0-29-generic
[34m[1mCookbooks Version[0m
a68419e https://github.com/travis-ci/travis-cookbooks/tree/a68419e
[34m[1mGCC version[0m
gcc (Ubuntu/Linaro 4.6.3-1ubuntu5) 4.6.3
Copyright (C) 2011 Free Software Foundation, Inc.
This is free software; see the source for copying conditions.  There is NO
warranty; not even for MERCHANTABILITY or FITNESS FOR A PARTICULAR PURPOSE.

[34m[1mLLVM version[0m
clang version 3.4 (tags/RELEASE_34/final)
Target: x86_64-unknown-linux-gnu
Thread model: posix
[34m[1mPre-installed Ruby versions[0m
ruby-1.9.3-p551
[34m[1mPre-installed Node.js versions[0m
v0.10.36
[34m[1mPre-installed Go versions[0m
1.4.1
[34m[1mRedis version[0m
redis-server 2.8.19
[34m[1mriak version[0m
2.0.2
[34m[1mMongoDB version[0m
MongoDB 2.4.12
[34m[1mCouchDB version[0m
couchdb 1.6.1
[34m[1mNeo4j version[0m
1.9.4
[34m[1mRabbitMQ Version[0m
3.4.3
[34m[1mElasticSearch version[0m
1.4.0
[34m[1mInstalled Sphinx versions[0m
2.0.10
2.1.9
2.2.6
[34m[1mDefault Sphinx version[0m
2.2.6
[34m[1mInstalled Firefox version[0m
firefox 31.0esr
[34m[1mPhantomJS version[0m
1.9.8
[34m[1mant -version[0m
Apache Ant(TM) version 1.8.2 compiled on December 3 2011
[34m[1mmvn -version[0m
Apache Maven 3.2.5 (12a6b3acb947671f09b81f49094c53f426d8cea1; 2014-12-14T17:29:23+00:00)
Maven home: /usr/local/maven
Java version: 1.7.0_76, vendor: Oracle Corporation
Java home: /usr/lib/jvm/java-7-oracle/jre
Default locale: en_US, platform encoding: ANSI_X3.4-1968
OS name: "linux", version: "3.13.0-29-generic", arch: "amd64", family: "unix"
travis_fold:end:system_info[0K
sed: cannot rename /etc/hosts: Device or resource busy
sed: cannot rename /etc/hosts: Device or resource busy
$ cd dita-ot/dita-ot
travis_fold:start:git.submodule[0Ktravis_time:start:02a07284[0K$ git submodule update --init --recursive
Submodule 'src/main/ext-plugins' (git://github.com/dita-ot/ext-plugins.git) registered for path 'src/main/ext-plugins'
Submodule 'src/test/testsuite' (git://github.com/dita-ot/testsuite.git) registered for path 'src/test/testsuite'
Cloning into 'src/main/ext-plugins'...
Submodule path 'src/main/ext-plugins': checked out 'a4a4511d99ac4ef9f14990800cc613688af17f64'
Cloning into 'src/test/testsuite'...
Submodule path 'src/test/testsuite': checked out 'e64eaaa58526af3c9f7237c7f954619e889a5ec6'

travis_time:end:02a07284:start=1479265256564829286,finish=1479265262985602057,duration=6420772771[0Ktravis_fold:end:git.submodule[0K
[33;1mSetting environment variables from .travis.yml[0m
$ export CLASSPATH=src/main/lib/xercesImpl.jar:src/main/lib/xml-apis.jar:src/main/lib/resolver.jar:src/main/lib/commons-codec-1.4.jar:src/main/lib/icu4j.jar:src/main/lib/saxon/saxon9-dom.jar:src/main/lib/saxon/saxon9.jar:target/classes:src/main/:src/main/lib/:src/main/lib/dost.jar

$ jdk_switcher use openjdk6
Switching to OpenJDK6 (java-1.6.0-openjdk-amd64), JAVA_HOME will be set to /usr/lib/jvm/java-6-openjdk-amd64
$ java -Xmx32m -version
java version "1.6.0_34"
OpenJDK Runtime Environment (IcedTea6 1.13.6) (6b34-1.13.6-1ubuntu0.12.04.1)
OpenJDK 64-Bit Server VM (build 23.25-b01, mixed mode)
$ javac -J-Xmx32m -version
javac 1.6.0_34
travis_fold:start:before_script.1[0Ktravis_time:start:0eef6566[0K$ git submodule update --init --recursive

travis_time:end:0eef6566:start=1479265263614036958,finish=1479265263837602309,duration=223565351[0Ktravis_fold:end:before_script.1[0Ktravis_fold:start:before_script.2[0Ktravis_time:start:034117f4[0K$ ant jar
Buildfile: /home/travis/build/dita-ot/dita-ot/build.xml

clean-java:

init-java:
    [mkdir] Created dir: /home/travis/build/dita-ot/dita-ot/target/classes

compile:
    [javac] /home/travis/build/dita-ot/dita-ot/build.xml:73: warning: 'includeantruntime' was not set, defaulting to build.sysclasspath=last; set to false for repeatable builds
    [javac] Compiling 147 source files to /home/travis/build/dita-ot/dita-ot/target/classes
    [javac] Note: Some input files use or override a deprecated API.
    [javac] Note: Recompile with -Xlint:deprecation for details.
    [javac] Note: Some input files use unchecked or unsafe operations.
    [javac] Note: Recompile with -Xlint:unchecked for details.

jar:
     [copy] Copying 2 files to /home/travis/build/dita-ot/dita-ot/target/classes/resource
      [jar] Building jar: /home/travis/build/dita-ot/dita-ot/src/main/lib/dost.jar

BUILD SUCCESSFUL
Total time: 5 seconds

travis_time:end:034117f4:start=1479265263848393584,finish=1479265269523685077,duration=5675291493[0Ktravis_fold:end:before_script.2[0Ktravis_fold:start:before_script.3[0Ktravis_time:start:2cf4a115[0K$ ant -f src/main/integrator.xml strict
Buildfile: /home/travis/build/dita-ot/dita-ot/src/main/integrator.xml

strict:

integrate:
[integrate] Failed to read print transtypes from configuration, using defaults.
[integrate] Failed to read supported DITA topic extensions from configuration, using defaults.
[integrate] Failed to read supported DITA map extensions from configuration, using defaults.
[integrate] Failed to read supported image extensions from configuration, using defaults.
[integrate] Failed to read supported HTML extensions from configuration, using defaults.
[integrate] Failed to read supported resource file extensions from configuration, using defaults.
      [jar] Building jar: /home/travis/build/dita-ot/dita-ot/src/main/lib/dost-configuration.jar

BUILD SUCCESSFUL
Total time: 0 seconds

travis_time:end:2cf4a115:start=1479265269537004090,finish=1479265270555576006,duration=1018571916[0Ktravis_fold:end:before_script.3[0Ktravis_time:start:08e29fba[0K$ ant test integration-test
Buildfile: /home/travis/build/dita-ot/dita-ot/build.xml

clean-java:
   [delete] Deleting directory /home/travis/build/dita-ot/dita-ot/target/classes

init-java:
    [mkdir] Created dir: /home/travis/build/dita-ot/dita-ot/target/classes

compile:
    [javac] /home/travis/build/dita-ot/dita-ot/build.xml:73: warning: 'includeantruntime' was not set, defaulting to build.sysclasspath=last; set to false for repeatable builds
    [javac] Compiling 147 source files to /home/travis/build/dita-ot/dita-ot/target/classes
    [javac] Note: Some input files use or override a deprecated API.
    [javac] Note: Recompile with -Xlint:deprecation for details.
    [javac] Note: Some input files use unchecked or unsafe operations.
    [javac] Note: Recompile with -Xlint:unchecked for details.

test-compile:
    [mkdir] Created dir: /home/travis/build/dita-ot/dita-ot/target/test-classes
    [javac] /home/travis/build/dita-ot/dita-ot/build.xml:587: warning: 'includeantruntime' was not set, defaulting to build.sysclasspath=last; set to false for repeatable builds
    [javac] Compiling 63 source files to /home/travis/build/dita-ot/dita-ot/target/test-classes
    [javac] Note: Some input files use or override a deprecated API.
    [javac] Note: Recompile with -Xlint:deprecation for details.
    [javac] Note: /home/travis/build/dita-ot/dita-ot/src/test/java/org/dita/dost/writer/TestDitaWriter.java uses unchecked or unsafe operations.
    [javac] Note: Recompile with -Xlint:unchecked for details.

test:
    [mkdir] Created dir: /home/travis/build/dita-ot/dita-ot/src/test/log
    [junit] Running org.dita.dost.exception.DITAOTExceptionTest
    [junit] Tests run: 8, Failures: 0, Errors: 0, Time elapsed: 0.028 sec
    [junit] Running org.dita.dost.exception.DITAOTXMLErrorHandlerTest
    [junit] Tests run: 4, Failures: 0, Errors: 0, Time elapsed: 0.051 sec
    [junit] Running org.dita.dost.exception.SAXExceptionWrapperTest
    [junit] Tests run: 6, Failures: 0, Errors: 0, Time elapsed: 0.054 sec
    [junit] Running org.dita.dost.index.IndexTermCollectionTest
    [junit] Tests run: 10, Failures: 0, Errors: 0, Time elapsed: 0.291 sec
    [junit] Running org.dita.dost.index.IndexTermTargetTest
    [junit] Tests run: 6, Failures: 0, Errors: 0, Time elapsed: 0.032 sec
    [junit] Running org.dita.dost.index.IndexTermTest
    [junit] Tests run: 26, Failures: 1, Errors: 0, Time elapsed: 0.285 sec

BUILD FAILED
/home/travis/build/dita-ot/dita-ot/build.xml:607: Test org.dita.dost.index.IndexTermTest failed

Total time: 9 seconds

travis_time:end:08e29fba:start=1479265270561753161,finish=1479265280668734473,duration=10106981312[0K
[31;1mThe command "ant test integration-test" exited with 1.[0m

Done. Your build exited with 1.
